#
# There is insufficient memory for the Java Runtime Environment to continue.
# Native memory allocation (mmap) failed to map 134217728 bytes for Failed to commit area from 0x0000000081400000 to 0x0000000089400000 of length 134217728.
# Possible reasons:
#   The system is out of physical RAM or swap space
#   The process is running with CompressedOops enabled, and the Java Heap may be blocking the growth of the native heap
# Possible solutions:
#   Reduce memory load on the system
#   Increase physical memory or swap space
#   Check if swap backing store is full
#   Decrease Java heap size (-Xmx/-Xms)
#   Decrease number of Java threads
#   Decrease Java thread stack sizes (-Xss)
#   Set larger code cache with -XX:ReservedCodeCacheSize=
# This output file may be truncated or incomplete.
#
#  Out of Memory Error (./src/hotspot/os/windows/os_windows.cpp:3521), pid=7436, tid=9996
#
# JRE version:  (11.0.12+7) (build )
# Java VM: OpenJDK 64-Bit Server VM (11.0.12+7-b1504.28-7817840, mixed mode, sharing, tiered, compressed oops, g1 gc, windows-amd64)
# No core dump will be written. Minidumps are not enabled by default on client versions of Windows
#

---------------  S U M M A R Y ------------

Command Line: org.jetbrains.kotlin.cli.jvm.K2JVMCompiler @F:\NeobisProjects\NewsPetApp\app\build\20231106_15379398107948146113.compiler.options

Host: Intel(R) Core(TM) i3-7020U CPU @ 2.30GHz, 4 cores, 7G,  Windows 10 , 64 bit Build 19041 (10.0.19041.3570)
Time: Mon Nov  6 00:17:28 2023 Центральноевропейский (зима) elapsed time: 0.011944 seconds (0d 0h 0m 0s)

---------------  T H R E A D  ---------------

Current thread (0x0000021f226da800):  JavaThread "Unknown thread" [_thread_in_vm, id=9996, stack(0x00000030a8700000,0x00000030a8800000)]

Stack: [0x00000030a8700000,0x00000030a8800000]
Native frames: (J=compiled Java code, j=interpreted, Vv=VM code, C=native code)
V  [jvm.dll+0x5fbcea]
V  [jvm.dll+0x731905]
V  [jvm.dll+0x732f1d]
V  [jvm.dll+0x7335d3]
V  [jvm.dll+0x247bf8]
V  [jvm.dll+0x5f90b4]
V  [jvm.dll+0x5edc85]
V  [jvm.dll+0x305aeb]
V  [jvm.dll+0x305a5a]
V  [jvm.dll+0x305932]
V  [jvm.dll+0x30a896]
V  [jvm.dll+0x353803]
V  [jvm.dll+0x353f06]
V  [jvm.dll+0x353903]
V  [jvm.dll+0x2e0678]
V  [jvm.dll+0x2e1827]
V  [jvm.dll+0x710037]
V  [jvm.dll+0x71182c]
V  [jvm.dll+0x360da9]
V  [jvm.dll+0x6f390e]
V  [jvm.dll+0x3c9723]
V  [jvm.dll+0x3cb9b1]
C  [jli.dll+0x536b]
C  [ucrtbase.dll+0x21bb2]
C  [KERNEL32.DLL+0x17344]
C  [ntdll.dll+0x526b1]


---------------  P R O C E S S  ---------------

Threads class SMR info:
_java_thread_list=0x0000021f20583200, length=0, elements={
}

Java Threads: ( => current thread )

Other Threads:
  0x0000021f226f4800 GCTaskThread "GC Thread#0" [stack: 0x00000030a8800000,0x00000030a8900000] [id=12236]
  0x0000021f22724000 ConcurrentGCThread "G1 Main Marker" [stack: 0x00000030a8900000,0x00000030a8a00000] [id=1856]
  0x0000021f22725800 ConcurrentGCThread "G1 Conc#0" [stack: 0x00000030a8a00000,0x00000030a8b00000] [id=108]

[error occurred during error reporting (printing all threads), id 0xc0000005, EXCEPTION_ACCESS_VIOLATION (0xc0000005) at pc=0x00007ffb8a510be7]

VM state:not at safepoint (not fully initialized)

VM Mutex/Monitor currently owned by a thread:  ([mutex/lock_event])
[0x0000021f226d7280] Heap_lock - owner thread: 0x0000021f226da800

Heap address: 0x0000000081400000, size: 2028 MB, Compressed Oops mode: Non-zero based: 0x0000000081400000
Narrow klass base: 0x0000000000000000, Narrow klass shift: 0

GC Heap History (0 events):
No events

Deoptimization events (0 events):
No events

Classes redefined (0 events):
No events

Internal exceptions (0 events):
No events

Events (1 events):
Event: 0.008 Loaded shared library F:\AndroidStudio\jre\bin\zip.dll


Dynamic libraries:
0x00007ff699ff0000 - 0x00007ff699ffa000 	F:\AndroidStudio\jre\bin\java.exe
0x00007ffbd8bb0000 - 0x00007ffbd8da7000 	C:\WINDOWS\SYSTEM32\ntdll.dll
0x00007ffbd84d0000 - 0x00007ffbd858d000 	C:\WINDOWS\System32\KERNEL32.DLL
0x00007ffbd63c0000 - 0x00007ffbd66b6000 	C:\WINDOWS\System32\KERNELBASE.dll
0x00007ffbd62c0000 - 0x00007ffbd63c0000 	C:\WINDOWS\System32\ucrtbase.dll
0x00007ffbc5780000 - 0x00007ffbc5797000 	F:\AndroidStudio\jre\bin\VCRUNTIME140.dll
0x00007ffbc5230000 - 0x00007ffbc5249000 	F:\AndroidStudio\jre\bin\jli.dll
0x00007ffbd77d0000 - 0x00007ffbd796e000 	C:\WINDOWS\System32\USER32.dll
0x00007ffbd6290000 - 0x00007ffbd62b2000 	C:\WINDOWS\System32\win32u.dll
0x00007ffbbce80000 - 0x00007ffbbd11a000 	C:\WINDOWS\WinSxS\amd64_microsoft.windows.common-controls_6595b64144ccf1df_6.0.19041.3570_none_60bb2a3971f3e41a\COMCTL32.dll
0x00007ffbd7520000 - 0x00007ffbd754c000 	C:\WINDOWS\System32\GDI32.dll
0x00007ffbd7ca0000 - 0x00007ffbd7d3e000 	C:\WINDOWS\System32\msvcrt.dll
0x00007ffbd6710000 - 0x00007ffbd682a000 	C:\WINDOWS\System32\gdi32full.dll
0x00007ffbd6960000 - 0x00007ffbd69fd000 	C:\WINDOWS\System32\msvcp_win.dll
0x00007ffbd7c00000 - 0x00007ffbd7c30000 	C:\WINDOWS\System32\IMM32.DLL
0x00007ffba36b0000 - 0x00007ffba374d000 	F:\AndroidStudio\jre\bin\msvcp140.dll
0x00007ffb8a220000 - 0x00007ffb8ad05000 	F:\AndroidStudio\jre\bin\server\jvm.dll
0x00007ffbd7d40000 - 0x00007ffbd7dee000 	C:\WINDOWS\System32\ADVAPI32.dll
0x00007ffbd79d0000 - 0x00007ffbd7a6c000 	C:\WINDOWS\System32\sechost.dll
0x00007ffbd7a70000 - 0x00007ffbd7b96000 	C:\WINDOWS\System32\RPCRT4.dll
0x00007ffbd7e80000 - 0x00007ffbd7e88000 	C:\WINDOWS\System32\PSAPI.DLL
0x00007ffbb5b70000 - 0x00007ffbb5b79000 	C:\WINDOWS\SYSTEM32\WSOCK32.dll
0x00007ffbbfae0000 - 0x00007ffbbfb07000 	C:\WINDOWS\SYSTEM32\WINMM.dll
0x00007ffbcca70000 - 0x00007ffbcca7a000 	C:\WINDOWS\SYSTEM32\VERSION.dll
0x00007ffbd7c30000 - 0x00007ffbd7c9b000 	C:\WINDOWS\System32\WS2_32.dll
0x00007ffbd4ac0000 - 0x00007ffbd4ad2000 	C:\WINDOWS\SYSTEM32\kernel.appcore.dll
0x00007ffbd0d40000 - 0x00007ffbd0d51000 	F:\AndroidStudio\jre\bin\verify.dll
0x00007ffbd47e0000 - 0x00007ffbd49c4000 	C:\WINDOWS\SYSTEM32\DBGHELP.DLL
0x00007ffbc4b20000 - 0x00007ffbc4b54000 	C:\WINDOWS\SYSTEM32\dbgcore.DLL
0x00007ffbd68d0000 - 0x00007ffbd6952000 	C:\WINDOWS\System32\bcryptPrimitives.dll
0x00007ffbc60d0000 - 0x00007ffbc60f9000 	F:\AndroidStudio\jre\bin\java.dll
0x00007ffbd0d00000 - 0x00007ffbd0d0b000 	F:\AndroidStudio\jre\bin\jimage.dll
0x00007ffbc60b0000 - 0x00007ffbc60c8000 	F:\AndroidStudio\jre\bin\zip.dll

dbghelp: loaded successfully - version: 4.0.5 - missing functions: none
symbol engine: initialized successfully - sym options: 0x614 - pdb path: .;F:\AndroidStudio\jre\bin;C:\WINDOWS\SYSTEM32;C:\WINDOWS\WinSxS\amd64_microsoft.windows.common-controls_6595b64144ccf1df_6.0.19041.3570_none_60bb2a3971f3e41a;F:\AndroidStudio\jre\bin\server

VM Arguments:
java_command: org.jetbrains.kotlin.cli.jvm.K2JVMCompiler @F:\NeobisProjects\NewsPetApp\app\build\20231106_15379398107948146113.compiler.options
java_class_path (initial): C:\Users\Sultan\.gradle\caches\modules-2\files-2.1\org.jetbrains.kotlin\kotlin-compiler-embeddable\1.7.10\909803167c98606fcf22b4c848647c68e351d48d\kotlin-compiler-embeddable-1.7.10.jar;C:\Users\Sultan\.gradle\caches\modules-2\files-2.1\org.jetbrains.kotlin\kotlin-reflect\1.7.10\165e600dfea6185cf5efa700756294cc4904dbeb\kotlin-reflect-1.7.10.jar;C:\Users\Sultan\.gradle\caches\modules-2\files-2.1\org.jetbrains.kotlin\kotlin-stdlib\1.7.10\d2abf9e77736acc4450dc4a3f707fa2c10f5099d\kotlin-stdlib-1.7.10.jar;C:\Users\Sultan\.gradle\caches\modules-2\files-2.1\org.jetbrains.kotlin\kotlin-script-runtime\1.7.10\c99c87a6988d8fd8d5142e9ed5c9f34a7cf561ee\kotlin-script-runtime-1.7.10.jar;C:\Users\Sultan\.gradle\caches\modules-2\files-2.1\org.jetbrains.kotlin\kotlin-daemon-embeddable\1.7.10\3a9f7aef7080d3ae63126cbba4f827ed664f32fa\kotlin-daemon-embeddable-1.7.10.jar;C:\Users\Sultan\.gradle\caches\modules-2\files-2.1\org.jetbrains.intellij.deps\trove4j\1.0.20200330\3afb14d5f9ceb459d724e907a21145e8ff394f02\trove4j-1.0.20200330.jar;C:\Users\Sultan\.gradle\caches\modules-2\files-2.1\net.java.dev.jna\jna\5.6.0\330f2244e9030119ab3030fc3fededc86713d9cc\jna-5.6.0.jar;C:\Users\Sultan\.gradle\caches\modules-2\files-2.1\org.jetbrains.kotlin\kotlin-stdlib-common\1.7.10\bac80c520d0a9e3f3673bc2658c6ed02ef45a76a\kotlin-stdlib-common-1.7.10.jar;C:\Users\Sultan\.gradle\caches\modules-2\files-2.1\org.jetbrains\annotations\13.0\919f0dfe192fb4e063e7dacadee7f8bb9a2672a9\annotations-13.0.jar
Launcher Type: SUN_STANDARD

[Global flags]
     intx CICompilerCount                          = 3                                         {product} {ergonomic}
     uint ConcGCThreads                            = 1                                         {product} {ergonomic}
     uint G1ConcRefinementThreads                  = 4                                         {product} {ergonomic}
   size_t G1HeapRegionSize                         = 1048576                                   {product} {ergonomic}
    uintx GCDrainStackTargetSize                   = 64                                        {product} {ergonomic}
   size_t InitialHeapSize                          = 134217728                                 {product} {ergonomic}
   size_t MarkStackSize                            = 4194304                                   {product} {ergonomic}
   size_t MaxHeapSize                              = 2126512128                                {product} {ergonomic}
   size_t MinHeapDeltaBytes                        = 1048576                                   {product} {ergonomic}
    uintx NonNMethodCodeHeapSize                   = 5830732                                {pd product} {ergonomic}
    uintx NonProfiledCodeHeapSize                  = 122913754                              {pd product} {ergonomic}
    uintx ProfiledCodeHeapSize                     = 122913754                              {pd product} {ergonomic}
    uintx ReservedCodeCacheSize                    = 251658240                              {pd product} {ergonomic}
     bool SegmentedCodeCache                       = true                                      {product} {ergonomic}
     bool UseCompressedClassPointers               = true                                 {lp64_product} {ergonomic}
     bool UseCompressedOops                        = true                                 {lp64_product} {ergonomic}
     bool UseG1GC                                  = true                                      {product} {ergonomic}
     bool UseLargePagesIndividualAllocation        = false                                  {pd product} {ergonomic}

Logging:
Log output configuration:
 #0: stdout all=warning uptime,level,tags
 #1: stderr all=off uptime,level,tags

Environment Variables:
JAVA_HOME=C:\Program Files\Java\jdk-18.0.2.1
PATH=C:\Program Files\Common Files\Oracle\Java\javapath;C:\Program Files (x86)\Common Files\Oracle\Java\javapath;C:\WINDOWS\system32;C:\WINDOWS;C:\WINDOWS\System32\Wbem;C:\WINDOWS\System32\WindowsPowerShell\v1.0\;C:\WINDOWS\System32\OpenSSH\;C:\Program Files\Java\jdk-18.0.2.1\bin;F:\Git\cmd;F:\dart-sass\dart-sass;C:\Users\Sultan\AppData\Local\Microsoft\WindowsApps;;C:\Program Files\JetBrains\IntelliJ IDEA Community Edition 2022.2.1\bin;;F:\Microsoft VS Code\bin
USERNAME=Sultan
OS=Windows_NT
PROCESSOR_IDENTIFIER=Intel64 Family 6 Model 142 Stepping 10, GenuineIntel



---------------  S Y S T E M  ---------------

OS: Windows 10 , 64 bit Build 19041 (10.0.19041.3570)
OS uptime: 0 days 8:02 hours

CPU:total 4 (initial active 4) (2 cores per cpu, 2 threads per core) family 6 model 142 stepping 10 microcode 0xb4, cmov, cx8, fxsr, mmx, sse, sse2, sse3, ssse3, sse4.1, sse4.2, popcnt, avx, avx2, aes, clmul, erms, 3dnowpref, lzcnt, ht, tsc, tscinvbit, bmi1, bmi2, adx, fma

Memory: 4k page, system-wide physical 8108M (580M free)
TotalPageFile size 10156M (AvailPageFile size 47M)
current process WorkingSet (physical memory assigned to process): 10M, peak: 10M
current process commit charge ("private bytes"): 51M, peak: 179M

vm_info: OpenJDK 64-Bit Server VM (11.0.12+7-b1504.28-7817840) for windows-amd64 JRE (11.0.12+7-b1504.28-7817840), built on Oct 13 2021 22:12:33 by "builder" with MS VC++ 14.0 (VS2015)

END.
