#
# There is insufficient memory for the Java Runtime Environment to continue.
# Native memory allocation (malloc) failed to allocate 1892656 bytes for Chunk::new
# Possible reasons:
#   The system is out of physical RAM or swap space
#   The process is running with CompressedOops enabled, and the Java Heap may be blocking the growth of the native heap
# Possible solutions:
#   Reduce memory load on the system
#   Increase physical memory or swap space
#   Check if swap backing store is full
#   Decrease Java heap size (-Xmx/-Xms)
#   Decrease number of Java threads
#   Decrease Java thread stack sizes (-Xss)
#   Set larger code cache with -XX:ReservedCodeCacheSize=
#   JVM is running with Unscaled Compressed Oops mode in which the Java heap is
#     placed in the first 4GB address space. The Java Heap base address is the
#     maximum limit for the native heap growth. Please use -XX:HeapBaseMinAddress
#     to set the Java Heap base and to place the Java Heap above 4GB virtual address.
# This output file may be truncated or incomplete.
#
#  Out of Memory Error (./src/hotspot/share/memory/arena.cpp:197), pid=4000, tid=8636
#
# JRE version: OpenJDK Runtime Environment (11.0.12+7) (build 11.0.12+7-b1504.28-7817840)
# Java VM: OpenJDK 64-Bit Server VM (11.0.12+7-b1504.28-7817840, mixed mode, tiered, compressed oops, g1 gc, windows-amd64)
# No core dump will be written. Minidumps are not enabled by default on client versions of Windows
#

---------------  S U M M A R Y ------------

Command Line: org.jetbrains.kotlin.cli.jvm.K2JVMCompiler @F:\NeobisProjects\NewsPetApp\app\build\20231114_13067514830193616401.compiler.options

Host: Intel(R) Core(TM) i3-7020U CPU @ 2.30GHz, 4 cores, 7G,  Windows 10 , 64 bit Build 19041 (10.0.19041.3570)
Time: Tue Nov 14 01:57:05 2023 Центральноевропейский (зима) elapsed time: 27.950896 seconds (0d 0h 0m 27s)

---------------  T H R E A D  ---------------

Current thread (0x0000025879d9f000):  JavaThread "C2 CompilerThread0" daemon [_thread_in_native, id=8636, stack(0x000000a56ae00000,0x000000a56af00000)]


Current CompileTask:
C2:  27950 19985       4       org.jetbrains.kotlin.backend.jvm.mapping.IrTypeMapper::classInternalName (101 bytes)

Stack: [0x000000a56ae00000,0x000000a56af00000]
Native frames: (J=compiled Java code, j=interpreted, Vv=VM code, C=native code)
V  [jvm.dll+0x5fbcea]
V  [jvm.dll+0x731905]
V  [jvm.dll+0x732f1d]
V  [jvm.dll+0x7335d3]
V  [jvm.dll+0x247bf8]
V  [jvm.dll+0xc018c]
V  [jvm.dll+0xc06cc]
V  [jvm.dll+0x35b31d]
V  [jvm.dll+0x328803]
V  [jvm.dll+0x327cfa]
V  [jvm.dll+0x200602]
V  [jvm.dll+0x1ff794]
V  [jvm.dll+0x18868c]
V  [jvm.dll+0x20e0d7]
V  [jvm.dll+0x20c901]
V  [jvm.dll+0x6f9b7f]
V  [jvm.dll+0x6f26a5]
V  [jvm.dll+0x5fabf6]
C  [ucrtbase.dll+0x21bb2]
C  [KERNEL32.DLL+0x17344]
C  [ntdll.dll+0x526b1]


---------------  P R O C E S S  ---------------

Threads class SMR info:
_java_thread_list=0x000002587a86ce70, length=11, elements={
0x000002585fa9b000, 0x0000025879d53800, 0x0000025879d77800, 0x0000025879d94800,
0x0000025879d95800, 0x0000025879d97000, 0x0000025879d9f000, 0x0000025879da1800,
0x0000025879da5800, 0x000002587a876800, 0x000002587a8a5000
}

Java Threads: ( => current thread )
  0x000002585fa9b000 JavaThread "main" [_thread_in_Java, id=1740, stack(0x000000a56a200000,0x000000a56a300000)]
  0x0000025879d53800 JavaThread "Reference Handler" daemon [_thread_blocked, id=6648, stack(0x000000a56a900000,0x000000a56aa00000)]
  0x0000025879d77800 JavaThread "Finalizer" daemon [_thread_blocked, id=10184, stack(0x000000a56aa00000,0x000000a56ab00000)]
  0x0000025879d94800 JavaThread "Signal Dispatcher" daemon [_thread_blocked, id=4024, stack(0x000000a56ab00000,0x000000a56ac00000)]
  0x0000025879d95800 JavaThread "Attach Listener" daemon [_thread_blocked, id=7600, stack(0x000000a56ac00000,0x000000a56ad00000)]
  0x0000025879d97000 JavaThread "Service Thread" daemon [_thread_blocked, id=10076, stack(0x000000a56ad00000,0x000000a56ae00000)]
=>0x0000025879d9f000 JavaThread "C2 CompilerThread0" daemon [_thread_in_native, id=8636, stack(0x000000a56ae00000,0x000000a56af00000)]
  0x0000025879da1800 JavaThread "C1 CompilerThread0" daemon [_thread_in_native, id=10412, stack(0x000000a56af00000,0x000000a56b000000)]
  0x0000025879da5800 JavaThread "Sweeper thread" daemon [_thread_blocked, id=8204, stack(0x000000a56b000000,0x000000a56b100000)]
  0x000002587a876800 JavaThread "Common-Cleaner" daemon [_thread_blocked, id=1920, stack(0x000000a56b200000,0x000000a56b300000)]
  0x000002587a8a5000 JavaThread "C2 CompilerThread1" daemon [_thread_in_native, id=4296, stack(0x000000a56b300000,0x000000a56b400000)]

Other Threads:
  0x0000025879d51000 VMThread "VM Thread" [stack: 0x000000a56a800000,0x000000a56a900000] [id=11928]
  0x000002587a873800 WatcherThread [stack: 0x000000a56b100000,0x000000a56b200000] [id=2464]
  0x000002585fab5000 GCTaskThread "GC Thread#0" [stack: 0x000000a56a300000,0x000000a56a400000] [id=1228]
  0x000002587ae62800 GCTaskThread "GC Thread#1" [stack: 0x000000a56b400000,0x000000a56b500000] [id=1240]
  0x000002587abc7000 GCTaskThread "GC Thread#2" [stack: 0x000000a56b500000,0x000000a56b600000] [id=924]
  0x000002587e362000 GCTaskThread "GC Thread#3" [stack: 0x000000a56b700000,0x000000a56b800000] [id=12396]
  0x000002585fae4800 ConcurrentGCThread "G1 Main Marker" [stack: 0x000000a56a400000,0x000000a56a500000] [id=8140]
  0x000002585fae6000 ConcurrentGCThread "G1 Conc#0" [stack: 0x000000a56a500000,0x000000a56a600000] [id=12352]
  0x000002585fb79800 ConcurrentGCThread "G1 Refine#0" [stack: 0x000000a56a600000,0x000000a56a700000] [id=12900]
  0x000002587f725000 ConcurrentGCThread "G1 Refine#1" [stack: 0x000000a56b600000,0x000000a56b700000] [id=4792]
  0x000002585fb7a800 ConcurrentGCThread "G1 Young RemSet Sampling" [stack: 0x000000a56a700000,0x000000a56a800000] [id=2612]

Threads with active compile tasks:
C2 CompilerThread0  28055 19985       4       org.jetbrains.kotlin.backend.jvm.mapping.IrTypeMapper::classInternalName (101 bytes)
C1 CompilerThread0  28055 20226       2       org.jetbrains.kotlin.ir.types.IrTypeSystemContext$DefaultImpls::getVariance (25 bytes)
C2 CompilerThread1  28055 20068       4       org.jetbrains.kotlin.types.AbstractTypeMapper::mapType (443 bytes)

VM state:not at safepoint (normal execution)

VM Mutex/Monitor currently owned by a thread: None

Heap address: 0x0000000081400000, size: 2028 MB, Compressed Oops mode: 32-bit
Narrow klass base: 0x0000000000000000, Narrow klass shift: 3
Compressed class space size: 1073741824 Address: 0x0000000100000000

Heap:
 garbage-first heap   total 216064K, used 131982K [0x0000000081400000, 0x0000000100000000)
  region size 1024K, 34 young (34816K), 8 survivors (8192K)
 Metaspace       used 94962K, capacity 95924K, committed 96212K, reserved 1134592K
  class space    used 9779K, capacity 10157K, committed 10240K, reserved 1048576K
Heap Regions: E=young(eden), S=young(survivor), O=old, HS=humongous(starts), HC=humongous(continues), CS=collection set, F=free, A=archive, TAMS=top-at-mark-start (previous, next)
|   0|0x0000000081400000, 0x0000000081500000, 0x0000000081500000|100%|HS|  |TAMS 0x0000000081500000, 0x0000000081400000| Complete 
|   1|0x0000000081500000, 0x0000000081600000, 0x0000000081600000|100%|HC|  |TAMS 0x0000000081600000, 0x0000000081500000| Complete 
|   2|0x0000000081600000, 0x0000000081700000, 0x0000000081700000|100%|HC|  |TAMS 0x0000000081700000, 0x0000000081600000| Complete 
|   3|0x0000000081700000, 0x0000000081800000, 0x0000000081800000|100%| O|  |TAMS 0x0000000081800000, 0x0000000081700000| Untracked 
|   4|0x0000000081800000, 0x0000000081900000, 0x0000000081900000|100%| O|  |TAMS 0x0000000081900000, 0x0000000081800000| Untracked 
|   5|0x0000000081900000, 0x0000000081a00000, 0x0000000081a00000|100%|HS|  |TAMS 0x0000000081a00000, 0x0000000081900000| Complete 
|   6|0x0000000081a00000, 0x0000000081b00000, 0x0000000081b00000|100%|HC|  |TAMS 0x0000000081b00000, 0x0000000081a00000| Complete 
|   7|0x0000000081b00000, 0x0000000081c00000, 0x0000000081c00000|100%|HC|  |TAMS 0x0000000081c00000, 0x0000000081b00000| Complete 
|   8|0x0000000081c00000, 0x0000000081d00000, 0x0000000081d00000|100%| O|  |TAMS 0x0000000081d00000, 0x0000000081c00000| Untracked 
|   9|0x0000000081d00000, 0x0000000081e00000, 0x0000000081e00000|100%| O|  |TAMS 0x0000000081e00000, 0x0000000081d00000| Untracked 
|  10|0x0000000081e00000, 0x0000000081f00000, 0x0000000081f00000|100%| O|  |TAMS 0x0000000081f00000, 0x0000000081e00000| Untracked 
|  11|0x0000000081f00000, 0x0000000082000000, 0x0000000082000000|100%| O|  |TAMS 0x0000000082000000, 0x0000000081f00000| Untracked 
|  12|0x0000000082000000, 0x0000000082100000, 0x0000000082100000|100%| O|  |TAMS 0x0000000082100000, 0x0000000082000000| Untracked 
|  13|0x0000000082100000, 0x0000000082200000, 0x0000000082200000|100%|HS|  |TAMS 0x0000000082200000, 0x0000000082100000| Complete 
|  14|0x0000000082200000, 0x0000000082300000, 0x0000000082300000|100%|HC|  |TAMS 0x0000000082300000, 0x0000000082200000| Complete 
|  15|0x0000000082300000, 0x0000000082400000, 0x0000000082400000|100%| O|  |TAMS 0x0000000082400000, 0x0000000082300000| Untracked 
|  16|0x0000000082400000, 0x0000000082500000, 0x0000000082500000|100%| O|  |TAMS 0x0000000082500000, 0x0000000082400000| Untracked 
|  17|0x0000000082500000, 0x0000000082600000, 0x0000000082600000|100%| O|  |TAMS 0x0000000082600000, 0x0000000082500000| Untracked 
|  18|0x0000000082600000, 0x0000000082700000, 0x0000000082700000|100%| O|  |TAMS 0x0000000082700000, 0x0000000082600000| Untracked 
|  19|0x0000000082700000, 0x0000000082800000, 0x0000000082800000|100%| O|  |TAMS 0x0000000082800000, 0x0000000082700000| Untracked 
|  20|0x0000000082800000, 0x0000000082900000, 0x0000000082900000|100%| O|  |TAMS 0x0000000082900000, 0x0000000082800000| Untracked 
|  21|0x0000000082900000, 0x0000000082a00000, 0x0000000082a00000|100%| O|  |TAMS 0x0000000082a00000, 0x0000000082900000| Untracked 
|  22|0x0000000082a00000, 0x0000000082b00000, 0x0000000082b00000|100%| O|  |TAMS 0x0000000082b00000, 0x0000000082a00000| Untracked 
|  23|0x0000000082b00000, 0x0000000082c00000, 0x0000000082c00000|100%| O|  |TAMS 0x0000000082c00000, 0x0000000082b00000| Complete 
|  24|0x0000000082c00000, 0x0000000082d00000, 0x0000000082d00000|100%| O|  |TAMS 0x0000000082d00000, 0x0000000082c00000| Complete 
|  25|0x0000000082d00000, 0x0000000082e00000, 0x0000000082e00000|100%| O|  |TAMS 0x0000000082e00000, 0x0000000082d00000| Untracked 
|  26|0x0000000082e00000, 0x0000000082f00000, 0x0000000082f00000|100%| O|  |TAMS 0x0000000082f00000, 0x0000000082e00000| Untracked 
|  27|0x0000000082f00000, 0x0000000083000000, 0x0000000083000000|100%| O|  |TAMS 0x0000000083000000, 0x0000000082f00000| Untracked 
|  28|0x0000000083000000, 0x0000000083100000, 0x0000000083100000|100%| O|  |TAMS 0x0000000083100000, 0x0000000083000000| Untracked 
|  29|0x0000000083100000, 0x0000000083200000, 0x0000000083200000|100%| O|  |TAMS 0x0000000083200000, 0x0000000083100000| Untracked 
|  30|0x0000000083200000, 0x0000000083300000, 0x0000000083300000|100%| O|  |TAMS 0x0000000083300000, 0x0000000083200000| Untracked 
|  31|0x0000000083300000, 0x0000000083400000, 0x0000000083400000|100%| O|  |TAMS 0x0000000083400000, 0x0000000083300000| Untracked 
|  32|0x0000000083400000, 0x0000000083500000, 0x0000000083500000|100%| O|  |TAMS 0x0000000083500000, 0x0000000083400000| Untracked 
|  33|0x0000000083500000, 0x0000000083600000, 0x0000000083600000|100%| O|  |TAMS 0x0000000083600000, 0x0000000083500000| Untracked 
|  34|0x0000000083600000, 0x0000000083700000, 0x0000000083700000|100%| O|  |TAMS 0x0000000083700000, 0x0000000083600000| Untracked 
|  35|0x0000000083700000, 0x0000000083800000, 0x0000000083800000|100%| O|  |TAMS 0x0000000083800000, 0x0000000083700000| Untracked 
|  36|0x0000000083800000, 0x0000000083900000, 0x0000000083900000|100%| O|  |TAMS 0x0000000083900000, 0x0000000083800000| Complete 
|  37|0x0000000083900000, 0x0000000083a00000, 0x0000000083a00000|100%| O|  |TAMS 0x0000000083a00000, 0x0000000083900000| Untracked 
|  38|0x0000000083a00000, 0x0000000083b00000, 0x0000000083b00000|100%| O|  |TAMS 0x0000000083b00000, 0x0000000083a00000| Complete 
|  39|0x0000000083b00000, 0x0000000083c00000, 0x0000000083c00000|100%| O|  |TAMS 0x0000000083c00000, 0x0000000083b00000| Untracked 
|  40|0x0000000083c00000, 0x0000000083d00000, 0x0000000083d00000|100%| O|  |TAMS 0x0000000083d00000, 0x0000000083c00000| Untracked 
|  41|0x0000000083d00000, 0x0000000083e00000, 0x0000000083e00000|100%| O|  |TAMS 0x0000000083e00000, 0x0000000083d00000| Untracked 
|  42|0x0000000083e00000, 0x0000000083f00000, 0x0000000083f00000|100%| O|  |TAMS 0x0000000083f00000, 0x0000000083e00000| Untracked 
|  43|0x0000000083f00000, 0x0000000084000000, 0x0000000084000000|100%| O|  |TAMS 0x0000000084000000, 0x0000000083f00000| Untracked 
|  44|0x0000000084000000, 0x0000000084100000, 0x0000000084100000|100%| O|  |TAMS 0x0000000084100000, 0x0000000084000000| Untracked 
|  45|0x0000000084100000, 0x0000000084200000, 0x0000000084200000|100%| O|  |TAMS 0x0000000084200000, 0x0000000084100000| Untracked 
|  46|0x0000000084200000, 0x0000000084300000, 0x0000000084300000|100%| O|  |TAMS 0x0000000084300000, 0x0000000084200000| Untracked 
|  47|0x0000000084300000, 0x0000000084400000, 0x0000000084400000|100%| O|  |TAMS 0x0000000084400000, 0x0000000084300000| Untracked 
|  48|0x0000000084400000, 0x0000000084500000, 0x0000000084500000|100%| O|  |TAMS 0x0000000084500000, 0x0000000084400000| Untracked 
|  49|0x0000000084500000, 0x0000000084600000, 0x0000000084600000|100%| O|  |TAMS 0x0000000084600000, 0x0000000084500000| Complete 
|  50|0x0000000084600000, 0x0000000084700000, 0x0000000084700000|100%| O|  |TAMS 0x0000000084700000, 0x0000000084600000| Untracked 
|  51|0x0000000084700000, 0x0000000084800000, 0x0000000084800000|100%| O|  |TAMS 0x0000000084800000, 0x0000000084700000| Untracked 
|  52|0x0000000084800000, 0x0000000084900000, 0x0000000084900000|100%| O|  |TAMS 0x0000000084900000, 0x0000000084800000| Complete 
|  53|0x0000000084900000, 0x0000000084a00000, 0x0000000084a00000|100%| O|  |TAMS 0x0000000084a00000, 0x0000000084900000| Complete 
|  54|0x0000000084a00000, 0x0000000084b00000, 0x0000000084b00000|100%| O|  |TAMS 0x0000000084b00000, 0x0000000084a00000| Untracked 
|  55|0x0000000084b00000, 0x0000000084c00000, 0x0000000084c00000|100%| O|  |TAMS 0x0000000084c00000, 0x0000000084b00000| Untracked 
|  56|0x0000000084c00000, 0x0000000084d00000, 0x0000000084d00000|100%| O|  |TAMS 0x0000000084d00000, 0x0000000084c00000| Untracked 
|  57|0x0000000084d00000, 0x0000000084e00000, 0x0000000084e00000|100%| O|  |TAMS 0x0000000084e00000, 0x0000000084d00000| Untracked 
|  58|0x0000000084e00000, 0x0000000084f00000, 0x0000000084f00000|100%| O|  |TAMS 0x0000000084f00000, 0x0000000084e00000| Complete 
|  59|0x0000000084f00000, 0x0000000085000000, 0x0000000085000000|100%| O|  |TAMS 0x0000000085000000, 0x0000000084f00000| Untracked 
|  60|0x0000000085000000, 0x0000000085100000, 0x0000000085100000|100%| O|  |TAMS 0x0000000085100000, 0x0000000085000000| Untracked 
|  61|0x0000000085100000, 0x0000000085200000, 0x0000000085200000|100%| O|  |TAMS 0x0000000085200000, 0x0000000085100000| Untracked 
|  62|0x0000000085200000, 0x0000000085300000, 0x0000000085300000|100%| O|  |TAMS 0x0000000085300000, 0x0000000085200000| Complete 
|  63|0x0000000085300000, 0x0000000085400000, 0x0000000085400000|100%| O|  |TAMS 0x0000000085400000, 0x0000000085300000| Complete 
|  64|0x0000000085400000, 0x0000000085500000, 0x0000000085500000|100%| O|  |TAMS 0x0000000085500000, 0x0000000085400000| Complete 
|  65|0x0000000085500000, 0x0000000085600000, 0x0000000085600000|100%| O|  |TAMS 0x0000000085600000, 0x0000000085500000| Complete 
|  66|0x0000000085600000, 0x0000000085700000, 0x0000000085700000|100%| O|  |TAMS 0x0000000085700000, 0x0000000085600000| Untracked 
|  67|0x0000000085700000, 0x0000000085800000, 0x0000000085800000|100%| O|  |TAMS 0x0000000085800000, 0x0000000085700000| Untracked 
|  68|0x0000000085800000, 0x0000000085900000, 0x0000000085900000|100%| O|  |TAMS 0x0000000085900000, 0x0000000085800000| Untracked 
|  69|0x0000000085900000, 0x0000000085a00000, 0x0000000085a00000|100%| O|  |TAMS 0x0000000085a00000, 0x0000000085900000| Untracked 
|  70|0x0000000085a00000, 0x0000000085b00000, 0x0000000085b00000|100%| O|  |TAMS 0x0000000085b00000, 0x0000000085a00000| Complete 
|  71|0x0000000085b00000, 0x0000000085c00000, 0x0000000085c00000|100%| O|  |TAMS 0x0000000085c00000, 0x0000000085b00000| Complete 
|  72|0x0000000085c00000, 0x0000000085d00000, 0x0000000085d00000|100%| O|  |TAMS 0x0000000085d00000, 0x0000000085c00000| Complete 
|  73|0x0000000085d00000, 0x0000000085e00000, 0x0000000085e00000|100%| O|  |TAMS 0x0000000085e00000, 0x0000000085d00000| Untracked 
|  74|0x0000000085e00000, 0x0000000085f00000, 0x0000000085f00000|100%| O|  |TAMS 0x0000000085f00000, 0x0000000085e00000| Complete 
|  75|0x0000000085f00000, 0x0000000086000000, 0x0000000086000000|100%| O|  |TAMS 0x0000000086000000, 0x0000000085f00000| Complete 
|  76|0x0000000086000000, 0x0000000086100000, 0x0000000086100000|100%| O|  |TAMS 0x0000000086100000, 0x0000000086000000| Untracked 
|  77|0x0000000086100000, 0x0000000086200000, 0x0000000086200000|100%| O|  |TAMS 0x0000000086200000, 0x0000000086100000| Complete 
|  78|0x0000000086200000, 0x0000000086300000, 0x0000000086300000|100%| O|  |TAMS 0x0000000086300000, 0x0000000086200000| Complete 
|  79|0x0000000086300000, 0x0000000086400000, 0x0000000086400000|100%| O|  |TAMS 0x0000000086400000, 0x0000000086300000| Complete 
|  80|0x0000000086400000, 0x0000000086500000, 0x0000000086500000|100%| O|  |TAMS 0x0000000086500000, 0x0000000086400000| Complete 
|  81|0x0000000086500000, 0x0000000086600000, 0x0000000086600000|100%| O|  |TAMS 0x0000000086600000, 0x0000000086500000| Complete 
|  82|0x0000000086600000, 0x0000000086700000, 0x0000000086700000|100%| O|  |TAMS 0x0000000086700000, 0x0000000086600000| Complete 
|  83|0x0000000086700000, 0x0000000086800000, 0x0000000086800000|100%| O|  |TAMS 0x0000000086800000, 0x0000000086700000| Untracked 
|  84|0x0000000086800000, 0x0000000086900000, 0x0000000086900000|100%| O|  |TAMS 0x0000000086900000, 0x0000000086800000| Untracked 
|  85|0x0000000086900000, 0x0000000086a00000, 0x0000000086a00000|100%| O|  |TAMS 0x0000000086a00000, 0x0000000086900000| Untracked 
|  86|0x0000000086a00000, 0x0000000086b00000, 0x0000000086b00000|100%| O|  |TAMS 0x0000000086b00000, 0x0000000086a00000| Untracked 
|  87|0x0000000086b00000, 0x0000000086c00000, 0x0000000086c00000|100%| O|  |TAMS 0x0000000086c00000, 0x0000000086b00000| Untracked 
|  88|0x0000000086c00000, 0x0000000086d00000, 0x0000000086d00000|100%| O|  |TAMS 0x0000000086d00000, 0x0000000086c00000| Untracked 
|  89|0x0000000086d00000, 0x0000000086e00000, 0x0000000086e00000|100%| O|  |TAMS 0x0000000086e00000, 0x0000000086d00000| Complete 
|  90|0x0000000086e00000, 0x0000000086f00000, 0x0000000086f00000|100%| O|  |TAMS 0x0000000086f00000, 0x0000000086e00000| Untracked 
|  91|0x0000000086f00000, 0x0000000087000000, 0x0000000087000000|100%| O|  |TAMS 0x0000000087000000, 0x0000000086f00000| Untracked 
|  92|0x0000000087000000, 0x0000000087100000, 0x0000000087100000|100%| O|  |TAMS 0x0000000087100000, 0x0000000087000000| Untracked 
|  93|0x0000000087100000, 0x0000000087200000, 0x0000000087200000|100%| O|  |TAMS 0x0000000087200000, 0x0000000087100000| Untracked 
|  94|0x0000000087200000, 0x0000000087300000, 0x0000000087300000|100%| O|  |TAMS 0x0000000087300000, 0x0000000087200000| Complete 
|  95|0x0000000087300000, 0x0000000087400000, 0x0000000087400000|100%| O|  |TAMS 0x0000000087400000, 0x0000000087300000| Complete 
|  96|0x0000000087400000, 0x0000000087400000, 0x0000000087500000|  0%| F|  |TAMS 0x0000000087400000, 0x0000000087400000| Untracked 
|  97|0x0000000087500000, 0x0000000087500000, 0x0000000087600000|  0%| F|  |TAMS 0x0000000087500000, 0x0000000087500000| Untracked 
|  98|0x0000000087600000, 0x0000000087600000, 0x0000000087700000|  0%| F|  |TAMS 0x0000000087600000, 0x0000000087600000| Untracked 
|  99|0x0000000087700000, 0x0000000087700000, 0x0000000087800000|  0%| F|  |TAMS 0x0000000087700000, 0x0000000087700000| Untracked 
| 100|0x0000000087800000, 0x0000000087800000, 0x0000000087900000|  0%| F|  |TAMS 0x0000000087800000, 0x0000000087800000| Untracked 
| 101|0x0000000087900000, 0x0000000087900000, 0x0000000087a00000|  0%| F|  |TAMS 0x0000000087900000, 0x0000000087900000| Untracked 
| 102|0x0000000087a00000, 0x0000000087a00000, 0x0000000087b00000|  0%| F|  |TAMS 0x0000000087a00000, 0x0000000087a00000| Untracked 
| 103|0x0000000087b00000, 0x0000000087b00000, 0x0000000087c00000|  0%| F|  |TAMS 0x0000000087b00000, 0x0000000087b00000| Untracked 
| 104|0x0000000087c00000, 0x0000000087c00000, 0x0000000087d00000|  0%| F|  |TAMS 0x0000000087c00000, 0x0000000087c00000| Untracked 
| 105|0x0000000087d00000, 0x0000000087d00000, 0x0000000087e00000|  0%| F|  |TAMS 0x0000000087d00000, 0x0000000087d00000| Untracked 
| 106|0x0000000087e00000, 0x0000000087e00000, 0x0000000087f00000|  0%| F|  |TAMS 0x0000000087e00000, 0x0000000087e00000| Untracked 
| 107|0x0000000087f00000, 0x0000000087f00000, 0x0000000088000000|  0%| F|  |TAMS 0x0000000087f00000, 0x0000000087f00000| Untracked 
| 108|0x0000000088000000, 0x0000000088000000, 0x0000000088100000|  0%| F|  |TAMS 0x0000000088000000, 0x0000000088000000| Untracked 
| 109|0x0000000088100000, 0x0000000088100000, 0x0000000088200000|  0%| F|  |TAMS 0x0000000088100000, 0x0000000088100000| Untracked 
| 110|0x0000000088200000, 0x0000000088200000, 0x0000000088300000|  0%| F|  |TAMS 0x0000000088200000, 0x0000000088200000| Untracked 
| 111|0x0000000088300000, 0x0000000088300000, 0x0000000088400000|  0%| F|  |TAMS 0x0000000088300000, 0x0000000088300000| Untracked 
| 112|0x0000000088400000, 0x0000000088400000, 0x0000000088500000|  0%| F|  |TAMS 0x0000000088400000, 0x0000000088400000| Untracked 
| 113|0x0000000088500000, 0x0000000088500000, 0x0000000088600000|  0%| F|  |TAMS 0x0000000088500000, 0x0000000088500000| Untracked 
| 114|0x0000000088600000, 0x0000000088600000, 0x0000000088700000|  0%| F|  |TAMS 0x0000000088600000, 0x0000000088600000| Untracked 
| 115|0x0000000088700000, 0x0000000088700000, 0x0000000088800000|  0%| F|  |TAMS 0x0000000088700000, 0x0000000088700000| Untracked 
| 116|0x0000000088800000, 0x0000000088800000, 0x0000000088900000|  0%| F|  |TAMS 0x0000000088800000, 0x0000000088800000| Untracked 
| 117|0x0000000088900000, 0x0000000088900000, 0x0000000088a00000|  0%| F|  |TAMS 0x0000000088900000, 0x0000000088900000| Untracked 
| 118|0x0000000088a00000, 0x0000000088a00000, 0x0000000088b00000|  0%| F|  |TAMS 0x0000000088a00000, 0x0000000088a00000| Untracked 
| 119|0x0000000088b00000, 0x0000000088b00000, 0x0000000088c00000|  0%| F|  |TAMS 0x0000000088b00000, 0x0000000088b00000| Untracked 
| 120|0x0000000088c00000, 0x0000000088c00000, 0x0000000088d00000|  0%| F|  |TAMS 0x0000000088c00000, 0x0000000088c00000| Untracked 
| 121|0x0000000088d00000, 0x0000000088d00000, 0x0000000088e00000|  0%| F|  |TAMS 0x0000000088d00000, 0x0000000088d00000| Untracked 
| 122|0x0000000088e00000, 0x0000000088e00000, 0x0000000088f00000|  0%| F|  |TAMS 0x0000000088e00000, 0x0000000088e00000| Untracked 
| 123|0x0000000088f00000, 0x0000000088f00000, 0x0000000089000000|  0%| F|  |TAMS 0x0000000088f00000, 0x0000000088f00000| Untracked 
| 124|0x0000000089000000, 0x0000000089000000, 0x0000000089100000|  0%| F|  |TAMS 0x0000000089000000, 0x0000000089000000| Untracked 
| 125|0x0000000089100000, 0x0000000089100000, 0x0000000089200000|  0%| F|  |TAMS 0x0000000089100000, 0x0000000089100000| Untracked 
| 126|0x0000000089200000, 0x0000000089200000, 0x0000000089300000|  0%| F|  |TAMS 0x0000000089200000, 0x0000000089200000| Untracked 
| 127|0x0000000089300000, 0x0000000089300000, 0x0000000089400000|  0%| F|  |TAMS 0x0000000089300000, 0x0000000089300000| Untracked 
| 128|0x0000000089400000, 0x0000000089400000, 0x0000000089500000|  0%| F|  |TAMS 0x0000000089400000, 0x0000000089400000| Untracked 
| 129|0x0000000089500000, 0x0000000089500000, 0x0000000089600000|  0%| F|  |TAMS 0x0000000089500000, 0x0000000089500000| Untracked 
| 130|0x0000000089600000, 0x0000000089600000, 0x0000000089700000|  0%| F|  |TAMS 0x0000000089600000, 0x0000000089600000| Untracked 
| 131|0x0000000089700000, 0x0000000089700000, 0x0000000089800000|  0%| F|  |TAMS 0x0000000089700000, 0x0000000089700000| Untracked 
| 132|0x0000000089800000, 0x0000000089800000, 0x0000000089900000|  0%| F|  |TAMS 0x0000000089800000, 0x0000000089800000| Untracked 
| 133|0x0000000089900000, 0x0000000089900000, 0x0000000089a00000|  0%| F|  |TAMS 0x0000000089900000, 0x0000000089900000| Untracked 
| 134|0x0000000089a00000, 0x0000000089a00000, 0x0000000089b00000|  0%| F|  |TAMS 0x0000000089a00000, 0x0000000089a00000| Untracked 
| 135|0x0000000089b00000, 0x0000000089b00000, 0x0000000089c00000|  0%| F|  |TAMS 0x0000000089b00000, 0x0000000089b00000| Untracked 
| 136|0x0000000089c00000, 0x0000000089c00000, 0x0000000089d00000|  0%| F|  |TAMS 0x0000000089c00000, 0x0000000089c00000| Untracked 
| 137|0x0000000089d00000, 0x0000000089de39b8, 0x0000000089e00000| 88%| S|CS|TAMS 0x0000000089d00000, 0x0000000089d00000| Complete 
| 138|0x0000000089e00000, 0x0000000089f00000, 0x0000000089f00000|100%| S|CS|TAMS 0x0000000089e00000, 0x0000000089e00000| Complete 
| 139|0x0000000089f00000, 0x000000008a000000, 0x000000008a000000|100%| S|CS|TAMS 0x0000000089f00000, 0x0000000089f00000| Complete 
| 140|0x000000008a000000, 0x000000008a100000, 0x000000008a100000|100%| S|CS|TAMS 0x000000008a000000, 0x000000008a000000| Complete 
| 141|0x000000008a100000, 0x000000008a100000, 0x000000008a200000|  0%| F|  |TAMS 0x000000008a100000, 0x000000008a100000| Untracked 
| 142|0x000000008a200000, 0x000000008a200000, 0x000000008a300000|  0%| F|  |TAMS 0x000000008a200000, 0x000000008a200000| Untracked 
| 143|0x000000008a300000, 0x000000008a300000, 0x000000008a400000|  0%| F|  |TAMS 0x000000008a300000, 0x000000008a300000| Untracked 
| 144|0x000000008a400000, 0x000000008a400000, 0x000000008a500000|  0%| F|  |TAMS 0x000000008a400000, 0x000000008a400000| Untracked 
| 145|0x000000008a500000, 0x000000008a600000, 0x000000008a600000|100%| S|CS|TAMS 0x000000008a500000, 0x000000008a500000| Complete 
| 146|0x000000008a600000, 0x000000008a700000, 0x000000008a700000|100%| S|CS|TAMS 0x000000008a600000, 0x000000008a600000| Complete 
| 147|0x000000008a700000, 0x000000008a800000, 0x000000008a800000|100%| S|CS|TAMS 0x000000008a700000, 0x000000008a700000| Complete 
| 148|0x000000008a800000, 0x000000008a900000, 0x000000008a900000|100%| S|CS|TAMS 0x000000008a800000, 0x000000008a800000| Complete 
| 149|0x000000008a900000, 0x000000008a900000, 0x000000008aa00000|  0%| F|  |TAMS 0x000000008a900000, 0x000000008a900000| Untracked 
| 150|0x000000008aa00000, 0x000000008aa00000, 0x000000008ab00000|  0%| F|  |TAMS 0x000000008aa00000, 0x000000008aa00000| Untracked 
| 151|0x000000008ab00000, 0x000000008ab00000, 0x000000008ac00000|  0%| F|  |TAMS 0x000000008ab00000, 0x000000008ab00000| Untracked 
| 152|0x000000008ac00000, 0x000000008ac00000, 0x000000008ad00000|  0%| F|  |TAMS 0x000000008ac00000, 0x000000008ac00000| Untracked 
| 153|0x000000008ad00000, 0x000000008ad00000, 0x000000008ae00000|  0%| F|  |TAMS 0x000000008ad00000, 0x000000008ad00000| Untracked 
| 154|0x000000008ae00000, 0x000000008ae00000, 0x000000008af00000|  0%| F|  |TAMS 0x000000008ae00000, 0x000000008ae00000| Untracked 
| 155|0x000000008af00000, 0x000000008af00000, 0x000000008b000000|  0%| F|  |TAMS 0x000000008af00000, 0x000000008af00000| Untracked 
| 156|0x000000008b000000, 0x000000008b000000, 0x000000008b100000|  0%| F|  |TAMS 0x000000008b000000, 0x000000008b000000| Untracked 
| 157|0x000000008b100000, 0x000000008b100000, 0x000000008b200000|  0%| F|  |TAMS 0x000000008b100000, 0x000000008b100000| Untracked 
| 158|0x000000008b200000, 0x000000008b200000, 0x000000008b300000|  0%| F|  |TAMS 0x000000008b200000, 0x000000008b200000| Untracked 
| 159|0x000000008b300000, 0x000000008b300000, 0x000000008b400000|  0%| F|  |TAMS 0x000000008b300000, 0x000000008b300000| Untracked 
| 160|0x000000008b400000, 0x000000008b400000, 0x000000008b500000|  0%| F|  |TAMS 0x000000008b400000, 0x000000008b400000| Untracked 
| 161|0x000000008b500000, 0x000000008b500000, 0x000000008b600000|  0%| F|  |TAMS 0x000000008b500000, 0x000000008b500000| Untracked 
| 162|0x000000008b600000, 0x000000008b600000, 0x000000008b700000|  0%| F|  |TAMS 0x000000008b600000, 0x000000008b600000| Untracked 
| 163|0x000000008b700000, 0x000000008b700000, 0x000000008b800000|  0%| F|  |TAMS 0x000000008b700000, 0x000000008b700000| Untracked 
| 164|0x000000008b800000, 0x000000008b800000, 0x000000008b900000|  0%| F|  |TAMS 0x000000008b800000, 0x000000008b800000| Untracked 
| 165|0x000000008b900000, 0x000000008b900000, 0x000000008ba00000|  0%| F|  |TAMS 0x000000008b900000, 0x000000008b900000| Untracked 
| 166|0x000000008ba00000, 0x000000008ba00000, 0x000000008bb00000|  0%| F|  |TAMS 0x000000008ba00000, 0x000000008ba00000| Untracked 
| 167|0x000000008bb00000, 0x000000008bb00000, 0x000000008bc00000|  0%| F|  |TAMS 0x000000008bb00000, 0x000000008bb00000| Untracked 
| 168|0x000000008bc00000, 0x000000008bc00000, 0x000000008bd00000|  0%| F|  |TAMS 0x000000008bc00000, 0x000000008bc00000| Untracked 
| 169|0x000000008bd00000, 0x000000008bd00000, 0x000000008be00000|  0%| F|  |TAMS 0x000000008bd00000, 0x000000008bd00000| Untracked 
| 170|0x000000008be00000, 0x000000008be00000, 0x000000008bf00000|  0%| F|  |TAMS 0x000000008be00000, 0x000000008be00000| Untracked 
| 171|0x000000008bf00000, 0x000000008bf00000, 0x000000008c000000|  0%| F|  |TAMS 0x000000008bf00000, 0x000000008bf00000| Untracked 
| 172|0x000000008c000000, 0x000000008c000000, 0x000000008c100000|  0%| F|  |TAMS 0x000000008c000000, 0x000000008c000000| Untracked 
| 173|0x000000008c100000, 0x000000008c100000, 0x000000008c200000|  0%| F|  |TAMS 0x000000008c100000, 0x000000008c100000| Untracked 
| 174|0x000000008c200000, 0x000000008c200000, 0x000000008c300000|  0%| F|  |TAMS 0x000000008c200000, 0x000000008c200000| Untracked 
| 175|0x000000008c300000, 0x000000008c300000, 0x000000008c400000|  0%| F|  |TAMS 0x000000008c300000, 0x000000008c300000| Untracked 
| 176|0x000000008c400000, 0x000000008c400000, 0x000000008c500000|  0%| F|  |TAMS 0x000000008c400000, 0x000000008c400000| Untracked 
| 177|0x000000008c500000, 0x000000008c500000, 0x000000008c600000|  0%| F|  |TAMS 0x000000008c500000, 0x000000008c500000| Untracked 
| 178|0x000000008c600000, 0x000000008c600000, 0x000000008c700000|  0%| F|  |TAMS 0x000000008c600000, 0x000000008c600000| Untracked 
| 179|0x000000008c700000, 0x000000008c700000, 0x000000008c800000|  0%| F|  |TAMS 0x000000008c700000, 0x000000008c700000| Untracked 
| 180|0x000000008c800000, 0x000000008c800000, 0x000000008c900000|  0%| F|  |TAMS 0x000000008c800000, 0x000000008c800000| Untracked 
| 181|0x000000008c900000, 0x000000008c900000, 0x000000008ca00000|  0%| F|  |TAMS 0x000000008c900000, 0x000000008c900000| Untracked 
| 182|0x000000008ca00000, 0x000000008ca00000, 0x000000008cb00000|  0%| F|  |TAMS 0x000000008ca00000, 0x000000008ca00000| Untracked 
| 183|0x000000008cb00000, 0x000000008cb00000, 0x000000008cc00000|  0%| F|  |TAMS 0x000000008cb00000, 0x000000008cb00000| Untracked 
| 184|0x000000008cc00000, 0x000000008cc80800, 0x000000008cd00000| 50%| E|  |TAMS 0x000000008cc00000, 0x000000008cc00000| Complete 
| 185|0x000000008cd00000, 0x000000008ce00000, 0x000000008ce00000|100%| E|CS|TAMS 0x000000008cd00000, 0x000000008cd00000| Complete 
| 186|0x000000008ce00000, 0x000000008cf00000, 0x000000008cf00000|100%| E|CS|TAMS 0x000000008ce00000, 0x000000008ce00000| Complete 
| 187|0x000000008cf00000, 0x000000008d000000, 0x000000008d000000|100%| E|CS|TAMS 0x000000008cf00000, 0x000000008cf00000| Complete 
| 188|0x000000008d000000, 0x000000008d100000, 0x000000008d100000|100%| E|CS|TAMS 0x000000008d000000, 0x000000008d000000| Complete 
| 189|0x000000008d100000, 0x000000008d200000, 0x000000008d200000|100%| E|CS|TAMS 0x000000008d100000, 0x000000008d100000| Complete 
| 190|0x000000008d200000, 0x000000008d300000, 0x000000008d300000|100%| E|CS|TAMS 0x000000008d200000, 0x000000008d200000| Complete 
| 191|0x000000008d300000, 0x000000008d400000, 0x000000008d400000|100%| E|CS|TAMS 0x000000008d300000, 0x000000008d300000| Complete 
| 192|0x000000008d400000, 0x000000008d500000, 0x000000008d500000|100%| E|CS|TAMS 0x000000008d400000, 0x000000008d400000| Complete 
| 193|0x000000008d500000, 0x000000008d600000, 0x000000008d600000|100%| E|CS|TAMS 0x000000008d500000, 0x000000008d500000| Complete 
| 194|0x000000008d600000, 0x000000008d700000, 0x000000008d700000|100%| E|CS|TAMS 0x000000008d600000, 0x000000008d600000| Complete 
| 195|0x000000008d700000, 0x000000008d800000, 0x000000008d800000|100%| E|CS|TAMS 0x000000008d700000, 0x000000008d700000| Complete 
| 196|0x000000008d800000, 0x000000008d900000, 0x000000008d900000|100%| E|CS|TAMS 0x000000008d800000, 0x000000008d800000| Complete 
| 197|0x000000008d900000, 0x000000008da00000, 0x000000008da00000|100%| E|CS|TAMS 0x000000008d900000, 0x000000008d900000| Complete 
| 198|0x000000008da00000, 0x000000008db00000, 0x000000008db00000|100%| E|CS|TAMS 0x000000008da00000, 0x000000008da00000| Complete 
| 199|0x000000008db00000, 0x000000008dc00000, 0x000000008dc00000|100%| E|CS|TAMS 0x000000008db00000, 0x000000008db00000| Complete 
| 200|0x000000008dc00000, 0x000000008dd00000, 0x000000008dd00000|100%| E|CS|TAMS 0x000000008dc00000, 0x000000008dc00000| Complete 
| 201|0x000000008dd00000, 0x000000008de00000, 0x000000008de00000|100%| E|CS|TAMS 0x000000008dd00000, 0x000000008dd00000| Complete 
| 202|0x000000008de00000, 0x000000008df00000, 0x000000008df00000|100%| E|CS|TAMS 0x000000008de00000, 0x000000008de00000| Complete 
| 203|0x000000008df00000, 0x000000008e000000, 0x000000008e000000|100%| E|CS|TAMS 0x000000008df00000, 0x000000008df00000| Complete 
| 204|0x000000008e000000, 0x000000008e100000, 0x000000008e100000|100%| E|CS|TAMS 0x000000008e000000, 0x000000008e000000| Complete 
| 205|0x000000008e100000, 0x000000008e200000, 0x000000008e200000|100%| E|CS|TAMS 0x000000008e100000, 0x000000008e100000| Complete 
| 206|0x000000008e200000, 0x000000008e300000, 0x000000008e300000|100%| E|CS|TAMS 0x000000008e200000, 0x000000008e200000| Complete 
| 207|0x000000008e300000, 0x000000008e400000, 0x000000008e400000|100%| E|CS|TAMS 0x000000008e300000, 0x000000008e300000| Complete 
| 208|0x000000008e400000, 0x000000008e500000, 0x000000008e500000|100%| E|CS|TAMS 0x000000008e400000, 0x000000008e400000| Complete 
| 209|0x000000008e500000, 0x000000008e600000, 0x000000008e600000|100%| E|CS|TAMS 0x000000008e500000, 0x000000008e500000| Complete 
| 210|0x000000008e600000, 0x000000008e700000, 0x000000008e700000|100%| E|CS|TAMS 0x000000008e600000, 0x000000008e600000| Complete 

Card table byte_map: [0x0000025872fd0000,0x00000258733d0000] _byte_map_base: 0x0000025872bc6000

Marking Bits (Prev, Next): (CMBitMap*) 0x000002585fadbcb8, (CMBitMap*) 0x000002585fadbcf0
 Prev Bits: [0x00000258737d0000, 0x0000025875780000)
 Next Bits: [0x0000025875780000, 0x0000025877730000)

Polling page: 0x000002585e260000

Metaspace:

Usage:
  Non-class:     83.76 MB capacity,    83.19 MB (>99%) used,   429.11 KB ( <1%) free+waste,   154.94 KB ( <1%) overhead. 
      Class:      9.92 MB capacity,     9.55 MB ( 96%) used,   316.01 KB (  3%) free+waste,    61.56 KB ( <1%) overhead. 
       Both:     93.68 MB capacity,    92.74 MB ( 99%) used,   745.12 KB ( <1%) free+waste,   216.50 KB ( <1%) overhead. 

Virtual space:
  Non-class space:       84.00 MB reserved,      83.96 MB (>99%) committed 
      Class space:        1.00 GB reserved,      10.00 MB ( <1%) committed 
             Both:        1.08 GB reserved,      93.96 MB (  8%) committed 

Chunk freelists:
   Non-Class:  13.00 KB
       Class:  19.00 KB
        Both:  32.00 KB

MaxMetaspaceSize: 17179869184.00 GB
CompressedClassSpaceSize: 1.00 GB
Initial GC threshold: 20.80 MB
Current GC threshold: 156.18 MB
CDS: off

CodeHeap 'non-profiled nmethods': size=120064Kb used=8894Kb max_used=8894Kb free=111169Kb
 bounds [0x000002586b070000, 0x000002586b930000, 0x00000258725b0000]
CodeHeap 'profiled nmethods': size=120000Kb used=59513Kb max_used=59513Kb free=60486Kb
 bounds [0x0000025863b40000, 0x0000025867570000, 0x000002586b070000]
CodeHeap 'non-nmethods': size=5696Kb used=1411Kb max_used=1460Kb free=4284Kb
 bounds [0x00000258635b0000, 0x0000025863820000, 0x0000025863b40000]
 total_blobs=18921 nmethods=18211 adapters=618
 compilation: enabled
              stopped_count=0, restarted_count=0
 full_count=0

Compilation events (20 events):
Event: 27.936 Thread 0x0000025879da1800 20162       2       org.jetbrains.kotlin.metadata.ProtoBuf$Type::access$6002 (7 bytes)
Event: 27.936 Thread 0x0000025879da1800 nmethod 20162 0x0000025867546f10 code [0x00000258675470c0, 0x00000258675471b8]
Event: 27.936 Thread 0x0000025879da1800 20163       2       org.jetbrains.kotlin.metadata.ProtoBuf$Type::access$6102 (7 bytes)
Event: 27.936 Thread 0x0000025879da1800 nmethod 20163 0x0000025867547290 code [0x0000025867547440, 0x0000025867547518]
Event: 27.936 Thread 0x0000025879da1800 20164       2       org.jetbrains.kotlin.metadata.ProtoBuf$Type::access$6202 (7 bytes)
Event: 27.936 Thread 0x0000025879da1800 nmethod 20164 0x0000025867547610 code [0x00000258675477c0, 0x00000258675478f8]
Event: 27.936 Thread 0x0000025879da1800 20165       2       org.jetbrains.kotlin.metadata.ProtoBuf$Type::access$6302 (7 bytes)
Event: 27.936 Thread 0x0000025879da1800 nmethod 20165 0x0000025867547a10 code [0x0000025867547bc0, 0x0000025867547c98]
Event: 27.936 Thread 0x0000025879da1800 20166       2       org.jetbrains.kotlin.metadata.ProtoBuf$Type::access$6402 (7 bytes)
Event: 27.936 Thread 0x0000025879da1800 nmethod 20166 0x0000025867547d90 code [0x0000025867547f40, 0x0000025867548018]
Event: 27.936 Thread 0x0000025879da1800 20174       1       org.jetbrains.kotlin.metadata.jvm.serialization.JvmStringTable::getStrings (5 bytes)
Event: 27.937 Thread 0x0000025879da1800 nmethod 20174 0x000002586b315b90 code [0x000002586b315d40, 0x000002586b315df8]
Event: 27.937 Thread 0x0000025879da1800 20175       1       org.jetbrains.kotlin.ir.expressions.impl.IrDelegatingConstructorCallImpl::getTypeArgumentsByIndex (5 bytes)
Event: 27.937 Thread 0x0000025879da1800 nmethod 20175 0x000002586b315890 code [0x000002586b315a40, 0x000002586b315af8]
Event: 27.939 Thread 0x0000025879da1800 20176       2       org.jetbrains.kotlin.backend.jvm.codegen.FunctionCodegen::shouldGenerateAnnotationsOnValueParameters (54 bytes)
Event: 27.940 Thread 0x0000025879da1800 nmethod 20176 0x0000025867548110 code [0x0000025867548300, 0x0000025867548538]
Event: 27.945 Thread 0x0000025879da1800 20177       2       org.jetbrains.kotlin.codegen.optimization.common.UtilKt::getIntConstant (117 bytes)
Event: 27.946 Thread 0x0000025879da1800 nmethod 20177 0x0000025867548610 code [0x0000025867548840, 0x0000025867548dd8]
Event: 27.948 Thread 0x0000025879da1800 20178       1       org.jetbrains.kotlin.codegen.optimization.common.VariableLivenessFrame::isControlFlowMerge (5 bytes)
Event: 27.948 Thread 0x0000025879da1800 nmethod 20178 0x000002586b315590 code [0x000002586b315740, 0x000002586b3157f8]

GC Heap History (20 events):
Event: 8.829 GC heap before
{Heap before GC invocations=9 (full 0):
 garbage-first heap   total 159744K, used 109906K [0x0000000081400000, 0x0000000100000000)
  region size 1024K, 84 young (86016K), 12 survivors (12288K)
 Metaspace       used 59380K, capacity 60146K, committed 60416K, reserved 1101824K
  class space    used 6808K, capacity 7104K, committed 7168K, reserved 1048576K
}
Event: 8.880 GC heap after
{Heap after GC invocations=10 (full 0):
 garbage-first heap   total 159744K, used 50863K [0x0000000081400000, 0x0000000100000000)
  region size 1024K, 11 young (11264K), 11 survivors (11264K)
 Metaspace       used 59380K, capacity 60146K, committed 60416K, reserved 1101824K
  class space    used 6808K, capacity 7104K, committed 7168K, reserved 1048576K
}
Event: 11.295 GC heap before
{Heap before GC invocations=10 (full 0):
 garbage-first heap   total 159744K, used 114351K [0x0000000081400000, 0x0000000100000000)
  region size 1024K, 73 young (74752K), 11 survivors (11264K)
 Metaspace       used 65361K, capacity 66241K, committed 66432K, reserved 1107968K
  class space    used 7397K, capacity 7743K, committed 7808K, reserved 1048576K
}
Event: 11.334 GC heap after
{Heap after GC invocations=11 (full 0):
 garbage-first heap   total 159744K, used 56320K [0x0000000081400000, 0x0000000100000000)
  region size 1024K, 5 young (5120K), 5 survivors (5120K)
 Metaspace       used 65361K, capacity 66241K, committed 66432K, reserved 1107968K
  class space    used 7397K, capacity 7743K, committed 7808K, reserved 1048576K
}
Event: 13.705 GC heap before
{Heap before GC invocations=11 (full 0):
 garbage-first heap   total 159744K, used 118784K [0x0000000081400000, 0x0000000100000000)
  region size 1024K, 66 young (67584K), 5 survivors (5120K)
 Metaspace       used 69000K, capacity 69901K, committed 70016K, reserved 1112064K
  class space    used 7675K, capacity 8058K, committed 8064K, reserved 1048576K
}
Event: 13.742 GC heap after
{Heap after GC invocations=12 (full 0):
 garbage-first heap   total 216064K, used 64000K [0x0000000081400000, 0x0000000100000000)
  region size 1024K, 9 young (9216K), 9 survivors (9216K)
 Metaspace       used 69000K, capacity 69901K, committed 70016K, reserved 1112064K
  class space    used 7675K, capacity 8058K, committed 8064K, reserved 1048576K
}
Event: 16.686 GC heap before
{Heap before GC invocations=12 (full 0):
 garbage-first heap   total 216064K, used 146944K [0x0000000081400000, 0x0000000100000000)
  region size 1024K, 87 young (89088K), 9 survivors (9216K)
 Metaspace       used 70353K, capacity 71259K, committed 71424K, reserved 1112064K
  class space    used 7718K, capacity 8096K, committed 8192K, reserved 1048576K
}
Event: 16.733 GC heap after
{Heap after GC invocations=13 (full 0):
 garbage-first heap   total 216064K, used 77403K [0x0000000081400000, 0x0000000100000000)
  region size 1024K, 11 young (11264K), 11 survivors (11264K)
 Metaspace       used 70353K, capacity 71259K, committed 71424K, reserved 1112064K
  class space    used 7718K, capacity 8096K, committed 8192K, reserved 1048576K
}
Event: 19.401 GC heap before
{Heap before GC invocations=13 (full 0):
 garbage-first heap   total 216064K, used 153179K [0x0000000081400000, 0x0000000100000000)
  region size 1024K, 85 young (87040K), 11 survivors (11264K)
 Metaspace       used 71685K, capacity 72559K, committed 72704K, reserved 1114112K
  class space    used 7792K, capacity 8165K, committed 8192K, reserved 1048576K
}
Event: 19.430 GC heap after
{Heap after GC invocations=14 (full 0):
 garbage-first heap   total 216064K, used 83295K [0x0000000081400000, 0x0000000100000000)
  region size 1024K, 6 young (6144K), 6 survivors (6144K)
 Metaspace       used 71685K, capacity 72559K, committed 72704K, reserved 1114112K
  class space    used 7792K, capacity 8165K, committed 8192K, reserved 1048576K
}
Event: 20.148 GC heap before
{Heap before GC invocations=14 (full 0):
 garbage-first heap   total 216064K, used 104799K [0x0000000081400000, 0x0000000100000000)
  region size 1024K, 28 young (28672K), 6 survivors (6144K)
 Metaspace       used 75403K, capacity 76240K, committed 76376K, reserved 1118208K
  class space    used 8121K, capacity 8481K, committed 8576K, reserved 1048576K
}
Event: 20.165 GC heap after
{Heap after GC invocations=15 (full 0):
 garbage-first heap   total 216064K, used 85883K [0x0000000081400000, 0x0000000100000000)
  region size 1024K, 2 young (2048K), 2 survivors (2048K)
 Metaspace       used 75403K, capacity 76240K, committed 76376K, reserved 1118208K
  class space    used 8121K, capacity 8481K, committed 8576K, reserved 1048576K
}
Event: 22.371 GC heap before
{Heap before GC invocations=16 (full 0):
 garbage-first heap   total 216064K, used 151419K [0x0000000081400000, 0x0000000100000000)
  region size 1024K, 66 young (67584K), 2 survivors (2048K)
 Metaspace       used 83677K, capacity 84616K, committed 84948K, reserved 1124352K
  class space    used 8994K, capacity 9376K, committed 9472K, reserved 1048576K
}
Event: 22.410 GC heap after
{Heap after GC invocations=17 (full 0):
 garbage-first heap   total 216064K, used 94134K [0x0000000081400000, 0x0000000100000000)
  region size 1024K, 9 young (9216K), 9 survivors (9216K)
 Metaspace       used 83677K, capacity 84616K, committed 84948K, reserved 1124352K
  class space    used 8994K, capacity 9376K, committed 9472K, reserved 1048576K
}
Event: 24.090 GC heap before
{Heap before GC invocations=18 (full 0):
 garbage-first heap   total 216064K, used 155574K [0x0000000081400000, 0x0000000100000000)
  region size 1024K, 71 young (72704K), 9 survivors (9216K)
 Metaspace       used 88113K, capacity 89081K, committed 89428K, reserved 1128448K
  class space    used 9359K, capacity 9733K, committed 9856K, reserved 1048576K
}
Event: 24.119 GC heap after
{Heap after GC invocations=19 (full 0):
 garbage-first heap   total 216064K, used 98041K [0x0000000081400000, 0x0000000100000000)
  region size 1024K, 6 young (6144K), 6 survivors (6144K)
 Metaspace       used 88113K, capacity 89081K, committed 89428K, reserved 1128448K
  class space    used 9359K, capacity 9733K, committed 9856K, reserved 1048576K
}
Event: 25.888 GC heap before
{Heap before GC invocations=19 (full 0):
 garbage-first heap   total 216064K, used 161529K [0x0000000081400000, 0x0000000100000000)
  region size 1024K, 68 young (69632K), 6 survivors (6144K)
 Metaspace       used 92314K, capacity 93287K, committed 93524K, reserved 1132544K
  class space    used 9648K, capacity 10025K, committed 10112K, reserved 1048576K
}
Event: 25.907 GC heap after
{Heap after GC invocations=20 (full 0):
 garbage-first heap   total 216064K, used 101977K [0x0000000081400000, 0x0000000100000000)
  region size 1024K, 4 young (4096K), 4 survivors (4096K)
 Metaspace       used 92314K, capacity 93287K, committed 93524K, reserved 1132544K
  class space    used 9648K, capacity 10025K, committed 10112K, reserved 1048576K
}
Event: 27.231 GC heap before
{Heap before GC invocations=20 (full 0):
 garbage-first heap   total 216064K, used 164441K [0x0000000081400000, 0x0000000100000000)
  region size 1024K, 66 young (67584K), 4 survivors (4096K)
 Metaspace       used 94664K, capacity 95603K, committed 95700K, reserved 1134592K
  class space    used 9776K, capacity 10157K, committed 10240K, reserved 1048576K
}
Event: 27.251 GC heap after
{Heap after GC invocations=21 (full 0):
 garbage-first heap   total 216064K, used 106382K [0x0000000081400000, 0x0000000100000000)
  region size 1024K, 8 young (8192K), 8 survivors (8192K)
 Metaspace       used 94664K, capacity 95603K, committed 95700K, reserved 1134592K
  class space    used 9776K, capacity 10157K, committed 10240K, reserved 1048576K
}

Deoptimization events (20 events):
Event: 27.596 Thread 0x000002585fa9b000 DEOPT PACKING pc=0x000002586b2f20b0 sp=0x000000a56a2fdb00
Event: 27.596 Thread 0x000002585fa9b000 DEOPT UNPACKING pc=0x00000258635fa1af sp=0x000000a56a2fda88 mode 2
Event: 27.605 Thread 0x000002585fa9b000 DEOPT PACKING pc=0x0000025864bba618 sp=0x000000a56a2fdbf0
Event: 27.605 Thread 0x000002585fa9b000 DEOPT UNPACKING pc=0x00000258635fa95e sp=0x000000a56a2fd110 mode 0
Event: 27.701 Thread 0x000002585fa9b000 Uncommon trap: trap_request=0xffffff6e fr.pc=0x000002586b922f30 relative=0x0000000000006a70
Event: 27.701 Thread 0x000002585fa9b000 Uncommon trap: reason=speculate_class_check action=maybe_recompile pc=0x000002586b922f30 method=org.jetbrains.kotlin.backend.jvm.mapping.IrTypeMapper.computeClassInternalName(Lorg/jetbrains/kotlin/ir/declarations/IrClass;)Ljava/lang/StringBuilder; @ 42 c2
Event: 27.701 Thread 0x000002585fa9b000 DEOPT PACKING pc=0x000002586b922f30 sp=0x000000a56a2fdb10
Event: 27.701 Thread 0x000002585fa9b000 DEOPT UNPACKING pc=0x00000258635fa1af sp=0x000000a56a2fd8f8 mode 2
Event: 27.701 Thread 0x000002585fa9b000 Uncommon trap: trap_request=0xffffff6e fr.pc=0x000002586b922f30 relative=0x0000000000006a70
Event: 27.701 Thread 0x000002585fa9b000 Uncommon trap: reason=speculate_class_check action=maybe_recompile pc=0x000002586b922f30 method=org.jetbrains.kotlin.backend.jvm.mapping.IrTypeMapper.computeClassInternalName(Lorg/jetbrains/kotlin/ir/declarations/IrClass;)Ljava/lang/StringBuilder; @ 42 c2
Event: 27.701 Thread 0x000002585fa9b000 DEOPT PACKING pc=0x000002586b922f30 sp=0x000000a56a2fd950
Event: 27.701 Thread 0x000002585fa9b000 DEOPT UNPACKING pc=0x00000258635fa1af sp=0x000000a56a2fd738 mode 2
Event: 27.702 Thread 0x000002585fa9b000 Uncommon trap: trap_request=0xffffff6e fr.pc=0x000002586b922f30 relative=0x0000000000006a70
Event: 27.702 Thread 0x000002585fa9b000 Uncommon trap: reason=speculate_class_check action=maybe_recompile pc=0x000002586b922f30 method=org.jetbrains.kotlin.backend.jvm.mapping.IrTypeMapper.computeClassInternalName(Lorg/jetbrains/kotlin/ir/declarations/IrClass;)Ljava/lang/StringBuilder; @ 42 c2
Event: 27.702 Thread 0x000002585fa9b000 DEOPT PACKING pc=0x000002586b922f30 sp=0x000000a56a2fc4b0
Event: 27.702 Thread 0x000002585fa9b000 DEOPT UNPACKING pc=0x00000258635fa1af sp=0x000000a56a2fc298 mode 2
Event: 27.702 Thread 0x000002585fa9b000 Uncommon trap: trap_request=0xffffff6e fr.pc=0x000002586b922f30 relative=0x0000000000006a70
Event: 27.702 Thread 0x000002585fa9b000 Uncommon trap: reason=speculate_class_check action=maybe_recompile pc=0x000002586b922f30 method=org.jetbrains.kotlin.backend.jvm.mapping.IrTypeMapper.computeClassInternalName(Lorg/jetbrains/kotlin/ir/declarations/IrClass;)Ljava/lang/StringBuilder; @ 42 c2
Event: 27.702 Thread 0x000002585fa9b000 DEOPT PACKING pc=0x000002586b922f30 sp=0x000000a56a2fd220
Event: 27.702 Thread 0x000002585fa9b000 DEOPT UNPACKING pc=0x00000258635fa1af sp=0x000000a56a2fd008 mode 2

Classes redefined (0 events):
No events

Internal exceptions (20 events):
Event: 11.711 Thread 0x000002585fa9b000 Implicit null exception at 0x000002586b319b5c to 0x000002586b319d90
Event: 11.751 Thread 0x000002585fa9b000 Exception <a 'java/lang/NoSuchMethodError'{0x000000008a788388}: 'java.lang.Object java.lang.invoke.Invokers$Holder.linkToTargetMethod(java.lang.Object, java.lang.Object, java.lang.Object, java.lang.Object, java.lang.Object, java.lang.Object, java.lang.Object)'> (0x000000008a788388) thrown at [./src/hotspot/share/interpreter/linkResolver.cpp, line 773]
Event: 12.452 Thread 0x000002585fa9b000 Implicit null exception at 0x000002586b0d2d75 to 0x000002586b0d2f3c
Event: 16.114 Thread 0x000002585fa9b000 Implicit null exception at 0x000002586b56d9e0 to 0x000002586b56fa3c
Event: 19.885 Thread 0x000002585fa9b000 Exception <a 'java/lang/NoSuchMethodError'{0x000000008dcdf780}: 'java.lang.Object java.lang.invoke.DirectMethodHandle$Holder.invokeStaticInit(java.lang.Object, java.lang.Object, java.lang.Object, java.lang.Object)'> (0x000000008dcdf780) thrown at [./src/hotspot/share/interpreter/linkResolver.cpp, line 773]
Event: 20.108 Thread 0x000002585fa9b000 Exception <a 'java/lang/NoSuchMethodError'{0x000000008d3fe778}: 'int java.lang.invoke.DirectMethodHandle$Holder.invokeStaticInit(java.lang.Object, java.lang.Object, java.lang.Object, java.lang.Object)'> (0x000000008d3fe778) thrown at [./src/hotspot/share/interpreter/linkResolver.cpp, line 773]
Event: 20.220 Thread 0x000002585fa9b000 Exception <a 'java/lang/NoSuchMethodError'{0x000000008e5c62c0}: 'java.lang.Object java.lang.invoke.DirectMethodHandle$Holder.invokeStatic(java.lang.Object, java.lang.Object, java.lang.Object, int, int, java.lang.Object, java.lang.Object)'> (0x000000008e5c62c0) thrown at [./src/hotspot/share/interpreter/linkResolver.cpp, line 773]
Event: 20.220 Thread 0x000002585fa9b000 Exception <a 'java/lang/NoSuchMethodError'{0x000000008e5c9ed8}: 'java.lang.Object java.lang.invoke.DirectMethodHandle$Holder.invokeSpecial(java.lang.Object, java.lang.Object, java.lang.Object, java.lang.Object, int, int, java.lang.Object, java.lang.Object)'> (0x000000008e5c9ed8) thrown at [./src/hotspot/share/interpreter/linkResolver.cpp, line 773]
Event: 20.220 Thread 0x000002585fa9b000 Exception <a 'java/lang/NoSuchMethodError'{0x000000008e5cd2e8}: 'java.lang.Object java.lang.invoke.Invokers$Holder.linkToTargetMethod(java.lang.Object, java.lang.Object, int, int, java.lang.Object, java.lang.Object, java.lang.Object)'> (0x000000008e5cd2e8) thrown at [./src/hotspot/share/interpreter/linkResolver.cpp, line 773]
Event: 20.236 Thread 0x000002585fa9b000 Exception <a 'java/lang/NoSuchMethodError'{0x000000008e42de10}: 'java.lang.Object java.lang.invoke.DirectMethodHandle$Holder.invokeStatic(java.lang.Object, java.lang.Object, java.lang.Object, int, int, java.lang.Object, java.lang.Object, java.lang.Object, java.lang.Object)'> (0x000000008e42de10) thrown at [./src/hotspot/share/interpreter/linkResolver.cpp, line 773]
Event: 20.417 Thread 0x000002585fa9b000 Exception <a 'java/lang/NoSuchMethodError'{0x000000008e097200}: 'java.lang.Object java.lang.invoke.DirectMethodHandle$Holder.invokeSpecial(java.lang.Object, java.lang.Object, int, int, java.lang.Object, java.lang.Object, java.lang.Object, java.lang.Object, java.lang.Object)'> (0x000000008e097200) thrown at [./src/hotspot/share/interpreter/linkResolver.cpp, line 773]
Event: 20.430 Thread 0x000002585fa9b000 Implicit null exception at 0x000002586b0df7f4 to 0x000002586b0dfa0c
Event: 20.577 Thread 0x000002585fa9b000 Exception <a 'java/lang/NoSuchMethodError'{0x000000008dffb700}: 'java.lang.Object java.lang.invoke.DirectMethodHandle$Holder.invokeStatic(java.lang.Object, java.lang.Object, java.lang.Object, int, int, java.lang.Object)'> (0x000000008dffb700) thrown at [./src/hotspot/share/interpreter/linkResolver.cpp, line 773]
Event: 20.577 Thread 0x000002585fa9b000 Exception <a 'java/lang/NoSuchMethodError'{0x000000008dfff178}: 'java.lang.Object java.lang.invoke.DirectMethodHandle$Holder.invokeSpecial(java.lang.Object, java.lang.Object, java.lang.Object, java.lang.Object, int, int, java.lang.Object)'> (0x000000008dfff178) thrown at [./src/hotspot/share/interpreter/linkResolver.cpp, line 773]
Event: 20.577 Thread 0x000002585fa9b000 Exception <a 'java/lang/NoSuchMethodError'{0x000000008de02978}: 'java.lang.Object java.lang.invoke.Invokers$Holder.linkToTargetMethod(java.lang.Object, java.lang.Object, int, int, java.lang.Object, java.lang.Object)'> (0x000000008de02978) thrown at [./src/hotspot/share/interpreter/linkResolver.cpp, line 773]
Event: 20.588 Thread 0x000002585fa9b000 Exception <a 'java/lang/NoSuchMethodError'{0x000000008de440d8}: 'java.lang.Object java.lang.invoke.DirectMethodHandle$Holder.invokeStatic(java.lang.Object, java.lang.Object, java.lang.Object, int, int, java.lang.Object, java.lang.Object, java.lang.Object)'> (0x000000008de440d8) thrown at [./src/hotspot/share/interpreter/linkResolver.cpp, line 773]
Event: 20.589 Thread 0x000002585fa9b000 Exception <a 'java/lang/NoSuchMethodError'{0x000000008de4c668}: 'java.lang.Object java.lang.invoke.DirectMethodHandle$Holder.invokeStatic(java.lang.Object, java.lang.Object, java.lang.Object, int, int)'> (0x000000008de4c668) thrown at [./src/hotspot/share/interpreter/linkResolver.cpp, line 773]
Event: 20.589 Thread 0x000002585fa9b000 Exception <a 'java/lang/NoSuchMethodError'{0x000000008de50398}: 'java.lang.Object java.lang.invoke.DirectMethodHandle$Holder.invokeSpecial(java.lang.Object, java.lang.Object, java.lang.Object, java.lang.Object, int, int)'> (0x000000008de50398) thrown at [./src/hotspot/share/interpreter/linkResolver.cpp, line 773]
Event: 20.589 Thread 0x000002585fa9b000 Exception <a 'java/lang/NoSuchMethodError'{0x000000008de539f0}: 'java.lang.Object java.lang.invoke.Invokers$Holder.linkToTargetMethod(java.lang.Object, java.lang.Object, int, int, java.lang.Object)'> (0x000000008de539f0) thrown at [./src/hotspot/share/interpreter/linkResolver.cpp, line 773]
Event: 26.114 Thread 0x000002585fa9b000 Implicit null exception at 0x000002586b30bd0a to 0x000002586b30c468

Events (20 events):
Event: 27.080 loading class org/jetbrains/kotlin/backend/jvm/intrinsics/AndAnd$BooleanConjunction
Event: 27.080 loading class org/jetbrains/kotlin/backend/jvm/intrinsics/AndAnd$BooleanConjunction done
Event: 27.174 loading class org/jetbrains/kotlin/backend/jvm/codegen/TryInfo
Event: 27.174 loading class org/jetbrains/kotlin/backend/jvm/codegen/TryInfo done
Event: 27.177 loading class org/jetbrains/kotlin/backend/jvm/codegen/TryWithFinallyInfo
Event: 27.177 loading class org/jetbrains/kotlin/backend/jvm/codegen/TryWithFinallyInfo done
Event: 27.178 loading class org/jetbrains/kotlin/backend/jvm/codegen/ExpressionCodegen$visitTryWithInfo$4
Event: 27.178 loading class org/jetbrains/kotlin/backend/jvm/codegen/ExpressionCodegen$visitTryWithInfo$4 done
Event: 27.201 Executing VM operation: ICBufferFull
Event: 27.201 Executing VM operation: ICBufferFull done
Event: 27.231 Executing VM operation: G1CollectForAllocation
Event: 27.251 Executing VM operation: G1CollectForAllocation done
Event: 27.653 Executing VM operation: CGC_Operation
Event: 27.674 Executing VM operation: CGC_Operation done
Event: 27.899 Executing VM operation: CGC_Operation
Event: 27.899 Executing VM operation: CGC_Operation done
Event: 27.936 loading class org/jetbrains/kotlin/ir/descriptors/IrBasedPropertySetterDescriptor
Event: 27.936 loading class org/jetbrains/kotlin/ir/descriptors/IrBasedPropertySetterDescriptor done
Event: 27.945 loading class org/jetbrains/kotlin/codegen/coroutines/ChangeBoxingMethodTransformerKt
Event: 27.945 loading class org/jetbrains/kotlin/codegen/coroutines/ChangeBoxingMethodTransformerKt done


Dynamic libraries:
0x00007ff76a320000 - 0x00007ff76a32a000 	F:\AndroidStudio\jre\bin\java.exe
0x00007ffd713f0000 - 0x00007ffd715e7000 	C:\WINDOWS\SYSTEM32\ntdll.dll
0x00007ffd6f650000 - 0x00007ffd6f70d000 	C:\WINDOWS\System32\KERNEL32.DLL
0x00007ffd6ecc0000 - 0x00007ffd6efb6000 	C:\WINDOWS\System32\KERNELBASE.dll
0x00007ffd6f030000 - 0x00007ffd6f130000 	C:\WINDOWS\System32\ucrtbase.dll
0x00007ffd66520000 - 0x00007ffd66537000 	F:\AndroidStudio\jre\bin\VCRUNTIME140.dll
0x00007ffd67180000 - 0x00007ffd67199000 	F:\AndroidStudio\jre\bin\jli.dll
0x00007ffd70ed0000 - 0x00007ffd7106e000 	C:\WINDOWS\System32\USER32.dll
0x00007ffd53900000 - 0x00007ffd53b9a000 	C:\WINDOWS\WinSxS\amd64_microsoft.windows.common-controls_6595b64144ccf1df_6.0.19041.3570_none_60bb2a3971f3e41a\COMCTL32.dll
0x00007ffd6f2d0000 - 0x00007ffd6f2f2000 	C:\WINDOWS\System32\win32u.dll
0x00007ffd70830000 - 0x00007ffd708ce000 	C:\WINDOWS\System32\msvcrt.dll
0x00007ffd6fc30000 - 0x00007ffd6fc5c000 	C:\WINDOWS\System32\GDI32.dll
0x00007ffd6f330000 - 0x00007ffd6f44a000 	C:\WINDOWS\System32\gdi32full.dll
0x00007ffd6f230000 - 0x00007ffd6f2cd000 	C:\WINDOWS\System32\msvcp_win.dll
0x00007ffd6f730000 - 0x00007ffd6f760000 	C:\WINDOWS\System32\IMM32.DLL
0x00007ffd44400000 - 0x00007ffd4449d000 	F:\AndroidStudio\jre\bin\msvcp140.dll
0x00007ffd36b60000 - 0x00007ffd37645000 	F:\AndroidStudio\jre\bin\server\jvm.dll
0x00007ffd6f7c0000 - 0x00007ffd6f86e000 	C:\WINDOWS\System32\ADVAPI32.dll
0x00007ffd71310000 - 0x00007ffd713ac000 	C:\WINDOWS\System32\sechost.dll
0x00007ffd70da0000 - 0x00007ffd70ec6000 	C:\WINDOWS\System32\RPCRT4.dll
0x00007ffd70820000 - 0x00007ffd70828000 	C:\WINDOWS\System32\PSAPI.DLL
0x00007ffd51d60000 - 0x00007ffd51d69000 	C:\WINDOWS\SYSTEM32\WSOCK32.dll
0x00007ffd57420000 - 0x00007ffd57447000 	C:\WINDOWS\SYSTEM32\WINMM.dll
0x00007ffd70980000 - 0x00007ffd709eb000 	C:\WINDOWS\System32\WS2_32.dll
0x00007ffd65120000 - 0x00007ffd6512a000 	C:\WINDOWS\SYSTEM32\VERSION.dll
0x00007ffd6d300000 - 0x00007ffd6d312000 	C:\WINDOWS\SYSTEM32\kernel.appcore.dll
0x00007ffd694e0000 - 0x00007ffd694f1000 	F:\AndroidStudio\jre\bin\verify.dll
0x00007ffd6d020000 - 0x00007ffd6d204000 	C:\WINDOWS\SYSTEM32\DBGHELP.DLL
0x00007ffd5d2f0000 - 0x00007ffd5d324000 	C:\WINDOWS\SYSTEM32\dbgcore.DLL
0x00007ffd6ec30000 - 0x00007ffd6ecb2000 	C:\WINDOWS\System32\bcryptPrimitives.dll
0x00007ffd67150000 - 0x00007ffd67179000 	F:\AndroidStudio\jre\bin\java.dll
0x00007ffd69510000 - 0x00007ffd6951b000 	F:\AndroidStudio\jre\bin\jimage.dll
0x00007ffd694c0000 - 0x00007ffd694d8000 	F:\AndroidStudio\jre\bin\zip.dll
0x00007ffd6fc60000 - 0x00007ffd703a4000 	C:\WINDOWS\System32\SHELL32.dll
0x00007ffd6c7b0000 - 0x00007ffd6cf4b000 	C:\WINDOWS\SYSTEM32\windows.storage.dll
0x00007ffd6f8d0000 - 0x00007ffd6fc24000 	C:\WINDOWS\System32\combase.dll
0x00007ffd6e440000 - 0x00007ffd6e46d000 	C:\WINDOWS\SYSTEM32\Wldp.dll
0x00007ffd708d0000 - 0x00007ffd7097d000 	C:\WINDOWS\System32\SHCORE.dll
0x00007ffd6f870000 - 0x00007ffd6f8c5000 	C:\WINDOWS\System32\shlwapi.dll
0x00007ffd6ea00000 - 0x00007ffd6ea25000 	C:\WINDOWS\SYSTEM32\profapi.dll
0x00007ffd69450000 - 0x00007ffd6946a000 	F:\AndroidStudio\jre\bin\net.dll
0x00007ffd5f050000 - 0x00007ffd5f15a000 	C:\WINDOWS\SYSTEM32\WINHTTP.dll
0x00007ffd6e1a0000 - 0x00007ffd6e20a000 	C:\WINDOWS\system32\mswsock.dll
0x00007ffd689d0000 - 0x00007ffd689e4000 	F:\AndroidStudio\jre\bin\nio.dll

dbghelp: loaded successfully - version: 4.0.5 - missing functions: none
symbol engine: initialized successfully - sym options: 0x614 - pdb path: .;F:\AndroidStudio\jre\bin;C:\WINDOWS\SYSTEM32;C:\WINDOWS\WinSxS\amd64_microsoft.windows.common-controls_6595b64144ccf1df_6.0.19041.3570_none_60bb2a3971f3e41a;F:\AndroidStudio\jre\bin\server

VM Arguments:
java_command: org.jetbrains.kotlin.cli.jvm.K2JVMCompiler @F:\NeobisProjects\NewsPetApp\app\build\20231114_13067514830193616401.compiler.options
java_class_path (initial): C:\Users\Sultan\.gradle\caches\modules-2\files-2.1\org.jetbrains.kotlin\kotlin-compiler-embeddable\1.7.10\909803167c98606fcf22b4c848647c68e351d48d\kotlin-compiler-embeddable-1.7.10.jar;C:\Users\Sultan\.gradle\caches\modules-2\files-2.1\org.jetbrains.kotlin\kotlin-reflect\1.7.10\165e600dfea6185cf5efa700756294cc4904dbeb\kotlin-reflect-1.7.10.jar;C:\Users\Sultan\.gradle\caches\modules-2\files-2.1\org.jetbrains.kotlin\kotlin-stdlib\1.7.10\d2abf9e77736acc4450dc4a3f707fa2c10f5099d\kotlin-stdlib-1.7.10.jar;C:\Users\Sultan\.gradle\caches\modules-2\files-2.1\org.jetbrains.kotlin\kotlin-script-runtime\1.7.10\c99c87a6988d8fd8d5142e9ed5c9f34a7cf561ee\kotlin-script-runtime-1.7.10.jar;C:\Users\Sultan\.gradle\caches\modules-2\files-2.1\org.jetbrains.kotlin\kotlin-daemon-embeddable\1.7.10\3a9f7aef7080d3ae63126cbba4f827ed664f32fa\kotlin-daemon-embeddable-1.7.10.jar;C:\Users\Sultan\.gradle\caches\modules-2\files-2.1\org.jetbrains.intellij.deps\trove4j\1.0.20200330\3afb14d5f9ceb459d724e907a21145e8ff394f02\trove4j-1.0.20200330.jar;C:\Users\Sultan\.gradle\caches\modules-2\files-2.1\net.java.dev.jna\jna\5.6.0\330f2244e9030119ab3030fc3fededc86713d9cc\jna-5.6.0.jar;C:\Users\Sultan\.gradle\caches\modules-2\files-2.1\org.jetbrains.kotlin\kotlin-stdlib-common\1.7.10\bac80c520d0a9e3f3673bc2658c6ed02ef45a76a\kotlin-stdlib-common-1.7.10.jar;C:\Users\Sultan\.gradle\caches\modules-2\files-2.1\org.jetbrains\annotations\13.0\919f0dfe192fb4e063e7dacadee7f8bb9a2672a9\annotations-13.0.jar
Launcher Type: SUN_STANDARD

[Global flags]
     intx CICompilerCount                          = 3                                         {product} {ergonomic}
     uint ConcGCThreads                            = 1                                         {product} {ergonomic}
     uint G1ConcRefinementThreads                  = 4                                         {product} {ergonomic}
   size_t G1HeapRegionSize                         = 1048576                                   {product} {ergonomic}
    uintx GCDrainStackTargetSize                   = 64                                        {product} {ergonomic}
   size_t InitialHeapSize                          = 134217728                                 {product} {ergonomic}
   size_t MarkStackSize                            = 4194304                                   {product} {ergonomic}
   size_t MaxHeapSize                              = 2126512128                                {product} {ergonomic}
   size_t MaxNewSize                               = 1275068416                                {product} {ergonomic}
   size_t MinHeapDeltaBytes                        = 1048576                                   {product} {ergonomic}
    uintx NonNMethodCodeHeapSize                   = 5830732                                {pd product} {ergonomic}
    uintx NonProfiledCodeHeapSize                  = 122913754                              {pd product} {ergonomic}
    uintx ProfiledCodeHeapSize                     = 122913754                              {pd product} {ergonomic}
    uintx ReservedCodeCacheSize                    = 251658240                              {pd product} {ergonomic}
     bool SegmentedCodeCache                       = true                                      {product} {ergonomic}
     bool UseCompressedClassPointers               = true                                 {lp64_product} {ergonomic}
     bool UseCompressedOops                        = true                                 {lp64_product} {ergonomic}
     bool UseG1GC                                  = true                                      {product} {ergonomic}
     bool UseLargePagesIndividualAllocation        = false                                  {pd product} {ergonomic}

Logging:
Log output configuration:
 #0: stdout all=warning uptime,level,tags
 #1: stderr all=off uptime,level,tags

Environment Variables:
JAVA_HOME=C:\Program Files\Java\jdk-18.0.2.1
PATH=C:\Program Files\Common Files\Oracle\Java\javapath;C:\Program Files (x86)\Common Files\Oracle\Java\javapath;C:\WINDOWS\system32;C:\WINDOWS;C:\WINDOWS\System32\Wbem;C:\WINDOWS\System32\WindowsPowerShell\v1.0\;C:\WINDOWS\System32\OpenSSH\;C:\Program Files\Java\jdk-18.0.2.1\bin;F:\Git\cmd;F:\dart-sass\dart-sass;C:\Users\Sultan\AppData\Local\Microsoft\WindowsApps;;C:\Program Files\JetBrains\IntelliJ IDEA Community Edition 2022.2.1\bin;;F:\Microsoft VS Code\bin
USERNAME=Sultan
OS=Windows_NT
PROCESSOR_IDENTIFIER=Intel64 Family 6 Model 142 Stepping 10, GenuineIntel



---------------  S Y S T E M  ---------------

OS: Windows 10 , 64 bit Build 19041 (10.0.19041.3570)
OS uptime: 1 days 8:16 hours

CPU:total 4 (initial active 4) (2 cores per cpu, 2 threads per core) family 6 model 142 stepping 10 microcode 0xb4, cmov, cx8, fxsr, mmx, sse, sse2, sse3, ssse3, sse4.1, sse4.2, popcnt, avx, avx2, aes, clmul, erms, 3dnowpref, lzcnt, ht, tsc, tscinvbit, bmi1, bmi2, adx, fma

Memory: 4k page, system-wide physical 8108M (520M free)
TotalPageFile size 10156M (AvailPageFile size 5M)
current process WorkingSet (physical memory assigned to process): 491M, peak: 492M
current process commit charge ("private bytes"): 522M, peak: 525M

vm_info: OpenJDK 64-Bit Server VM (11.0.12+7-b1504.28-7817840) for windows-amd64 JRE (11.0.12+7-b1504.28-7817840), built on Oct 13 2021 22:12:33 by "builder" with MS VC++ 14.0 (VS2015)

END.
