#
# There is insufficient memory for the Java Runtime Environment to continue.
# Native memory allocation (mmap) failed to map 96468992 bytes for Failed to commit area from 0x0000000095600000 to 0x000000009b200000 of length 96468992.
# Possible reasons:
#   The system is out of physical RAM or swap space
#   The process is running with CompressedOops enabled, and the Java Heap may be blocking the growth of the native heap
# Possible solutions:
#   Reduce memory load on the system
#   Increase physical memory or swap space
#   Check if swap backing store is full
#   Decrease Java heap size (-Xmx/-Xms)
#   Decrease number of Java threads
#   Decrease Java thread stack sizes (-Xss)
#   Set larger code cache with -XX:ReservedCodeCacheSize=
#   JVM is running with Unscaled Compressed Oops mode in which the Java heap is
#     placed in the first 4GB address space. The Java Heap base address is the
#     maximum limit for the native heap growth. Please use -XX:HeapBaseMinAddress
#     to set the Java Heap base and to place the Java Heap above 4GB virtual address.
# This output file may be truncated or incomplete.
#
#  Out of Memory Error (./src/hotspot/os/windows/os_windows.cpp:3521), pid=8180, tid=580
#
# JRE version: OpenJDK Runtime Environment (11.0.12+7) (build 11.0.12+7-b1504.28-7817840)
# Java VM: OpenJDK 64-Bit Server VM (11.0.12+7-b1504.28-7817840, mixed mode, tiered, compressed oops, g1 gc, windows-amd64)
# No core dump will be written. Minidumps are not enabled by default on client versions of Windows
#

---------------  S U M M A R Y ------------

Command Line: --add-opens=java.base/java.util=ALL-UNNAMED --add-opens=java.base/java.lang=ALL-UNNAMED --add-opens=java.base/java.lang.invoke=ALL-UNNAMED --add-opens=java.base/java.util=ALL-UNNAMED --add-opens=java.prefs/java.util.prefs=ALL-UNNAMED --add-opens=java.prefs/java.util.prefs=ALL-UNNAMED --add-opens=java.base/java.nio.charset=ALL-UNNAMED --add-opens=java.base/java.net=ALL-UNNAMED --add-opens=java.base/java.util.concurrent.atomic=ALL-UNNAMED -Xmx2048m -Dfile.encoding=UTF-8 -Duser.country=RU -Duser.language=ru -Duser.variant org.gradle.launcher.daemon.bootstrap.GradleDaemon 7.3.3

Host: Intel(R) Core(TM) i3-7020U CPU @ 2.30GHz, 4 cores, 7G,  Windows 10 , 64 bit Build 19041 (10.0.19041.3570)
Time: Sat Nov  4 00:32:46 2023 Центральноевропейский (зима) elapsed time: 36.027644 seconds (0d 0h 0m 36s)

---------------  T H R E A D  ---------------

Current thread (0x000001a1042bb800):  VMThread "VM Thread" [stack: 0x0000008294b00000,0x0000008294c00000] [id=580]

Stack: [0x0000008294b00000,0x0000008294c00000]
[error occurred during error reporting (printing stack bounds), id 0xc0000005, EXCEPTION_ACCESS_VIOLATION (0xc0000005) at pc=0x000001a16e19112d]

Native frames: (J=compiled Java code, j=interpreted, Vv=VM code, C=native code)
V  [jvm.dll+0x5fbcea]
V  [jvm.dll+0x731905]
V  [jvm.dll+0x732f1d]
V  [jvm.dll+0x733535]
V  [jvm.dll+0x7334eb]
V  [jvm.dll+0x5fb080]
V  [jvm.dll+0x5fb818]
C  [ntdll.dll+0xa23af]
C  [ntdll.dll+0x514b4]
C  [ntdll.dll+0xa0ebe]
C  0x000001a16e19112d

VM_Operation (0x000000829a5fb8a0): G1CollectForAllocation, mode: safepoint, requested by thread 0x000001a109da4800


---------------  P R O C E S S  ---------------

Threads class SMR info:
_java_thread_list=0x000001a10f334020, length=88, elements={
0x000001a16a67b000, 0x000001a1042c1800, 0x000001a1042c3000, 0x000001a1042de800,
0x000001a1042df800, 0x000001a1042e0000, 0x000001a1042e5800, 0x000001a1042ec000,
0x000001a1042ed000, 0x000001a104db1000, 0x000001a10749b800, 0x000001a106d66800,
0x000001a106dd2800, 0x000001a107556800, 0x000001a10752f800, 0x000001a107530800,
0x000001a1063bd800, 0x000001a1063be000, 0x000001a1060ed000, 0x000001a1075c2000,
0x000001a1075c4000, 0x000001a1075bf800, 0x000001a1075c6800, 0x000001a1075c4800,
0x000001a1075c5800, 0x000001a1075c3000, 0x000001a1075c1800, 0x000001a1075c0800,
0x000001a1071a0000, 0x000001a1071a2800, 0x000001a1071a1800, 0x000001a1071a3000,
0x000001a1071a4000, 0x000001a1071a5800, 0x000001a10baa1800, 0x000001a10baa3000,
0x000001a10baa2000, 0x000001a10ba9d800, 0x000001a10baa4000, 0x000001a10ba9e000,
0x000001a10baa4800, 0x000001a10ba9f000, 0x000001a10baa5800, 0x000001a10ba9f800,
0x000001a10baa6800, 0x000001a10baa0800, 0x000001a10baaa800, 0x000001a10baa8800,
0x000001a10baab000, 0x000001a10baac000, 0x000001a10baa7000, 0x000001a10baa8000,
0x000001a10baa9800, 0x000001a1072ce800, 0x000001a1072d2000, 0x000001a1072cd000,
0x000001a1072ce000, 0x000001a1072d0800, 0x000001a1072d1000, 0x000001a1072cc800,
0x000001a1072cf800, 0x000001a1072d3000, 0x000001a1072d4800, 0x000001a1072d7000,
0x000001a1072d9800, 0x000001a1072d3800, 0x000001a1072da000, 0x000001a1072db000,
0x000001a1072d5800, 0x000001a1072d7800, 0x000001a1072d6000, 0x000001a1072d8800,
0x000001a109d98000, 0x000001a109d97800, 0x000001a109d9b800, 0x000001a109d9e800,
0x000001a109d9e000, 0x000001a109d9d000, 0x000001a109d9f800, 0x000001a109d9c000,
0x000001a109d99800, 0x000001a109da0800, 0x000001a109d9a800, 0x000001a109da2000,
0x000001a109da3800, 0x000001a109da4800, 0x000001a109da5000, 0x000001a10778d000
}

Java Threads: ( => current thread )
  0x000001a16a67b000 JavaThread "main" [_thread_blocked, id=6900, stack(0x0000008294500000,0x0000008294600000)]
  0x000001a1042c1800 JavaThread "Reference Handler" daemon [_thread_blocked, id=2976, stack(0x0000008294c00000,0x0000008294d00000)]
  0x000001a1042c3000 JavaThread "Finalizer" daemon [_thread_blocked, id=12376, stack(0x0000008294d00000,0x0000008294e00000)]
  0x000001a1042de800 JavaThread "Signal Dispatcher" daemon [_thread_blocked, id=9068, stack(0x0000008294e00000,0x0000008294f00000)]
  0x000001a1042df800 JavaThread "Attach Listener" daemon [_thread_blocked, id=5852, stack(0x0000008294f00000,0x0000008295000000)]
  0x000001a1042e0000 JavaThread "Service Thread" daemon [_thread_blocked, id=10480, stack(0x0000008295000000,0x0000008295100000)]
  0x000001a1042e5800 JavaThread "C2 CompilerThread0" daemon [_thread_blocked, id=6056, stack(0x0000008295100000,0x0000008295200000)]
  0x000001a1042ec000 JavaThread "C1 CompilerThread0" daemon [_thread_blocked, id=9352, stack(0x0000008295200000,0x0000008295300000)]
  0x000001a1042ed000 JavaThread "Sweeper thread" daemon [_thread_blocked, id=8428, stack(0x0000008295300000,0x0000008295400000)]
  0x000001a104db1000 JavaThread "Common-Cleaner" daemon [_thread_blocked, id=5376, stack(0x0000008295400000,0x0000008295500000)]
  0x000001a10749b800 JavaThread "Daemon health stats" [_thread_blocked, id=10600, stack(0x0000008295900000,0x0000008295a00000)]
  0x000001a106d66800 JavaThread "Incoming local TCP Connector on port 53923" [_thread_in_native, id=10388, stack(0x0000008295600000,0x0000008295700000)]
  0x000001a106dd2800 JavaThread "Daemon periodic checks" [_thread_blocked, id=4956, stack(0x0000008295a00000,0x0000008295b00000)]
  0x000001a107556800 JavaThread "Daemon" [_thread_blocked, id=6252, stack(0x0000008295b00000,0x0000008295c00000)]
  0x000001a10752f800 JavaThread "Handler for socket connection from /127.0.0.1:53923 to /127.0.0.1:53924" [_thread_in_native, id=12796, stack(0x0000008295c00000,0x0000008295d00000)]
  0x000001a107530800 JavaThread "Cancel handler" [_thread_blocked, id=4732, stack(0x0000008295d00000,0x0000008295e00000)]
  0x000001a1063bd800 JavaThread "Daemon worker" [_thread_blocked, id=2984, stack(0x0000008295e00000,0x0000008295f00000)]
  0x000001a1063be000 JavaThread "Asynchronous log dispatcher for DefaultDaemonConnection: socket connection from /127.0.0.1:53923 to /127.0.0.1:53924" [_thread_blocked, id=3532, stack(0x0000008296000000,0x0000008296100000)]
  0x000001a1060ed000 JavaThread "Stdin handler" [_thread_blocked, id=10276, stack(0x0000008296100000,0x0000008296200000)]
  0x000001a1075c2000 JavaThread "Daemon client event forwarder" [_thread_blocked, id=10024, stack(0x0000008296200000,0x0000008296300000)]
  0x000001a1075c4000 JavaThread "Cache worker for journal cache (C:\Users\Sultan\.gradle\caches\journal-1)" [_thread_blocked, id=10888, stack(0x0000008296400000,0x0000008296500000)]
  0x000001a1075bf800 JavaThread "File lock request listener" [_thread_in_native, id=5708, stack(0x0000008296500000,0x0000008296600000)]
  0x000001a1075c6800 JavaThread "Cache worker for file hash cache (C:\Users\Sultan\.gradle\caches\7.3.3\fileHashes)" [_thread_blocked, id=4556, stack(0x0000008296600000,0x0000008296700000)]
  0x000001a1075c4800 JavaThread "Cache worker for file hash cache (F:\NeobisProjects\NewsPetApp\.gradle\7.3.3\fileHashes)" [_thread_blocked, id=8964, stack(0x0000008296700000,0x0000008296800000)]
  0x000001a1075c5800 JavaThread "File watcher server" daemon [_thread_blocked, id=13244, stack(0x0000008296800000,0x0000008296900000)]
  0x000001a1075c3000 JavaThread "File watcher consumer" daemon [_thread_blocked, id=12308, stack(0x0000008296900000,0x0000008296a00000)]
  0x000001a1075c1800 JavaThread "Cache worker for checksums cache (F:\NeobisProjects\NewsPetApp\.gradle\7.3.3\checksums)" [_thread_blocked, id=10428, stack(0x0000008296a00000,0x0000008296b00000)]
  0x000001a1075c0800 JavaThread "Cache worker for cache directory md-supplier (C:\Users\Sultan\.gradle\caches\7.3.3\md-supplier)" [_thread_blocked, id=8812, stack(0x0000008296b00000,0x0000008296c00000)]
  0x000001a1071a0000 JavaThread "Cache worker for cache directory md-rule (C:\Users\Sultan\.gradle\caches\7.3.3\md-rule)" [_thread_blocked, id=4916, stack(0x0000008296c00000,0x0000008296d00000)]
  0x000001a1071a2800 JavaThread "Cache worker for execution history cache (C:\Users\Sultan\.gradle\caches\7.3.3\executionHistory)" [_thread_blocked, id=3612, stack(0x0000008296d00000,0x0000008296e00000)]
  0x000001a1071a1800 JavaThread "jar transforms" [_thread_blocked, id=8248, stack(0x0000008296e00000,0x0000008296f00000)]
  0x000001a1071a3000 JavaThread "Cache worker for file content cache (C:\Users\Sultan\.gradle\caches\7.3.3\fileContent)" [_thread_blocked, id=7992, stack(0x0000008296f00000,0x0000008297000000)]
  0x000001a1071a4000 JavaThread "jar transforms Thread 2" [_thread_blocked, id=12216, stack(0x0000008297000000,0x0000008297100000)]
  0x000001a1071a5800 JavaThread "Cache worker for dependencies-accessors (F:\NeobisProjects\NewsPetApp\.gradle\7.3.3\dependencies-accessors)" [_thread_blocked, id=10936, stack(0x0000008297100000,0x0000008297200000)]
  0x000001a10baa1800 JavaThread "jar transforms Thread 3" [_thread_blocked, id=7376, stack(0x0000008297200000,0x0000008297300000)]
  0x000001a10baa3000 JavaThread "Cache worker for Build Output Cleanup Cache (F:\NeobisProjects\NewsPetApp\.gradle\buildOutputCleanup)" [_thread_blocked, id=4244, stack(0x0000008297300000,0x0000008297400000)]
  0x000001a10baa2000 JavaThread "Unconstrained build operations" [_thread_blocked, id=2840, stack(0x0000008297400000,0x0000008297500000)]
  0x000001a10ba9d800 JavaThread "Unconstrained build operations Thread 2" [_thread_blocked, id=4640, stack(0x0000008297500000,0x0000008297600000)]
  0x000001a10baa4000 JavaThread "Unconstrained build operations Thread 3" [_thread_blocked, id=9688, stack(0x0000008297600000,0x0000008297700000)]
  0x000001a10ba9e000 JavaThread "Unconstrained build operations Thread 4" [_thread_blocked, id=12148, stack(0x0000008297700000,0x0000008297800000)]
  0x000001a10baa4800 JavaThread "Unconstrained build operations Thread 5" [_thread_blocked, id=10564, stack(0x0000008297800000,0x0000008297900000)]
  0x000001a10ba9f000 JavaThread "Unconstrained build operations Thread 6" [_thread_blocked, id=2068, stack(0x0000008297900000,0x0000008297a00000)]
  0x000001a10baa5800 JavaThread "Unconstrained build operations Thread 7" [_thread_blocked, id=11296, stack(0x0000008297a00000,0x0000008297b00000)]
  0x000001a10ba9f800 JavaThread "Unconstrained build operations Thread 8" [_thread_blocked, id=9788, stack(0x0000008297b00000,0x0000008297c00000)]
  0x000001a10baa6800 JavaThread "Unconstrained build operations Thread 9" [_thread_blocked, id=10840, stack(0x0000008297c00000,0x0000008297d00000)]
  0x000001a10baa0800 JavaThread "Unconstrained build operations Thread 10" [_thread_blocked, id=9752, stack(0x0000008297d00000,0x0000008297e00000)]
  0x000001a10baaa800 JavaThread "Unconstrained build operations Thread 11" [_thread_blocked, id=11464, stack(0x0000008297e00000,0x0000008297f00000)]
  0x000001a10baa8800 JavaThread "Unconstrained build operations Thread 12" [_thread_blocked, id=9740, stack(0x0000008297f00000,0x0000008298000000)]
  0x000001a10baab000 JavaThread "Unconstrained build operations Thread 13" [_thread_blocked, id=9064, stack(0x0000008298000000,0x0000008298100000)]
  0x000001a10baac000 JavaThread "Unconstrained build operations Thread 14" [_thread_blocked, id=5380, stack(0x0000008298100000,0x0000008298200000)]
  0x000001a10baa7000 JavaThread "Unconstrained build operations Thread 15" [_thread_blocked, id=1400, stack(0x0000008298200000,0x0000008298300000)]
  0x000001a10baa8000 JavaThread "Unconstrained build operations Thread 16" [_thread_blocked, id=4960, stack(0x0000008298300000,0x0000008298400000)]
  0x000001a10baa9800 JavaThread "Unconstrained build operations Thread 17" [_thread_blocked, id=11168, stack(0x0000008298400000,0x0000008298500000)]
  0x000001a1072ce800 JavaThread "Unconstrained build operations Thread 18" [_thread_blocked, id=3896, stack(0x0000008298500000,0x0000008298600000)]
  0x000001a1072d2000 JavaThread "Unconstrained build operations Thread 19" [_thread_blocked, id=12616, stack(0x0000008298600000,0x0000008298700000)]
  0x000001a1072cd000 JavaThread "Unconstrained build operations Thread 20" [_thread_blocked, id=11992, stack(0x0000008298700000,0x0000008298800000)]
  0x000001a1072ce000 JavaThread "Unconstrained build operations Thread 21" [_thread_blocked, id=5348, stack(0x0000008298800000,0x0000008298900000)]
  0x000001a1072d0800 JavaThread "Unconstrained build operations Thread 22" [_thread_blocked, id=12400, stack(0x0000008298900000,0x0000008298a00000)]
  0x000001a1072d1000 JavaThread "Unconstrained build operations Thread 23" [_thread_blocked, id=10268, stack(0x0000008298a00000,0x0000008298b00000)]
  0x000001a1072cc800 JavaThread "Unconstrained build operations Thread 24" [_thread_blocked, id=5592, stack(0x0000008298b00000,0x0000008298c00000)]
  0x000001a1072cf800 JavaThread "Unconstrained build operations Thread 25" [_thread_blocked, id=10512, stack(0x0000008298c00000,0x0000008298d00000)]
  0x000001a1072d3000 JavaThread "Unconstrained build operations Thread 26" [_thread_blocked, id=1180, stack(0x0000008298d00000,0x0000008298e00000)]
  0x000001a1072d4800 JavaThread "Unconstrained build operations Thread 27" [_thread_blocked, id=11724, stack(0x0000008298e00000,0x0000008298f00000)]
  0x000001a1072d7000 JavaThread "Unconstrained build operations Thread 28" [_thread_blocked, id=11244, stack(0x0000008298f00000,0x0000008299000000)]
  0x000001a1072d9800 JavaThread "Unconstrained build operations Thread 29" [_thread_blocked, id=3252, stack(0x0000008299000000,0x0000008299100000)]
  0x000001a1072d3800 JavaThread "Unconstrained build operations Thread 30" [_thread_blocked, id=2568, stack(0x0000008299100000,0x0000008299200000)]
  0x000001a1072da000 JavaThread "Unconstrained build operations Thread 31" [_thread_blocked, id=5360, stack(0x0000008299200000,0x0000008299300000)]
  0x000001a1072db000 JavaThread "Unconstrained build operations Thread 32" [_thread_blocked, id=2356, stack(0x0000008299300000,0x0000008299400000)]
  0x000001a1072d5800 JavaThread "Unconstrained build operations Thread 33" [_thread_blocked, id=13160, stack(0x0000008299400000,0x0000008299500000)]
  0x000001a1072d7800 JavaThread "Unconstrained build operations Thread 34" [_thread_blocked, id=7964, stack(0x0000008299500000,0x0000008299600000)]
  0x000001a1072d6000 JavaThread "Unconstrained build operations Thread 35" [_thread_blocked, id=364, stack(0x0000008299600000,0x0000008299700000)]
  0x000001a1072d8800 JavaThread "Unconstrained build operations Thread 36" [_thread_blocked, id=4484, stack(0x0000008299700000,0x0000008299800000)]
  0x000001a109d98000 JavaThread "Unconstrained build operations Thread 37" [_thread_blocked, id=9944, stack(0x0000008299800000,0x0000008299900000)]
  0x000001a109d97800 JavaThread "Unconstrained build operations Thread 38" [_thread_blocked, id=5368, stack(0x0000008299900000,0x0000008299a00000)]
  0x000001a109d9b800 JavaThread "Unconstrained build operations Thread 39" [_thread_blocked, id=8656, stack(0x0000008299a00000,0x0000008299b00000)]
  0x000001a109d9e800 JavaThread "Unconstrained build operations Thread 40" [_thread_blocked, id=3444, stack(0x0000008299b00000,0x0000008299c00000)]
  0x000001a109d9e000 JavaThread "jar transforms Thread 4" [_thread_blocked, id=9124, stack(0x0000008299c00000,0x0000008299d00000)]
  0x000001a109d9d000 JavaThread "Memory manager" [_thread_blocked, id=3108, stack(0x0000008299d00000,0x0000008299e00000)]
  0x000001a109d9f800 JavaThread "build event listener" [_thread_blocked, id=10960, stack(0x0000008299e00000,0x0000008299f00000)]
  0x000001a109d9c000 JavaThread "pool-3-thread-1" [_thread_blocked, id=8524, stack(0x0000008299f00000,0x000000829a000000)]
  0x000001a109d99800 JavaThread "build event listener" [_thread_blocked, id=7796, stack(0x000000829a000000,0x000000829a100000)]
  0x000001a109da0800 JavaThread "Execution worker for ':'" [_thread_blocked, id=3368, stack(0x000000829a100000,0x000000829a200000)]
  0x000001a109d9a800 JavaThread "Execution worker for ':' Thread 2" [_thread_blocked, id=7164, stack(0x000000829a200000,0x000000829a300000)]
  0x000001a109da2000 JavaThread "Execution worker for ':' Thread 3" [_thread_blocked, id=8800, stack(0x000000829a300000,0x000000829a400000)]
  0x000001a109da3800 JavaThread "Cache worker for execution history cache (F:\NeobisProjects\NewsPetApp\.gradle\7.3.3\executionHistory)" [_thread_blocked, id=9940, stack(0x000000829a400000,0x000000829a500000)]
  0x000001a109da4800 JavaThread "WorkerExecutor Queue" [_thread_blocked, id=1696, stack(0x000000829a500000,0x000000829a600000)]
  0x000001a109da5000 JavaThread "WorkerExecutor Queue Thread 2" [_thread_blocked, id=7416, stack(0x000000829a600000,0x000000829a700000)]
  0x000001a10778d000 JavaThread "C2 CompilerThread1" daemon [_thread_blocked, id=8100, stack(0x0000008295f00000,0x0000008296000000)]

Other Threads:
=>0x000001a1042bb800 VMThread "VM Thread" [stack: 0x0000008294b00000,0x0000008294c00000] [id=580]
  0x000001a104dda000 WatcherThread [stack: 0x0000008295500000,0x0000008295600000] [id=11516]
  0x000001a16a696000 GCTaskThread "GC Thread#0" [stack: 0x0000008294600000,0x0000008294700000] [id=3380]
  0x000001a10503c800 GCTaskThread "GC Thread#1" [stack: 0x0000008295700000,0x0000008295800000] [id=3484]
  0x000001a1050f8000 GCTaskThread "GC Thread#2" [stack: 0x0000008295800000,0x0000008295900000] [id=1948]
  0x000001a106fba800 GCTaskThread "GC Thread#3" [stack: 0x0000008296300000,0x0000008296400000] [id=10404]
  0x000001a16a6c5800 ConcurrentGCThread "G1 Main Marker" [stack: 0x0000008294700000,0x0000008294800000] [id=13140]
  0x000001a16a6c6800 ConcurrentGCThread "G1 Conc#0" [stack: 0x0000008294800000,0x0000008294900000] [id=9536]
  0x000001a16a756800 ConcurrentGCThread "G1 Refine#0" [stack: 0x0000008294900000,0x0000008294a00000] [id=808]
  0x000001a1050bb000 ConcurrentGCThread "G1 Refine#1" [stack: 0x000000829a700000,0x000000829a800000] [id=12520]
  0x000001a1050b4800 ConcurrentGCThread "G1 Refine#2" [stack: 0x000000829a800000,0x000000829a900000] [id=7428]
  0x000001a16a757800 ConcurrentGCThread "G1 Young RemSet Sampling" [stack: 0x0000008294a00000,0x0000008294b00000] [id=3404]

Threads with active compile tasks:
C2 CompilerThread0  36037 14544       4       com.sun.tools.javac.util.List::reverse (55 bytes)
C2 CompilerThread1  36037 14533       4       com.sun.tools.javac.comp.Attr::visitIdent (582 bytes)

VM state:at safepoint (normal execution)

VM Mutex/Monitor currently owned by a thread:  ([mutex/lock_event])
[0x000001a16a6779e0] Threads_lock - owner thread: 0x000001a1042bb800
[0x000001a16a6782e0] Heap_lock - owner thread: 0x000001a109da4800

Heap address: 0x0000000080000000, size: 2048 MB, Compressed Oops mode: 32-bit
Narrow klass base: 0x0000000000000000, Narrow klass shift: 3
Compressed class space size: 1073741824 Address: 0x0000000100000000

Heap:
 garbage-first heap   total 444416K, used 245423K [0x0000000080000000, 0x0000000100000000)
  region size 1024K, 2 young (2048K), 2 survivors (2048K)
 Metaspace       used 114323K, capacity 116794K, committed 116976K, reserved 1150976K
  class space    used 14168K, capacity 15118K, committed 15168K, reserved 1048576K
Heap Regions: E=young(eden), S=young(survivor), O=old, HS=humongous(starts), HC=humongous(continues), CS=collection set, F=free, A=archive, TAMS=top-at-mark-start (previous, next)
|   0|0x0000000080000000, 0x0000000080100000, 0x0000000080100000|100%| O|  |TAMS 0x0000000080100000, 0x0000000080000000| Updating 
|   1|0x0000000080100000, 0x0000000080200000, 0x0000000080200000|100%| O|  |TAMS 0x0000000080200000, 0x0000000080100000| Updating 
|   2|0x0000000080200000, 0x0000000080300000, 0x0000000080300000|100%| O|  |TAMS 0x0000000080300000, 0x0000000080200000| Updating 
|   3|0x0000000080300000, 0x0000000080400000, 0x0000000080400000|100%|HS|  |TAMS 0x0000000080400000, 0x0000000080300000| Complete 
|   4|0x0000000080400000, 0x0000000080500000, 0x0000000080500000|100%|HC|  |TAMS 0x0000000080500000, 0x0000000080400000| Complete 
|   5|0x0000000080500000, 0x0000000080600000, 0x0000000080600000|100%|HC|  |TAMS 0x0000000080600000, 0x0000000080500000| Complete 
|   6|0x0000000080600000, 0x0000000080700000, 0x0000000080700000|100%| O|  |TAMS 0x0000000080700000, 0x0000000080600000| Updating 
|   7|0x0000000080700000, 0x0000000080800000, 0x0000000080800000|100%| O|  |TAMS 0x0000000080800000, 0x0000000080700000| Updating 
|   8|0x0000000080800000, 0x0000000080900000, 0x0000000080900000|100%| O|  |TAMS 0x0000000080900000, 0x0000000080800000| Updating 
|   9|0x0000000080900000, 0x0000000080a00000, 0x0000000080a00000|100%| O|  |TAMS 0x0000000080a00000, 0x0000000080900000| Updating 
|  10|0x0000000080a00000, 0x0000000080b00000, 0x0000000080b00000|100%| O|  |TAMS 0x0000000080b00000, 0x0000000080a00000| Updating 
|  11|0x0000000080b00000, 0x0000000080c00000, 0x0000000080c00000|100%| O|  |TAMS 0x0000000080c00000, 0x0000000080b00000| Updating 
|  12|0x0000000080c00000, 0x0000000080d00000, 0x0000000080d00000|100%| O|  |TAMS 0x0000000080d00000, 0x0000000080c00000| Updating 
|  13|0x0000000080d00000, 0x0000000080e00000, 0x0000000080e00000|100%| O|  |TAMS 0x0000000080e00000, 0x0000000080d00000| Updating 
|  14|0x0000000080e00000, 0x0000000080f00000, 0x0000000080f00000|100%| O|  |TAMS 0x0000000080f00000, 0x0000000080e00000| Updating 
|  15|0x0000000080f00000, 0x0000000081000000, 0x0000000081000000|100%| O|  |TAMS 0x0000000081000000, 0x0000000080f00000| Updating 
|  16|0x0000000081000000, 0x0000000081100000, 0x0000000081100000|100%|HS|  |TAMS 0x0000000081100000, 0x0000000081000000| Complete 
|  17|0x0000000081100000, 0x0000000081200000, 0x0000000081200000|100%| O|  |TAMS 0x0000000081200000, 0x0000000081100000| Updating 
|  18|0x0000000081200000, 0x0000000081300000, 0x0000000081300000|100%| O|  |TAMS 0x0000000081300000, 0x0000000081200000| Updating 
|  19|0x0000000081300000, 0x0000000081400000, 0x0000000081400000|100%| O|  |TAMS 0x0000000081400000, 0x0000000081300000| Updating 
|  20|0x0000000081400000, 0x0000000081500000, 0x0000000081500000|100%| O|  |TAMS 0x0000000081500000, 0x0000000081400000| Updating 
|  21|0x0000000081500000, 0x0000000081600000, 0x0000000081600000|100%| O|  |TAMS 0x0000000081600000, 0x0000000081500000| Updating 
|  22|0x0000000081600000, 0x0000000081700000, 0x0000000081700000|100%| O|  |TAMS 0x0000000081700000, 0x0000000081600000| Updating 
|  23|0x0000000081700000, 0x0000000081800000, 0x0000000081800000|100%| O|  |TAMS 0x0000000081800000, 0x0000000081700000| Updating 
|  24|0x0000000081800000, 0x0000000081900000, 0x0000000081900000|100%|HS|  |TAMS 0x0000000081900000, 0x0000000081800000| Complete 
|  25|0x0000000081900000, 0x0000000081a00000, 0x0000000081a00000|100%|HS|  |TAMS 0x0000000081a00000, 0x0000000081900000| Complete 
|  26|0x0000000081a00000, 0x0000000081b00000, 0x0000000081b00000|100%|HS|  |TAMS 0x0000000081b00000, 0x0000000081a00000| Complete 
|  27|0x0000000081b00000, 0x0000000081c00000, 0x0000000081c00000|100%|HC|  |TAMS 0x0000000081c00000, 0x0000000081b00000| Complete 
|  28|0x0000000081c00000, 0x0000000081d00000, 0x0000000081d00000|100%|HC|  |TAMS 0x0000000081d00000, 0x0000000081c00000| Complete 
|  29|0x0000000081d00000, 0x0000000081e00000, 0x0000000081e00000|100%|HS|  |TAMS 0x0000000081e00000, 0x0000000081d00000| Complete 
|  30|0x0000000081e00000, 0x0000000081f00000, 0x0000000081f00000|100%|HC|  |TAMS 0x0000000081f00000, 0x0000000081e00000| Complete 
|  31|0x0000000081f00000, 0x0000000082000000, 0x0000000082000000|100%| O|  |TAMS 0x0000000082000000, 0x0000000081f00000| Updating 
|  32|0x0000000082000000, 0x0000000082100000, 0x0000000082100000|100%| O|  |TAMS 0x0000000082100000, 0x0000000082000000| Updating 
|  33|0x0000000082100000, 0x0000000082200000, 0x0000000082200000|100%| O|  |TAMS 0x0000000082200000, 0x0000000082100000| Updating 
|  34|0x0000000082200000, 0x0000000082300000, 0x0000000082300000|100%| O|  |TAMS 0x0000000082300000, 0x0000000082200000| Updating 
|  35|0x0000000082300000, 0x0000000082400000, 0x0000000082400000|100%| O|  |TAMS 0x0000000082400000, 0x0000000082300000| Updating 
|  36|0x0000000082400000, 0x0000000082500000, 0x0000000082500000|100%| O|  |TAMS 0x0000000082500000, 0x0000000082400000| Updating 
|  37|0x0000000082500000, 0x0000000082600000, 0x0000000082600000|100%| O|  |TAMS 0x0000000082600000, 0x0000000082500000| Updating 
|  38|0x0000000082600000, 0x0000000082700000, 0x0000000082700000|100%| O|  |TAMS 0x0000000082700000, 0x0000000082600000| Updating 
|  39|0x0000000082700000, 0x0000000082800000, 0x0000000082800000|100%| O|  |TAMS 0x0000000082800000, 0x0000000082700000| Updating 
|  40|0x0000000082800000, 0x0000000082900000, 0x0000000082900000|100%| O|  |TAMS 0x0000000082900000, 0x0000000082800000| Updating 
|  41|0x0000000082900000, 0x0000000082a00000, 0x0000000082a00000|100%| O|  |TAMS 0x0000000082a00000, 0x0000000082900000| Updating 
|  42|0x0000000082a00000, 0x0000000082b00000, 0x0000000082b00000|100%| O|  |TAMS 0x0000000082b00000, 0x0000000082a00000| Updating 
|  43|0x0000000082b00000, 0x0000000082c00000, 0x0000000082c00000|100%| O|  |TAMS 0x0000000082c00000, 0x0000000082b00000| Updating 
|  44|0x0000000082c00000, 0x0000000082d00000, 0x0000000082d00000|100%| O|  |TAMS 0x0000000082d00000, 0x0000000082c00000| Updating 
|  45|0x0000000082d00000, 0x0000000082e00000, 0x0000000082e00000|100%| O|  |TAMS 0x0000000082e00000, 0x0000000082d00000| Updating 
|  46|0x0000000082e00000, 0x0000000082f00000, 0x0000000082f00000|100%| O|  |TAMS 0x0000000082f00000, 0x0000000082e00000| Updating 
|  47|0x0000000082f00000, 0x0000000083000000, 0x0000000083000000|100%| O|  |TAMS 0x0000000083000000, 0x0000000082f00000| Updating 
|  48|0x0000000083000000, 0x0000000083100000, 0x0000000083100000|100%| O|  |TAMS 0x0000000083100000, 0x0000000083000000| Updating 
|  49|0x0000000083100000, 0x0000000083200000, 0x0000000083200000|100%| O|  |TAMS 0x0000000083200000, 0x0000000083100000| Updating 
|  50|0x0000000083200000, 0x0000000083300000, 0x0000000083300000|100%| O|  |TAMS 0x0000000083300000, 0x0000000083200000| Updating 
|  51|0x0000000083300000, 0x0000000083400000, 0x0000000083400000|100%| O|  |TAMS 0x0000000083400000, 0x0000000083300000| Updating 
|  52|0x0000000083400000, 0x0000000083500000, 0x0000000083500000|100%| O|  |TAMS 0x0000000083500000, 0x0000000083400000| Updating 
|  53|0x0000000083500000, 0x0000000083600000, 0x0000000083600000|100%| O|  |TAMS 0x0000000083600000, 0x0000000083500000| Updating 
|  54|0x0000000083600000, 0x0000000083700000, 0x0000000083700000|100%| O|  |TAMS 0x0000000083700000, 0x0000000083600000| Updating 
|  55|0x0000000083700000, 0x0000000083800000, 0x0000000083800000|100%| O|  |TAMS 0x0000000083800000, 0x0000000083700000| Updating 
|  56|0x0000000083800000, 0x0000000083900000, 0x0000000083900000|100%| O|  |TAMS 0x0000000083900000, 0x0000000083800000| Updating 
|  57|0x0000000083900000, 0x0000000083a00000, 0x0000000083a00000|100%| O|  |TAMS 0x0000000083a00000, 0x0000000083900000| Updating 
|  58|0x0000000083a00000, 0x0000000083b00000, 0x0000000083b00000|100%| O|  |TAMS 0x0000000083b00000, 0x0000000083a00000| Updating 
|  59|0x0000000083b00000, 0x0000000083c00000, 0x0000000083c00000|100%| O|  |TAMS 0x0000000083c00000, 0x0000000083b00000| Updating 
|  60|0x0000000083c00000, 0x0000000083d00000, 0x0000000083d00000|100%| O|  |TAMS 0x0000000083d00000, 0x0000000083c00000| Updating 
|  61|0x0000000083d00000, 0x0000000083e00000, 0x0000000083e00000|100%| O|  |TAMS 0x0000000083e00000, 0x0000000083d00000| Updating 
|  62|0x0000000083e00000, 0x0000000083f00000, 0x0000000083f00000|100%| O|  |TAMS 0x0000000083f00000, 0x0000000083e00000| Updating 
|  63|0x0000000083f00000, 0x0000000084000000, 0x0000000084000000|100%| O|  |TAMS 0x0000000084000000, 0x0000000083f00000| Updating 
|  64|0x0000000084000000, 0x0000000084100000, 0x0000000084100000|100%| O|  |TAMS 0x0000000084100000, 0x0000000084000000| Updating 
|  65|0x0000000084100000, 0x0000000084200000, 0x0000000084200000|100%| O|  |TAMS 0x0000000084200000, 0x0000000084100000| Updating 
|  66|0x0000000084200000, 0x0000000084300000, 0x0000000084300000|100%| O|  |TAMS 0x0000000084300000, 0x0000000084200000| Updating 
|  67|0x0000000084300000, 0x0000000084400000, 0x0000000084400000|100%| O|  |TAMS 0x0000000084400000, 0x0000000084300000| Updating 
|  68|0x0000000084400000, 0x0000000084500000, 0x0000000084500000|100%| O|  |TAMS 0x0000000084500000, 0x0000000084400000| Updating 
|  69|0x0000000084500000, 0x0000000084600000, 0x0000000084600000|100%| O|  |TAMS 0x0000000084600000, 0x0000000084500000| Updating 
|  70|0x0000000084600000, 0x0000000084700000, 0x0000000084700000|100%| O|  |TAMS 0x0000000084700000, 0x0000000084600000| Updating 
|  71|0x0000000084700000, 0x0000000084800000, 0x0000000084800000|100%| O|  |TAMS 0x0000000084800000, 0x0000000084700000| Updating 
|  72|0x0000000084800000, 0x0000000084900000, 0x0000000084900000|100%| O|  |TAMS 0x0000000084900000, 0x0000000084800000| Updating 
|  73|0x0000000084900000, 0x0000000084a00000, 0x0000000084a00000|100%| O|  |TAMS 0x0000000084a00000, 0x0000000084900000| Updating 
|  74|0x0000000084a00000, 0x0000000084b00000, 0x0000000084b00000|100%| O|  |TAMS 0x0000000084b00000, 0x0000000084a00000| Updating 
|  75|0x0000000084b00000, 0x0000000084c00000, 0x0000000084c00000|100%| O|  |TAMS 0x0000000084c00000, 0x0000000084b00000| Updating 
|  76|0x0000000084c00000, 0x0000000084d00000, 0x0000000084d00000|100%| O|  |TAMS 0x0000000084d00000, 0x0000000084c00000| Updating 
|  77|0x0000000084d00000, 0x0000000084e00000, 0x0000000084e00000|100%| O|  |TAMS 0x0000000084e00000, 0x0000000084d00000| Updating 
|  78|0x0000000084e00000, 0x0000000084f00000, 0x0000000084f00000|100%| O|  |TAMS 0x0000000084f00000, 0x0000000084e00000| Updating 
|  79|0x0000000084f00000, 0x0000000085000000, 0x0000000085000000|100%| O|  |TAMS 0x0000000085000000, 0x0000000084f00000| Updating 
|  80|0x0000000085000000, 0x0000000085100000, 0x0000000085100000|100%| O|  |TAMS 0x0000000085100000, 0x0000000085000000| Updating 
|  81|0x0000000085100000, 0x0000000085200000, 0x0000000085200000|100%| O|  |TAMS 0x0000000085200000, 0x0000000085100000| Updating 
|  82|0x0000000085200000, 0x0000000085300000, 0x0000000085300000|100%| O|  |TAMS 0x0000000085300000, 0x0000000085200000| Updating 
|  83|0x0000000085300000, 0x0000000085400000, 0x0000000085400000|100%| O|  |TAMS 0x0000000085400000, 0x0000000085300000| Updating 
|  84|0x0000000085400000, 0x0000000085500000, 0x0000000085500000|100%| O|  |TAMS 0x0000000085500000, 0x0000000085400000| Updating 
|  85|0x0000000085500000, 0x0000000085600000, 0x0000000085600000|100%| O|  |TAMS 0x0000000085600000, 0x0000000085500000| Updating 
|  86|0x0000000085600000, 0x0000000085700000, 0x0000000085700000|100%| O|  |TAMS 0x0000000085700000, 0x0000000085600000| Updating 
|  87|0x0000000085700000, 0x0000000085800000, 0x0000000085800000|100%| O|  |TAMS 0x0000000085800000, 0x0000000085700000| Updating 
|  88|0x0000000085800000, 0x0000000085900000, 0x0000000085900000|100%| O|  |TAMS 0x0000000085900000, 0x0000000085800000| Updating 
|  89|0x0000000085900000, 0x0000000085a00000, 0x0000000085a00000|100%| O|  |TAMS 0x0000000085a00000, 0x0000000085900000| Updating 
|  90|0x0000000085a00000, 0x0000000085b00000, 0x0000000085b00000|100%| O|  |TAMS 0x0000000085b00000, 0x0000000085a00000| Updating 
|  91|0x0000000085b00000, 0x0000000085c00000, 0x0000000085c00000|100%| O|  |TAMS 0x0000000085c00000, 0x0000000085b00000| Updating 
|  92|0x0000000085c00000, 0x0000000085d00000, 0x0000000085d00000|100%| O|  |TAMS 0x0000000085d00000, 0x0000000085c00000| Updating 
|  93|0x0000000085d00000, 0x0000000085e00000, 0x0000000085e00000|100%| O|  |TAMS 0x0000000085e00000, 0x0000000085d00000| Updating 
|  94|0x0000000085e00000, 0x0000000085f00000, 0x0000000085f00000|100%| O|  |TAMS 0x0000000085f00000, 0x0000000085e00000| Updating 
|  95|0x0000000085f00000, 0x0000000086000000, 0x0000000086000000|100%|HS|  |TAMS 0x0000000086000000, 0x0000000085f00000| Complete 
|  96|0x0000000086000000, 0x0000000086100000, 0x0000000086100000|100%|HC|  |TAMS 0x0000000086100000, 0x0000000086000000| Complete 
|  97|0x0000000086100000, 0x0000000086200000, 0x0000000086200000|100%|HC|  |TAMS 0x0000000086200000, 0x0000000086100000| Complete 
|  98|0x0000000086200000, 0x0000000086300000, 0x0000000086300000|100%| O|  |TAMS 0x0000000086300000, 0x0000000086200000| Updating 
|  99|0x0000000086300000, 0x0000000086400000, 0x0000000086400000|100%| O|  |TAMS 0x0000000086400000, 0x0000000086300000| Updating 
| 100|0x0000000086400000, 0x0000000086500000, 0x0000000086500000|100%| O|  |TAMS 0x0000000086500000, 0x0000000086400000| Updating 
| 101|0x0000000086500000, 0x0000000086600000, 0x0000000086600000|100%| O|  |TAMS 0x0000000086600000, 0x0000000086500000| Updating 
| 102|0x0000000086600000, 0x0000000086700000, 0x0000000086700000|100%| O|  |TAMS 0x0000000086700000, 0x0000000086600000| Updating 
| 103|0x0000000086700000, 0x0000000086800000, 0x0000000086800000|100%| O|  |TAMS 0x0000000086800000, 0x0000000086700000| Updating 
| 104|0x0000000086800000, 0x0000000086900000, 0x0000000086900000|100%| O|  |TAMS 0x0000000086900000, 0x0000000086800000| Updating 
| 105|0x0000000086900000, 0x0000000086a00000, 0x0000000086a00000|100%| O|  |TAMS 0x0000000086a00000, 0x0000000086900000| Updating 
| 106|0x0000000086a00000, 0x0000000086b00000, 0x0000000086b00000|100%| O|  |TAMS 0x0000000086b00000, 0x0000000086a00000| Updating 
| 107|0x0000000086b00000, 0x0000000086c00000, 0x0000000086c00000|100%| O|  |TAMS 0x0000000086c00000, 0x0000000086b00000| Updating 
| 108|0x0000000086c00000, 0x0000000086d00000, 0x0000000086d00000|100%| O|  |TAMS 0x0000000086d00000, 0x0000000086c00000| Updating 
| 109|0x0000000086d00000, 0x0000000086e00000, 0x0000000086e00000|100%| O|  |TAMS 0x0000000086e00000, 0x0000000086d00000| Updating 
| 110|0x0000000086e00000, 0x0000000086f00000, 0x0000000086f00000|100%| O|  |TAMS 0x0000000086f00000, 0x0000000086e00000| Updating 
| 111|0x0000000086f00000, 0x0000000087000000, 0x0000000087000000|100%|HS|  |TAMS 0x0000000087000000, 0x0000000086f00000| Complete 
| 112|0x0000000087000000, 0x0000000087100000, 0x0000000087100000|100%|HC|  |TAMS 0x0000000087100000, 0x0000000087000000| Complete 
| 113|0x0000000087100000, 0x0000000087200000, 0x0000000087200000|100%| O|  |TAMS 0x0000000087200000, 0x0000000087100000| Updating 
| 114|0x0000000087200000, 0x0000000087300000, 0x0000000087300000|100%| O|  |TAMS 0x0000000087300000, 0x0000000087200000| Updating 
| 115|0x0000000087300000, 0x0000000087400000, 0x0000000087400000|100%| O|  |TAMS 0x0000000087400000, 0x0000000087300000| Updating 
| 116|0x0000000087400000, 0x0000000087500000, 0x0000000087500000|100%| O|  |TAMS 0x0000000087500000, 0x0000000087400000| Updating 
| 117|0x0000000087500000, 0x0000000087600000, 0x0000000087600000|100%| O|  |TAMS 0x0000000087600000, 0x0000000087500000| Updating 
| 118|0x0000000087600000, 0x0000000087700000, 0x0000000087700000|100%| O|  |TAMS 0x0000000087700000, 0x0000000087600000| Updating 
| 119|0x0000000087700000, 0x0000000087800000, 0x0000000087800000|100%|HS|  |TAMS 0x0000000087800000, 0x0000000087700000| Complete 
| 120|0x0000000087800000, 0x0000000087900000, 0x0000000087900000|100%| O|  |TAMS 0x0000000087900000, 0x0000000087800000| Updating 
| 121|0x0000000087900000, 0x0000000087a00000, 0x0000000087a00000|100%| O|  |TAMS 0x0000000087a00000, 0x0000000087900000| Updating 
| 122|0x0000000087a00000, 0x0000000087b00000, 0x0000000087b00000|100%| O|  |TAMS 0x0000000087b00000, 0x0000000087a00000| Updating 
| 123|0x0000000087b00000, 0x0000000087c00000, 0x0000000087c00000|100%| O|  |TAMS 0x0000000087c00000, 0x0000000087b00000| Updating 
| 124|0x0000000087c00000, 0x0000000087d00000, 0x0000000087d00000|100%| O|  |TAMS 0x0000000087d00000, 0x0000000087c00000| Updating 
| 125|0x0000000087d00000, 0x0000000087e00000, 0x0000000087e00000|100%| O|  |TAMS 0x0000000087e00000, 0x0000000087d00000| Updating 
| 126|0x0000000087e00000, 0x0000000087f00000, 0x0000000087f00000|100%| O|  |TAMS 0x0000000087e00000, 0x0000000087e00000| Untracked 
| 127|0x0000000087f00000, 0x0000000088000000, 0x0000000088000000|100%| O|  |TAMS 0x0000000087f00000, 0x0000000087f00000| Untracked 
| 128|0x0000000088000000, 0x0000000088100000, 0x0000000088100000|100%| O|  |TAMS 0x0000000088000000, 0x0000000088000000| Untracked 
| 129|0x0000000088100000, 0x0000000088180000, 0x0000000088200000| 50%| O|  |TAMS 0x0000000088100000, 0x0000000088100000| Untracked 
| 130|0x0000000088200000, 0x0000000088200000, 0x0000000088300000|  0%| F|  |TAMS 0x0000000088200000, 0x0000000088200000| Untracked 
| 131|0x0000000088300000, 0x0000000088300000, 0x0000000088400000|  0%| F|  |TAMS 0x0000000088300000, 0x0000000088300000| Untracked 
| 132|0x0000000088400000, 0x0000000088400000, 0x0000000088500000|  0%| F|  |TAMS 0x0000000088400000, 0x0000000088400000| Untracked 
| 133|0x0000000088500000, 0x0000000088500000, 0x0000000088600000|  0%| F|  |TAMS 0x0000000088500000, 0x0000000088500000| Untracked 
| 134|0x0000000088600000, 0x0000000088600000, 0x0000000088700000|  0%| F|  |TAMS 0x0000000088600000, 0x0000000088600000| Untracked 
| 135|0x0000000088700000, 0x0000000088700000, 0x0000000088800000|  0%| F|  |TAMS 0x0000000088700000, 0x0000000088700000| Untracked 
| 136|0x0000000088800000, 0x0000000088800000, 0x0000000088900000|  0%| F|  |TAMS 0x0000000088800000, 0x0000000088800000| Untracked 
| 137|0x0000000088900000, 0x0000000088900000, 0x0000000088a00000|  0%| F|  |TAMS 0x0000000088900000, 0x0000000088900000| Untracked 
| 138|0x0000000088a00000, 0x0000000088a00000, 0x0000000088b00000|  0%| F|  |TAMS 0x0000000088a00000, 0x0000000088a00000| Untracked 
| 139|0x0000000088b00000, 0x0000000088b00000, 0x0000000088c00000|  0%| F|  |TAMS 0x0000000088b00000, 0x0000000088b00000| Untracked 
| 140|0x0000000088c00000, 0x0000000088c00000, 0x0000000088d00000|  0%| F|  |TAMS 0x0000000088c00000, 0x0000000088c00000| Untracked 
| 141|0x0000000088d00000, 0x0000000088d00000, 0x0000000088e00000|  0%| F|  |TAMS 0x0000000088d00000, 0x0000000088d00000| Untracked 
| 142|0x0000000088e00000, 0x0000000088e00000, 0x0000000088f00000|  0%| F|  |TAMS 0x0000000088e00000, 0x0000000088e00000| Untracked 
| 143|0x0000000088f00000, 0x0000000088f00000, 0x0000000089000000|  0%| F|  |TAMS 0x0000000088f00000, 0x0000000088f00000| Untracked 
| 144|0x0000000089000000, 0x0000000089000000, 0x0000000089100000|  0%| F|  |TAMS 0x0000000089000000, 0x0000000089000000| Untracked 
| 145|0x0000000089100000, 0x0000000089100000, 0x0000000089200000|  0%| F|  |TAMS 0x0000000089100000, 0x0000000089100000| Untracked 
| 146|0x0000000089200000, 0x0000000089200000, 0x0000000089300000|  0%| F|  |TAMS 0x0000000089200000, 0x0000000089200000| Untracked 
| 147|0x0000000089300000, 0x0000000089300000, 0x0000000089400000|  0%| F|  |TAMS 0x0000000089300000, 0x0000000089300000| Untracked 
| 148|0x0000000089400000, 0x0000000089400000, 0x0000000089500000|  0%| F|  |TAMS 0x0000000089400000, 0x0000000089400000| Untracked 
| 149|0x0000000089500000, 0x0000000089500000, 0x0000000089600000|  0%| F|  |TAMS 0x0000000089500000, 0x0000000089500000| Untracked 
| 150|0x0000000089600000, 0x0000000089600000, 0x0000000089700000|  0%| F|  |TAMS 0x0000000089600000, 0x0000000089600000| Untracked 
| 151|0x0000000089700000, 0x0000000089700000, 0x0000000089800000|  0%| F|  |TAMS 0x0000000089700000, 0x0000000089700000| Untracked 
| 152|0x0000000089800000, 0x0000000089800000, 0x0000000089900000|  0%| F|  |TAMS 0x0000000089800000, 0x0000000089800000| Untracked 
| 153|0x0000000089900000, 0x0000000089900000, 0x0000000089a00000|  0%| F|  |TAMS 0x0000000089900000, 0x0000000089900000| Untracked 
| 154|0x0000000089a00000, 0x0000000089a00000, 0x0000000089b00000|  0%| F|  |TAMS 0x0000000089a00000, 0x0000000089a00000| Untracked 
| 155|0x0000000089b00000, 0x0000000089b00000, 0x0000000089c00000|  0%| F|  |TAMS 0x0000000089b00000, 0x0000000089b00000| Untracked 
| 156|0x0000000089c00000, 0x0000000089c00000, 0x0000000089d00000|  0%| F|  |TAMS 0x0000000089c00000, 0x0000000089c00000| Untracked 
| 157|0x0000000089d00000, 0x0000000089d00000, 0x0000000089e00000|  0%| F|  |TAMS 0x0000000089d00000, 0x0000000089d00000| Untracked 
| 158|0x0000000089e00000, 0x0000000089e00000, 0x0000000089f00000|  0%| F|  |TAMS 0x0000000089e00000, 0x0000000089e00000| Untracked 
| 159|0x0000000089f00000, 0x0000000089f00000, 0x000000008a000000|  0%| F|  |TAMS 0x0000000089f00000, 0x0000000089f00000| Untracked 
| 160|0x000000008a000000, 0x000000008a000000, 0x000000008a100000|  0%| F|  |TAMS 0x000000008a000000, 0x000000008a000000| Untracked 
| 161|0x000000008a100000, 0x000000008a200000, 0x000000008a200000|100%| O|  |TAMS 0x000000008a200000, 0x000000008a100000| Updating 
| 162|0x000000008a200000, 0x000000008a300000, 0x000000008a300000|100%| O|  |TAMS 0x000000008a300000, 0x000000008a200000| Updating 
| 163|0x000000008a300000, 0x000000008a300000, 0x000000008a400000|  0%| F|  |TAMS 0x000000008a300000, 0x000000008a300000| Untracked 
| 164|0x000000008a400000, 0x000000008a400000, 0x000000008a500000|  0%| F|  |TAMS 0x000000008a400000, 0x000000008a400000| Untracked 
| 165|0x000000008a500000, 0x000000008a500000, 0x000000008a600000|  0%| F|  |TAMS 0x000000008a500000, 0x000000008a500000| Untracked 
| 166|0x000000008a600000, 0x000000008a600000, 0x000000008a700000|  0%| F|  |TAMS 0x000000008a600000, 0x000000008a600000| Untracked 
| 167|0x000000008a700000, 0x000000008a700000, 0x000000008a800000|  0%| F|  |TAMS 0x000000008a700000, 0x000000008a700000| Untracked 
| 168|0x000000008a800000, 0x000000008a900000, 0x000000008a900000|100%| O|  |TAMS 0x000000008a900000, 0x000000008a800000| Updating 
| 169|0x000000008a900000, 0x000000008aa00000, 0x000000008aa00000|100%| O|  |TAMS 0x000000008aa00000, 0x000000008a900000| Updating 
| 170|0x000000008aa00000, 0x000000008ab00000, 0x000000008ab00000|100%|HS|  |TAMS 0x000000008ab00000, 0x000000008aa00000| Complete 
| 171|0x000000008ab00000, 0x000000008ac00000, 0x000000008ac00000|100%|HC|  |TAMS 0x000000008ac00000, 0x000000008ab00000| Complete 
| 172|0x000000008ac00000, 0x000000008ad00000, 0x000000008ad00000|100%| O|  |TAMS 0x000000008ad00000, 0x000000008ac00000| Updating 
| 173|0x000000008ad00000, 0x000000008ae00000, 0x000000008ae00000|100%| O|  |TAMS 0x000000008ae00000, 0x000000008ad00000| Updating 
| 174|0x000000008ae00000, 0x000000008af00000, 0x000000008af00000|100%| O|  |TAMS 0x000000008af00000, 0x000000008ae00000| Updating 
| 175|0x000000008af00000, 0x000000008b000000, 0x000000008b000000|100%| O|  |TAMS 0x000000008b000000, 0x000000008af00000| Updating 
| 176|0x000000008b000000, 0x000000008b100000, 0x000000008b100000|100%| O|  |TAMS 0x000000008b100000, 0x000000008b000000| Updating 
| 177|0x000000008b100000, 0x000000008b200000, 0x000000008b200000|100%| O|  |TAMS 0x000000008b200000, 0x000000008b100000| Updating 
| 178|0x000000008b200000, 0x000000008b300000, 0x000000008b300000|100%| O|  |TAMS 0x000000008b300000, 0x000000008b200000| Updating 
| 179|0x000000008b300000, 0x000000008b400000, 0x000000008b400000|100%| O|  |TAMS 0x000000008b400000, 0x000000008b300000| Updating 
| 180|0x000000008b400000, 0x000000008b500000, 0x000000008b500000|100%| O|  |TAMS 0x000000008b500000, 0x000000008b400000| Updating 
| 181|0x000000008b500000, 0x000000008b600000, 0x000000008b600000|100%| O|  |TAMS 0x000000008b600000, 0x000000008b500000| Updating 
| 182|0x000000008b600000, 0x000000008b700000, 0x000000008b700000|100%| O|  |TAMS 0x000000008b700000, 0x000000008b600000| Updating 
| 183|0x000000008b700000, 0x000000008b800000, 0x000000008b800000|100%| O|  |TAMS 0x000000008b800000, 0x000000008b700000| Updating 
| 184|0x000000008b800000, 0x000000008b900000, 0x000000008b900000|100%| O|  |TAMS 0x000000008b900000, 0x000000008b800000| Updating 
| 185|0x000000008b900000, 0x000000008ba00000, 0x000000008ba00000|100%| O|  |TAMS 0x000000008ba00000, 0x000000008b900000| Updating 
| 186|0x000000008ba00000, 0x000000008bb00000, 0x000000008bb00000|100%| O|  |TAMS 0x000000008bb00000, 0x000000008ba00000| Updating 
| 187|0x000000008bb00000, 0x000000008bc00000, 0x000000008bc00000|100%| O|  |TAMS 0x000000008bc00000, 0x000000008bb00000| Updating 
| 188|0x000000008bc00000, 0x000000008bd00000, 0x000000008bd00000|100%| O|  |TAMS 0x000000008bd00000, 0x000000008bc00000| Updating 
| 189|0x000000008bd00000, 0x000000008be00000, 0x000000008be00000|100%| O|  |TAMS 0x000000008be00000, 0x000000008bd00000| Updating 
| 190|0x000000008be00000, 0x000000008bf00000, 0x000000008bf00000|100%| O|  |TAMS 0x000000008bf00000, 0x000000008be00000| Updating 
| 191|0x000000008bf00000, 0x000000008c000000, 0x000000008c000000|100%| O|  |TAMS 0x000000008c000000, 0x000000008bf00000| Updating 
| 192|0x000000008c000000, 0x000000008c100000, 0x000000008c100000|100%| O|  |TAMS 0x000000008c100000, 0x000000008c000000| Updating 
| 193|0x000000008c100000, 0x000000008c200000, 0x000000008c200000|100%| O|  |TAMS 0x000000008c200000, 0x000000008c100000| Updating 
| 194|0x000000008c200000, 0x000000008c300000, 0x000000008c300000|100%| O|  |TAMS 0x000000008c300000, 0x000000008c200000| Updating 
| 195|0x000000008c300000, 0x000000008c400000, 0x000000008c400000|100%| O|  |TAMS 0x000000008c400000, 0x000000008c300000| Updating 
| 196|0x000000008c400000, 0x000000008c500000, 0x000000008c500000|100%| O|  |TAMS 0x000000008c500000, 0x000000008c400000| Updating 
| 197|0x000000008c500000, 0x000000008c600000, 0x000000008c600000|100%| O|  |TAMS 0x000000008c600000, 0x000000008c500000| Updating 
| 198|0x000000008c600000, 0x000000008c700000, 0x000000008c700000|100%| O|  |TAMS 0x000000008c700000, 0x000000008c600000| Updating 
| 199|0x000000008c700000, 0x000000008c800000, 0x000000008c800000|100%| O|  |TAMS 0x000000008c800000, 0x000000008c700000| Updating 
| 200|0x000000008c800000, 0x000000008c900000, 0x000000008c900000|100%| O|  |TAMS 0x000000008c900000, 0x000000008c800000| Updating 
| 201|0x000000008c900000, 0x000000008ca00000, 0x000000008ca00000|100%| O|  |TAMS 0x000000008ca00000, 0x000000008c900000| Updating 
| 202|0x000000008ca00000, 0x000000008cb00000, 0x000000008cb00000|100%| O|  |TAMS 0x000000008cb00000, 0x000000008ca00000| Updating 
| 203|0x000000008cb00000, 0x000000008cc00000, 0x000000008cc00000|100%| O|  |TAMS 0x000000008cc00000, 0x000000008cb00000| Updating 
| 204|0x000000008cc00000, 0x000000008cd00000, 0x000000008cd00000|100%| O|  |TAMS 0x000000008cd00000, 0x000000008cc00000| Updating 
| 205|0x000000008cd00000, 0x000000008ce00000, 0x000000008ce00000|100%| O|  |TAMS 0x000000008ce00000, 0x000000008cd00000| Updating 
| 206|0x000000008ce00000, 0x000000008cf00000, 0x000000008cf00000|100%| O|  |TAMS 0x000000008cf00000, 0x000000008ce00000| Updating 
| 207|0x000000008cf00000, 0x000000008d000000, 0x000000008d000000|100%| O|  |TAMS 0x000000008d000000, 0x000000008cf00000| Updating 
| 208|0x000000008d000000, 0x000000008d100000, 0x000000008d100000|100%| O|  |TAMS 0x000000008d100000, 0x000000008d000000| Updating 
| 209|0x000000008d100000, 0x000000008d200000, 0x000000008d200000|100%| O|  |TAMS 0x000000008d200000, 0x000000008d100000| Updating 
| 210|0x000000008d200000, 0x000000008d300000, 0x000000008d300000|100%| O|  |TAMS 0x000000008d300000, 0x000000008d200000| Updating 
| 211|0x000000008d300000, 0x000000008d400000, 0x000000008d400000|100%| O|  |TAMS 0x000000008d400000, 0x000000008d300000| Updating 
| 212|0x000000008d400000, 0x000000008d500000, 0x000000008d500000|100%| O|  |TAMS 0x000000008d500000, 0x000000008d400000| Updating 
| 213|0x000000008d500000, 0x000000008d600000, 0x000000008d600000|100%| O|  |TAMS 0x000000008d600000, 0x000000008d500000| Updating 
| 214|0x000000008d600000, 0x000000008d700000, 0x000000008d700000|100%| O|  |TAMS 0x000000008d700000, 0x000000008d600000| Updating 
| 215|0x000000008d700000, 0x000000008d800000, 0x000000008d800000|100%| O|  |TAMS 0x000000008d800000, 0x000000008d700000| Updating 
| 216|0x000000008d800000, 0x000000008d900000, 0x000000008d900000|100%| O|  |TAMS 0x000000008d900000, 0x000000008d800000| Updating 
| 217|0x000000008d900000, 0x000000008da00000, 0x000000008da00000|100%| O|  |TAMS 0x000000008da00000, 0x000000008d900000| Updating 
| 218|0x000000008da00000, 0x000000008db00000, 0x000000008db00000|100%| O|  |TAMS 0x000000008db00000, 0x000000008da00000| Updating 
| 219|0x000000008db00000, 0x000000008dc00000, 0x000000008dc00000|100%| O|  |TAMS 0x000000008dc00000, 0x000000008db00000| Updating 
| 220|0x000000008dc00000, 0x000000008dd00000, 0x000000008dd00000|100%| O|  |TAMS 0x000000008dd00000, 0x000000008dc00000| Updating 
| 221|0x000000008dd00000, 0x000000008de00000, 0x000000008de00000|100%| O|  |TAMS 0x000000008de00000, 0x000000008dd00000| Updating 
| 222|0x000000008de00000, 0x000000008df00000, 0x000000008df00000|100%| O|  |TAMS 0x000000008df00000, 0x000000008de00000| Updating 
| 223|0x000000008df00000, 0x000000008e000000, 0x000000008e000000|100%| O|  |TAMS 0x000000008e000000, 0x000000008df00000| Updating 
| 224|0x000000008e000000, 0x000000008e100000, 0x000000008e100000|100%| O|  |TAMS 0x000000008e100000, 0x000000008e000000| Updating 
| 225|0x000000008e100000, 0x000000008e200000, 0x000000008e200000|100%| O|  |TAMS 0x000000008e200000, 0x000000008e100000| Updating 
| 226|0x000000008e200000, 0x000000008e300000, 0x000000008e300000|100%| O|  |TAMS 0x000000008e300000, 0x000000008e200000| Updating 
| 227|0x000000008e300000, 0x000000008e400000, 0x000000008e400000|100%| O|  |TAMS 0x000000008e400000, 0x000000008e300000| Updating 
| 228|0x000000008e400000, 0x000000008e500000, 0x000000008e500000|100%| O|  |TAMS 0x000000008e500000, 0x000000008e400000| Updating 
| 229|0x000000008e500000, 0x000000008e600000, 0x000000008e600000|100%| O|  |TAMS 0x000000008e600000, 0x000000008e500000| Updating 
| 230|0x000000008e600000, 0x000000008e700000, 0x000000008e700000|100%| O|  |TAMS 0x000000008e700000, 0x000000008e600000| Updating 
| 231|0x000000008e700000, 0x000000008e800000, 0x000000008e800000|100%| O|  |TAMS 0x000000008e800000, 0x000000008e700000| Updating 
| 232|0x000000008e800000, 0x000000008e900000, 0x000000008e900000|100%| O|  |TAMS 0x000000008e900000, 0x000000008e800000| Updating 
| 233|0x000000008e900000, 0x000000008ea00000, 0x000000008ea00000|100%| O|  |TAMS 0x000000008ea00000, 0x000000008e900000| Updating 
| 234|0x000000008ea00000, 0x000000008eb00000, 0x000000008eb00000|100%| O|  |TAMS 0x000000008eb00000, 0x000000008ea00000| Updating 
| 235|0x000000008eb00000, 0x000000008ec00000, 0x000000008ec00000|100%| O|  |TAMS 0x000000008ec00000, 0x000000008eb00000| Updating 
| 236|0x000000008ec00000, 0x000000008ed00000, 0x000000008ed00000|100%| O|  |TAMS 0x000000008ed00000, 0x000000008ec00000| Updating 
| 237|0x000000008ed00000, 0x000000008ee00000, 0x000000008ee00000|100%| O|  |TAMS 0x000000008ee00000, 0x000000008ed00000| Updating 
| 238|0x000000008ee00000, 0x000000008ef00000, 0x000000008ef00000|100%| O|  |TAMS 0x000000008ef00000, 0x000000008ee00000| Updating 
| 239|0x000000008ef00000, 0x000000008f000000, 0x000000008f000000|100%| O|  |TAMS 0x000000008f000000, 0x000000008ef00000| Updating 
| 240|0x000000008f000000, 0x000000008f100000, 0x000000008f100000|100%| O|  |TAMS 0x000000008f100000, 0x000000008f000000| Updating 
| 241|0x000000008f100000, 0x000000008f200000, 0x000000008f200000|100%| O|  |TAMS 0x000000008f200000, 0x000000008f100000| Updating 
| 242|0x000000008f200000, 0x000000008f300000, 0x000000008f300000|100%| O|  |TAMS 0x000000008f300000, 0x000000008f200000| Updating 
| 243|0x000000008f300000, 0x000000008f400000, 0x000000008f400000|100%| O|  |TAMS 0x000000008f400000, 0x000000008f300000| Updating 
| 244|0x000000008f400000, 0x000000008f500000, 0x000000008f500000|100%| O|  |TAMS 0x000000008f500000, 0x000000008f400000| Updating 
| 245|0x000000008f500000, 0x000000008f600000, 0x000000008f600000|100%| O|  |TAMS 0x000000008f600000, 0x000000008f500000| Updating 
| 246|0x000000008f600000, 0x000000008f700000, 0x000000008f700000|100%| O|  |TAMS 0x000000008f700000, 0x000000008f600000| Updating 
| 247|0x000000008f700000, 0x000000008f800000, 0x000000008f800000|100%| O|  |TAMS 0x000000008f800000, 0x000000008f700000| Updating 
| 248|0x000000008f800000, 0x000000008f900000, 0x000000008f900000|100%| O|  |TAMS 0x000000008f900000, 0x000000008f800000| Updating 
| 249|0x000000008f900000, 0x000000008fa00000, 0x000000008fa00000|100%| O|  |TAMS 0x000000008fa00000, 0x000000008f900000| Updating 
| 250|0x000000008fa00000, 0x000000008fb00000, 0x000000008fb00000|100%| O|  |TAMS 0x000000008fb00000, 0x000000008fa00000| Updating 
| 251|0x000000008fb00000, 0x000000008fc00000, 0x000000008fc00000|100%| O|  |TAMS 0x000000008fc00000, 0x000000008fb00000| Updating 
| 252|0x000000008fc00000, 0x000000008fd00000, 0x000000008fd00000|100%| O|  |TAMS 0x000000008fd00000, 0x000000008fc00000| Updating 
| 253|0x000000008fd00000, 0x000000008fe00000, 0x000000008fe00000|100%| O|  |TAMS 0x000000008fe00000, 0x000000008fd00000| Updating 
| 254|0x000000008fe00000, 0x000000008ff00000, 0x000000008ff00000|100%| O|  |TAMS 0x000000008ff00000, 0x000000008fe00000| Updating 
| 255|0x000000008ff00000, 0x0000000090000000, 0x0000000090000000|100%| O|  |TAMS 0x0000000090000000, 0x000000008ff00000| Updating 
| 256|0x0000000090000000, 0x0000000090100000, 0x0000000090100000|100%| O|  |TAMS 0x0000000090100000, 0x0000000090000000| Updating 
| 257|0x0000000090100000, 0x0000000090200000, 0x0000000090200000|100%| O|  |TAMS 0x0000000090200000, 0x0000000090100000| Updating 
| 258|0x0000000090200000, 0x0000000090300000, 0x0000000090300000|100%| O|  |TAMS 0x0000000090300000, 0x0000000090200000| Updating 
| 259|0x0000000090300000, 0x0000000090400000, 0x0000000090400000|100%| O|  |TAMS 0x0000000090300000, 0x0000000090300000| Untracked 
| 260|0x0000000090400000, 0x0000000090500000, 0x0000000090500000|100%| O|  |TAMS 0x0000000090400000, 0x0000000090400000| Untracked 
| 261|0x0000000090500000, 0x0000000090600000, 0x0000000090600000|100%| O|  |TAMS 0x0000000090500000, 0x0000000090500000| Untracked 
| 262|0x0000000090600000, 0x0000000090700000, 0x0000000090700000|100%| O|  |TAMS 0x0000000090600000, 0x0000000090600000| Untracked 
| 263|0x0000000090700000, 0x0000000090800000, 0x0000000090800000|100%| O|  |TAMS 0x0000000090700000, 0x0000000090700000| Untracked 
| 264|0x0000000090800000, 0x0000000090900000, 0x0000000090900000|100%| O|  |TAMS 0x0000000090800000, 0x0000000090800000| Untracked 
| 265|0x0000000090900000, 0x0000000090a00000, 0x0000000090a00000|100%| O|  |TAMS 0x0000000090900000, 0x0000000090900000| Untracked 
| 266|0x0000000090a00000, 0x0000000090b00000, 0x0000000090b00000|100%| O|  |TAMS 0x0000000090a00000, 0x0000000090a00000| Untracked 
| 267|0x0000000090b00000, 0x0000000090c00000, 0x0000000090c00000|100%| O|  |TAMS 0x0000000090b00000, 0x0000000090b00000| Untracked 
| 268|0x0000000090c00000, 0x0000000090d00000, 0x0000000090d00000|100%| O|  |TAMS 0x0000000090c00000, 0x0000000090c00000| Untracked 
| 269|0x0000000090d00000, 0x0000000090e00000, 0x0000000090e00000|100%| O|  |TAMS 0x0000000090d00000, 0x0000000090d00000| Untracked 
| 270|0x0000000090e00000, 0x0000000090f00000, 0x0000000090f00000|100%| O|  |TAMS 0x0000000090e00000, 0x0000000090e00000| Untracked 
| 271|0x0000000090f00000, 0x0000000091000000, 0x0000000091000000|100%| O|  |TAMS 0x0000000090f00000, 0x0000000090f00000| Untracked 
| 272|0x0000000091000000, 0x0000000091100000, 0x0000000091100000|100%| O|  |TAMS 0x0000000091000000, 0x0000000091000000| Untracked 
| 273|0x0000000091100000, 0x0000000091200000, 0x0000000091200000|100%| O|  |TAMS 0x0000000091100000, 0x0000000091100000| Untracked 
| 274|0x0000000091200000, 0x0000000091300000, 0x0000000091300000|100%| O|  |TAMS 0x0000000091200000, 0x0000000091200000| Updating 
| 275|0x0000000091300000, 0x0000000091300000, 0x0000000091400000|  0%| F|  |TAMS 0x0000000091300000, 0x0000000091300000| Untracked 
| 276|0x0000000091400000, 0x0000000091400000, 0x0000000091500000|  0%| F|  |TAMS 0x0000000091400000, 0x0000000091400000| Untracked 
| 277|0x0000000091500000, 0x0000000091500000, 0x0000000091600000|  0%| F|  |TAMS 0x0000000091500000, 0x0000000091500000| Untracked 
| 278|0x0000000091600000, 0x0000000091600000, 0x0000000091700000|  0%| F|  |TAMS 0x0000000091600000, 0x0000000091600000| Untracked 
| 279|0x0000000091700000, 0x0000000091700000, 0x0000000091800000|  0%| F|  |TAMS 0x0000000091700000, 0x0000000091700000| Untracked 
| 280|0x0000000091800000, 0x0000000091800000, 0x0000000091900000|  0%| F|  |TAMS 0x0000000091800000, 0x0000000091800000| Untracked 
| 281|0x0000000091900000, 0x0000000091900000, 0x0000000091a00000|  0%| F|  |TAMS 0x0000000091900000, 0x0000000091900000| Untracked 
| 282|0x0000000091a00000, 0x0000000091a00000, 0x0000000091b00000|  0%| F|  |TAMS 0x0000000091a00000, 0x0000000091a00000| Untracked 
| 283|0x0000000091b00000, 0x0000000091b00000, 0x0000000091c00000|  0%| F|  |TAMS 0x0000000091b00000, 0x0000000091b00000| Untracked 
| 284|0x0000000091c00000, 0x0000000091c00000, 0x0000000091d00000|  0%| F|  |TAMS 0x0000000091c00000, 0x0000000091c00000| Untracked 
| 285|0x0000000091d00000, 0x0000000091d00000, 0x0000000091e00000|  0%| F|  |TAMS 0x0000000091d00000, 0x0000000091d00000| Untracked 
| 286|0x0000000091e00000, 0x0000000091e00000, 0x0000000091f00000|  0%| F|  |TAMS 0x0000000091e00000, 0x0000000091e00000| Untracked 
| 287|0x0000000091f00000, 0x0000000091f00000, 0x0000000092000000|  0%| F|  |TAMS 0x0000000091f00000, 0x0000000091f00000| Untracked 
| 288|0x0000000092000000, 0x0000000092000000, 0x0000000092100000|  0%| F|  |TAMS 0x0000000092000000, 0x0000000092000000| Untracked 
| 289|0x0000000092100000, 0x0000000092100000, 0x0000000092200000|  0%| F|  |TAMS 0x0000000092100000, 0x0000000092100000| Untracked 
| 290|0x0000000092200000, 0x0000000092200000, 0x0000000092300000|  0%| F|  |TAMS 0x0000000092200000, 0x0000000092200000| Untracked 
| 291|0x0000000092300000, 0x0000000092300000, 0x0000000092400000|  0%| F|  |TAMS 0x0000000092300000, 0x0000000092300000| Untracked 
| 292|0x0000000092400000, 0x0000000092400000, 0x0000000092500000|  0%| F|  |TAMS 0x0000000092400000, 0x0000000092400000| Untracked 
| 293|0x0000000092500000, 0x0000000092500000, 0x0000000092600000|  0%| F|  |TAMS 0x0000000092500000, 0x0000000092500000| Untracked 
| 294|0x0000000092600000, 0x0000000092600000, 0x0000000092700000|  0%| F|  |TAMS 0x0000000092600000, 0x0000000092600000| Untracked 
| 295|0x0000000092700000, 0x0000000092700000, 0x0000000092800000|  0%| F|  |TAMS 0x0000000092700000, 0x0000000092700000| Untracked 
| 296|0x0000000092800000, 0x0000000092800000, 0x0000000092900000|  0%| F|  |TAMS 0x0000000092800000, 0x0000000092800000| Untracked 
| 297|0x0000000092900000, 0x0000000092900000, 0x0000000092a00000|  0%| F|  |TAMS 0x0000000092900000, 0x0000000092900000| Untracked 
| 298|0x0000000092a00000, 0x0000000092a00000, 0x0000000092b00000|  0%| F|  |TAMS 0x0000000092a00000, 0x0000000092a00000| Untracked 
| 299|0x0000000092b00000, 0x0000000092b00000, 0x0000000092c00000|  0%| F|  |TAMS 0x0000000092b00000, 0x0000000092b00000| Untracked 
| 300|0x0000000092c00000, 0x0000000092c00000, 0x0000000092d00000|  0%| F|  |TAMS 0x0000000092c00000, 0x0000000092c00000| Untracked 
| 301|0x0000000092d00000, 0x0000000092d00000, 0x0000000092e00000|  0%| F|  |TAMS 0x0000000092d00000, 0x0000000092d00000| Untracked 
| 302|0x0000000092e00000, 0x0000000092e00000, 0x0000000092f00000|  0%| F|  |TAMS 0x0000000092e00000, 0x0000000092e00000| Untracked 
| 303|0x0000000092f00000, 0x0000000092f00000, 0x0000000093000000|  0%| F|  |TAMS 0x0000000092f00000, 0x0000000092f00000| Untracked 
| 304|0x0000000093000000, 0x0000000093000000, 0x0000000093100000|  0%| F|  |TAMS 0x0000000093000000, 0x0000000093000000| Untracked 
| 305|0x0000000093100000, 0x0000000093100000, 0x0000000093200000|  0%| F|  |TAMS 0x0000000093100000, 0x0000000093100000| Untracked 
| 306|0x0000000093200000, 0x0000000093200000, 0x0000000093300000|  0%| F|  |TAMS 0x0000000093200000, 0x0000000093200000| Untracked 
| 307|0x0000000093300000, 0x0000000093300000, 0x0000000093400000|  0%| F|  |TAMS 0x0000000093300000, 0x0000000093300000| Untracked 
| 308|0x0000000093400000, 0x0000000093400000, 0x0000000093500000|  0%| F|  |TAMS 0x0000000093400000, 0x0000000093400000| Untracked 
| 309|0x0000000093500000, 0x0000000093500000, 0x0000000093600000|  0%| F|  |TAMS 0x0000000093500000, 0x0000000093500000| Untracked 
| 310|0x0000000093600000, 0x0000000093600000, 0x0000000093700000|  0%| F|  |TAMS 0x0000000093600000, 0x0000000093600000| Untracked 
| 311|0x0000000093700000, 0x0000000093700000, 0x0000000093800000|  0%| F|  |TAMS 0x0000000093700000, 0x0000000093700000| Untracked 
| 312|0x0000000093800000, 0x0000000093800000, 0x0000000093900000|  0%| F|  |TAMS 0x0000000093800000, 0x0000000093800000| Untracked 
| 313|0x0000000093900000, 0x0000000093900000, 0x0000000093a00000|  0%| F|  |TAMS 0x0000000093900000, 0x0000000093900000| Untracked 
| 314|0x0000000093a00000, 0x0000000093a00000, 0x0000000093b00000|  0%| F|  |TAMS 0x0000000093a00000, 0x0000000093a00000| Untracked 
| 315|0x0000000093b00000, 0x0000000093b00000, 0x0000000093c00000|  0%| F|  |TAMS 0x0000000093b00000, 0x0000000093b00000| Untracked 
| 316|0x0000000093c00000, 0x0000000093c00000, 0x0000000093d00000|  0%| F|  |TAMS 0x0000000093c00000, 0x0000000093c00000| Untracked 
| 317|0x0000000093d00000, 0x0000000093d00000, 0x0000000093e00000|  0%| F|  |TAMS 0x0000000093d00000, 0x0000000093d00000| Untracked 
| 318|0x0000000093e00000, 0x0000000093e00000, 0x0000000093f00000|  0%| F|  |TAMS 0x0000000093e00000, 0x0000000093e00000| Untracked 
| 319|0x0000000093f00000, 0x0000000093f00000, 0x0000000094000000|  0%| F|  |TAMS 0x0000000093f00000, 0x0000000093f00000| Untracked 
| 320|0x0000000094000000, 0x0000000094000000, 0x0000000094100000|  0%| F|  |TAMS 0x0000000094000000, 0x0000000094000000| Untracked 
| 321|0x0000000094100000, 0x0000000094100000, 0x0000000094200000|  0%| F|  |TAMS 0x0000000094100000, 0x0000000094100000| Untracked 
| 322|0x0000000094200000, 0x0000000094200000, 0x0000000094300000|  0%| F|  |TAMS 0x0000000094200000, 0x0000000094200000| Untracked 
| 323|0x0000000094300000, 0x000000009432bf20, 0x0000000094400000| 17%| S|CS|TAMS 0x0000000094300000, 0x0000000094300000| Complete 
| 324|0x0000000094400000, 0x0000000094400000, 0x0000000094500000|  0%| F|  |TAMS 0x0000000094400000, 0x0000000094400000| Untracked 
| 325|0x0000000094500000, 0x0000000094500000, 0x0000000094600000|  0%| F|  |TAMS 0x0000000094500000, 0x0000000094500000| Untracked 
| 326|0x0000000094600000, 0x0000000094600000, 0x0000000094700000|  0%| F|  |TAMS 0x0000000094600000, 0x0000000094600000| Untracked 
| 327|0x0000000094700000, 0x0000000094800000, 0x0000000094800000|100%| S|CS|TAMS 0x0000000094700000, 0x0000000094700000| Complete 
| 328|0x0000000094800000, 0x0000000094800000, 0x0000000094900000|  0%| F|  |TAMS 0x0000000094800000, 0x0000000094800000| Untracked 
| 329|0x0000000094900000, 0x0000000094900000, 0x0000000094a00000|  0%| F|  |TAMS 0x0000000094900000, 0x0000000094900000| Untracked 
| 330|0x0000000094a00000, 0x0000000094a00000, 0x0000000094b00000|  0%| F|  |TAMS 0x0000000094a00000, 0x0000000094a00000| Untracked 
| 331|0x0000000094b00000, 0x0000000094b00000, 0x0000000094c00000|  0%| F|  |TAMS 0x0000000094b00000, 0x0000000094b00000| Untracked 
| 332|0x0000000094c00000, 0x0000000094c00000, 0x0000000094d00000|  0%| F|  |TAMS 0x0000000094c00000, 0x0000000094c00000| Untracked 
| 333|0x0000000094d00000, 0x0000000094d00000, 0x0000000094e00000|  0%| F|  |TAMS 0x0000000094d00000, 0x0000000094d00000| Untracked 
| 334|0x0000000094e00000, 0x0000000094e00000, 0x0000000094f00000|  0%| F|  |TAMS 0x0000000094e00000, 0x0000000094e00000| Untracked 
| 335|0x0000000094f00000, 0x0000000094f00000, 0x0000000095000000|  0%| F|  |TAMS 0x0000000094f00000, 0x0000000094f00000| Untracked 
| 336|0x0000000095000000, 0x0000000095000000, 0x0000000095100000|  0%| F|  |TAMS 0x0000000095000000, 0x0000000095000000| Untracked 
| 337|0x0000000095100000, 0x0000000095100000, 0x0000000095200000|  0%| F|  |TAMS 0x0000000095100000, 0x0000000095100000| Untracked 
| 338|0x0000000095200000, 0x0000000095200000, 0x0000000095300000|  0%| F|  |TAMS 0x0000000095200000, 0x0000000095200000| Untracked 
| 339|0x0000000095300000, 0x0000000095300000, 0x0000000095400000|  0%| F|  |TAMS 0x0000000095300000, 0x0000000095300000| Untracked 
| 340|0x0000000095400000, 0x0000000095400000, 0x0000000095500000|  0%| F|  |TAMS 0x0000000095400000, 0x0000000095400000| Untracked 
| 341|0x0000000095500000, 0x0000000095500000, 0x0000000095600000|  0%| F|  |TAMS 0x0000000095500000, 0x0000000095500000| Untracked 

Card table byte_map: [0x000001a17d590000,0x000001a17d990000] _byte_map_base: 0x000001a17d190000

Marking Bits (Prev, Next): (CMBitMap*) 0x000001a16a6bc848, (CMBitMap*) 0x000001a16a6bc880
 Prev Bits: [0x000001a17dd90000, 0x000001a17fd90000)
 Next Bits: [0x000001a100000000, 0x000001a102000000)

Polling page: 0x000001a1685c0000

Metaspace:

Usage:
  Non-class:     99.29 MB capacity,    97.81 MB ( 99%) used,     1.19 MB (  1%) free+waste,   300.38 KB ( <1%) overhead. 
      Class:     14.76 MB capacity,    13.84 MB ( 94%) used,   820.64 KB (  5%) free+waste,   128.81 KB ( <1%) overhead. 
       Both:    114.06 MB capacity,   111.64 MB ( 98%) used,     1.99 MB (  2%) free+waste,   429.19 KB ( <1%) overhead. 

Virtual space:
  Non-class space:      100.00 MB reserved,      99.42 MB (>99%) committed 
      Class space:        1.00 GB reserved,      14.81 MB (  1%) committed 
             Both:        1.10 GB reserved,     114.23 MB ( 10%) committed 

Chunk freelists:
   Non-Class:  4.00 KB
       Class:  18.00 KB
        Both:  22.00 KB

MaxMetaspaceSize: 17179869184.00 GB
CompressedClassSpaceSize: 1.00 GB
Initial GC threshold: 20.80 MB
Current GC threshold: 190.39 MB
CDS: off

CodeHeap 'non-profiled nmethods': size=120064Kb used=9442Kb max_used=9442Kb free=110621Kb
 bounds [0x000001a175c50000, 0x000001a176590000, 0x000001a17d190000]
CodeHeap 'profiled nmethods': size=120000Kb used=32676Kb max_used=32676Kb free=87323Kb
 bounds [0x000001a16e720000, 0x000001a170710000, 0x000001a175c50000]
CodeHeap 'non-nmethods': size=5696Kb used=2409Kb max_used=2454Kb free=3286Kb
 bounds [0x000001a16e190000, 0x000001a16e410000, 0x000001a16e720000]
 total_blobs=15274 nmethods=14340 adapters=845
 compilation: enabled
              stopped_count=0, restarted_count=0
 full_count=0

Compilation events (20 events):
Event: 35.962 Thread 0x000001a1042e5800 nmethod 14526 0x000001a176584e90 code [0x000001a1765850a0, 0x000001a176585608]
Event: 35.962 Thread 0x000001a1042e5800 14527       4       com.sun.tools.javac.code.Type$MethodType::isErroneous (33 bytes)
Event: 35.966 Thread 0x000001a1042e5800 nmethod 14527 0x000001a176585d90 code [0x000001a176585f40, 0x000001a1765860b8]
Event: 35.966 Thread 0x000001a1042e5800 14532       4       com.sun.tools.javac.tree.TreeScanner::visitAnnotation (17 bytes)
Event: 35.969 Thread 0x000001a1042e5800 nmethod 14532 0x000001a176586290 code [0x000001a176586440, 0x000001a176586578]
Event: 35.969 Thread 0x000001a1042e5800 14531       4       java.util.RegularEnumSet::clear (6 bytes)
Event: 35.969 Thread 0x000001a10778d000 nmethod 14530 0x000001a176586710 code [0x000001a176586900, 0x000001a176586ed8]
Event: 35.969 Thread 0x000001a1042e5800 nmethod 14531 0x000001a176587190 code [0x000001a176587320, 0x000001a176587378]
Event: 35.975 Thread 0x000001a10778d000 14533       4       com.sun.tools.javac.comp.Attr::visitIdent (582 bytes)
Event: 35.976 Thread 0x000001a1042e5800 14534       4       com.sun.tools.javac.comp.Resolve::isStatic (39 bytes)
Event: 35.978 Thread 0x000001a1042e5800 nmethod 14534 0x000001a176587490 code [0x000001a176587640, 0x000001a176587718]
Event: 35.979 Thread 0x000001a1042e5800 14535       4       com.sun.tools.javac.comp.Resolve::findTypeVar (108 bytes)
Event: 35.996 Thread 0x000001a1042ec000 14538       3       com.sun.tools.javac.code.TypeAnnotations$TypeAnnotationPositions::visitClassDef (61 bytes)
Event: 36.000 Thread 0x000001a1042ec000 nmethod 14538 0x000001a170703490 code [0x000001a1707039c0, 0x000001a170707748]
Event: 36.003 Thread 0x000001a1042ec000 14541       3       com.sun.tools.javac.code.TypeAnnotations$$Lambda$1189/0x0000000100bf1840::run (16 bytes)
Event: 36.003 Thread 0x000001a1042ec000 nmethod 14541 0x000001a170708890 code [0x000001a170708a40, 0x000001a170708b88]
Event: 36.003 Thread 0x000001a1042ec000 14542       3       com.sun.tools.javac.code.TypeAnnotations$TypeAnnotationPositions::<init> (32 bytes)
Event: 36.003 Thread 0x000001a1042ec000 nmethod 14542 0x000001a170708c90 code [0x000001a170708e60, 0x000001a1707091d8]
Event: 36.007 Thread 0x000001a1042e5800 nmethod 14535 0x000001a176587890 code [0x000001a176587aa0, 0x000001a176588188]
Event: 36.007 Thread 0x000001a1042e5800 14544       4       com.sun.tools.javac.util.List::reverse (55 bytes)

GC Heap History (20 events):
Event: 29.278 GC heap after
{Heap after GC invocations=34 (full 0):
 garbage-first heap   total 227328K, used 127505K [0x0000000080000000, 0x0000000100000000)
  region size 1024K, 7 young (7168K), 7 survivors (7168K)
 Metaspace       used 106613K, capacity 108931K, committed 109296K, reserved 1144832K
  class space    used 13408K, capacity 14282K, committed 14400K, reserved 1048576K
}
Event: 29.949 GC heap before
{Heap before GC invocations=35 (full 0):
 garbage-first heap   total 227328K, used 145937K [0x0000000080000000, 0x0000000100000000)
  region size 1024K, 26 young (26624K), 7 survivors (7168K)
 Metaspace       used 108021K, capacity 110384K, committed 110704K, reserved 1144832K
  class space    used 13499K, capacity 14419K, committed 14528K, reserved 1048576K
}
Event: 29.965 GC heap after
{Heap after GC invocations=36 (full 0):
 garbage-first heap   total 273408K, used 130885K [0x0000000080000000, 0x0000000100000000)
  region size 1024K, 3 young (3072K), 3 survivors (3072K)
 Metaspace       used 108021K, capacity 110384K, committed 110704K, reserved 1144832K
  class space    used 13499K, capacity 14419K, committed 14528K, reserved 1048576K
}
Event: 30.973 GC heap before
{Heap before GC invocations=37 (full 0):
 garbage-first heap   total 273408K, used 195397K [0x0000000080000000, 0x0000000100000000)
  region size 1024K, 65 young (66560K), 3 survivors (3072K)
 Metaspace       used 110491K, capacity 112907K, committed 113136K, reserved 1148928K
  class space    used 13696K, capacity 14618K, committed 14656K, reserved 1048576K
}
Event: 31.039 GC heap after
{Heap after GC invocations=38 (full 0):
 garbage-first heap   total 273408K, used 173773K [0x0000000080000000, 0x0000000100000000)
  region size 1024K, 9 young (9216K), 9 survivors (9216K)
 Metaspace       used 110491K, capacity 112907K, committed 113136K, reserved 1148928K
  class space    used 13696K, capacity 14618K, committed 14656K, reserved 1048576K
}
Event: 31.589 GC heap before
{Heap before GC invocations=38 (full 0):
 garbage-first heap   total 273408K, used 195277K [0x0000000080000000, 0x0000000100000000)
  region size 1024K, 31 young (31744K), 9 survivors (9216K)
 Metaspace       used 112392K, capacity 114813K, committed 114928K, reserved 1148928K
  class space    used 13972K, capacity 14911K, committed 14912K, reserved 1048576K
}
Event: 31.616 GC heap after
{Heap after GC invocations=39 (full 0):
 garbage-first heap   total 273408K, used 179200K [0x0000000080000000, 0x0000000100000000)
  region size 1024K, 5 young (5120K), 5 survivors (5120K)
 Metaspace       used 112392K, capacity 114813K, committed 114928K, reserved 1148928K
  class space    used 13972K, capacity 14911K, committed 14912K, reserved 1048576K
}
Event: 32.827 GC heap before
{Heap before GC invocations=40 (full 0):
 garbage-first heap   total 273408K, used 211968K [0x0000000080000000, 0x0000000100000000)
  region size 1024K, 35 young (35840K), 5 survivors (5120K)
 Metaspace       used 114158K, capacity 116535K, committed 116720K, reserved 1150976K
  class space    used 14166K, capacity 15118K, committed 15168K, reserved 1048576K
}
Event: 32.848 GC heap after
{Heap after GC invocations=41 (full 0):
 garbage-first heap   total 273408K, used 192000K [0x0000000080000000, 0x0000000100000000)
  region size 1024K, 5 young (5120K), 5 survivors (5120K)
 Metaspace       used 114158K, capacity 116535K, committed 116720K, reserved 1150976K
  class space    used 14166K, capacity 15118K, committed 15168K, reserved 1048576K
}
Event: 33.077 GC heap before
{Heap before GC invocations=41 (full 0):
 garbage-first heap   total 273408K, used 217600K [0x0000000080000000, 0x0000000100000000)
  region size 1024K, 30 young (30720K), 5 survivors (5120K)
 Metaspace       used 114158K, capacity 116535K, committed 116720K, reserved 1150976K
  class space    used 14166K, capacity 15118K, committed 15168K, reserved 1048576K
}
Event: 33.107 GC heap after
{Heap after GC invocations=42 (full 0):
 garbage-first heap   total 273408K, used 214528K [0x0000000080000000, 0x0000000100000000)
  region size 1024K, 4 young (4096K), 4 survivors (4096K)
 Metaspace       used 114158K, capacity 116535K, committed 116720K, reserved 1150976K
  class space    used 14166K, capacity 15118K, committed 15168K, reserved 1048576K
}
Event: 33.143 GC heap before
{Heap before GC invocations=42 (full 0):
 garbage-first heap   total 273408K, used 226816K [0x0000000080000000, 0x0000000100000000)
  region size 1024K, 16 young (16384K), 4 survivors (4096K)
 Metaspace       used 114158K, capacity 116535K, committed 116720K, reserved 1150976K
  class space    used 14166K, capacity 15118K, committed 15168K, reserved 1048576K
}
Event: 33.165 GC heap after
{Heap after GC invocations=43 (full 0):
 garbage-first heap   total 350208K, used 224256K [0x0000000080000000, 0x0000000100000000)
  region size 1024K, 2 young (2048K), 2 survivors (2048K)
 Metaspace       used 114158K, capacity 116535K, committed 116720K, reserved 1150976K
  class space    used 14166K, capacity 15118K, committed 15168K, reserved 1048576K
}
Event: 34.729 GC heap before
{Heap before GC invocations=44 (full 0):
 garbage-first heap   total 350208K, used 258048K [0x0000000080000000, 0x0000000100000000)
  region size 1024K, 35 young (35840K), 2 survivors (2048K)
 Metaspace       used 114216K, capacity 116727K, committed 116976K, reserved 1150976K
  class space    used 14166K, capacity 15118K, committed 15168K, reserved 1048576K
}
Event: 34.756 GC heap after
{Heap after GC invocations=45 (full 0):
 garbage-first heap   total 350208K, used 240128K [0x0000000080000000, 0x0000000100000000)
  region size 1024K, 5 young (5120K), 5 survivors (5120K)
 Metaspace       used 114216K, capacity 116727K, committed 116976K, reserved 1150976K
  class space    used 14166K, capacity 15118K, committed 15168K, reserved 1048576K
}
Event: 34.876 GC heap before
{Heap before GC invocations=45 (full 0):
 garbage-first heap   total 350208K, used 269824K [0x0000000080000000, 0x0000000100000000)
  region size 1024K, 34 young (34816K), 5 survivors (5120K)
 Metaspace       used 114216K, capacity 116727K, committed 116976K, reserved 1150976K
  class space    used 14166K, capacity 15118K, committed 15168K, reserved 1048576K
}
Event: 34.914 GC heap after
{Heap after GC invocations=46 (full 0):
 garbage-first heap   total 350208K, used 270336K [0x0000000080000000, 0x0000000100000000)
  region size 1024K, 5 young (5120K), 5 survivors (5120K)
 Metaspace       used 114216K, capacity 116727K, committed 116976K, reserved 1150976K
  class space    used 14166K, capacity 15118K, committed 15168K, reserved 1048576K
}
Event: 35.077 GC heap before
{Heap before GC invocations=46 (full 0):
 garbage-first heap   total 350208K, used 285696K [0x0000000080000000, 0x0000000100000000)
  region size 1024K, 20 young (20480K), 5 survivors (5120K)
 Metaspace       used 114216K, capacity 116727K, committed 116976K, reserved 1150976K
  class space    used 14166K, capacity 15118K, committed 15168K, reserved 1048576K
}
Event: 35.117 GC heap after
{Heap after GC invocations=47 (full 0):
 garbage-first heap   total 350208K, used 284160K [0x0000000080000000, 0x0000000100000000)
  region size 1024K, 3 young (3072K), 3 survivors (3072K)
 Metaspace       used 114216K, capacity 116727K, committed 116976K, reserved 1150976K
  class space    used 14166K, capacity 15118K, committed 15168K, reserved 1048576K
}
Event: 36.009 GC heap before
{Heap before GC invocations=47 (full 0):
 garbage-first heap   total 350208K, used 257536K [0x0000000080000000, 0x0000000100000000)
  region size 1024K, 17 young (17408K), 3 survivors (3072K)
 Metaspace       used 114323K, capacity 116794K, committed 116976K, reserved 1150976K
  class space    used 14168K, capacity 15118K, committed 15168K, reserved 1048576K
}

Deoptimization events (20 events):
Event: 34.675 Thread 0x000001a109da4800 DEOPT PACKING pc=0x000001a176516bb0 sp=0x000000829a5fc000
Event: 34.676 Thread 0x000001a109da4800 DEOPT UNPACKING pc=0x000001a16e1da1af sp=0x000000829a5fbfa8 mode 2
Event: 34.676 Thread 0x000001a109da4800 Uncommon trap: trap_request=0xffffffde fr.pc=0x000001a176516bb0 relative=0x0000000000000170
Event: 34.676 Thread 0x000001a109da4800 Uncommon trap: reason=class_check action=maybe_recompile pc=0x000001a176516bb0 method=kotlin.jvm.internal.Intrinsics.areEqual(Ljava/lang/Object;Ljava/lang/Object;)Z @ 18 c2
Event: 34.676 Thread 0x000001a109da4800 DEOPT PACKING pc=0x000001a176516bb0 sp=0x000000829a5fc000
Event: 34.676 Thread 0x000001a109da4800 DEOPT UNPACKING pc=0x000001a16e1da1af sp=0x000000829a5fbfa8 mode 2
Event: 34.676 Thread 0x000001a109da4800 Uncommon trap: trap_request=0xffffffde fr.pc=0x000001a176516bb0 relative=0x0000000000000170
Event: 34.676 Thread 0x000001a109da4800 Uncommon trap: reason=class_check action=maybe_recompile pc=0x000001a176516bb0 method=kotlin.jvm.internal.Intrinsics.areEqual(Ljava/lang/Object;Ljava/lang/Object;)Z @ 18 c2
Event: 34.676 Thread 0x000001a109da4800 DEOPT PACKING pc=0x000001a176516bb0 sp=0x000000829a5fc000
Event: 34.676 Thread 0x000001a109da4800 DEOPT UNPACKING pc=0x000001a16e1da1af sp=0x000000829a5fbfa8 mode 2
Event: 34.676 Thread 0x000001a109da4800 Uncommon trap: trap_request=0xffffffde fr.pc=0x000001a176516bb0 relative=0x0000000000000170
Event: 34.676 Thread 0x000001a109da4800 Uncommon trap: reason=class_check action=maybe_recompile pc=0x000001a176516bb0 method=kotlin.jvm.internal.Intrinsics.areEqual(Ljava/lang/Object;Ljava/lang/Object;)Z @ 18 c2
Event: 34.676 Thread 0x000001a109da4800 DEOPT PACKING pc=0x000001a176516bb0 sp=0x000000829a5fc000
Event: 34.676 Thread 0x000001a109da4800 DEOPT UNPACKING pc=0x000001a16e1da1af sp=0x000000829a5fbfa8 mode 2
Event: 34.853 Thread 0x000001a109da4800 DEOPT PACKING pc=0x000001a1705af344 sp=0x000000829a5fc470
Event: 34.853 Thread 0x000001a109da4800 DEOPT UNPACKING pc=0x000001a16e1da95e sp=0x000000829a5fb978 mode 0
Event: 35.198 Thread 0x000001a109da4800 Uncommon trap: trap_request=0xffffff4d fr.pc=0x000001a17651de50 relative=0x0000000000000390
Event: 35.198 Thread 0x000001a109da4800 Uncommon trap: reason=unstable_if action=reinterpret pc=0x000001a17651de50 method=com.sun.tools.javac.util.JCDiagnostic$DiagnosticInfo.of(Lcom/sun/tools/javac/util/JCDiagnostic$DiagnosticType;Ljava/lang/String;Ljava/lang/String;[Ljava/lang/Object;)Lcom/su
Event: 35.198 Thread 0x000001a109da4800 DEOPT PACKING pc=0x000001a17651de50 sp=0x000000829a5fc6e0
Event: 35.198 Thread 0x000001a109da4800 DEOPT UNPACKING pc=0x000001a16e1da1af sp=0x000000829a5fc690 mode 2

Classes redefined (0 events):
No events

Internal exceptions (20 events):
Event: 31.912 Thread 0x000001a109da4800 Exception <a 'sun/nio/fs/WindowsException'{0x0000000090295c08}> (0x0000000090295c08) thrown at [./src/hotspot/share/prims/jni.cpp, line 615]
Event: 31.912 Thread 0x000001a109da4800 Exception <a 'sun/nio/fs/WindowsException'{0x0000000090296580}> (0x0000000090296580) thrown at [./src/hotspot/share/prims/jni.cpp, line 615]
Event: 31.912 Thread 0x000001a109da4800 Exception <a 'sun/nio/fs/WindowsException'{0x0000000090296de8}> (0x0000000090296de8) thrown at [./src/hotspot/share/prims/jni.cpp, line 615]
Event: 31.912 Thread 0x000001a109da4800 Exception <a 'sun/nio/fs/WindowsException'{0x00000000902977f0}> (0x00000000902977f0) thrown at [./src/hotspot/share/prims/jni.cpp, line 615]
Event: 31.912 Thread 0x000001a109da4800 Exception <a 'sun/nio/fs/WindowsException'{0x0000000090297870}> (0x0000000090297870) thrown at [./src/hotspot/share/prims/jni.cpp, line 615]
Event: 31.912 Thread 0x000001a109da4800 Exception <a 'sun/nio/fs/WindowsException'{0x0000000090298a88}> (0x0000000090298a88) thrown at [./src/hotspot/share/prims/jni.cpp, line 615]
Event: 31.924 Thread 0x000001a109da4800 Exception <a 'sun/nio/fs/WindowsException'{0x00000000902a42c0}> (0x00000000902a42c0) thrown at [./src/hotspot/share/prims/jni.cpp, line 615]
Event: 31.924 Thread 0x000001a109da4800 Exception <a 'sun/nio/fs/WindowsException'{0x00000000902a4d08}> (0x00000000902a4d08) thrown at [./src/hotspot/share/prims/jni.cpp, line 615]
Event: 31.924 Thread 0x000001a109da4800 Exception <a 'sun/nio/fs/WindowsException'{0x00000000902a55c0}> (0x00000000902a55c0) thrown at [./src/hotspot/share/prims/jni.cpp, line 615]
Event: 31.924 Thread 0x000001a109da4800 Exception <a 'sun/nio/fs/WindowsException'{0x00000000902a5e28}> (0x00000000902a5e28) thrown at [./src/hotspot/share/prims/jni.cpp, line 615]
Event: 31.924 Thread 0x000001a109da4800 Exception <a 'sun/nio/fs/WindowsException'{0x00000000902a6800}> (0x00000000902a6800) thrown at [./src/hotspot/share/prims/jni.cpp, line 615]
Event: 31.924 Thread 0x000001a109da4800 Exception <a 'sun/nio/fs/WindowsException'{0x00000000902a6880}> (0x00000000902a6880) thrown at [./src/hotspot/share/prims/jni.cpp, line 615]
Event: 31.924 Thread 0x000001a109da4800 Exception <a 'sun/nio/fs/WindowsException'{0x00000000902a7a68}> (0x00000000902a7a68) thrown at [./src/hotspot/share/prims/jni.cpp, line 615]
Event: 31.924 Thread 0x000001a109da4800 Exception <a 'sun/nio/fs/WindowsException'{0x00000000902a7ae8}> (0x00000000902a7ae8) thrown at [./src/hotspot/share/prims/jni.cpp, line 615]
Event: 31.925 Thread 0x000001a109da4800 Exception <a 'sun/nio/fs/WindowsException'{0x00000000902a8cc8}> (0x00000000902a8cc8) thrown at [./src/hotspot/share/prims/jni.cpp, line 615]
Event: 31.971 Thread 0x000001a109da4800 Exception <a 'sun/nio/fs/WindowsException'{0x000000009018bb98}> (0x000000009018bb98) thrown at [./src/hotspot/share/prims/jni.cpp, line 615]
Event: 31.971 Thread 0x000001a109da4800 Exception <a 'sun/nio/fs/WindowsException'{0x000000009018c600}> (0x000000009018c600) thrown at [./src/hotspot/share/prims/jni.cpp, line 615]
Event: 31.979 Thread 0x000001a109da4800 Exception <a 'sun/nio/fs/WindowsException'{0x00000000901a7408}> (0x00000000901a7408) thrown at [./src/hotspot/share/prims/jni.cpp, line 615]
Event: 31.979 Thread 0x000001a109da4800 Exception <a 'sun/nio/fs/WindowsException'{0x00000000901a7e70}> (0x00000000901a7e70) thrown at [./src/hotspot/share/prims/jni.cpp, line 615]
Event: 32.945 Thread 0x000001a109da4800 Implicit null exception at 0x000001a176483675 to 0x000001a176483a7c

Events (20 events):
Event: 33.442 Executing VM operation: RevokeBias done
Event: 34.035 Executing VM operation: CGC_Operation
Event: 34.064 Executing VM operation: CGC_Operation done
Event: 34.610 Executing VM operation: CGC_Operation
Event: 34.611 Executing VM operation: CGC_Operation done
Event: 34.687 Executing VM operation: RevokeBias
Event: 34.687 Executing VM operation: RevokeBias done
Event: 34.728 Executing VM operation: G1CollectForAllocation
Event: 34.756 Executing VM operation: G1CollectForAllocation done
Event: 34.876 Executing VM operation: G1CollectForAllocation
Event: 34.914 Executing VM operation: G1CollectForAllocation done
Event: 35.076 Executing VM operation: G1CollectForAllocation
Event: 35.117 Executing VM operation: G1CollectForAllocation done
Event: 35.139 loading class android/databinding/tool/ext/ExtKt
Event: 35.139 loading class android/databinding/tool/ext/ExtKt done
Event: 35.144 loading class android/databinding/tool/ext/Replacement
Event: 35.144 loading class android/databinding/tool/ext/Replacement done
Event: 35.642 Executing VM operation: CGC_Operation
Event: 35.666 Executing VM operation: CGC_Operation done
Event: 36.008 Executing VM operation: G1CollectForAllocation


Dynamic libraries:
0x00007ff609bd0000 - 0x00007ff609bda000 	F:\AndroidStudio\jre\bin\java.exe
0x00007ff9d0070000 - 0x00007ff9d0267000 	C:\WINDOWS\SYSTEM32\ntdll.dll
0x00007ff9cee60000 - 0x00007ff9cef1d000 	C:\WINDOWS\System32\KERNEL32.DLL
0x00007ff9cda50000 - 0x00007ff9cdd46000 	C:\WINDOWS\System32\KERNELBASE.dll
0x00007ff9cdd50000 - 0x00007ff9cde50000 	C:\WINDOWS\System32\ucrtbase.dll
0x00007ff9b8b50000 - 0x00007ff9b8b67000 	F:\AndroidStudio\jre\bin\VCRUNTIME140.dll
0x00007ff9b8fc0000 - 0x00007ff9b8fd9000 	F:\AndroidStudio\jre\bin\jli.dll
0x00007ff9ce0d0000 - 0x00007ff9ce26e000 	C:\WINDOWS\System32\USER32.dll
0x00007ff9cd9b0000 - 0x00007ff9cd9d2000 	C:\WINDOWS\System32\win32u.dll
0x00007ff9baec0000 - 0x00007ff9bb15a000 	C:\WINDOWS\WinSxS\amd64_microsoft.windows.common-controls_6595b64144ccf1df_6.0.19041.3570_none_60bb2a3971f3e41a\COMCTL32.dll
0x00007ff9ced20000 - 0x00007ff9ced4c000 	C:\WINDOWS\System32\GDI32.dll
0x00007ff9cdf20000 - 0x00007ff9ce03a000 	C:\WINDOWS\System32\gdi32full.dll
0x00007ff9cfc20000 - 0x00007ff9cfcbe000 	C:\WINDOWS\System32\msvcrt.dll
0x00007ff9cde50000 - 0x00007ff9cdeed000 	C:\WINDOWS\System32\msvcp_win.dll
0x00007ff9cedb0000 - 0x00007ff9cede0000 	C:\WINDOWS\System32\IMM32.DLL
0x00007ff99e5c0000 - 0x00007ff99e65d000 	F:\AndroidStudio\jre\bin\msvcp140.dll
0x00007ff997c20000 - 0x00007ff998705000 	F:\AndroidStudio\jre\bin\server\jvm.dll
0x00007ff9cfad0000 - 0x00007ff9cfb7e000 	C:\WINDOWS\System32\ADVAPI32.dll
0x00007ff9cfb80000 - 0x00007ff9cfc1c000 	C:\WINDOWS\System32\sechost.dll
0x00007ff9cf0a0000 - 0x00007ff9cf1c6000 	C:\WINDOWS\System32\RPCRT4.dll
0x00007ff9d0000000 - 0x00007ff9d0008000 	C:\WINDOWS\System32\PSAPI.DLL
0x00007ff9b5b20000 - 0x00007ff9b5b29000 	C:\WINDOWS\SYSTEM32\WSOCK32.dll
0x00007ff9a20d0000 - 0x00007ff9a20f7000 	C:\WINDOWS\SYSTEM32\WINMM.dll
0x00007ff9cfa60000 - 0x00007ff9cfacb000 	C:\WINDOWS\System32\WS2_32.dll
0x00007ff9c4150000 - 0x00007ff9c415a000 	C:\WINDOWS\SYSTEM32\VERSION.dll
0x00007ff9cbf80000 - 0x00007ff9cbf92000 	C:\WINDOWS\SYSTEM32\kernel.appcore.dll
0x00007ff9c8260000 - 0x00007ff9c8271000 	F:\AndroidStudio\jre\bin\verify.dll
0x00007ff9cbca0000 - 0x00007ff9cbe84000 	C:\WINDOWS\SYSTEM32\DBGHELP.DLL
0x00007ff9b5960000 - 0x00007ff9b5994000 	C:\WINDOWS\SYSTEM32\dbgcore.DLL
0x00007ff9ce040000 - 0x00007ff9ce0c2000 	C:\WINDOWS\System32\bcryptPrimitives.dll
0x00007ff9c76d0000 - 0x00007ff9c76f9000 	F:\AndroidStudio\jre\bin\java.dll
0x00007ff9c8170000 - 0x00007ff9c817b000 	F:\AndroidStudio\jre\bin\jimage.dll
0x00007ff9c61d0000 - 0x00007ff9c61e8000 	F:\AndroidStudio\jre\bin\zip.dll
0x00007ff9ce5d0000 - 0x00007ff9ced14000 	C:\WINDOWS\System32\SHELL32.dll
0x00007ff9cb430000 - 0x00007ff9cbbcb000 	C:\WINDOWS\SYSTEM32\windows.storage.dll
0x00007ff9ce270000 - 0x00007ff9ce5c4000 	C:\WINDOWS\System32\combase.dll
0x00007ff9cd0c0000 - 0x00007ff9cd0ed000 	C:\WINDOWS\SYSTEM32\Wldp.dll
0x00007ff9cfda0000 - 0x00007ff9cfe4d000 	C:\WINDOWS\System32\SHCORE.dll
0x00007ff9cef30000 - 0x00007ff9cef85000 	C:\WINDOWS\System32\shlwapi.dll
0x00007ff9cd680000 - 0x00007ff9cd6a5000 	C:\WINDOWS\SYSTEM32\profapi.dll
0x00007ff9c61b0000 - 0x00007ff9c61ca000 	F:\AndroidStudio\jre\bin\net.dll
0x00007ff9bdaa0000 - 0x00007ff9bdbaa000 	C:\WINDOWS\SYSTEM32\WINHTTP.dll
0x00007ff9cce20000 - 0x00007ff9cce8a000 	C:\WINDOWS\system32\mswsock.dll
0x00007ff9c6190000 - 0x00007ff9c61a4000 	F:\AndroidStudio\jre\bin\nio.dll
0x00007ff9add40000 - 0x00007ff9add67000 	C:\Users\Sultan\.gradle\native\e1d6ef7f7dcc3fd88c89a11ec53ec762bb8ba0a96d01ffa2cd45eb1d1d8dd5c5\windows-amd64\native-platform.dll
0x00007ff992710000 - 0x00007ff992854000 	C:\Users\Sultan\.gradle\native\5664cfc778a61ccfe75a443a1ab52a65af34e5dc3c78e0209fed803814484fcb\windows-amd64\native-platform-file-events.dll
0x00007ff9c76a0000 - 0x00007ff9c76aa000 	F:\AndroidStudio\jre\bin\management.dll
0x00007ff9c7620000 - 0x00007ff9c762d000 	F:\AndroidStudio\jre\bin\management_ext.dll
0x00007ff9cd010000 - 0x00007ff9cd028000 	C:\WINDOWS\SYSTEM32\CRYPTSP.dll
0x00007ff9cc730000 - 0x00007ff9cc764000 	C:\WINDOWS\system32\rsaenh.dll
0x00007ff9cdef0000 - 0x00007ff9cdf17000 	C:\WINDOWS\System32\bcrypt.dll
0x00007ff9cd600000 - 0x00007ff9cd62e000 	C:\WINDOWS\SYSTEM32\USERENV.dll
0x00007ff9cd030000 - 0x00007ff9cd03c000 	C:\WINDOWS\SYSTEM32\CRYPTBASE.dll
0x00007ff9ccb10000 - 0x00007ff9ccb4b000 	C:\WINDOWS\SYSTEM32\IPHLPAPI.DLL
0x00007ff9cef20000 - 0x00007ff9cef28000 	C:\WINDOWS\System32\NSI.dll
0x00007ff9be8f0000 - 0x00007ff9be907000 	C:\WINDOWS\SYSTEM32\dhcpcsvc6.DLL
0x00007ff9be960000 - 0x00007ff9be97d000 	C:\WINDOWS\SYSTEM32\dhcpcsvc.DLL
0x00007ff9ccb50000 - 0x00007ff9ccc1a000 	C:\WINDOWS\SYSTEM32\DNSAPI.dll

dbghelp: loaded successfully - version: 4.0.5 - missing functions: none
symbol engine: initialized successfully - sym options: 0x614 - pdb path: .;F:\AndroidStudio\jre\bin;C:\WINDOWS\SYSTEM32;C:\WINDOWS\WinSxS\amd64_microsoft.windows.common-controls_6595b64144ccf1df_6.0.19041.3570_none_60bb2a3971f3e41a;F:\AndroidStudio\jre\bin\server;C:\Users\Sultan\.gradle\native\e1d6ef7f7dcc3fd88c89a11ec53ec762bb8ba0a96d01ffa2cd45eb1d1d8dd5c5\windows-amd64;C:\Users\Sultan\.gradle\native\5664cfc778a61ccfe75a443a1ab52a65af34e5dc3c78e0209fed803814484fcb\windows-amd64

VM Arguments:
jvm_args: --add-opens=java.base/java.util=ALL-UNNAMED --add-opens=java.base/java.lang=ALL-UNNAMED --add-opens=java.base/java.lang.invoke=ALL-UNNAMED --add-opens=java.base/java.util=ALL-UNNAMED --add-opens=java.prefs/java.util.prefs=ALL-UNNAMED --add-opens=java.prefs/java.util.prefs=ALL-UNNAMED --add-opens=java.base/java.nio.charset=ALL-UNNAMED --add-opens=java.base/java.net=ALL-UNNAMED --add-opens=java.base/java.util.concurrent.atomic=ALL-UNNAMED -Xmx2048m -Dfile.encoding=UTF-8 -Duser.country=RU -Duser.language=ru -Duser.variant 
java_command: org.gradle.launcher.daemon.bootstrap.GradleDaemon 7.3.3
java_class_path (initial): C:\Users\Sultan\.gradle\wrapper\dists\gradle-7.3.3-bin\6a41zxkdtcxs8rphpq6y0069z\gradle-7.3.3\lib\gradle-launcher-7.3.3.jar
Launcher Type: SUN_STANDARD

[Global flags]
     intx CICompilerCount                          = 3                                         {product} {ergonomic}
     uint ConcGCThreads                            = 1                                         {product} {ergonomic}
     uint G1ConcRefinementThreads                  = 4                                         {product} {ergonomic}
   size_t G1HeapRegionSize                         = 1048576                                   {product} {ergonomic}
    uintx GCDrainStackTargetSize                   = 64                                        {product} {ergonomic}
   size_t InitialHeapSize                          = 134217728                                 {product} {ergonomic}
   size_t MarkStackSize                            = 4194304                                   {product} {ergonomic}
   size_t MaxHeapSize                              = 2147483648                                {product} {command line}
   size_t MaxNewSize                               = 1287651328                                {product} {ergonomic}
   size_t MinHeapDeltaBytes                        = 1048576                                   {product} {ergonomic}
    uintx NonNMethodCodeHeapSize                   = 5830732                                {pd product} {ergonomic}
    uintx NonProfiledCodeHeapSize                  = 122913754                              {pd product} {ergonomic}
    uintx ProfiledCodeHeapSize                     = 122913754                              {pd product} {ergonomic}
    uintx ReservedCodeCacheSize                    = 251658240                              {pd product} {ergonomic}
     bool SegmentedCodeCache                       = true                                      {product} {ergonomic}
     bool UseCompressedClassPointers               = true                                 {lp64_product} {ergonomic}
     bool UseCompressedOops                        = true                                 {lp64_product} {ergonomic}
     bool UseG1GC                                  = true                                      {product} {ergonomic}
     bool UseLargePagesIndividualAllocation        = false                                  {pd product} {ergonomic}

Logging:
Log output configuration:
 #0: stdout all=warning uptime,level,tags
 #1: stderr all=off uptime,level,tags

Environment Variables:
JAVA_HOME=C:\Program Files\Java\jdk-18.0.2.1
PATH=C:\Program Files\Common Files\Oracle\Java\javapath;C:\Program Files (x86)\Common Files\Oracle\Java\javapath;C:\WINDOWS\system32;C:\WINDOWS;C:\WINDOWS\System32\Wbem;C:\WINDOWS\System32\WindowsPowerShell\v1.0\;C:\WINDOWS\System32\OpenSSH\;C:\Program Files\Java\jdk-18.0.2.1\bin;F:\Git\cmd;F:\dart-sass\dart-sass;C:\Users\Sultan\AppData\Local\Microsoft\WindowsApps;;C:\Program Files\JetBrains\IntelliJ IDEA Community Edition 2022.2.1\bin;;F:\Microsoft VS Code\bin
USERNAME=Sultan
OS=Windows_NT
PROCESSOR_IDENTIFIER=Intel64 Family 6 Model 142 Stepping 10, GenuineIntel



---------------  S Y S T E M  ---------------

OS: Windows 10 , 64 bit Build 19041 (10.0.19041.3570)
OS uptime: 0 days 6:33 hours

CPU:total 4 (initial active 4) (2 cores per cpu, 2 threads per core) family 6 model 142 stepping 10 microcode 0xb4, cmov, cx8, fxsr, mmx, sse, sse2, sse3, ssse3, sse4.1, sse4.2, popcnt, avx, avx2, aes, clmul, erms, 3dnowpref, lzcnt, ht, tsc, tscinvbit, bmi1, bmi2, adx, fma

Memory: 4k page, system-wide physical 8108M (424M free)
TotalPageFile size 10156M (AvailPageFile size 47M)
current process WorkingSet (physical memory assigned to process): 579M, peak: 617M
current process commit charge ("private bytes"): 684M, peak: 776M

vm_info: OpenJDK 64-Bit Server VM (11.0.12+7-b1504.28-7817840) for windows-amd64 JRE (11.0.12+7-b1504.28-7817840), built on Oct 13 2021 22:12:33 by "builder" with MS VC++ 14.0 (VS2015)

END.
