#
# There is insufficient memory for the Java Runtime Environment to continue.
# Native memory allocation (mmap) failed to map 317718528 bytes for Failed to commit area from 0x0000000092f00000 to 0x00000000a5e00000 of length 317718528.
# Possible reasons:
#   The system is out of physical RAM or swap space
#   The process is running with CompressedOops enabled, and the Java Heap may be blocking the growth of the native heap
# Possible solutions:
#   Reduce memory load on the system
#   Increase physical memory or swap space
#   Check if swap backing store is full
#   Decrease Java heap size (-Xmx/-Xms)
#   Decrease number of Java threads
#   Decrease Java thread stack sizes (-Xss)
#   Set larger code cache with -XX:ReservedCodeCacheSize=
#   JVM is running with Unscaled Compressed Oops mode in which the Java heap is
#     placed in the first 4GB address space. The Java Heap base address is the
#     maximum limit for the native heap growth. Please use -XX:HeapBaseMinAddress
#     to set the Java Heap base and to place the Java Heap above 4GB virtual address.
# This output file may be truncated or incomplete.
#
#  Out of Memory Error (./src/hotspot/os/windows/os_windows.cpp:3521), pid=3160, tid=1700
#
# JRE version: OpenJDK Runtime Environment (11.0.12+7) (build 11.0.12+7-b1504.28-7817840)
# Java VM: OpenJDK 64-Bit Server VM (11.0.12+7-b1504.28-7817840, mixed mode, tiered, compressed oops, g1 gc, windows-amd64)
# No core dump will be written. Minidumps are not enabled by default on client versions of Windows
#

---------------  S U M M A R Y ------------

Command Line: --add-opens=java.base/java.util=ALL-UNNAMED --add-opens=java.base/java.lang=ALL-UNNAMED --add-opens=java.base/java.lang.invoke=ALL-UNNAMED --add-opens=java.base/java.util=ALL-UNNAMED --add-opens=java.prefs/java.util.prefs=ALL-UNNAMED --add-opens=java.prefs/java.util.prefs=ALL-UNNAMED --add-opens=java.base/java.nio.charset=ALL-UNNAMED --add-opens=java.base/java.net=ALL-UNNAMED --add-opens=java.base/java.util.concurrent.atomic=ALL-UNNAMED -Xmx2048m -Dfile.encoding=UTF-8 -Duser.country=RU -Duser.language=ru -Duser.variant org.gradle.launcher.daemon.bootstrap.GradleDaemon 7.3.3

Host: Intel(R) Core(TM) i3-7020U CPU @ 2.30GHz, 4 cores, 7G,  Windows 10 , 64 bit Build 19041 (10.0.19041.3570)
Time: Sat Nov  4 00:31:56 2023 Центральноевропейский (зима) elapsed time: 2290.258901 seconds (0d 0h 38m 10s)

---------------  T H R E A D  ---------------

Current thread (0x000001b61e0d9000):  VMThread "VM Thread" [stack: 0x0000005183000000,0x0000005183100000] [id=1700]

Stack: [0x0000005183000000,0x0000005183100000]
[error occurred during error reporting (printing stack bounds), id 0xc0000005, EXCEPTION_ACCESS_VIOLATION (0xc0000005) at pc=0x000001b60802112d]

Native frames: (J=compiled Java code, j=interpreted, Vv=VM code, C=native code)
V  [jvm.dll+0x5fbcea]
V  [jvm.dll+0x731905]
V  [jvm.dll+0x732f1d]
V  [jvm.dll+0x733535]
V  [jvm.dll+0x7334eb]
V  [jvm.dll+0x5fb080]
V  [jvm.dll+0x5fb818]
C  [ntdll.dll+0xa23af]
C  [ntdll.dll+0x514b4]
C  [ntdll.dll+0xa0ebe]
C  0x000001b60802112d

VM_Operation (0x0000005188cfbcb0): G1CollectForAllocation, mode: safepoint, requested by thread 0x000001b626872800


---------------  P R O C E S S  ---------------

Threads class SMR info:
_java_thread_list=0x000001b629df0190, length=99, elements={
0x000001b604511000, 0x000001b61e13a000, 0x000001b61e140000, 0x000001b61e954800,
0x000001b61e955800, 0x000001b61e957000, 0x000001b61e95a000, 0x000001b61e960000,
0x000001b61e965000, 0x000001b61eb01800, 0x000001b620f60800, 0x000001b62146c000,
0x000001b6215ca000, 0x000001b61f840000, 0x000001b61f83d800, 0x000001b61f83e000,
0x000001b61f83c800, 0x000001b61f843000, 0x000001b621981000, 0x000001b621981800,
0x000001b621982800, 0x000001b62197c800, 0x000001b621984000, 0x000001b62198b800,
0x000001b61fe78800, 0x000001b61fe7a800, 0x000001b627e0f800, 0x000001b627e06800,
0x000001b627e09800, 0x000001b627e0a800, 0x000001b627e08000, 0x000001b627e0c000,
0x000001b627e0b000, 0x000001b627e08800, 0x000001b627e07000, 0x000001b627e0e800,
0x000001b627e11800, 0x000001b627e0d800, 0x000001b627e12800, 0x000001b627e11000,
0x000001b627e15000, 0x000001b627e14000, 0x000001b627e13800, 0x000001b61fe72800,
0x000001b61fe73800, 0x000001b61fe74000, 0x000001b61fe71800, 0x000001b61fe76800,
0x000001b61fe7a000, 0x000001b61fe75000, 0x000001b61fe7b800, 0x000001b61fe79000,
0x000001b61fe76000, 0x000001b61fe7c800, 0x000001b61fe7d000, 0x000001b61fe77800,
0x000001b61fe7e000, 0x000001b61fe7f000, 0x000001b61fe80800, 0x000001b61fe7f800,
0x000001b621983800, 0x000001b62197e800, 0x000001b62197d800, 0x000001b621986800,
0x000001b621989000, 0x000001b62198a800, 0x000001b61f83f000, 0x000001b61f840800,
0x000001b61f841800, 0x000001b631431800, 0x000001b63142c000, 0x000001b631431000,
0x000001b63142c800, 0x000001b631432800, 0x000001b631433800, 0x000001b63142d800,
0x000001b63142f000, 0x000001b631434000, 0x000001b63142e800, 0x000001b631430000,
0x000001b631435000, 0x000001b631437800, 0x000001b631436800, 0x000001b631438000,
0x000001b63143a000, 0x000001b631439000, 0x000001b61f842800, 0x000001b626874000,
0x000001b626874800, 0x000001b626872800, 0x000001b62687a800, 0x000001b626876800,
0x000001b626877000, 0x000001b626873000, 0x000001b626879800, 0x000001b626875800,
0x000001b62687c000, 0x000001b62687d000, 0x000001b626878000
}

Java Threads: ( => current thread )
  0x000001b604511000 JavaThread "main" [_thread_blocked, id=4480, stack(0x0000005182a00000,0x0000005182b00000)]
  0x000001b61e13a000 JavaThread "Reference Handler" daemon [_thread_blocked, id=13012, stack(0x0000005183100000,0x0000005183200000)]
  0x000001b61e140000 JavaThread "Finalizer" daemon [_thread_blocked, id=9568, stack(0x0000005183200000,0x0000005183300000)]
  0x000001b61e954800 JavaThread "Signal Dispatcher" daemon [_thread_blocked, id=12720, stack(0x0000005183300000,0x0000005183400000)]
  0x000001b61e955800 JavaThread "Attach Listener" daemon [_thread_blocked, id=12392, stack(0x0000005183400000,0x0000005183500000)]
  0x000001b61e957000 JavaThread "Service Thread" daemon [_thread_blocked, id=1300, stack(0x0000005183500000,0x0000005183600000)]
  0x000001b61e95a000 JavaThread "C2 CompilerThread0" daemon [_thread_blocked, id=1596, stack(0x0000005183600000,0x0000005183700000)]
  0x000001b61e960000 JavaThread "C1 CompilerThread0" daemon [_thread_blocked, id=13216, stack(0x0000005183700000,0x0000005183800000)]
  0x000001b61e965000 JavaThread "Sweeper thread" daemon [_thread_blocked, id=12252, stack(0x0000005183800000,0x0000005183900000)]
  0x000001b61eb01800 JavaThread "Common-Cleaner" daemon [_thread_blocked, id=12084, stack(0x0000005183900000,0x0000005183a00000)]
  0x000001b620f60800 JavaThread "Daemon health stats" [_thread_blocked, id=12984, stack(0x0000005183e00000,0x0000005183f00000)]
  0x000001b62146c000 JavaThread "Incoming local TCP Connector on port 53595" [_thread_in_native, id=12236, stack(0x0000005183b00000,0x0000005183c00000)]
  0x000001b6215ca000 JavaThread "Daemon periodic checks" [_thread_blocked, id=2524, stack(0x0000005183f00000,0x0000005184000000)]
  0x000001b61f840000 JavaThread "Cache worker for journal cache (C:\Users\Sultan\.gradle\caches\journal-1)" [_thread_blocked, id=10148, stack(0x0000005184700000,0x0000005184800000)]
  0x000001b61f83d800 JavaThread "File lock request listener" [_thread_in_native, id=912, stack(0x0000005184900000,0x0000005184a00000)]
  0x000001b61f83e000 JavaThread "Cache worker for file hash cache (C:\Users\Sultan\.gradle\caches\7.3.3\fileHashes)" [_thread_blocked, id=9120, stack(0x0000005184a00000,0x0000005184b00000)]
  0x000001b61f83c800 JavaThread "File watcher server" daemon [_thread_blocked, id=1964, stack(0x0000005184d00000,0x0000005184e00000)]
  0x000001b61f843000 JavaThread "File watcher consumer" daemon [_thread_blocked, id=4252, stack(0x0000005184e00000,0x0000005184f00000)]
  0x000001b621981000 JavaThread "jar transforms" [_thread_blocked, id=1564, stack(0x0000005184f00000,0x0000005185000000)]
  0x000001b621981800 JavaThread "jar transforms Thread 2" [_thread_blocked, id=8232, stack(0x0000005185000000,0x0000005185100000)]
  0x000001b621982800 JavaThread "jar transforms Thread 3" [_thread_blocked, id=6536, stack(0x0000005185100000,0x0000005185200000)]
  0x000001b62197c800 JavaThread "jar transforms Thread 4" [_thread_blocked, id=10632, stack(0x0000005185200000,0x0000005185300000)]
  0x000001b621984000 JavaThread "Cache worker for execution history cache (C:\Users\Sultan\.gradle\caches\7.3.3\executionHistory)" [_thread_blocked, id=9576, stack(0x0000005185600000,0x0000005185700000)]
  0x000001b62198b800 JavaThread "Cache worker for file content cache (C:\Users\Sultan\.gradle\caches\7.3.3\fileContent)" [_thread_blocked, id=124, stack(0x0000005185700000,0x0000005185800000)]
  0x000001b61fe78800 JavaThread "Memory manager" [_thread_blocked, id=8188, stack(0x0000005188200000,0x0000005188300000)]
  0x000001b61fe7a800 JavaThread "pool-3-thread-1" [_thread_blocked, id=3628, stack(0x0000005188300000,0x0000005188400000)]
  0x000001b627e0f800 JavaThread "pool-6-thread-1" [_thread_blocked, id=7452, stack(0x0000005187f00000,0x0000005188000000)]
  0x000001b627e06800 JavaThread "Daemon Thread 3" [_thread_blocked, id=8840, stack(0x0000005182700000,0x0000005182800000)]
  0x000001b627e09800 JavaThread "Handler for socket connection from /127.0.0.1:53595 to /127.0.0.1:53903" [_thread_in_native, id=2680, stack(0x0000005182800000,0x0000005182900000)]
  0x000001b627e0a800 JavaThread "Cancel handler" [_thread_blocked, id=1360, stack(0x0000005182900000,0x0000005182a00000)]
  0x000001b627e08000 JavaThread "Daemon worker Thread 3" [_thread_blocked, id=10944, stack(0x0000005184000000,0x0000005184100000)]
  0x000001b627e0c000 JavaThread "Asynchronous log dispatcher for DefaultDaemonConnection: socket connection from /127.0.0.1:53595 to /127.0.0.1:53903" [_thread_blocked, id=5636, stack(0x0000005184100000,0x0000005184200000)]
  0x000001b627e0b000 JavaThread "Daemon client event forwarder" [_thread_blocked, id=2252, stack(0x0000005184300000,0x0000005184400000)]
  0x000001b627e08800 JavaThread "Cache worker for file hash cache (F:\NeobisProjects\NewsPetApp\.gradle\7.3.3\fileHashes)" [_thread_blocked, id=4344, stack(0x0000005184400000,0x0000005184500000)]
  0x000001b627e07000 JavaThread "Cache worker for checksums cache (F:\NeobisProjects\NewsPetApp\.gradle\7.3.3\checksums)" [_thread_blocked, id=1248, stack(0x0000005184500000,0x0000005184600000)]
  0x000001b627e0e800 JavaThread "Cache worker for cache directory md-supplier (C:\Users\Sultan\.gradle\caches\7.3.3\md-supplier)" [_thread_blocked, id=7436, stack(0x0000005184600000,0x0000005184700000)]
  0x000001b627e11800 JavaThread "Cache worker for cache directory md-rule (C:\Users\Sultan\.gradle\caches\7.3.3\md-rule)" [_thread_blocked, id=1884, stack(0x0000005184b00000,0x0000005184c00000)]
  0x000001b627e0d800 JavaThread "Cache worker for dependencies-accessors (F:\NeobisProjects\NewsPetApp\.gradle\7.3.3\dependencies-accessors)" [_thread_blocked, id=2268, stack(0x0000005185300000,0x0000005185400000)]
  0x000001b627e12800 JavaThread "Cache worker for Build Output Cleanup Cache (F:\NeobisProjects\NewsPetApp\.gradle\buildOutputCleanup)" [_thread_blocked, id=3112, stack(0x0000005185400000,0x0000005185500000)]
  0x000001b627e11000 JavaThread "Unconstrained build operations" [_thread_blocked, id=10616, stack(0x0000005185500000,0x0000005185600000)]
  0x000001b627e15000 JavaThread "Unconstrained build operations Thread 2" [_thread_blocked, id=9800, stack(0x0000005185800000,0x0000005185900000)]
  0x000001b627e14000 JavaThread "Unconstrained build operations Thread 3" [_thread_blocked, id=2636, stack(0x0000005185900000,0x0000005185a00000)]
  0x000001b627e13800 JavaThread "Unconstrained build operations Thread 4" [_thread_blocked, id=9708, stack(0x0000005185a00000,0x0000005185b00000)]
  0x000001b61fe72800 JavaThread "Unconstrained build operations Thread 5" [_thread_blocked, id=10664, stack(0x0000005185b00000,0x0000005185c00000)]
  0x000001b61fe73800 JavaThread "Unconstrained build operations Thread 6" [_thread_blocked, id=2940, stack(0x0000005185c00000,0x0000005185d00000)]
  0x000001b61fe74000 JavaThread "Unconstrained build operations Thread 7" [_thread_blocked, id=3888, stack(0x0000005185d00000,0x0000005185e00000)]
  0x000001b61fe71800 JavaThread "Unconstrained build operations Thread 8" [_thread_blocked, id=5252, stack(0x0000005185e00000,0x0000005185f00000)]
  0x000001b61fe76800 JavaThread "Unconstrained build operations Thread 9" [_thread_blocked, id=5696, stack(0x0000005185f00000,0x0000005186000000)]
  0x000001b61fe7a000 JavaThread "Unconstrained build operations Thread 10" [_thread_blocked, id=3900, stack(0x0000005186000000,0x0000005186100000)]
  0x000001b61fe75000 JavaThread "Unconstrained build operations Thread 11" [_thread_blocked, id=10448, stack(0x0000005186100000,0x0000005186200000)]
  0x000001b61fe7b800 JavaThread "Unconstrained build operations Thread 12" [_thread_blocked, id=8772, stack(0x0000005186200000,0x0000005186300000)]
  0x000001b61fe79000 JavaThread "Unconstrained build operations Thread 13" [_thread_blocked, id=10036, stack(0x0000005186300000,0x0000005186400000)]
  0x000001b61fe76000 JavaThread "Unconstrained build operations Thread 14" [_thread_blocked, id=7640, stack(0x0000005186400000,0x0000005186500000)]
  0x000001b61fe7c800 JavaThread "Unconstrained build operations Thread 15" [_thread_blocked, id=10004, stack(0x0000005186500000,0x0000005186600000)]
  0x000001b61fe7d000 JavaThread "Unconstrained build operations Thread 16" [_thread_blocked, id=5524, stack(0x0000005186600000,0x0000005186700000)]
  0x000001b61fe77800 JavaThread "Unconstrained build operations Thread 17" [_thread_blocked, id=12712, stack(0x0000005186700000,0x0000005186800000)]
  0x000001b61fe7e000 JavaThread "Unconstrained build operations Thread 18" [_thread_blocked, id=5564, stack(0x0000005186800000,0x0000005186900000)]
  0x000001b61fe7f000 JavaThread "Unconstrained build operations Thread 19" [_thread_blocked, id=7292, stack(0x0000005186900000,0x0000005186a00000)]
  0x000001b61fe80800 JavaThread "Unconstrained build operations Thread 20" [_thread_blocked, id=11096, stack(0x0000005186a00000,0x0000005186b00000)]
  0x000001b61fe7f800 JavaThread "Unconstrained build operations Thread 21" [_thread_blocked, id=9564, stack(0x0000005186b00000,0x0000005186c00000)]
  0x000001b621983800 JavaThread "Unconstrained build operations Thread 22" [_thread_blocked, id=3956, stack(0x0000005186c00000,0x0000005186d00000)]
  0x000001b62197e800 JavaThread "Unconstrained build operations Thread 23" [_thread_blocked, id=13280, stack(0x0000005186d00000,0x0000005186e00000)]
  0x000001b62197d800 JavaThread "Unconstrained build operations Thread 24" [_thread_blocked, id=9984, stack(0x0000005186e00000,0x0000005186f00000)]
  0x000001b621986800 JavaThread "Unconstrained build operations Thread 25" [_thread_blocked, id=6692, stack(0x0000005186f00000,0x0000005187000000)]
  0x000001b621989000 JavaThread "Unconstrained build operations Thread 26" [_thread_blocked, id=10344, stack(0x0000005187000000,0x0000005187100000)]
  0x000001b62198a800 JavaThread "Unconstrained build operations Thread 27" [_thread_blocked, id=10176, stack(0x0000005187100000,0x0000005187200000)]
  0x000001b61f83f000 JavaThread "Unconstrained build operations Thread 28" [_thread_blocked, id=10996, stack(0x0000005187200000,0x0000005187300000)]
  0x000001b61f840800 JavaThread "Unconstrained build operations Thread 29" [_thread_blocked, id=6684, stack(0x0000005187300000,0x0000005187400000)]
  0x000001b61f841800 JavaThread "Unconstrained build operations Thread 30" [_thread_blocked, id=6560, stack(0x0000005187400000,0x0000005187500000)]
  0x000001b631431800 JavaThread "Unconstrained build operations Thread 31" [_thread_blocked, id=5440, stack(0x0000005187500000,0x0000005187600000)]
  0x000001b63142c000 JavaThread "Unconstrained build operations Thread 32" [_thread_blocked, id=980, stack(0x0000005187600000,0x0000005187700000)]
  0x000001b631431000 JavaThread "Unconstrained build operations Thread 33" [_thread_blocked, id=2836, stack(0x0000005187700000,0x0000005187800000)]
  0x000001b63142c800 JavaThread "Unconstrained build operations Thread 34" [_thread_blocked, id=2904, stack(0x0000005187800000,0x0000005187900000)]
  0x000001b631432800 JavaThread "Unconstrained build operations Thread 35" [_thread_blocked, id=3448, stack(0x0000005187900000,0x0000005187a00000)]
  0x000001b631433800 JavaThread "Unconstrained build operations Thread 36" [_thread_blocked, id=7764, stack(0x0000005187a00000,0x0000005187b00000)]
  0x000001b63142d800 JavaThread "Unconstrained build operations Thread 37" [_thread_blocked, id=1284, stack(0x0000005187b00000,0x0000005187c00000)]
  0x000001b63142f000 JavaThread "Unconstrained build operations Thread 38" [_thread_blocked, id=12656, stack(0x0000005187c00000,0x0000005187d00000)]
  0x000001b631434000 JavaThread "Unconstrained build operations Thread 39" [_thread_blocked, id=3564, stack(0x0000005187d00000,0x0000005187e00000)]
  0x000001b63142e800 JavaThread "Unconstrained build operations Thread 40" [_thread_blocked, id=10588, stack(0x0000005187e00000,0x0000005187f00000)]
  0x000001b631430000 JavaThread "build event listener" [_thread_blocked, id=6412, stack(0x0000005188000000,0x0000005188100000)]
  0x000001b631435000 JavaThread "pool-9-thread-1" [_thread_blocked, id=756, stack(0x0000005188100000,0x0000005188200000)]
  0x000001b631437800 JavaThread "build event listener" [_thread_blocked, id=4248, stack(0x0000005188400000,0x0000005188500000)]
  0x000001b631436800 JavaThread "Execution worker for ':'" [_thread_blocked, id=6104, stack(0x0000005188500000,0x0000005188600000)]
  0x000001b631438000 JavaThread "Execution worker for ':' Thread 2" [_thread_blocked, id=11372, stack(0x0000005188600000,0x0000005188700000)]
  0x000001b63143a000 JavaThread "Execution worker for ':' Thread 3" [_thread_blocked, id=1028, stack(0x0000005188700000,0x0000005188800000)]
  0x000001b631439000 JavaThread "Cache worker for execution history cache (F:\NeobisProjects\NewsPetApp\.gradle\7.3.3\executionHistory)" [_thread_blocked, id=10352, stack(0x0000005188800000,0x0000005188900000)]
  0x000001b61f842800 JavaThread "WorkerExecutor Queue" [_thread_blocked, id=8928, stack(0x0000005188900000,0x0000005188a00000)]
  0x000001b626874000 JavaThread "WorkerExecutor Queue Thread 2" [_thread_blocked, id=4800, stack(0x0000005188a00000,0x0000005188b00000)]
  0x000001b626874800 JavaThread "WorkerExecutor Queue Thread 3" [_thread_blocked, id=7312, stack(0x0000005188b00000,0x0000005188c00000)]
  0x000001b626872800 JavaThread "WorkerExecutor Queue Thread 4" [_thread_blocked, id=10288, stack(0x0000005188c00000,0x0000005188d00000)]
  0x000001b62687a800 JavaThread "pool-10-thread-1" [_thread_blocked, id=3584, stack(0x0000005188e00000,0x0000005188f00000)]
  0x000001b626876800 JavaThread "stderr" [_thread_in_native, id=2944, stack(0x0000005188f00000,0x0000005189000000)]
  0x000001b626877000 JavaThread "stdout" [_thread_in_native, id=1236, stack(0x0000005189000000,0x0000005189100000)]
  0x000001b626873000 JavaThread "RMI Scheduler(0)" daemon [_thread_blocked, id=3692, stack(0x0000005184200000,0x0000005184300000)]
  0x000001b626879800 JavaThread "RMI GC Daemon" daemon [_thread_blocked, id=9980, stack(0x0000005189100000,0x0000005189200000)]
  0x000001b626875800 JavaThread "RMI TCP Accept-0" daemon [_thread_in_native, id=5760, stack(0x0000005189300000,0x0000005189400000)]
  0x000001b62687c000 JavaThread "RMI Reaper" [_thread_blocked, id=1244, stack(0x0000005189400000,0x0000005189500000)]
  0x000001b62687d000 JavaThread "RMI TCP Connection(2)-127.0.0.1" daemon [_thread_in_native, id=12828, stack(0x0000005189500000,0x0000005189600000)]
  0x000001b626878000 JavaThread "C2 CompilerThread1" daemon [_thread_blocked, id=8844, stack(0x0000005184c00000,0x0000005184d00000)]

Other Threads:
=>0x000001b61e0d9000 VMThread "VM Thread" [stack: 0x0000005183000000,0x0000005183100000] [id=1700]
  0x000001b61eb4e800 WatcherThread [stack: 0x0000005183a00000,0x0000005183b00000] [id=9384]
  0x000001b60452a000 GCTaskThread "GC Thread#0" [stack: 0x0000005182b00000,0x0000005182c00000] [id=9988]
  0x000001b61ed09000 GCTaskThread "GC Thread#1" [stack: 0x0000005183c00000,0x0000005183d00000] [id=5208]
  0x000001b61f49e800 GCTaskThread "GC Thread#2" [stack: 0x0000005183d00000,0x0000005183e00000] [id=11696]
  0x000001b61fc1e000 GCTaskThread "GC Thread#3" [stack: 0x0000005184800000,0x0000005184900000] [id=13192]
  0x000001b604576800 ConcurrentGCThread "G1 Main Marker" [stack: 0x0000005182c00000,0x0000005182d00000] [id=10044]
  0x000001b604577800 ConcurrentGCThread "G1 Conc#0" [stack: 0x0000005182d00000,0x0000005182e00000] [id=3500]
  0x000001b6045ee000 ConcurrentGCThread "G1 Refine#0" [stack: 0x0000005182e00000,0x0000005182f00000] [id=10340]
  0x000001b61df68800 ConcurrentGCThread "G1 Young RemSet Sampling" [stack: 0x0000005182f00000,0x0000005183000000] [id=10876]

Threads with active compile tasks:
C2 CompilerThread02290291 25380 %     4       android.databinding.tool.reflection.SdkUtil$ApiChecker::buildFullLookup @ 124 (252 bytes)
C1 CompilerThread02290291 25394       3       android.databinding.tool.util.SymbolTableUtil::addResource (109 bytes)

VM state:at safepoint (normal execution)

VM Mutex/Monitor currently owned by a thread:  ([mutex/lock_event])
[0x000001b60450b410] Threads_lock - owner thread: 0x000001b61e0d9000
[0x000001b60450c3d0] Heap_lock - owner thread: 0x000001b626872800

Heap address: 0x0000000080000000, size: 2048 MB, Compressed Oops mode: 32-bit
Narrow klass base: 0x0000000000000000, Narrow klass shift: 3
Compressed class space size: 1073741824 Address: 0x0000000100000000

Heap:
 garbage-first heap   total 620544K, used 295369K [0x0000000080000000, 0x0000000100000000)
  region size 1024K, 2 young (2048K), 2 survivors (2048K)
 Metaspace       used 165202K, capacity 169451K, committed 169752K, reserved 1198080K
  class space    used 19872K, capacity 21387K, committed 21528K, reserved 1048576K
Heap Regions: E=young(eden), S=young(survivor), O=old, HS=humongous(starts), HC=humongous(continues), CS=collection set, F=free, A=archive, TAMS=top-at-mark-start (previous, next)
|   0|0x0000000080000000, 0x0000000080100000, 0x0000000080100000|100%| O|  |TAMS 0x0000000080100000, 0x0000000080100000| Untracked 
|   1|0x0000000080100000, 0x0000000080200000, 0x0000000080200000|100%| O|  |TAMS 0x0000000080200000, 0x0000000080200000| Untracked 
|   2|0x0000000080200000, 0x0000000080300000, 0x0000000080300000|100%| O|  |TAMS 0x0000000080300000, 0x0000000080300000| Untracked 
|   3|0x0000000080300000, 0x0000000080400000, 0x0000000080400000|100%|HS|  |TAMS 0x0000000080400000, 0x0000000080400000| Complete 
|   4|0x0000000080400000, 0x0000000080500000, 0x0000000080500000|100%|HC|  |TAMS 0x0000000080500000, 0x0000000080500000| Complete 
|   5|0x0000000080500000, 0x0000000080600000, 0x0000000080600000|100%|HC|  |TAMS 0x0000000080600000, 0x0000000080600000| Complete 
|   6|0x0000000080600000, 0x0000000080700000, 0x0000000080700000|100%| O|  |TAMS 0x0000000080700000, 0x0000000080700000| Untracked 
|   7|0x0000000080700000, 0x0000000080800000, 0x0000000080800000|100%| O|  |TAMS 0x0000000080800000, 0x0000000080800000| Untracked 
|   8|0x0000000080800000, 0x0000000080900000, 0x0000000080900000|100%| O|  |TAMS 0x0000000080900000, 0x0000000080900000| Untracked 
|   9|0x0000000080900000, 0x0000000080a00000, 0x0000000080a00000|100%| O|  |TAMS 0x0000000080a00000, 0x0000000080a00000| Untracked 
|  10|0x0000000080a00000, 0x0000000080b00000, 0x0000000080b00000|100%| O|  |TAMS 0x0000000080b00000, 0x0000000080b00000| Untracked 
|  11|0x0000000080b00000, 0x0000000080c00000, 0x0000000080c00000|100%| O|  |TAMS 0x0000000080c00000, 0x0000000080c00000| Untracked 
|  12|0x0000000080c00000, 0x0000000080d00000, 0x0000000080d00000|100%| O|  |TAMS 0x0000000080d00000, 0x0000000080d00000| Untracked 
|  13|0x0000000080d00000, 0x0000000080e00000, 0x0000000080e00000|100%| O|  |TAMS 0x0000000080e00000, 0x0000000080e00000| Untracked 
|  14|0x0000000080e00000, 0x0000000080f00000, 0x0000000080f00000|100%| O|  |TAMS 0x0000000080f00000, 0x0000000080f00000| Untracked 
|  15|0x0000000080f00000, 0x0000000081000000, 0x0000000081000000|100%| O|  |TAMS 0x0000000081000000, 0x0000000081000000| Untracked 
|  16|0x0000000081000000, 0x0000000081100000, 0x0000000081100000|100%|HS|  |TAMS 0x0000000081100000, 0x0000000081100000| Complete 
|  17|0x0000000081100000, 0x0000000081200000, 0x0000000081200000|100%|HC|  |TAMS 0x0000000081200000, 0x0000000081200000| Complete 
|  18|0x0000000081200000, 0x0000000081300000, 0x0000000081300000|100%|HS|  |TAMS 0x0000000081300000, 0x0000000081300000| Complete 
|  19|0x0000000081300000, 0x0000000081400000, 0x0000000081400000|100%|HC|  |TAMS 0x0000000081400000, 0x0000000081400000| Complete 
|  20|0x0000000081400000, 0x0000000081500000, 0x0000000081500000|100%|HC|  |TAMS 0x0000000081500000, 0x0000000081500000| Complete 
|  21|0x0000000081500000, 0x0000000081600000, 0x0000000081600000|100%|HS|  |TAMS 0x0000000081600000, 0x0000000081600000| Complete 
|  22|0x0000000081600000, 0x0000000081700000, 0x0000000081700000|100%|HS|  |TAMS 0x0000000081700000, 0x0000000081700000| Complete 
|  23|0x0000000081700000, 0x0000000081800000, 0x0000000081800000|100%|HC|  |TAMS 0x0000000081800000, 0x0000000081800000| Complete 
|  24|0x0000000081800000, 0x0000000081900000, 0x0000000081900000|100%|HC|  |TAMS 0x0000000081900000, 0x0000000081900000| Complete 
|  25|0x0000000081900000, 0x0000000081a00000, 0x0000000081a00000|100%|HC|  |TAMS 0x0000000081a00000, 0x0000000081a00000| Complete 
|  26|0x0000000081a00000, 0x0000000081b00000, 0x0000000081b00000|100%| O|  |TAMS 0x0000000081b00000, 0x0000000081b00000| Untracked 
|  27|0x0000000081b00000, 0x0000000081c00000, 0x0000000081c00000|100%| O|  |TAMS 0x0000000081c00000, 0x0000000081c00000| Untracked 
|  28|0x0000000081c00000, 0x0000000081d00000, 0x0000000081d00000|100%| O|  |TAMS 0x0000000081d00000, 0x0000000081d00000| Untracked 
|  29|0x0000000081d00000, 0x0000000081e00000, 0x0000000081e00000|100%| O|  |TAMS 0x0000000081e00000, 0x0000000081e00000| Untracked 
|  30|0x0000000081e00000, 0x0000000081f00000, 0x0000000081f00000|100%| O|  |TAMS 0x0000000081f00000, 0x0000000081f00000| Untracked 
|  31|0x0000000081f00000, 0x0000000082000000, 0x0000000082000000|100%| O|  |TAMS 0x0000000082000000, 0x0000000082000000| Untracked 
|  32|0x0000000082000000, 0x0000000082100000, 0x0000000082100000|100%| O|  |TAMS 0x0000000082100000, 0x0000000082100000| Untracked 
|  33|0x0000000082100000, 0x0000000082200000, 0x0000000082200000|100%| O|  |TAMS 0x0000000082200000, 0x0000000082200000| Untracked 
|  34|0x0000000082200000, 0x0000000082300000, 0x0000000082300000|100%|HS|  |TAMS 0x0000000082300000, 0x0000000082300000| Complete 
|  35|0x0000000082300000, 0x0000000082400000, 0x0000000082400000|100%|HC|  |TAMS 0x0000000082400000, 0x0000000082400000| Complete 
|  36|0x0000000082400000, 0x0000000082500000, 0x0000000082500000|100%|HC|  |TAMS 0x0000000082500000, 0x0000000082500000| Complete 
|  37|0x0000000082500000, 0x0000000082600000, 0x0000000082600000|100%|HS|  |TAMS 0x0000000082600000, 0x0000000082600000| Complete 
|  38|0x0000000082600000, 0x0000000082700000, 0x0000000082700000|100%|HS|  |TAMS 0x0000000082700000, 0x0000000082700000| Complete 
|  39|0x0000000082700000, 0x0000000082800000, 0x0000000082800000|100%|HS|  |TAMS 0x0000000082800000, 0x0000000082800000| Complete 
|  40|0x0000000082800000, 0x0000000082900000, 0x0000000082900000|100%|HC|  |TAMS 0x0000000082900000, 0x0000000082900000| Complete 
|  41|0x0000000082900000, 0x0000000082a00000, 0x0000000082a00000|100%|HC|  |TAMS 0x0000000082a00000, 0x0000000082a00000| Complete 
|  42|0x0000000082a00000, 0x0000000082b00000, 0x0000000082b00000|100%|HC|  |TAMS 0x0000000082b00000, 0x0000000082b00000| Complete 
|  43|0x0000000082b00000, 0x0000000082c00000, 0x0000000082c00000|100%| O|  |TAMS 0x0000000082c00000, 0x0000000082c00000| Untracked 
|  44|0x0000000082c00000, 0x0000000082d00000, 0x0000000082d00000|100%| O|  |TAMS 0x0000000082d00000, 0x0000000082d00000| Untracked 
|  45|0x0000000082d00000, 0x0000000082e00000, 0x0000000082e00000|100%| O|  |TAMS 0x0000000082e00000, 0x0000000082e00000| Untracked 
|  46|0x0000000082e00000, 0x0000000082f00000, 0x0000000082f00000|100%|HS|  |TAMS 0x0000000082f00000, 0x0000000082f00000| Complete 
|  47|0x0000000082f00000, 0x0000000083000000, 0x0000000083000000|100%|HS|  |TAMS 0x0000000083000000, 0x0000000083000000| Complete 
|  48|0x0000000083000000, 0x0000000083100000, 0x0000000083100000|100%| O|  |TAMS 0x0000000083100000, 0x0000000083100000| Untracked 
|  49|0x0000000083100000, 0x0000000083200000, 0x0000000083200000|100%| O|  |TAMS 0x0000000083200000, 0x0000000083200000| Untracked 
|  50|0x0000000083200000, 0x0000000083300000, 0x0000000083300000|100%| O|  |TAMS 0x0000000083300000, 0x0000000083300000| Untracked 
|  51|0x0000000083300000, 0x0000000083400000, 0x0000000083400000|100%| O|  |TAMS 0x0000000083400000, 0x0000000083400000| Untracked 
|  52|0x0000000083400000, 0x0000000083500000, 0x0000000083500000|100%| O|  |TAMS 0x0000000083500000, 0x0000000083500000| Untracked 
|  53|0x0000000083500000, 0x0000000083600000, 0x0000000083600000|100%| O|  |TAMS 0x0000000083600000, 0x0000000083600000| Untracked 
|  54|0x0000000083600000, 0x0000000083700000, 0x0000000083700000|100%| O|  |TAMS 0x0000000083700000, 0x0000000083700000| Untracked 
|  55|0x0000000083700000, 0x0000000083800000, 0x0000000083800000|100%| O|  |TAMS 0x0000000083800000, 0x0000000083800000| Untracked 
|  56|0x0000000083800000, 0x0000000083900000, 0x0000000083900000|100%| O|  |TAMS 0x0000000083900000, 0x0000000083900000| Untracked 
|  57|0x0000000083900000, 0x0000000083a00000, 0x0000000083a00000|100%| O|  |TAMS 0x0000000083a00000, 0x0000000083a00000| Untracked 
|  58|0x0000000083a00000, 0x0000000083b00000, 0x0000000083b00000|100%|HS|  |TAMS 0x0000000083b00000, 0x0000000083b00000| Complete 
|  59|0x0000000083b00000, 0x0000000083c00000, 0x0000000083c00000|100%|HC|  |TAMS 0x0000000083c00000, 0x0000000083c00000| Complete 
|  60|0x0000000083c00000, 0x0000000083d00000, 0x0000000083d00000|100%|HC|  |TAMS 0x0000000083d00000, 0x0000000083d00000| Complete 
|  61|0x0000000083d00000, 0x0000000083e00000, 0x0000000083e00000|100%|HS|  |TAMS 0x0000000083e00000, 0x0000000083e00000| Complete 
|  62|0x0000000083e00000, 0x0000000083f00000, 0x0000000083f00000|100%|HC|  |TAMS 0x0000000083f00000, 0x0000000083f00000| Complete 
|  63|0x0000000083f00000, 0x0000000084000000, 0x0000000084000000|100%| O|  |TAMS 0x0000000084000000, 0x0000000084000000| Untracked 
|  64|0x0000000084000000, 0x0000000084100000, 0x0000000084100000|100%| O|  |TAMS 0x0000000084100000, 0x0000000084100000| Untracked 
|  65|0x0000000084100000, 0x0000000084200000, 0x0000000084200000|100%| O|  |TAMS 0x0000000084200000, 0x0000000084200000| Untracked 
|  66|0x0000000084200000, 0x0000000084300000, 0x0000000084300000|100%| O|  |TAMS 0x0000000084300000, 0x0000000084300000| Untracked 
|  67|0x0000000084300000, 0x0000000084400000, 0x0000000084400000|100%| O|  |TAMS 0x0000000084400000, 0x0000000084400000| Untracked 
|  68|0x0000000084400000, 0x0000000084500000, 0x0000000084500000|100%| O|  |TAMS 0x0000000084500000, 0x0000000084500000| Untracked 
|  69|0x0000000084500000, 0x0000000084600000, 0x0000000084600000|100%| O|  |TAMS 0x0000000084600000, 0x0000000084600000| Untracked 
|  70|0x0000000084600000, 0x0000000084700000, 0x0000000084700000|100%| O|  |TAMS 0x0000000084700000, 0x0000000084700000| Untracked 
|  71|0x0000000084700000, 0x0000000084800000, 0x0000000084800000|100%| O|  |TAMS 0x0000000084800000, 0x0000000084800000| Untracked 
|  72|0x0000000084800000, 0x0000000084900000, 0x0000000084900000|100%| O|  |TAMS 0x0000000084900000, 0x0000000084900000| Untracked 
|  73|0x0000000084900000, 0x0000000084a00000, 0x0000000084a00000|100%| O|  |TAMS 0x0000000084a00000, 0x0000000084a00000| Untracked 
|  74|0x0000000084a00000, 0x0000000084b00000, 0x0000000084b00000|100%| O|  |TAMS 0x0000000084b00000, 0x0000000084b00000| Untracked 
|  75|0x0000000084b00000, 0x0000000084c00000, 0x0000000084c00000|100%| O|  |TAMS 0x0000000084c00000, 0x0000000084c00000| Untracked 
|  76|0x0000000084c00000, 0x0000000084d00000, 0x0000000084d00000|100%| O|  |TAMS 0x0000000084d00000, 0x0000000084d00000| Untracked 
|  77|0x0000000084d00000, 0x0000000084e00000, 0x0000000084e00000|100%| O|  |TAMS 0x0000000084e00000, 0x0000000084e00000| Untracked 
|  78|0x0000000084e00000, 0x0000000084f00000, 0x0000000084f00000|100%| O|  |TAMS 0x0000000084f00000, 0x0000000084f00000| Untracked 
|  79|0x0000000084f00000, 0x0000000085000000, 0x0000000085000000|100%| O|  |TAMS 0x0000000085000000, 0x0000000085000000| Untracked 
|  80|0x0000000085000000, 0x0000000085100000, 0x0000000085100000|100%| O|  |TAMS 0x0000000085100000, 0x0000000085100000| Untracked 
|  81|0x0000000085100000, 0x0000000085200000, 0x0000000085200000|100%| O|  |TAMS 0x0000000085200000, 0x0000000085200000| Untracked 
|  82|0x0000000085200000, 0x0000000085300000, 0x0000000085300000|100%| O|  |TAMS 0x0000000085300000, 0x0000000085300000| Untracked 
|  83|0x0000000085300000, 0x0000000085400000, 0x0000000085400000|100%| O|  |TAMS 0x0000000085400000, 0x0000000085400000| Untracked 
|  84|0x0000000085400000, 0x0000000085500000, 0x0000000085500000|100%| O|  |TAMS 0x0000000085500000, 0x0000000085500000| Untracked 
|  85|0x0000000085500000, 0x0000000085600000, 0x0000000085600000|100%| O|  |TAMS 0x0000000085600000, 0x0000000085600000| Untracked 
|  86|0x0000000085600000, 0x0000000085700000, 0x0000000085700000|100%| O|  |TAMS 0x0000000085700000, 0x0000000085700000| Untracked 
|  87|0x0000000085700000, 0x0000000085800000, 0x0000000085800000|100%| O|  |TAMS 0x0000000085700000, 0x0000000085800000| Untracked 
|  88|0x0000000085800000, 0x0000000085900000, 0x0000000085900000|100%| O|  |TAMS 0x0000000085800000, 0x0000000085900000| Untracked 
|  89|0x0000000085900000, 0x0000000085a00000, 0x0000000085a00000|100%| O|  |TAMS 0x0000000085a00000, 0x0000000085a00000| Untracked 
|  90|0x0000000085a00000, 0x0000000085b00000, 0x0000000085b00000|100%| O|  |TAMS 0x0000000085b00000, 0x0000000085b00000| Untracked 
|  91|0x0000000085b00000, 0x0000000085c00000, 0x0000000085c00000|100%| O|  |TAMS 0x0000000085c00000, 0x0000000085c00000| Untracked 
|  92|0x0000000085c00000, 0x0000000085d00000, 0x0000000085d00000|100%| O|  |TAMS 0x0000000085d00000, 0x0000000085d00000| Untracked 
|  93|0x0000000085d00000, 0x0000000085e00000, 0x0000000085e00000|100%|HS|  |TAMS 0x0000000085e00000, 0x0000000085e00000| Complete 
|  94|0x0000000085e00000, 0x0000000085f00000, 0x0000000085f00000|100%|HC|  |TAMS 0x0000000085f00000, 0x0000000085f00000| Complete 
|  95|0x0000000085f00000, 0x0000000086000000, 0x0000000086000000|100%|HS|  |TAMS 0x0000000086000000, 0x0000000086000000| Complete 
|  96|0x0000000086000000, 0x0000000086100000, 0x0000000086100000|100%|HC|  |TAMS 0x0000000086100000, 0x0000000086100000| Complete 
|  97|0x0000000086100000, 0x0000000086200000, 0x0000000086200000|100%|HC|  |TAMS 0x0000000086200000, 0x0000000086200000| Complete 
|  98|0x0000000086200000, 0x0000000086300000, 0x0000000086300000|100%|HS|  |TAMS 0x0000000086300000, 0x0000000086300000| Complete 
|  99|0x0000000086300000, 0x0000000086400000, 0x0000000086400000|100%|HS|  |TAMS 0x0000000086400000, 0x0000000086400000| Complete 
| 100|0x0000000086400000, 0x0000000086500000, 0x0000000086500000|100%|HC|  |TAMS 0x0000000086500000, 0x0000000086500000| Complete 
| 101|0x0000000086500000, 0x0000000086600000, 0x0000000086600000|100%|HC|  |TAMS 0x0000000086600000, 0x0000000086600000| Complete 
| 102|0x0000000086600000, 0x0000000086700000, 0x0000000086700000|100%|HC|  |TAMS 0x0000000086700000, 0x0000000086700000| Complete 
| 103|0x0000000086700000, 0x0000000086800000, 0x0000000086800000|100%| O|  |TAMS 0x0000000086800000, 0x0000000086800000| Untracked 
| 104|0x0000000086800000, 0x0000000086900000, 0x0000000086900000|100%| O|  |TAMS 0x0000000086900000, 0x0000000086900000| Untracked 
| 105|0x0000000086900000, 0x0000000086a00000, 0x0000000086a00000|100%| O|  |TAMS 0x0000000086a00000, 0x0000000086a00000| Untracked 
| 106|0x0000000086a00000, 0x0000000086b00000, 0x0000000086b00000|100%| O|  |TAMS 0x0000000086b00000, 0x0000000086b00000| Untracked 
| 107|0x0000000086b00000, 0x0000000086c00000, 0x0000000086c00000|100%| O|  |TAMS 0x0000000086b00000, 0x0000000086c00000| Untracked 
| 108|0x0000000086c00000, 0x0000000086d00000, 0x0000000086d00000|100%| O|  |TAMS 0x0000000086d00000, 0x0000000086d00000| Untracked 
| 109|0x0000000086d00000, 0x0000000086e00000, 0x0000000086e00000|100%| O|  |TAMS 0x0000000086e00000, 0x0000000086e00000| Untracked 
| 110|0x0000000086e00000, 0x0000000086f00000, 0x0000000086f00000|100%| O|  |TAMS 0x0000000086e00000, 0x0000000086f00000| Untracked 
| 111|0x0000000086f00000, 0x0000000087000000, 0x0000000087000000|100%| O|  |TAMS 0x0000000087000000, 0x0000000087000000| Untracked 
| 112|0x0000000087000000, 0x0000000087100000, 0x0000000087100000|100%| O|  |TAMS 0x0000000087100000, 0x0000000087100000| Untracked 
| 113|0x0000000087100000, 0x0000000087200000, 0x0000000087200000|100%| O|  |TAMS 0x0000000087200000, 0x0000000087200000| Untracked 
| 114|0x0000000087200000, 0x0000000087300000, 0x0000000087300000|100%| O|  |TAMS 0x0000000087300000, 0x0000000087300000| Untracked 
| 115|0x0000000087300000, 0x0000000087400000, 0x0000000087400000|100%| O|  |TAMS 0x0000000087400000, 0x0000000087400000| Untracked 
| 116|0x0000000087400000, 0x0000000087500000, 0x0000000087500000|100%| O|  |TAMS 0x0000000087500000, 0x0000000087500000| Untracked 
| 117|0x0000000087500000, 0x0000000087600000, 0x0000000087600000|100%| O|  |TAMS 0x0000000087600000, 0x0000000087600000| Untracked 
| 118|0x0000000087600000, 0x0000000087700000, 0x0000000087700000|100%| O|  |TAMS 0x0000000087700000, 0x0000000087700000| Untracked 
| 119|0x0000000087700000, 0x0000000087800000, 0x0000000087800000|100%| O|  |TAMS 0x0000000087700000, 0x0000000087800000| Untracked 
| 120|0x0000000087800000, 0x0000000087900000, 0x0000000087900000|100%| O|  |TAMS 0x0000000087900000, 0x0000000087900000| Untracked 
| 121|0x0000000087900000, 0x0000000087a00000, 0x0000000087a00000|100%| O|  |TAMS 0x0000000087a00000, 0x0000000087a00000| Untracked 
| 122|0x0000000087a00000, 0x0000000087b00000, 0x0000000087b00000|100%| O|  |TAMS 0x0000000087b00000, 0x0000000087b00000| Untracked 
| 123|0x0000000087b00000, 0x0000000087c00000, 0x0000000087c00000|100%| O|  |TAMS 0x0000000087c00000, 0x0000000087c00000| Untracked 
| 124|0x0000000087c00000, 0x0000000087d00000, 0x0000000087d00000|100%| O|  |TAMS 0x0000000087d00000, 0x0000000087d00000| Untracked 
| 125|0x0000000087d00000, 0x0000000087e00000, 0x0000000087e00000|100%| O|  |TAMS 0x0000000087d00000, 0x0000000087e00000| Untracked 
| 126|0x0000000087e00000, 0x0000000087f00000, 0x0000000087f00000|100%| O|  |TAMS 0x0000000087e00000, 0x0000000087f00000| Untracked 
| 127|0x0000000087f00000, 0x0000000088000000, 0x0000000088000000|100%| O|  |TAMS 0x0000000087f00000, 0x0000000088000000| Untracked 
| 128|0x0000000088000000, 0x0000000088100000, 0x0000000088100000|100%| O|  |TAMS 0x0000000088000000, 0x0000000088100000| Untracked 
| 129|0x0000000088100000, 0x0000000088200000, 0x0000000088200000|100%| O|  |TAMS 0x0000000088200000, 0x0000000088200000| Untracked 
| 130|0x0000000088200000, 0x0000000088300000, 0x0000000088300000|100%| O|  |TAMS 0x0000000088200000, 0x0000000088300000| Untracked 
| 131|0x0000000088300000, 0x0000000088400000, 0x0000000088400000|100%| O|  |TAMS 0x0000000088300000, 0x0000000088400000| Untracked 
| 132|0x0000000088400000, 0x0000000088500000, 0x0000000088500000|100%| O|  |TAMS 0x0000000088500000, 0x0000000088500000| Untracked 
| 133|0x0000000088500000, 0x0000000088600000, 0x0000000088600000|100%| O|  |TAMS 0x0000000088500000, 0x0000000088580000| Untracked 
| 134|0x0000000088600000, 0x0000000088700000, 0x0000000088700000|100%| O|  |TAMS 0x0000000088600000, 0x0000000088600000| Untracked 
| 135|0x0000000088700000, 0x0000000088800000, 0x0000000088800000|100%|HS|  |TAMS 0x0000000088800000, 0x0000000088800000| Complete 
| 136|0x0000000088800000, 0x0000000088900000, 0x0000000088900000|100%|HC|  |TAMS 0x0000000088900000, 0x0000000088900000| Complete 
| 137|0x0000000088900000, 0x0000000088a00000, 0x0000000088a00000|100%|HC|  |TAMS 0x0000000088a00000, 0x0000000088a00000| Complete 
| 138|0x0000000088a00000, 0x0000000088b00000, 0x0000000088b00000|100%|HS|  |TAMS 0x0000000088b00000, 0x0000000088b00000| Complete 
| 139|0x0000000088b00000, 0x0000000088c00000, 0x0000000088c00000|100%|HC|  |TAMS 0x0000000088c00000, 0x0000000088c00000| Complete 
| 140|0x0000000088c00000, 0x0000000088d00000, 0x0000000088d00000|100%|HS|  |TAMS 0x0000000088d00000, 0x0000000088d00000| Complete 
| 141|0x0000000088d00000, 0x0000000088e00000, 0x0000000088e00000|100%| O|  |TAMS 0x0000000088e00000, 0x0000000088e00000| Untracked 
| 142|0x0000000088e00000, 0x0000000088f00000, 0x0000000088f00000|100%| O|  |TAMS 0x0000000088f00000, 0x0000000088f00000| Untracked 
| 143|0x0000000088f00000, 0x0000000089000000, 0x0000000089000000|100%| O|  |TAMS 0x0000000089000000, 0x0000000089000000| Untracked 
| 144|0x0000000089000000, 0x0000000089100000, 0x0000000089100000|100%| O|  |TAMS 0x0000000089100000, 0x0000000089100000| Untracked 
| 145|0x0000000089100000, 0x0000000089200000, 0x0000000089200000|100%| O|  |TAMS 0x0000000089200000, 0x0000000089200000| Untracked 
| 146|0x0000000089200000, 0x0000000089300000, 0x0000000089300000|100%| O|  |TAMS 0x0000000089300000, 0x0000000089300000| Untracked 
| 147|0x0000000089300000, 0x0000000089400000, 0x0000000089400000|100%| O|  |TAMS 0x0000000089400000, 0x0000000089400000| Untracked 
| 148|0x0000000089400000, 0x0000000089500000, 0x0000000089500000|100%| O|  |TAMS 0x0000000089500000, 0x0000000089500000| Untracked 
| 149|0x0000000089500000, 0x0000000089600000, 0x0000000089600000|100%| O|  |TAMS 0x0000000089600000, 0x0000000089600000| Untracked 
| 150|0x0000000089600000, 0x0000000089700000, 0x0000000089700000|100%| O|  |TAMS 0x0000000089700000, 0x0000000089700000| Untracked 
| 151|0x0000000089700000, 0x0000000089800000, 0x0000000089800000|100%| O|  |TAMS 0x0000000089800000, 0x0000000089800000| Untracked 
| 152|0x0000000089800000, 0x0000000089900000, 0x0000000089900000|100%| O|  |TAMS 0x0000000089900000, 0x0000000089900000| Untracked 
| 153|0x0000000089900000, 0x0000000089a00000, 0x0000000089a00000|100%| O|  |TAMS 0x0000000089a00000, 0x0000000089a00000| Untracked 
| 154|0x0000000089a00000, 0x0000000089b00000, 0x0000000089b00000|100%| O|  |TAMS 0x0000000089a00000, 0x0000000089a00000| Untracked 
| 155|0x0000000089b00000, 0x0000000089c00000, 0x0000000089c00000|100%| O|  |TAMS 0x0000000089c00000, 0x0000000089c00000| Untracked 
| 156|0x0000000089c00000, 0x0000000089d00000, 0x0000000089d00000|100%| O|  |TAMS 0x0000000089d00000, 0x0000000089d00000| Untracked 
| 157|0x0000000089d00000, 0x0000000089e00000, 0x0000000089e00000|100%| O|  |TAMS 0x0000000089e00000, 0x0000000089e00000| Untracked 
| 158|0x0000000089e00000, 0x0000000089f00000, 0x0000000089f00000|100%| O|  |TAMS 0x0000000089f00000, 0x0000000089f00000| Untracked 
| 159|0x0000000089f00000, 0x000000008a000000, 0x000000008a000000|100%| O|  |TAMS 0x000000008a000000, 0x000000008a000000| Untracked 
| 160|0x000000008a000000, 0x000000008a100000, 0x000000008a100000|100%| O|  |TAMS 0x000000008a100000, 0x000000008a100000| Untracked 
| 161|0x000000008a100000, 0x000000008a200000, 0x000000008a200000|100%| O|  |TAMS 0x000000008a200000, 0x000000008a200000| Untracked 
| 162|0x000000008a200000, 0x000000008a300000, 0x000000008a300000|100%| O|  |TAMS 0x000000008a300000, 0x000000008a300000| Untracked 
| 163|0x000000008a300000, 0x000000008a400000, 0x000000008a400000|100%| O|  |TAMS 0x000000008a400000, 0x000000008a400000| Untracked 
| 164|0x000000008a400000, 0x000000008a500000, 0x000000008a500000|100%| O|  |TAMS 0x000000008a500000, 0x000000008a500000| Untracked 
| 165|0x000000008a500000, 0x000000008a600000, 0x000000008a600000|100%| O|  |TAMS 0x000000008a500000, 0x000000008a500000| Untracked 
| 166|0x000000008a600000, 0x000000008a700000, 0x000000008a700000|100%| O|  |TAMS 0x000000008a600000, 0x000000008a600000| Untracked 
| 167|0x000000008a700000, 0x000000008a800000, 0x000000008a800000|100%| O|  |TAMS 0x000000008a800000, 0x000000008a800000| Untracked 
| 168|0x000000008a800000, 0x000000008a900000, 0x000000008a900000|100%| O|  |TAMS 0x000000008a900000, 0x000000008a900000| Untracked 
| 169|0x000000008a900000, 0x000000008aa00000, 0x000000008aa00000|100%| O|  |TAMS 0x000000008aa00000, 0x000000008aa00000| Untracked 
| 170|0x000000008aa00000, 0x000000008ab00000, 0x000000008ab00000|100%| O|  |TAMS 0x000000008ab00000, 0x000000008ab00000| Untracked 
| 171|0x000000008ab00000, 0x000000008ac00000, 0x000000008ac00000|100%| O|  |TAMS 0x000000008ac00000, 0x000000008ac00000| Untracked 
| 172|0x000000008ac00000, 0x000000008ad00000, 0x000000008ad00000|100%| O|  |TAMS 0x000000008ad00000, 0x000000008ad00000| Untracked 
| 173|0x000000008ad00000, 0x000000008ae00000, 0x000000008ae00000|100%| O|  |TAMS 0x000000008ae00000, 0x000000008ae00000| Untracked 
| 174|0x000000008ae00000, 0x000000008af00000, 0x000000008af00000|100%| O|  |TAMS 0x000000008af00000, 0x000000008af00000| Untracked 
| 175|0x000000008af00000, 0x000000008b000000, 0x000000008b000000|100%| O|  |TAMS 0x000000008b000000, 0x000000008b000000| Untracked 
| 176|0x000000008b000000, 0x000000008b100000, 0x000000008b100000|100%| O|  |TAMS 0x000000008b100000, 0x000000008b100000| Untracked 
| 177|0x000000008b100000, 0x000000008b200000, 0x000000008b200000|100%| O|  |TAMS 0x000000008b200000, 0x000000008b200000| Untracked 
| 178|0x000000008b200000, 0x000000008b300000, 0x000000008b300000|100%| O|  |TAMS 0x000000008b300000, 0x000000008b300000| Untracked 
| 179|0x000000008b300000, 0x000000008b400000, 0x000000008b400000|100%| O|  |TAMS 0x000000008b300000, 0x000000008b300000| Untracked 
| 180|0x000000008b400000, 0x000000008b500000, 0x000000008b500000|100%| O|  |TAMS 0x000000008b500000, 0x000000008b500000| Untracked 
| 181|0x000000008b500000, 0x000000008b600000, 0x000000008b600000|100%| O|  |TAMS 0x000000008b500000, 0x000000008b500000| Untracked 
| 182|0x000000008b600000, 0x000000008b700000, 0x000000008b700000|100%| O|  |TAMS 0x000000008b700000, 0x000000008b700000| Untracked 
| 183|0x000000008b700000, 0x000000008b800000, 0x000000008b800000|100%| O|  |TAMS 0x000000008b800000, 0x000000008b800000| Untracked 
| 184|0x000000008b800000, 0x000000008b900000, 0x000000008b900000|100%| O|  |TAMS 0x000000008b900000, 0x000000008b900000| Untracked 
| 185|0x000000008b900000, 0x000000008ba00000, 0x000000008ba00000|100%| O|  |TAMS 0x000000008ba00000, 0x000000008ba00000| Untracked 
| 186|0x000000008ba00000, 0x000000008bb00000, 0x000000008bb00000|100%| O|  |TAMS 0x000000008bb00000, 0x000000008bb00000| Untracked 
| 187|0x000000008bb00000, 0x000000008bc00000, 0x000000008bc00000|100%| O|  |TAMS 0x000000008bc00000, 0x000000008bc00000| Untracked 
| 188|0x000000008bc00000, 0x000000008bd00000, 0x000000008bd00000|100%| O|  |TAMS 0x000000008bd00000, 0x000000008bd00000| Untracked 
| 189|0x000000008bd00000, 0x000000008be00000, 0x000000008be00000|100%| O|  |TAMS 0x000000008be00000, 0x000000008be00000| Untracked 
| 190|0x000000008be00000, 0x000000008bf00000, 0x000000008bf00000|100%| O|  |TAMS 0x000000008bf00000, 0x000000008bf00000| Untracked 
| 191|0x000000008bf00000, 0x000000008c000000, 0x000000008c000000|100%| O|  |TAMS 0x000000008c000000, 0x000000008c000000| Untracked 
| 192|0x000000008c000000, 0x000000008c100000, 0x000000008c100000|100%| O|  |TAMS 0x000000008c100000, 0x000000008c100000| Untracked 
| 193|0x000000008c100000, 0x000000008c200000, 0x000000008c200000|100%| O|  |TAMS 0x000000008c200000, 0x000000008c200000| Untracked 
| 194|0x000000008c200000, 0x000000008c300000, 0x000000008c300000|100%| O|  |TAMS 0x000000008c300000, 0x000000008c300000| Untracked 
| 195|0x000000008c300000, 0x000000008c400000, 0x000000008c400000|100%| O|  |TAMS 0x000000008c400000, 0x000000008c400000| Untracked 
| 196|0x000000008c400000, 0x000000008c500000, 0x000000008c500000|100%| O|  |TAMS 0x000000008c500000, 0x000000008c500000| Untracked 
| 197|0x000000008c500000, 0x000000008c600000, 0x000000008c600000|100%| O|  |TAMS 0x000000008c600000, 0x000000008c600000| Untracked 
| 198|0x000000008c600000, 0x000000008c700000, 0x000000008c700000|100%| O|  |TAMS 0x000000008c600000, 0x000000008c600000| Untracked 
| 199|0x000000008c700000, 0x000000008c800000, 0x000000008c800000|100%| O|  |TAMS 0x000000008c800000, 0x000000008c800000| Untracked 
| 200|0x000000008c800000, 0x000000008c900000, 0x000000008c900000|100%| O|  |TAMS 0x000000008c900000, 0x000000008c900000| Untracked 
| 201|0x000000008c900000, 0x000000008ca00000, 0x000000008ca00000|100%| O|  |TAMS 0x000000008c900000, 0x000000008c900000| Untracked 
| 202|0x000000008ca00000, 0x000000008cb00000, 0x000000008cb00000|100%| O|  |TAMS 0x000000008cb00000, 0x000000008cb00000| Untracked 
| 203|0x000000008cb00000, 0x000000008cc00000, 0x000000008cc00000|100%| O|  |TAMS 0x000000008cc00000, 0x000000008cc00000| Untracked 
| 204|0x000000008cc00000, 0x000000008cd00000, 0x000000008cd00000|100%| O|  |TAMS 0x000000008cd00000, 0x000000008cd00000| Untracked 
| 205|0x000000008cd00000, 0x000000008ce00000, 0x000000008ce00000|100%| O|  |TAMS 0x000000008ce00000, 0x000000008ce00000| Untracked 
| 206|0x000000008ce00000, 0x000000008cf00000, 0x000000008cf00000|100%| O|  |TAMS 0x000000008cf00000, 0x000000008cf00000| Untracked 
| 207|0x000000008cf00000, 0x000000008d000000, 0x000000008d000000|100%| O|  |TAMS 0x000000008d000000, 0x000000008d000000| Untracked 
| 208|0x000000008d000000, 0x000000008d100000, 0x000000008d100000|100%| O|  |TAMS 0x000000008d100000, 0x000000008d100000| Untracked 
| 209|0x000000008d100000, 0x000000008d200000, 0x000000008d200000|100%| O|  |TAMS 0x000000008d200000, 0x000000008d200000| Untracked 
| 210|0x000000008d200000, 0x000000008d300000, 0x000000008d300000|100%| O|  |TAMS 0x000000008d300000, 0x000000008d300000| Untracked 
| 211|0x000000008d300000, 0x000000008d400000, 0x000000008d400000|100%| O|  |TAMS 0x000000008d400000, 0x000000008d400000| Untracked 
| 212|0x000000008d400000, 0x000000008d500000, 0x000000008d500000|100%| O|  |TAMS 0x000000008d400000, 0x000000008d400000| Untracked 
| 213|0x000000008d500000, 0x000000008d600000, 0x000000008d600000|100%| O|  |TAMS 0x000000008d500000, 0x000000008d600000| Untracked 
| 214|0x000000008d600000, 0x000000008d700000, 0x000000008d700000|100%| O|  |TAMS 0x000000008d600000, 0x000000008d600000| Untracked 
| 215|0x000000008d700000, 0x000000008d800000, 0x000000008d800000|100%| O|  |TAMS 0x000000008d800000, 0x000000008d800000| Untracked 
| 216|0x000000008d800000, 0x000000008d900000, 0x000000008d900000|100%| O|  |TAMS 0x000000008d900000, 0x000000008d900000| Untracked 
| 217|0x000000008d900000, 0x000000008da00000, 0x000000008da00000|100%| O|  |TAMS 0x000000008da00000, 0x000000008da00000| Untracked 
| 218|0x000000008da00000, 0x000000008db00000, 0x000000008db00000|100%| O|  |TAMS 0x000000008db00000, 0x000000008db00000| Untracked 
| 219|0x000000008db00000, 0x000000008dc00000, 0x000000008dc00000|100%| O|  |TAMS 0x000000008db00000, 0x000000008db00000| Untracked 
| 220|0x000000008dc00000, 0x000000008dd00000, 0x000000008dd00000|100%| O|  |TAMS 0x000000008dd00000, 0x000000008dd00000| Untracked 
| 221|0x000000008dd00000, 0x000000008de00000, 0x000000008de00000|100%| O|  |TAMS 0x000000008de00000, 0x000000008de00000| Untracked 
| 222|0x000000008de00000, 0x000000008df00000, 0x000000008df00000|100%| O|  |TAMS 0x000000008df00000, 0x000000008df00000| Untracked 
| 223|0x000000008df00000, 0x000000008e000000, 0x000000008e000000|100%| O|  |TAMS 0x000000008e000000, 0x000000008e000000| Untracked 
| 224|0x000000008e000000, 0x000000008e100000, 0x000000008e100000|100%| O|  |TAMS 0x000000008e100000, 0x000000008e100000| Untracked 
| 225|0x000000008e100000, 0x000000008e200000, 0x000000008e200000|100%| O|  |TAMS 0x000000008e200000, 0x000000008e200000| Untracked 
| 226|0x000000008e200000, 0x000000008e300000, 0x000000008e300000|100%| O|  |TAMS 0x000000008e300000, 0x000000008e300000| Untracked 
| 227|0x000000008e300000, 0x000000008e400000, 0x000000008e400000|100%| O|  |TAMS 0x000000008e300000, 0x000000008e300000| Untracked 
| 228|0x000000008e400000, 0x000000008e400000, 0x000000008e500000|  0%| F|  |TAMS 0x000000008e400000, 0x000000008e400000| Untracked 
| 229|0x000000008e500000, 0x000000008e600000, 0x000000008e600000|100%| O|  |TAMS 0x000000008e500000, 0x000000008e600000| Untracked 
| 230|0x000000008e600000, 0x000000008e700000, 0x000000008e700000|100%| O|  |TAMS 0x000000008e600000, 0x000000008e700000| Untracked 
| 231|0x000000008e700000, 0x000000008e800000, 0x000000008e800000|100%| O|  |TAMS 0x000000008e700000, 0x000000008e800000| Untracked 
| 232|0x000000008e800000, 0x000000008e900000, 0x000000008e900000|100%| O|  |TAMS 0x000000008e800000, 0x000000008e900000| Untracked 
| 233|0x000000008e900000, 0x000000008ea00000, 0x000000008ea00000|100%| O|  |TAMS 0x000000008e900000, 0x000000008ea00000| Untracked 
| 234|0x000000008ea00000, 0x000000008eb00000, 0x000000008eb00000|100%| O|  |TAMS 0x000000008ea00000, 0x000000008eb00000| Untracked 
| 235|0x000000008eb00000, 0x000000008ec00000, 0x000000008ec00000|100%| O|  |TAMS 0x000000008eb00000, 0x000000008ec00000| Untracked 
| 236|0x000000008ec00000, 0x000000008ed00000, 0x000000008ed00000|100%| O|  |TAMS 0x000000008ec00000, 0x000000008ed00000| Untracked 
| 237|0x000000008ed00000, 0x000000008ee00000, 0x000000008ee00000|100%| O|  |TAMS 0x000000008ed00000, 0x000000008ee00000| Untracked 
| 238|0x000000008ee00000, 0x000000008ef00000, 0x000000008ef00000|100%| O|  |TAMS 0x000000008ee00000, 0x000000008ef00000| Untracked 
| 239|0x000000008ef00000, 0x000000008f000000, 0x000000008f000000|100%| O|  |TAMS 0x000000008ef00000, 0x000000008f000000| Untracked 
| 240|0x000000008f000000, 0x000000008f100000, 0x000000008f100000|100%| O|  |TAMS 0x000000008f000000, 0x000000008f100000| Untracked 
| 241|0x000000008f100000, 0x000000008f200000, 0x000000008f200000|100%| O|  |TAMS 0x000000008f100000, 0x000000008f200000| Untracked 
| 242|0x000000008f200000, 0x000000008f300000, 0x000000008f300000|100%| O|  |TAMS 0x000000008f200000, 0x000000008f300000| Untracked 
| 243|0x000000008f300000, 0x000000008f400000, 0x000000008f400000|100%| O|  |TAMS 0x000000008f300000, 0x000000008f400000| Untracked 
| 244|0x000000008f400000, 0x000000008f500000, 0x000000008f500000|100%| O|  |TAMS 0x000000008f400000, 0x000000008f500000| Untracked 
| 245|0x000000008f500000, 0x000000008f600000, 0x000000008f600000|100%| O|  |TAMS 0x000000008f500000, 0x000000008f600000| Untracked 
| 246|0x000000008f600000, 0x000000008f700000, 0x000000008f700000|100%|HS|  |TAMS 0x000000008f600000, 0x000000008f700000| Complete 
| 247|0x000000008f700000, 0x000000008f800000, 0x000000008f800000|100%|HC|  |TAMS 0x000000008f700000, 0x000000008f800000| Complete 
| 248|0x000000008f800000, 0x000000008f900000, 0x000000008f900000|100%| O|  |TAMS 0x000000008f800000, 0x000000008f900000| Untracked 
| 249|0x000000008f900000, 0x000000008fa00000, 0x000000008fa00000|100%| O|  |TAMS 0x000000008f900000, 0x000000008fa00000| Untracked 
| 250|0x000000008fa00000, 0x000000008fb00000, 0x000000008fb00000|100%| O|  |TAMS 0x000000008fa00000, 0x000000008fb00000| Untracked 
| 251|0x000000008fb00000, 0x000000008fc00000, 0x000000008fc00000|100%| O|  |TAMS 0x000000008fb00000, 0x000000008fc00000| Untracked 
| 252|0x000000008fc00000, 0x000000008fc00000, 0x000000008fd00000|  0%| F|  |TAMS 0x000000008fc00000, 0x000000008fc00000| Untracked 
| 253|0x000000008fd00000, 0x000000008fe00000, 0x000000008fe00000|100%| O|  |TAMS 0x000000008fd00000, 0x000000008fd00000| Untracked 
| 254|0x000000008fe00000, 0x000000008ff00000, 0x000000008ff00000|100%| S|CS|TAMS 0x000000008fe00000, 0x000000008fe00000| Complete 
| 255|0x000000008ff00000, 0x000000008ff00000, 0x0000000090000000|  0%| F|  |TAMS 0x000000008ff00000, 0x000000008ff00000| Untracked 
| 256|0x0000000090000000, 0x0000000090000000, 0x0000000090100000|  0%| F|  |TAMS 0x0000000090000000, 0x0000000090000000| Untracked 
| 257|0x0000000090100000, 0x0000000090100000, 0x0000000090200000|  0%| F|  |TAMS 0x0000000090100000, 0x0000000090100000| Untracked 
| 258|0x0000000090200000, 0x0000000090200000, 0x0000000090300000|  0%| F|  |TAMS 0x0000000090200000, 0x0000000090200000| Untracked 
| 259|0x0000000090300000, 0x0000000090300000, 0x0000000090400000|  0%| F|  |TAMS 0x0000000090300000, 0x0000000090300000| Untracked 
| 260|0x0000000090400000, 0x0000000090400000, 0x0000000090500000|  0%| F|  |TAMS 0x0000000090400000, 0x0000000090400000| Untracked 
| 261|0x0000000090500000, 0x0000000090500000, 0x0000000090600000|  0%| F|  |TAMS 0x0000000090500000, 0x0000000090500000| Untracked 
| 262|0x0000000090600000, 0x0000000090600000, 0x0000000090700000|  0%| F|  |TAMS 0x0000000090600000, 0x0000000090600000| Untracked 
| 263|0x0000000090700000, 0x0000000090700000, 0x0000000090800000|  0%| F|  |TAMS 0x0000000090700000, 0x0000000090700000| Untracked 
| 264|0x0000000090800000, 0x0000000090800000, 0x0000000090900000|  0%| F|  |TAMS 0x0000000090800000, 0x0000000090800000| Untracked 
| 265|0x0000000090900000, 0x0000000090900000, 0x0000000090a00000|  0%| F|  |TAMS 0x0000000090900000, 0x0000000090900000| Untracked 
| 266|0x0000000090a00000, 0x0000000090a00000, 0x0000000090b00000|  0%| F|  |TAMS 0x0000000090a00000, 0x0000000090a00000| Untracked 
| 267|0x0000000090b00000, 0x0000000090c00000, 0x0000000090c00000|100%| O|  |TAMS 0x0000000090b00000, 0x0000000090c00000| Untracked 
| 268|0x0000000090c00000, 0x0000000090d00000, 0x0000000090d00000|100%| O|  |TAMS 0x0000000090c00000, 0x0000000090d00000| Untracked 
| 269|0x0000000090d00000, 0x0000000090e00000, 0x0000000090e00000|100%| O|  |TAMS 0x0000000090d00000, 0x0000000090e00000| Untracked 
| 270|0x0000000090e00000, 0x0000000090f00000, 0x0000000090f00000|100%| O|  |TAMS 0x0000000090e00000, 0x0000000090f00000| Untracked 
| 271|0x0000000090f00000, 0x0000000091000000, 0x0000000091000000|100%| O|  |TAMS 0x0000000090f00000, 0x0000000091000000| Untracked 
| 272|0x0000000091000000, 0x0000000091100000, 0x0000000091100000|100%| O|  |TAMS 0x0000000091000000, 0x0000000091100000| Untracked 
| 273|0x0000000091100000, 0x0000000091200000, 0x0000000091200000|100%| O|  |TAMS 0x0000000091100000, 0x0000000091200000| Untracked 
| 274|0x0000000091200000, 0x0000000091300000, 0x0000000091300000|100%| O|  |TAMS 0x0000000091200000, 0x0000000091300000| Untracked 
| 275|0x0000000091300000, 0x0000000091400000, 0x0000000091400000|100%| O|  |TAMS 0x0000000091300000, 0x0000000091400000| Untracked 
| 276|0x0000000091400000, 0x0000000091500000, 0x0000000091500000|100%| O|  |TAMS 0x0000000091400000, 0x0000000091500000| Untracked 
| 277|0x0000000091500000, 0x0000000091600000, 0x0000000091600000|100%| O|  |TAMS 0x0000000091500000, 0x0000000091600000| Untracked 
| 278|0x0000000091600000, 0x0000000091700000, 0x0000000091700000|100%| O|  |TAMS 0x0000000091600000, 0x0000000091700000| Untracked 
| 279|0x0000000091700000, 0x0000000091800000, 0x0000000091800000|100%| O|  |TAMS 0x0000000091700000, 0x0000000091800000| Untracked 
| 280|0x0000000091800000, 0x0000000091900000, 0x0000000091900000|100%| O|  |TAMS 0x0000000091800000, 0x0000000091900000| Untracked 
| 281|0x0000000091900000, 0x0000000091a00000, 0x0000000091a00000|100%| O|  |TAMS 0x0000000091900000, 0x0000000091a00000| Untracked 
| 282|0x0000000091a00000, 0x0000000091b00000, 0x0000000091b00000|100%| O|  |TAMS 0x0000000091a00000, 0x0000000091b00000| Untracked 
| 283|0x0000000091b00000, 0x0000000091c00000, 0x0000000091c00000|100%| O|  |TAMS 0x0000000091b00000, 0x0000000091c00000| Untracked 
| 284|0x0000000091c00000, 0x0000000091d00000, 0x0000000091d00000|100%| O|  |TAMS 0x0000000091c00000, 0x0000000091d00000| Untracked 
| 285|0x0000000091d00000, 0x0000000091e00000, 0x0000000091e00000|100%| O|  |TAMS 0x0000000091d00000, 0x0000000091e00000| Untracked 
| 286|0x0000000091e00000, 0x0000000091f00000, 0x0000000091f00000|100%| O|  |TAMS 0x0000000091e00000, 0x0000000091f00000| Untracked 
| 287|0x0000000091f00000, 0x0000000092000000, 0x0000000092000000|100%| O|  |TAMS 0x0000000091f00000, 0x0000000091f00000| Untracked 
| 288|0x0000000092000000, 0x0000000092100000, 0x0000000092100000|100%| O|  |TAMS 0x0000000092000000, 0x0000000092000000| Untracked 
| 289|0x0000000092100000, 0x0000000092200000, 0x0000000092200000|100%| O|  |TAMS 0x0000000092100000, 0x0000000092100000| Untracked 
| 290|0x0000000092200000, 0x0000000092300000, 0x0000000092300000|100%| O|  |TAMS 0x0000000092200000, 0x0000000092200000| Untracked 
| 291|0x0000000092300000, 0x0000000092400000, 0x0000000092400000|100%| O|  |TAMS 0x0000000092300000, 0x0000000092300000| Untracked 
| 292|0x0000000092400000, 0x0000000092500000, 0x0000000092500000|100%| O|  |TAMS 0x0000000092400000, 0x0000000092400000| Untracked 
| 293|0x0000000092500000, 0x0000000092600000, 0x0000000092600000|100%| O|  |TAMS 0x0000000092500000, 0x0000000092500000| Untracked 
| 294|0x0000000092600000, 0x0000000092700000, 0x0000000092700000|100%| O|  |TAMS 0x0000000092600000, 0x0000000092600000| Untracked 
| 295|0x0000000092700000, 0x0000000092800000, 0x0000000092800000|100%| S|CS|TAMS 0x0000000092700000, 0x0000000092700000| Complete 
| 296|0x0000000092800000, 0x0000000092900000, 0x0000000092900000|100%| O|  |TAMS 0x0000000092800000, 0x0000000092800000| Untracked 
| 297|0x0000000092900000, 0x0000000092a00000, 0x0000000092a00000|100%| O|  |TAMS 0x0000000092900000, 0x0000000092900000| Untracked 
| 298|0x0000000092a00000, 0x0000000092b00000, 0x0000000092b00000|100%| O|  |TAMS 0x0000000092a00000, 0x0000000092a00000| Untracked 
| 299|0x0000000092b00000, 0x0000000092c00000, 0x0000000092c00000|100%| O|  |TAMS 0x0000000092b00000, 0x0000000092b00000| Untracked 
| 300|0x0000000092c00000, 0x0000000092d00000, 0x0000000092d00000|100%| O|  |TAMS 0x0000000092c00000, 0x0000000092c00000| Untracked 
| 301|0x0000000092d00000, 0x0000000092e00000, 0x0000000092e00000|100%| O|  |TAMS 0x0000000092d00000, 0x0000000092d00000| Untracked 
| 302|0x0000000092e00000, 0x0000000092e72600, 0x0000000092f00000| 44%| O|  |TAMS 0x0000000092e00000, 0x0000000092e00000| Untracked 

Card table byte_map: [0x000001b617420000,0x000001b617820000] _byte_map_base: 0x000001b617020000

Marking Bits (Prev, Next): (CMBitMap*) 0x000001b60456d808, (CMBitMap*) 0x000001b60456d840
 Prev Bits: [0x000001b617c20000, 0x000001b619c20000)
 Next Bits: [0x000001b619c20000, 0x000001b61bc20000)

Polling page: 0x000001b6024c0000

Metaspace:

Usage:
  Non-class:    144.59 MB capacity,   141.92 MB ( 98%) used,     2.21 MB (  2%) free+waste,   471.94 KB ( <1%) overhead. 
      Class:     20.89 MB capacity,    19.41 MB ( 93%) used,     1.28 MB (  6%) free+waste,   202.06 KB ( <1%) overhead. 
       Both:    165.48 MB capacity,   161.33 MB ( 97%) used,     3.49 MB (  2%) free+waste,   674.00 KB ( <1%) overhead. 

Virtual space:
  Non-class space:      146.00 MB reserved,     144.75 MB (>99%) committed 
      Class space:        1.00 GB reserved,      21.02 MB (  2%) committed 
             Both:        1.14 GB reserved,     165.77 MB ( 14%) committed 

Chunk freelists:
   Non-Class:  32.00 KB
       Class:  21.00 KB
        Both:  53.00 KB

MaxMetaspaceSize: 17179869184.00 GB
CompressedClassSpaceSize: 1.00 GB
Initial GC threshold: 20.80 MB
Current GC threshold: 274.41 MB
CDS: off

CodeHeap 'non-profiled nmethods': size=120064Kb used=17059Kb max_used=17059Kb free=103004Kb
 bounds [0x000001b60fae0000, 0x000001b610b90000, 0x000001b617020000]
CodeHeap 'profiled nmethods': size=120000Kb used=51484Kb max_used=51484Kb free=68516Kb
 bounds [0x000001b6085b0000, 0x000001b60b800000, 0x000001b60fae0000]
CodeHeap 'non-nmethods': size=5696Kb used=2540Kb max_used=2588Kb free=3155Kb
 bounds [0x000001b608020000, 0x000001b6082c0000, 0x000001b6085b0000]
 total_blobs=23762 nmethods=22675 adapters=998
 compilation: enabled
              stopped_count=0, restarted_count=0
 full_count=0

Compilation events (20 events):
Event: 2289.987 Thread 0x000001b61e95a000 25378       4       java.io.FileInputStream::read (8 bytes)
Event: 2289.987 Thread 0x000001b61e95a000 nmethod 25378 0x000001b610b82e10 code [0x000001b610b82fa0, 0x000001b610b83028]
Event: 2290.023 Thread 0x000001b626878000 25379 %     4       org.apache.xerces.dom.DeferredDocumentImpl::synchronizeChildren @ 31 (127 bytes)
Event: 2290.047 Thread 0x000001b61e95a000 25380 %     4       android.databinding.tool.reflection.SdkUtil$ApiChecker::buildFullLookup @ 124 (252 bytes)
Event: 2290.069 Thread 0x000001b626878000 nmethod 25379% 0x000001b610b83110 code [0x000001b610b832e0, 0x000001b610b83f28]
Event: 2290.070 Thread 0x000001b626878000 25382       4       org.apache.xerces.dom.DeferredElementImpl::synchronizeChildren (18 bytes)
Event: 2290.120 Thread 0x000001b626878000 nmethod 25382 0x000001b610b84610 code [0x000001b610b84800, 0x000001b610b85568]
Event: 2290.120 Thread 0x000001b626878000 25383       4       org.apache.xerces.dom.DeferredDocumentImpl::synchronizeChildren (127 bytes)
Event: 2290.174 Thread 0x000001b626878000 nmethod 25383 0x000001b610b85e10 code [0x000001b610b85fe0, 0x000001b610b86ba8]
Event: 2290.174 Thread 0x000001b626878000 25381   !   4       android.databinding.tool.reflection.SdkUtil$ApiChecker::getSince (44 bytes)
Event: 2290.203 Thread 0x000001b626878000 nmethod 25381 0x000001b610b87390 code [0x000001b610b875e0, 0x000001b610b881c8]
Event: 2290.203 Thread 0x000001b626878000 25384       4       org.apache.xerces.dom.ParentNode::lastChild (16 bytes)
Event: 2290.204 Thread 0x000001b61e960000 25385       3       kotlin.text.StringsKt__StringsJVMKt::replace (148 bytes)
Event: 2290.206 Thread 0x000001b626878000 nmethod 25384 0x000001b610b88c10 code [0x000001b610b88da0, 0x000001b610b88ed8]
Event: 2290.206 Thread 0x000001b61e960000 nmethod 25385 0x000001b60b7f4d10 code [0x000001b60b7f50a0, 0x000001b60b7f6518]
Event: 2290.206 Thread 0x000001b61e960000 25386       3       kotlin.text.StringsKt__StringsKt::indexOf (65 bytes)
Event: 2290.208 Thread 0x000001b61e960000 nmethod 25386 0x000001b60b7f6e90 code [0x000001b60b7f71a0, 0x000001b60b7f81c8]
Event: 2290.208 Thread 0x000001b61e960000 25393       3       kotlin.text.StringsKt__StringsKt::split$StringsKt__StringsKt (182 bytes)
Event: 2290.210 Thread 0x000001b61e960000 nmethod 25393 0x000001b60b7f8790 code [0x000001b60b7f8b40, 0x000001b60b7fa568]
Event: 2290.210 Thread 0x000001b61e960000 25394       3       android.databinding.tool.util.SymbolTableUtil::addResource (109 bytes)

GC Heap History (20 events):
Event: 2288.745 GC heap after
{Heap after GC invocations=107 (full 0):
 garbage-first heap   total 273408K, used 236544K [0x0000000080000000, 0x0000000100000000)
  region size 1024K, 2 young (2048K), 2 survivors (2048K)
 Metaspace       used 161710K, capacity 165856K, committed 166168K, reserved 1193984K
  class space    used 19420K, capacity 20921K, committed 21016K, reserved 1048576K
}
Event: 2288.795 GC heap before
{Heap before GC invocations=107 (full 0):
 garbage-first heap   total 273408K, used 247808K [0x0000000080000000, 0x0000000100000000)
  region size 1024K, 13 young (13312K), 2 survivors (2048K)
 Metaspace       used 161710K, capacity 165856K, committed 166168K, reserved 1193984K
  class space    used 19420K, capacity 20921K, committed 21016K, reserved 1048576K
}
Event: 2288.810 GC heap after
{Heap after GC invocations=108 (full 0):
 garbage-first heap   total 273408K, used 245248K [0x0000000080000000, 0x0000000100000000)
  region size 1024K, 2 young (2048K), 2 survivors (2048K)
 Metaspace       used 161710K, capacity 165856K, committed 166168K, reserved 1193984K
  class space    used 19420K, capacity 20921K, committed 21016K, reserved 1048576K
}
Event: 2288.948 GC heap before
{Heap before GC invocations=108 (full 0):
 garbage-first heap   total 273408K, used 256512K [0x0000000080000000, 0x0000000100000000)
  region size 1024K, 13 young (13312K), 2 survivors (2048K)
 Metaspace       used 162207K, capacity 166368K, committed 166424K, reserved 1193984K
  class space    used 19478K, capacity 20985K, committed 21016K, reserved 1048576K
}
Event: 2288.961 GC heap after
{Heap after GC invocations=109 (full 0):
 garbage-first heap   total 273408K, used 251316K [0x0000000080000000, 0x0000000100000000)
  region size 1024K, 2 young (2048K), 2 survivors (2048K)
 Metaspace       used 162207K, capacity 166368K, committed 166424K, reserved 1193984K
  class space    used 19478K, capacity 20985K, committed 21016K, reserved 1048576K
}
Event: 2289.228 GC heap before
{Heap before GC invocations=109 (full 0):
 garbage-first heap   total 273408K, used 262580K [0x0000000080000000, 0x0000000100000000)
  region size 1024K, 13 young (13312K), 2 survivors (2048K)
 Metaspace       used 163466K, capacity 167602K, committed 167704K, reserved 1196032K
  class space    used 19662K, capacity 21182K, committed 21272K, reserved 1048576K
}
Event: 2289.235 GC heap after
{Heap after GC invocations=110 (full 0):
 garbage-first heap   total 273408K, used 253343K [0x0000000080000000, 0x0000000100000000)
  region size 1024K, 2 young (2048K), 2 survivors (2048K)
 Metaspace       used 163466K, capacity 167602K, committed 167704K, reserved 1196032K
  class space    used 19662K, capacity 21182K, committed 21272K, reserved 1048576K
}
Event: 2289.614 GC heap before
{Heap before GC invocations=110 (full 0):
 garbage-first heap   total 273408K, used 265631K [0x0000000080000000, 0x0000000100000000)
  region size 1024K, 13 young (13312K), 2 survivors (2048K)
 Metaspace       used 164980K, capacity 169246K, committed 169496K, reserved 1198080K
  class space    used 19863K, capacity 21385K, committed 21528K, reserved 1048576K
}
Event: 2289.623 GC heap after
{Heap after GC invocations=111 (full 0):
 garbage-first heap   total 273408K, used 256153K [0x0000000080000000, 0x0000000100000000)
  region size 1024K, 2 young (2048K), 2 survivors (2048K)
 Metaspace       used 164980K, capacity 169246K, committed 169496K, reserved 1198080K
  class space    used 19863K, capacity 21385K, committed 21528K, reserved 1048576K
}
Event: 2289.855 GC heap before
{Heap before GC invocations=112 (full 0):
 garbage-first heap   total 273408K, used 267417K [0x0000000080000000, 0x0000000100000000)
  region size 1024K, 13 young (13312K), 2 survivors (2048K)
 Metaspace       used 165177K, capacity 169387K, committed 169752K, reserved 1198080K
  class space    used 19872K, capacity 21387K, committed 21528K, reserved 1048576K
}
Event: 2289.863 GC heap after
{Heap after GC invocations=113 (full 0):
 garbage-first heap   total 273408K, used 257429K [0x0000000080000000, 0x0000000100000000)
  region size 1024K, 2 young (2048K), 2 survivors (2048K)
 Metaspace       used 165177K, capacity 169387K, committed 169752K, reserved 1198080K
  class space    used 19872K, capacity 21387K, committed 21528K, reserved 1048576K
}
Event: 2289.926 GC heap before
{Heap before GC invocations=113 (full 0):
 garbage-first heap   total 273408K, used 268693K [0x0000000080000000, 0x0000000100000000)
  region size 1024K, 13 young (13312K), 2 survivors (2048K)
 Metaspace       used 165202K, capacity 169451K, committed 169752K, reserved 1198080K
  class space    used 19872K, capacity 21387K, committed 21528K, reserved 1048576K
}
Event: 2289.982 GC heap after
{Heap after GC invocations=114 (full 0):
 garbage-first heap   total 293888K, used 254265K [0x0000000080000000, 0x0000000100000000)
  region size 1024K, 2 young (2048K), 2 survivors (2048K)
 Metaspace       used 165202K, capacity 169451K, committed 169752K, reserved 1198080K
  class space    used 19872K, capacity 21387K, committed 21528K, reserved 1048576K
}
Event: 2290.024 GC heap before
{Heap before GC invocations=114 (full 0):
 garbage-first heap   total 293888K, used 265529K [0x0000000080000000, 0x0000000100000000)
  region size 1024K, 14 young (14336K), 2 survivors (2048K)
 Metaspace       used 165202K, capacity 169451K, committed 169752K, reserved 1198080K
  class space    used 19872K, capacity 21387K, committed 21528K, reserved 1048576K
}
Event: 2290.045 GC heap after
{Heap after GC invocations=115 (full 0):
 garbage-first heap   total 293888K, used 266752K [0x0000000080000000, 0x0000000100000000)
  region size 1024K, 2 young (2048K), 2 survivors (2048K)
 Metaspace       used 165202K, capacity 169451K, committed 169752K, reserved 1198080K
  class space    used 19872K, capacity 21387K, committed 21528K, reserved 1048576K
}
Event: 2290.088 GC heap before
{Heap before GC invocations=115 (full 0):
 garbage-first heap   total 293888K, used 279040K [0x0000000080000000, 0x0000000100000000)
  region size 1024K, 14 young (14336K), 2 survivors (2048K)
 Metaspace       used 165202K, capacity 169451K, committed 169752K, reserved 1198080K
  class space    used 19872K, capacity 21387K, committed 21528K, reserved 1048576K
}
Event: 2290.101 GC heap after
{Heap after GC invocations=116 (full 0):
 garbage-first heap   total 293888K, used 276992K [0x0000000080000000, 0x0000000100000000)
  region size 1024K, 2 young (2048K), 2 survivors (2048K)
 Metaspace       used 165202K, capacity 169451K, committed 169752K, reserved 1198080K
  class space    used 19872K, capacity 21387K, committed 21528K, reserved 1048576K
}
Event: 2290.144 GC heap before
{Heap before GC invocations=116 (full 0):
 garbage-first heap   total 293888K, used 289280K [0x0000000080000000, 0x0000000100000000)
  region size 1024K, 14 young (14336K), 2 survivors (2048K)
 Metaspace       used 165202K, capacity 169451K, committed 169752K, reserved 1198080K
  class space    used 19872K, capacity 21387K, committed 21528K, reserved 1048576K
}
Event: 2290.164 GC heap after
{Heap after GC invocations=117 (full 0):
 garbage-first heap   total 301056K, used 286682K [0x0000000080000000, 0x0000000100000000)
  region size 1024K, 2 young (2048K), 2 survivors (2048K)
 Metaspace       used 165202K, capacity 169451K, committed 169752K, reserved 1198080K
  class space    used 19872K, capacity 21387K, committed 21528K, reserved 1048576K
}
Event: 2290.211 GC heap before
{Heap before GC invocations=117 (full 0):
 garbage-first heap   total 301056K, used 298970K [0x0000000080000000, 0x0000000100000000)
  region size 1024K, 14 young (14336K), 2 survivors (2048K)
 Metaspace       used 165202K, capacity 169451K, committed 169752K, reserved 1198080K
  class space    used 19872K, capacity 21387K, committed 21528K, reserved 1048576K
}

Deoptimization events (20 events):
Event: 2289.753 Thread 0x000001b626872800 Uncommon trap: trap_request=0xffffffde fr.pc=0x000001b610b08450 relative=0x0000000000000810
Event: 2289.753 Thread 0x000001b626872800 Uncommon trap: reason=class_check action=maybe_recompile pc=0x000001b610b08450 method=com.sun.tools.javac.code.Symbol.complete()V @ 24 c2
Event: 2289.753 Thread 0x000001b626872800 DEOPT PACKING pc=0x000001b610b08450 sp=0x0000005188cfc7b0
Event: 2289.753 Thread 0x000001b626872800 DEOPT UNPACKING pc=0x000001b60806a1af sp=0x0000005188cfc7a8 mode 2
Event: 2289.753 Thread 0x000001b626872800 Uncommon trap: trap_request=0xffffffde fr.pc=0x000001b610b08450 relative=0x0000000000000810
Event: 2289.753 Thread 0x000001b626872800 Uncommon trap: reason=class_check action=maybe_recompile pc=0x000001b610b08450 method=com.sun.tools.javac.code.Symbol.complete()V @ 24 c2
Event: 2289.753 Thread 0x000001b626872800 DEOPT PACKING pc=0x000001b610b08450 sp=0x0000005188cfc480
Event: 2289.753 Thread 0x000001b626872800 DEOPT UNPACKING pc=0x000001b60806a1af sp=0x0000005188cfc478 mode 2
Event: 2290.074 Thread 0x000001b626872800 DEOPT PACKING pc=0x000001b60ad9b710 sp=0x0000005188cfc400
Event: 2290.074 Thread 0x000001b626872800 DEOPT UNPACKING pc=0x000001b60806a95e sp=0x0000005188cfb8a8 mode 0
Event: 2290.080 Thread 0x000001b626872800 DEOPT PACKING pc=0x000001b60ad9b710 sp=0x0000005188cfc400
Event: 2290.080 Thread 0x000001b626872800 DEOPT UNPACKING pc=0x000001b60806a95e sp=0x0000005188cfb8a8 mode 0
Event: 2290.087 Thread 0x000001b626872800 DEOPT PACKING pc=0x000001b60ad9b710 sp=0x0000005188cfc400
Event: 2290.087 Thread 0x000001b626872800 DEOPT UNPACKING pc=0x000001b60806a95e sp=0x0000005188cfb8a8 mode 0
Event: 2290.107 Thread 0x000001b626872800 DEOPT PACKING pc=0x000001b60ad9b710 sp=0x0000005188cfc400
Event: 2290.107 Thread 0x000001b626872800 DEOPT UNPACKING pc=0x000001b60806a95e sp=0x0000005188cfb8a8 mode 0
Event: 2290.112 Thread 0x000001b626872800 DEOPT PACKING pc=0x000001b60ad9b710 sp=0x0000005188cfc400
Event: 2290.112 Thread 0x000001b626872800 DEOPT UNPACKING pc=0x000001b60806a95e sp=0x0000005188cfb8a8 mode 0
Event: 2290.117 Thread 0x000001b626872800 DEOPT PACKING pc=0x000001b60ad9b710 sp=0x0000005188cfc400
Event: 2290.117 Thread 0x000001b626872800 DEOPT UNPACKING pc=0x000001b60806a95e sp=0x0000005188cfb8a8 mode 0

Classes redefined (0 events):
No events

Internal exceptions (20 events):
Event: 2289.572 Thread 0x000001b626872800 Exception <a 'sun/nio/fs/WindowsException'{0x000000009007b928}> (0x000000009007b928) thrown at [./src/hotspot/share/prims/jni.cpp, line 615]
Event: 2289.572 Thread 0x000001b626872800 Exception <a 'sun/nio/fs/WindowsException'{0x000000009007c390}> (0x000000009007c390) thrown at [./src/hotspot/share/prims/jni.cpp, line 615]
Event: 2289.572 Thread 0x000001b626872800 Exception <a 'sun/nio/fs/WindowsException'{0x000000009007cd08}> (0x000000009007cd08) thrown at [./src/hotspot/share/prims/jni.cpp, line 615]
Event: 2289.572 Thread 0x000001b626872800 Exception <a 'sun/nio/fs/WindowsException'{0x000000009007d570}> (0x000000009007d570) thrown at [./src/hotspot/share/prims/jni.cpp, line 615]
Event: 2289.572 Thread 0x000001b626872800 Exception <a 'sun/nio/fs/WindowsException'{0x000000009007df78}> (0x000000009007df78) thrown at [./src/hotspot/share/prims/jni.cpp, line 615]
Event: 2289.572 Thread 0x000001b626872800 Exception <a 'sun/nio/fs/WindowsException'{0x000000009007dff8}> (0x000000009007dff8) thrown at [./src/hotspot/share/prims/jni.cpp, line 615]
Event: 2289.573 Thread 0x000001b626872800 Exception <a 'sun/nio/fs/WindowsException'{0x000000009007f210}> (0x000000009007f210) thrown at [./src/hotspot/share/prims/jni.cpp, line 615]
Event: 2289.579 Thread 0x000001b626872800 Exception <a 'sun/nio/fs/WindowsException'{0x000000009008ab00}> (0x000000009008ab00) thrown at [./src/hotspot/share/prims/jni.cpp, line 615]
Event: 2289.579 Thread 0x000001b626872800 Exception <a 'sun/nio/fs/WindowsException'{0x000000009008b548}> (0x000000009008b548) thrown at [./src/hotspot/share/prims/jni.cpp, line 615]
Event: 2289.579 Thread 0x000001b626872800 Exception <a 'sun/nio/fs/WindowsException'{0x000000009008be00}> (0x000000009008be00) thrown at [./src/hotspot/share/prims/jni.cpp, line 615]
Event: 2289.579 Thread 0x000001b626872800 Exception <a 'sun/nio/fs/WindowsException'{0x000000009008c668}> (0x000000009008c668) thrown at [./src/hotspot/share/prims/jni.cpp, line 615]
Event: 2289.579 Thread 0x000001b626872800 Exception <a 'sun/nio/fs/WindowsException'{0x000000009008d040}> (0x000000009008d040) thrown at [./src/hotspot/share/prims/jni.cpp, line 615]
Event: 2289.579 Thread 0x000001b626872800 Exception <a 'sun/nio/fs/WindowsException'{0x000000009008d0c0}> (0x000000009008d0c0) thrown at [./src/hotspot/share/prims/jni.cpp, line 615]
Event: 2289.579 Thread 0x000001b626872800 Exception <a 'sun/nio/fs/WindowsException'{0x000000009008e2a8}> (0x000000009008e2a8) thrown at [./src/hotspot/share/prims/jni.cpp, line 615]
Event: 2289.580 Thread 0x000001b626872800 Exception <a 'sun/nio/fs/WindowsException'{0x000000009008e328}> (0x000000009008e328) thrown at [./src/hotspot/share/prims/jni.cpp, line 615]
Event: 2289.580 Thread 0x000001b626872800 Exception <a 'sun/nio/fs/WindowsException'{0x000000009008f508}> (0x000000009008f508) thrown at [./src/hotspot/share/prims/jni.cpp, line 615]
Event: 2289.647 Thread 0x000001b626872800 Exception <a 'sun/nio/fs/WindowsException'{0x0000000090a6fc28}> (0x0000000090a6fc28) thrown at [./src/hotspot/share/prims/jni.cpp, line 615]
Event: 2289.647 Thread 0x000001b626872800 Exception <a 'sun/nio/fs/WindowsException'{0x0000000090a70690}> (0x0000000090a70690) thrown at [./src/hotspot/share/prims/jni.cpp, line 615]
Event: 2289.654 Thread 0x000001b626872800 Exception <a 'sun/nio/fs/WindowsException'{0x0000000090a8b4e8}> (0x0000000090a8b4e8) thrown at [./src/hotspot/share/prims/jni.cpp, line 615]
Event: 2289.654 Thread 0x000001b626872800 Exception <a 'sun/nio/fs/WindowsException'{0x0000000090a8bf50}> (0x0000000090a8bf50) thrown at [./src/hotspot/share/prims/jni.cpp, line 615]

Events (20 events):
Event: 2289.635 loading class com/squareup/javapoet/LineWrapper$1 done
Event: 2289.649 loading class android/databinding/tool/writer/MergedBindingMapperWriter
Event: 2289.649 loading class android/databinding/tool/writer/MergedBindingMapperWriter done
Event: 2289.652 loading class android/databinding/tool/writer/MergedBindingMapperWriter$Companion
Event: 2289.652 loading class android/databinding/tool/writer/MergedBindingMapperWriter$Companion done
Event: 2289.675 loading class com/sun/tools/javac/code/Symtab
Event: 2289.675 loading class com/sun/tools/javac/code/Symtab done
Event: 2289.719 Executing VM operation: CGC_Operation
Event: 2289.721 Executing VM operation: CGC_Operation done
Event: 2289.855 Executing VM operation: G1CollectForAllocation
Event: 2289.863 Executing VM operation: G1CollectForAllocation done
Event: 2289.926 Executing VM operation: G1CollectForAllocation
Event: 2289.982 Executing VM operation: G1CollectForAllocation done
Event: 2290.024 Executing VM operation: G1CollectForAllocation
Event: 2290.045 Executing VM operation: G1CollectForAllocation done
Event: 2290.087 Executing VM operation: G1CollectForAllocation
Event: 2290.101 Executing VM operation: G1CollectForAllocation done
Event: 2290.144 Executing VM operation: G1CollectForAllocation
Event: 2290.164 Executing VM operation: G1CollectForAllocation done
Event: 2290.211 Executing VM operation: G1CollectForAllocation


Dynamic libraries:
0x00007ff609bd0000 - 0x00007ff609bda000 	F:\AndroidStudio\jre\bin\java.exe
0x00007ff9d0070000 - 0x00007ff9d0267000 	C:\WINDOWS\SYSTEM32\ntdll.dll
0x00007ff9cee60000 - 0x00007ff9cef1d000 	C:\WINDOWS\System32\KERNEL32.DLL
0x00007ff9cda50000 - 0x00007ff9cdd46000 	C:\WINDOWS\System32\KERNELBASE.dll
0x00007ff9cdd50000 - 0x00007ff9cde50000 	C:\WINDOWS\System32\ucrtbase.dll
0x00007ff9b8fc0000 - 0x00007ff9b8fd9000 	F:\AndroidStudio\jre\bin\jli.dll
0x00007ff9ce0d0000 - 0x00007ff9ce26e000 	C:\WINDOWS\System32\USER32.dll
0x00007ff9cd9b0000 - 0x00007ff9cd9d2000 	C:\WINDOWS\System32\win32u.dll
0x00007ff9baec0000 - 0x00007ff9bb15a000 	C:\WINDOWS\WinSxS\amd64_microsoft.windows.common-controls_6595b64144ccf1df_6.0.19041.3570_none_60bb2a3971f3e41a\COMCTL32.dll
0x00007ff9ced20000 - 0x00007ff9ced4c000 	C:\WINDOWS\System32\GDI32.dll
0x00007ff9cfc20000 - 0x00007ff9cfcbe000 	C:\WINDOWS\System32\msvcrt.dll
0x00007ff9cdf20000 - 0x00007ff9ce03a000 	C:\WINDOWS\System32\gdi32full.dll
0x00007ff9cde50000 - 0x00007ff9cdeed000 	C:\WINDOWS\System32\msvcp_win.dll
0x00007ff9b8b50000 - 0x00007ff9b8b67000 	F:\AndroidStudio\jre\bin\VCRUNTIME140.dll
0x00007ff9cedb0000 - 0x00007ff9cede0000 	C:\WINDOWS\System32\IMM32.DLL
0x00007ff99e5c0000 - 0x00007ff99e65d000 	F:\AndroidStudio\jre\bin\msvcp140.dll
0x00007ff997c20000 - 0x00007ff998705000 	F:\AndroidStudio\jre\bin\server\jvm.dll
0x00007ff9cfad0000 - 0x00007ff9cfb7e000 	C:\WINDOWS\System32\ADVAPI32.dll
0x00007ff9cfb80000 - 0x00007ff9cfc1c000 	C:\WINDOWS\System32\sechost.dll
0x00007ff9cf0a0000 - 0x00007ff9cf1c6000 	C:\WINDOWS\System32\RPCRT4.dll
0x00007ff9d0000000 - 0x00007ff9d0008000 	C:\WINDOWS\System32\PSAPI.DLL
0x00007ff9a20d0000 - 0x00007ff9a20f7000 	C:\WINDOWS\SYSTEM32\WINMM.dll
0x00007ff9b5b20000 - 0x00007ff9b5b29000 	C:\WINDOWS\SYSTEM32\WSOCK32.dll
0x00007ff9cfa60000 - 0x00007ff9cfacb000 	C:\WINDOWS\System32\WS2_32.dll
0x00007ff9c4150000 - 0x00007ff9c415a000 	C:\WINDOWS\SYSTEM32\VERSION.dll
0x00007ff9cbf80000 - 0x00007ff9cbf92000 	C:\WINDOWS\SYSTEM32\kernel.appcore.dll
0x00007ff9c8260000 - 0x00007ff9c8271000 	F:\AndroidStudio\jre\bin\verify.dll
0x00007ff9cbca0000 - 0x00007ff9cbe84000 	C:\WINDOWS\SYSTEM32\DBGHELP.DLL
0x00007ff9b5960000 - 0x00007ff9b5994000 	C:\WINDOWS\SYSTEM32\dbgcore.DLL
0x00007ff9ce040000 - 0x00007ff9ce0c2000 	C:\WINDOWS\System32\bcryptPrimitives.dll
0x00007ff9c76d0000 - 0x00007ff9c76f9000 	F:\AndroidStudio\jre\bin\java.dll
0x00007ff9c8170000 - 0x00007ff9c817b000 	F:\AndroidStudio\jre\bin\jimage.dll
0x00007ff9c61d0000 - 0x00007ff9c61e8000 	F:\AndroidStudio\jre\bin\zip.dll
0x00007ff9ce5d0000 - 0x00007ff9ced14000 	C:\WINDOWS\System32\SHELL32.dll
0x00007ff9cb430000 - 0x00007ff9cbbcb000 	C:\WINDOWS\SYSTEM32\windows.storage.dll
0x00007ff9ce270000 - 0x00007ff9ce5c4000 	C:\WINDOWS\System32\combase.dll
0x00007ff9cd0c0000 - 0x00007ff9cd0ed000 	C:\WINDOWS\SYSTEM32\Wldp.dll
0x00007ff9cfda0000 - 0x00007ff9cfe4d000 	C:\WINDOWS\System32\SHCORE.dll
0x00007ff9cef30000 - 0x00007ff9cef85000 	C:\WINDOWS\System32\shlwapi.dll
0x00007ff9cd680000 - 0x00007ff9cd6a5000 	C:\WINDOWS\SYSTEM32\profapi.dll
0x00007ff9c61b0000 - 0x00007ff9c61ca000 	F:\AndroidStudio\jre\bin\net.dll
0x00007ff9bdaa0000 - 0x00007ff9bdbaa000 	C:\WINDOWS\SYSTEM32\WINHTTP.dll
0x00007ff9cce20000 - 0x00007ff9cce8a000 	C:\WINDOWS\system32\mswsock.dll
0x00007ff9c6190000 - 0x00007ff9c61a4000 	F:\AndroidStudio\jre\bin\nio.dll
0x00007ff9add40000 - 0x00007ff9add67000 	C:\Users\Sultan\.gradle\native\e1d6ef7f7dcc3fd88c89a11ec53ec762bb8ba0a96d01ffa2cd45eb1d1d8dd5c5\windows-amd64\native-platform.dll
0x00007ff996dc0000 - 0x00007ff996f04000 	C:\Users\Sultan\.gradle\native\5664cfc778a61ccfe75a443a1ab52a65af34e5dc3c78e0209fed803814484fcb\windows-amd64\native-platform-file-events.dll
0x00007ff9c76a0000 - 0x00007ff9c76aa000 	F:\AndroidStudio\jre\bin\management.dll
0x00007ff9c7620000 - 0x00007ff9c762d000 	F:\AndroidStudio\jre\bin\management_ext.dll
0x00007ff9cd010000 - 0x00007ff9cd028000 	C:\WINDOWS\SYSTEM32\CRYPTSP.dll
0x00007ff9cc730000 - 0x00007ff9cc764000 	C:\WINDOWS\system32\rsaenh.dll
0x00007ff9cdef0000 - 0x00007ff9cdf17000 	C:\WINDOWS\System32\bcrypt.dll
0x00007ff9cd600000 - 0x00007ff9cd62e000 	C:\WINDOWS\SYSTEM32\USERENV.dll
0x00007ff9cd030000 - 0x00007ff9cd03c000 	C:\WINDOWS\SYSTEM32\CRYPTBASE.dll
0x00007ff9ccb10000 - 0x00007ff9ccb4b000 	C:\WINDOWS\SYSTEM32\IPHLPAPI.DLL
0x00007ff9cef20000 - 0x00007ff9cef28000 	C:\WINDOWS\System32\NSI.dll
0x00007ff9be8f0000 - 0x00007ff9be907000 	C:\WINDOWS\SYSTEM32\dhcpcsvc6.DLL
0x00007ff9be960000 - 0x00007ff9be97d000 	C:\WINDOWS\SYSTEM32\dhcpcsvc.DLL
0x00007ff9ccb50000 - 0x00007ff9ccc1a000 	C:\WINDOWS\SYSTEM32\DNSAPI.dll
0x00007ff9ba4f0000 - 0x00007ff9ba517000 	F:\AndroidStudio\jre\bin\sunec.dll
0x00007ff9bb400000 - 0x00007ff9bb40a000 	C:\Windows\System32\rasadhlp.dll
0x00007ff9bb280000 - 0x00007ff9bb302000 	C:\WINDOWS\System32\fwpuclnt.dll
0x00007ff9cc850000 - 0x00007ff9cc883000 	C:\WINDOWS\SYSTEM32\ntmarta.dll
0x00007ff9b53c0000 - 0x00007ff9b53de000 	C:\Users\Sultan\AppData\Local\Temp\native-platform14216234267858430084dir\native-platform.dll
0x00007ff9b9f60000 - 0x00007ff9b9f68000 	F:\AndroidStudio\jre\bin\rmi.dll

dbghelp: loaded successfully - version: 4.0.5 - missing functions: none
symbol engine: initialized successfully - sym options: 0x614 - pdb path: .;F:\AndroidStudio\jre\bin;C:\WINDOWS\SYSTEM32;C:\WINDOWS\WinSxS\amd64_microsoft.windows.common-controls_6595b64144ccf1df_6.0.19041.3570_none_60bb2a3971f3e41a;F:\AndroidStudio\jre\bin\server;C:\Users\Sultan\.gradle\native\e1d6ef7f7dcc3fd88c89a11ec53ec762bb8ba0a96d01ffa2cd45eb1d1d8dd5c5\windows-amd64;C:\Users\Sultan\.gradle\native\5664cfc778a61ccfe75a443a1ab52a65af34e5dc3c78e0209fed803814484fcb\windows-amd64;C:\Users\Sultan\AppData\Local\Temp\native-platform14216234267858430084dir

VM Arguments:
jvm_args: --add-opens=java.base/java.util=ALL-UNNAMED --add-opens=java.base/java.lang=ALL-UNNAMED --add-opens=java.base/java.lang.invoke=ALL-UNNAMED --add-opens=java.base/java.util=ALL-UNNAMED --add-opens=java.prefs/java.util.prefs=ALL-UNNAMED --add-opens=java.prefs/java.util.prefs=ALL-UNNAMED --add-opens=java.base/java.nio.charset=ALL-UNNAMED --add-opens=java.base/java.net=ALL-UNNAMED --add-opens=java.base/java.util.concurrent.atomic=ALL-UNNAMED -Xmx2048m -Dfile.encoding=UTF-8 -Duser.country=RU -Duser.language=ru -Duser.variant 
java_command: org.gradle.launcher.daemon.bootstrap.GradleDaemon 7.3.3
java_class_path (initial): C:\Users\Sultan\.gradle\wrapper\dists\gradle-7.3.3-bin\6a41zxkdtcxs8rphpq6y0069z\gradle-7.3.3\lib\gradle-launcher-7.3.3.jar
Launcher Type: SUN_STANDARD

[Global flags]
     intx CICompilerCount                          = 3                                         {product} {ergonomic}
     uint ConcGCThreads                            = 1                                         {product} {ergonomic}
     uint G1ConcRefinementThreads                  = 4                                         {product} {ergonomic}
   size_t G1HeapRegionSize                         = 1048576                                   {product} {ergonomic}
    uintx GCDrainStackTargetSize                   = 64                                        {product} {ergonomic}
   size_t InitialHeapSize                          = 134217728                                 {product} {ergonomic}
   size_t MarkStackSize                            = 4194304                                   {product} {ergonomic}
   size_t MaxHeapSize                              = 2147483648                                {product} {command line}
   size_t MaxNewSize                               = 1287651328                                {product} {ergonomic}
   size_t MinHeapDeltaBytes                        = 1048576                                   {product} {ergonomic}
    uintx NonNMethodCodeHeapSize                   = 5830732                                {pd product} {ergonomic}
    uintx NonProfiledCodeHeapSize                  = 122913754                              {pd product} {ergonomic}
    uintx ProfiledCodeHeapSize                     = 122913754                              {pd product} {ergonomic}
    uintx ReservedCodeCacheSize                    = 251658240                              {pd product} {ergonomic}
     bool SegmentedCodeCache                       = true                                      {product} {ergonomic}
     bool UseCompressedClassPointers               = true                                 {lp64_product} {ergonomic}
     bool UseCompressedOops                        = true                                 {lp64_product} {ergonomic}
     bool UseG1GC                                  = true                                      {product} {ergonomic}
     bool UseLargePagesIndividualAllocation        = false                                  {pd product} {ergonomic}

Logging:
Log output configuration:
 #0: stdout all=warning uptime,level,tags
 #1: stderr all=off uptime,level,tags

Environment Variables:
JAVA_HOME=C:\Program Files\Java\jdk-18.0.2.1
PATH=C:\Program Files\Common Files\Oracle\Java\javapath;C:\Program Files (x86)\Common Files\Oracle\Java\javapath;C:\WINDOWS\system32;C:\WINDOWS;C:\WINDOWS\System32\Wbem;C:\WINDOWS\System32\WindowsPowerShell\v1.0\;C:\WINDOWS\System32\OpenSSH\;C:\Program Files\Java\jdk-18.0.2.1\bin;F:\Git\cmd;F:\dart-sass\dart-sass;C:\Users\Sultan\AppData\Local\Microsoft\WindowsApps;;C:\Program Files\JetBrains\IntelliJ IDEA Community Edition 2022.2.1\bin;;F:\Microsoft VS Code\bin
USERNAME=Sultan
OS=Windows_NT
PROCESSOR_IDENTIFIER=Intel64 Family 6 Model 142 Stepping 10, GenuineIntel



---------------  S Y S T E M  ---------------

OS: Windows 10 , 64 bit Build 19041 (10.0.19041.3570)
OS uptime: 0 days 6:33 hours

CPU:total 4 (initial active 4) (2 cores per cpu, 2 threads per core) family 6 model 142 stepping 10 microcode 0xb4, cmov, cx8, fxsr, mmx, sse, sse2, sse3, ssse3, sse4.1, sse4.2, popcnt, avx, avx2, aes, clmul, erms, 3dnowpref, lzcnt, ht, tsc, tscinvbit, bmi1, bmi2, adx, fma

Memory: 4k page, system-wide physical 8108M (634M free)
TotalPageFile size 10150M (AvailPageFile size 257M)
current process WorkingSet (physical memory assigned to process): 637M, peak: 637M
current process commit charge ("private bytes"): 758M, peak: 1061M

vm_info: OpenJDK 64-Bit Server VM (11.0.12+7-b1504.28-7817840) for windows-amd64 JRE (11.0.12+7-b1504.28-7817840), built on Oct 13 2021 22:12:33 by "builder" with MS VC++ 14.0 (VS2015)

END.
