#
# There is insufficient memory for the Java Runtime Environment to continue.
# Native memory allocation (malloc) failed to allocate 1701456 bytes for Chunk::new
# Possible reasons:
#   The system is out of physical RAM or swap space
#   The process is running with CompressedOops enabled, and the Java Heap may be blocking the growth of the native heap
# Possible solutions:
#   Reduce memory load on the system
#   Increase physical memory or swap space
#   Check if swap backing store is full
#   Decrease Java heap size (-Xmx/-Xms)
#   Decrease number of Java threads
#   Decrease Java thread stack sizes (-Xss)
#   Set larger code cache with -XX:ReservedCodeCacheSize=
#   JVM is running with Unscaled Compressed Oops mode in which the Java heap is
#     placed in the first 4GB address space. The Java Heap base address is the
#     maximum limit for the native heap growth. Please use -XX:HeapBaseMinAddress
#     to set the Java Heap base and to place the Java Heap above 4GB virtual address.
# This output file may be truncated or incomplete.
#
#  Out of Memory Error (./src/hotspot/share/memory/arena.cpp:197), pid=10692, tid=10000
#
# JRE version: OpenJDK Runtime Environment (11.0.12+7) (build 11.0.12+7-b1504.28-7817840)
# Java VM: OpenJDK 64-Bit Server VM (11.0.12+7-b1504.28-7817840, mixed mode, tiered, compressed oops, g1 gc, windows-amd64)
# No core dump will be written. Minidumps are not enabled by default on client versions of Windows
#

---------------  S U M M A R Y ------------

Command Line: org.jetbrains.kotlin.cli.jvm.K2JVMCompiler @F:\NeobisProjects\NewsPetApp\app\build\20231114_9822632841256558278.compiler.options

Host: Intel(R) Core(TM) i3-7020U CPU @ 2.30GHz, 4 cores, 7G,  Windows 10 , 64 bit Build 19041 (10.0.19041.3570)
Time: Tue Nov 14 02:10:40 2023 Центральноевропейский (зима) elapsed time: 24.052652 seconds (0d 0h 0m 24s)

---------------  T H R E A D  ---------------

Current thread (0x00000271355ed800):  JavaThread "C2 CompilerThread1" daemon [_thread_in_native, id=10000, stack(0x000000eff4800000,0x000000eff4900000)]


Current CompileTask:
C2:  24052 16908       4       org.jetbrains.kotlin.ir.util.TypeTranslator::translateType (621 bytes)

Stack: [0x000000eff4800000,0x000000eff4900000]
Native frames: (J=compiled Java code, j=interpreted, Vv=VM code, C=native code)
V  [jvm.dll+0x5fbcea]
V  [jvm.dll+0x731905]
V  [jvm.dll+0x732f1d]
V  [jvm.dll+0x7335d3]
V  [jvm.dll+0x247bf8]
V  [jvm.dll+0xc018c]
V  [jvm.dll+0xc06cc]
V  [jvm.dll+0x35b2db]
V  [jvm.dll+0x328803]
V  [jvm.dll+0x327cfa]
V  [jvm.dll+0x200602]
V  [jvm.dll+0x1ff794]
V  [jvm.dll+0x18868c]
V  [jvm.dll+0x20e0d7]
V  [jvm.dll+0x20c901]
V  [jvm.dll+0x6f9b7f]
V  [jvm.dll+0x6f26a5]
V  [jvm.dll+0x5fabf6]
C  [ucrtbase.dll+0x21bb2]
C  [KERNEL32.DLL+0x17344]
C  [ntdll.dll+0x526b1]


---------------  P R O C E S S  ---------------

Threads class SMR info:
_java_thread_list=0x00000271383a4420, length=11, elements={
0x000002711a7da800, 0x0000027134ae8800, 0x0000027134af4800, 0x0000027134b01800,
0x0000027134b04800, 0x0000027134b05800, 0x0000027134b09000, 0x0000027134b15000,
0x0000027134b1b800, 0x00000271355dc800, 0x00000271355ed800
}

Java Threads: ( => current thread )
  0x000002711a7da800 JavaThread "main" [_thread_in_Java, id=13128, stack(0x000000eff3700000,0x000000eff3800000)]
  0x0000027134ae8800 JavaThread "Reference Handler" daemon [_thread_blocked, id=9328, stack(0x000000eff3e00000,0x000000eff3f00000)]
  0x0000027134af4800 JavaThread "Finalizer" daemon [_thread_blocked, id=10092, stack(0x000000eff3f00000,0x000000eff4000000)]
  0x0000027134b01800 JavaThread "Signal Dispatcher" daemon [_thread_blocked, id=1368, stack(0x000000eff4000000,0x000000eff4100000)]
  0x0000027134b04800 JavaThread "Attach Listener" daemon [_thread_blocked, id=4984, stack(0x000000eff4100000,0x000000eff4200000)]
  0x0000027134b05800 JavaThread "Service Thread" daemon [_thread_blocked, id=6768, stack(0x000000eff4200000,0x000000eff4300000)]
  0x0000027134b09000 JavaThread "C2 CompilerThread0" daemon [_thread_blocked, id=12908, stack(0x000000eff4300000,0x000000eff4400000)]
  0x0000027134b15000 JavaThread "C1 CompilerThread0" daemon [_thread_in_native, id=4168, stack(0x000000eff4400000,0x000000eff4500000)]
  0x0000027134b1b800 JavaThread "Sweeper thread" daemon [_thread_blocked, id=10636, stack(0x000000eff4500000,0x000000eff4600000)]
  0x00000271355dc800 JavaThread "Common-Cleaner" daemon [_thread_blocked, id=5964, stack(0x000000eff4700000,0x000000eff4800000)]
=>0x00000271355ed800 JavaThread "C2 CompilerThread1" daemon [_thread_in_native, id=10000, stack(0x000000eff4800000,0x000000eff4900000)]

Other Threads:
  0x0000027134ac3800 VMThread "VM Thread" [stack: 0x000000eff3d00000,0x000000eff3e00000] [id=7768]
  0x00000271355d5000 WatcherThread [stack: 0x000000eff4600000,0x000000eff4700000] [id=2228]
  0x000002711a7f5000 GCTaskThread "GC Thread#0" [stack: 0x000000eff3800000,0x000000eff3900000] [id=12896]
  0x00000271359c3800 GCTaskThread "GC Thread#1" [stack: 0x000000eff4900000,0x000000eff4a00000] [id=4964]
  0x00000271359ac000 GCTaskThread "GC Thread#2" [stack: 0x000000eff4a00000,0x000000eff4b00000] [id=2572]
  0x000002713b716800 GCTaskThread "GC Thread#3" [stack: 0x000000eff4c00000,0x000000eff4d00000] [id=10080]
  0x000002711a824800 ConcurrentGCThread "G1 Main Marker" [stack: 0x000000eff3900000,0x000000eff3a00000] [id=12224]
  0x000002711a826000 ConcurrentGCThread "G1 Conc#0" [stack: 0x000000eff3a00000,0x000000eff3b00000] [id=2932]
  0x000002711a8bb000 ConcurrentGCThread "G1 Refine#0" [stack: 0x000000eff3b00000,0x000000eff3c00000] [id=13080]
  0x000002713d32b000 ConcurrentGCThread "G1 Refine#1" [stack: 0x000000eff4b00000,0x000000eff4c00000] [id=12576]
  0x0000027135ac9800 ConcurrentGCThread "G1 Refine#2" [stack: 0x000000eff4d00000,0x000000eff4e00000] [id=5268]
  0x000002711a8bc000 ConcurrentGCThread "G1 Young RemSet Sampling" [stack: 0x000000eff3c00000,0x000000eff3d00000] [id=6624]

Threads with active compile tasks:
C1 CompilerThread0  24063 17177       3       org.jetbrains.kotlin.backend.jvm.lower.JvmArgumentNullabilityAssertionsLowering::visitGetField (44 bytes)
C2 CompilerThread1  24063 16908       4       org.jetbrains.kotlin.ir.util.TypeTranslator::translateType (621 bytes)

VM state:not at safepoint (normal execution)

VM Mutex/Monitor currently owned by a thread: None

Heap address: 0x0000000081400000, size: 2028 MB, Compressed Oops mode: 32-bit
Narrow klass base: 0x0000000000000000, Narrow klass shift: 3
Compressed class space size: 1073741824 Address: 0x0000000100000000

Heap:
 garbage-first heap   total 244736K, used 103486K [0x0000000081400000, 0x0000000100000000)
  region size 1024K, 11 young (11264K), 7 survivors (7168K)
 Metaspace       used 88264K, capacity 89206K, committed 89300K, reserved 1128448K
  class space    used 9361K, capacity 9733K, committed 9764K, reserved 1048576K
Heap Regions: E=young(eden), S=young(survivor), O=old, HS=humongous(starts), HC=humongous(continues), CS=collection set, F=free, A=archive, TAMS=top-at-mark-start (previous, next)
|   0|0x0000000081400000, 0x0000000081500000, 0x0000000081500000|100%|HS|  |TAMS 0x0000000081500000, 0x0000000081400000| Complete 
|   1|0x0000000081500000, 0x0000000081600000, 0x0000000081600000|100%|HC|  |TAMS 0x0000000081600000, 0x0000000081500000| Complete 
|   2|0x0000000081600000, 0x0000000081700000, 0x0000000081700000|100%|HC|  |TAMS 0x0000000081700000, 0x0000000081600000| Complete 
|   3|0x0000000081700000, 0x0000000081800000, 0x0000000081800000|100%| O|  |TAMS 0x0000000081800000, 0x0000000081700000| Untracked 
|   4|0x0000000081800000, 0x0000000081900000, 0x0000000081900000|100%| O|  |TAMS 0x0000000081900000, 0x0000000081800000| Complete 
|   5|0x0000000081900000, 0x0000000081a00000, 0x0000000081a00000|100%|HS|  |TAMS 0x0000000081a00000, 0x0000000081900000| Complete 
|   6|0x0000000081a00000, 0x0000000081b00000, 0x0000000081b00000|100%|HC|  |TAMS 0x0000000081b00000, 0x0000000081a00000| Complete 
|   7|0x0000000081b00000, 0x0000000081c00000, 0x0000000081c00000|100%|HC|  |TAMS 0x0000000081c00000, 0x0000000081b00000| Complete 
|   8|0x0000000081c00000, 0x0000000081d00000, 0x0000000081d00000|100%|HS|  |TAMS 0x0000000081d00000, 0x0000000081c00000| Complete 
|   9|0x0000000081d00000, 0x0000000081e00000, 0x0000000081e00000|100%|HC|  |TAMS 0x0000000081e00000, 0x0000000081d00000| Complete 
|  10|0x0000000081e00000, 0x0000000081f00000, 0x0000000081f00000|100%| O|  |TAMS 0x0000000081f00000, 0x0000000081e00000| Untracked 
|  11|0x0000000081f00000, 0x0000000082000000, 0x0000000082000000|100%| O|  |TAMS 0x0000000082000000, 0x0000000081f00000| Untracked 
|  12|0x0000000082000000, 0x0000000082100000, 0x0000000082100000|100%| O|  |TAMS 0x0000000082100000, 0x0000000082000000| Untracked 
|  13|0x0000000082100000, 0x0000000082200000, 0x0000000082200000|100%| O|  |TAMS 0x0000000082200000, 0x0000000082100000| Untracked 
|  14|0x0000000082200000, 0x0000000082300000, 0x0000000082300000|100%| O|  |TAMS 0x0000000082300000, 0x0000000082200000| Untracked 
|  15|0x0000000082300000, 0x0000000082400000, 0x0000000082400000|100%| O|  |TAMS 0x0000000082400000, 0x0000000082300000| Untracked 
|  16|0x0000000082400000, 0x0000000082500000, 0x0000000082500000|100%| O|  |TAMS 0x0000000082500000, 0x0000000082400000| Untracked 
|  17|0x0000000082500000, 0x0000000082600000, 0x0000000082600000|100%| O|  |TAMS 0x0000000082600000, 0x0000000082500000| Untracked 
|  18|0x0000000082600000, 0x0000000082700000, 0x0000000082700000|100%| O|  |TAMS 0x0000000082700000, 0x0000000082600000| Untracked 
|  19|0x0000000082700000, 0x0000000082800000, 0x0000000082800000|100%| O|  |TAMS 0x0000000082800000, 0x0000000082700000| Complete 
|  20|0x0000000082800000, 0x0000000082900000, 0x0000000082900000|100%| O|  |TAMS 0x0000000082900000, 0x0000000082800000| Complete 
|  21|0x0000000082900000, 0x0000000082a00000, 0x0000000082a00000|100%| O|  |TAMS 0x0000000082a00000, 0x0000000082900000| Untracked 
|  22|0x0000000082a00000, 0x0000000082b00000, 0x0000000082b00000|100%| O|  |TAMS 0x0000000082b00000, 0x0000000082a00000| Untracked 
|  23|0x0000000082b00000, 0x0000000082c00000, 0x0000000082c00000|100%| O|  |TAMS 0x0000000082c00000, 0x0000000082b00000| Untracked 
|  24|0x0000000082c00000, 0x0000000082d00000, 0x0000000082d00000|100%| O|  |TAMS 0x0000000082d00000, 0x0000000082c00000| Untracked 
|  25|0x0000000082d00000, 0x0000000082e00000, 0x0000000082e00000|100%| O|  |TAMS 0x0000000082e00000, 0x0000000082d00000| Untracked 
|  26|0x0000000082e00000, 0x0000000082f00000, 0x0000000082f00000|100%| O|  |TAMS 0x0000000082f00000, 0x0000000082e00000| Untracked 
|  27|0x0000000082f00000, 0x0000000083000000, 0x0000000083000000|100%| O|  |TAMS 0x0000000083000000, 0x0000000082f00000| Untracked 
|  28|0x0000000083000000, 0x0000000083100000, 0x0000000083100000|100%| O|  |TAMS 0x0000000083100000, 0x0000000083000000| Complete 
|  29|0x0000000083100000, 0x0000000083200000, 0x0000000083200000|100%| O|  |TAMS 0x0000000083200000, 0x0000000083100000| Untracked 
|  30|0x0000000083200000, 0x0000000083300000, 0x0000000083300000|100%| O|  |TAMS 0x0000000083300000, 0x0000000083200000| Untracked 
|  31|0x0000000083300000, 0x0000000083400000, 0x0000000083400000|100%| O|  |TAMS 0x0000000083400000, 0x0000000083300000| Untracked 
|  32|0x0000000083400000, 0x0000000083500000, 0x0000000083500000|100%| O|  |TAMS 0x0000000083500000, 0x0000000083400000| Untracked 
|  33|0x0000000083500000, 0x0000000083600000, 0x0000000083600000|100%| O|  |TAMS 0x0000000083600000, 0x0000000083500000| Untracked 
|  34|0x0000000083600000, 0x0000000083700000, 0x0000000083700000|100%| O|  |TAMS 0x0000000083700000, 0x0000000083600000| Untracked 
|  35|0x0000000083700000, 0x0000000083800000, 0x0000000083800000|100%| O|  |TAMS 0x0000000083800000, 0x0000000083700000| Complete 
|  36|0x0000000083800000, 0x0000000083900000, 0x0000000083900000|100%| O|  |TAMS 0x0000000083900000, 0x0000000083800000| Complete 
|  37|0x0000000083900000, 0x0000000083a00000, 0x0000000083a00000|100%| O|  |TAMS 0x0000000083a00000, 0x0000000083900000| Complete 
|  38|0x0000000083a00000, 0x0000000083b00000, 0x0000000083b00000|100%| O|  |TAMS 0x0000000083b00000, 0x0000000083a00000| Untracked 
|  39|0x0000000083b00000, 0x0000000083c00000, 0x0000000083c00000|100%| O|  |TAMS 0x0000000083c00000, 0x0000000083b00000| Untracked 
|  40|0x0000000083c00000, 0x0000000083d00000, 0x0000000083d00000|100%| O|  |TAMS 0x0000000083d00000, 0x0000000083c00000| Untracked 
|  41|0x0000000083d00000, 0x0000000083e00000, 0x0000000083e00000|100%| O|  |TAMS 0x0000000083e00000, 0x0000000083d00000| Untracked 
|  42|0x0000000083e00000, 0x0000000083f00000, 0x0000000083f00000|100%| O|  |TAMS 0x0000000083f00000, 0x0000000083e00000| Untracked 
|  43|0x0000000083f00000, 0x0000000084000000, 0x0000000084000000|100%| O|  |TAMS 0x0000000084000000, 0x0000000083f00000| Untracked 
|  44|0x0000000084000000, 0x0000000084100000, 0x0000000084100000|100%| O|  |TAMS 0x0000000084100000, 0x0000000084000000| Untracked 
|  45|0x0000000084100000, 0x0000000084200000, 0x0000000084200000|100%| O|  |TAMS 0x0000000084200000, 0x0000000084100000| Untracked 
|  46|0x0000000084200000, 0x0000000084300000, 0x0000000084300000|100%| O|  |TAMS 0x0000000084300000, 0x0000000084200000| Untracked 
|  47|0x0000000084300000, 0x0000000084400000, 0x0000000084400000|100%| O|  |TAMS 0x0000000084400000, 0x0000000084300000| Complete 
|  48|0x0000000084400000, 0x0000000084500000, 0x0000000084500000|100%| O|  |TAMS 0x0000000084500000, 0x0000000084400000| Complete 
|  49|0x0000000084500000, 0x0000000084600000, 0x0000000084600000|100%| O|  |TAMS 0x0000000084600000, 0x0000000084500000| Untracked 
|  50|0x0000000084600000, 0x0000000084700000, 0x0000000084700000|100%| O|  |TAMS 0x0000000084700000, 0x0000000084600000| Complete 
|  51|0x0000000084700000, 0x0000000084800000, 0x0000000084800000|100%| O|  |TAMS 0x0000000084800000, 0x0000000084700000| Untracked 
|  52|0x0000000084800000, 0x0000000084900000, 0x0000000084900000|100%| O|  |TAMS 0x0000000084900000, 0x0000000084800000| Untracked 
|  53|0x0000000084900000, 0x0000000084a00000, 0x0000000084a00000|100%| O|  |TAMS 0x0000000084a00000, 0x0000000084900000| Complete 
|  54|0x0000000084a00000, 0x0000000084b00000, 0x0000000084b00000|100%| O|  |TAMS 0x0000000084b00000, 0x0000000084a00000| Complete 
|  55|0x0000000084b00000, 0x0000000084c00000, 0x0000000084c00000|100%| O|  |TAMS 0x0000000084c00000, 0x0000000084b00000| Complete 
|  56|0x0000000084c00000, 0x0000000084d00000, 0x0000000084d00000|100%| O|  |TAMS 0x0000000084c00000, 0x0000000084c00000| Untracked 
|  57|0x0000000084d00000, 0x0000000084e00000, 0x0000000084e00000|100%| O|  |TAMS 0x0000000084d00000, 0x0000000084d00000| Untracked 
|  58|0x0000000084e00000, 0x0000000084f00000, 0x0000000084f00000|100%| O|  |TAMS 0x0000000084f00000, 0x0000000084e00000| Untracked 
|  59|0x0000000084f00000, 0x0000000085000000, 0x0000000085000000|100%| O|  |TAMS 0x0000000085000000, 0x0000000084f00000| Untracked 
|  60|0x0000000085000000, 0x0000000085100000, 0x0000000085100000|100%| O|  |TAMS 0x0000000085100000, 0x0000000085000000| Untracked 
|  61|0x0000000085100000, 0x0000000085200000, 0x0000000085200000|100%| O|  |TAMS 0x0000000085200000, 0x0000000085100000| Complete 
|  62|0x0000000085200000, 0x0000000085300000, 0x0000000085300000|100%| O|  |TAMS 0x0000000085300000, 0x0000000085200000| Complete 
|  63|0x0000000085300000, 0x0000000085400000, 0x0000000085400000|100%| O|  |TAMS 0x0000000085400000, 0x0000000085300000| Complete 
|  64|0x0000000085400000, 0x0000000085500000, 0x0000000085500000|100%| O|  |TAMS 0x0000000085500000, 0x0000000085400000| Complete 
|  65|0x0000000085500000, 0x0000000085600000, 0x0000000085600000|100%| O|  |TAMS 0x0000000085600000, 0x0000000085500000| Untracked 
|  66|0x0000000085600000, 0x0000000085700000, 0x0000000085700000|100%| O|  |TAMS 0x0000000085700000, 0x0000000085600000| Untracked 
|  67|0x0000000085700000, 0x0000000085800000, 0x0000000085800000|100%| O|  |TAMS 0x0000000085800000, 0x0000000085700000| Untracked 
|  68|0x0000000085800000, 0x0000000085900000, 0x0000000085900000|100%| O|  |TAMS 0x0000000085900000, 0x0000000085800000| Complete 
|  69|0x0000000085900000, 0x0000000085a00000, 0x0000000085a00000|100%| O|  |TAMS 0x0000000085a00000, 0x0000000085900000| Complete 
|  70|0x0000000085a00000, 0x0000000085b00000, 0x0000000085b00000|100%| O|  |TAMS 0x0000000085b00000, 0x0000000085a00000| Complete 
|  71|0x0000000085b00000, 0x0000000085c00000, 0x0000000085c00000|100%| O|  |TAMS 0x0000000085c00000, 0x0000000085b00000| Complete 
|  72|0x0000000085c00000, 0x0000000085d00000, 0x0000000085d00000|100%| O|  |TAMS 0x0000000085d00000, 0x0000000085c00000| Complete 
|  73|0x0000000085d00000, 0x0000000085e00000, 0x0000000085e00000|100%| O|  |TAMS 0x0000000085e00000, 0x0000000085d00000| Complete 
|  74|0x0000000085e00000, 0x0000000085f00000, 0x0000000085f00000|100%| O|  |TAMS 0x0000000085f00000, 0x0000000085e00000| Untracked 
|  75|0x0000000085f00000, 0x0000000086000000, 0x0000000086000000|100%| O|  |TAMS 0x0000000086000000, 0x0000000085f00000| Untracked 
|  76|0x0000000086000000, 0x0000000086100000, 0x0000000086100000|100%| O|  |TAMS 0x0000000086100000, 0x0000000086000000| Untracked 
|  77|0x0000000086100000, 0x0000000086200000, 0x0000000086200000|100%| O|  |TAMS 0x0000000086200000, 0x0000000086100000| Untracked 
|  78|0x0000000086200000, 0x0000000086300000, 0x0000000086300000|100%| O|  |TAMS 0x0000000086300000, 0x0000000086200000| Complete 
|  79|0x0000000086300000, 0x0000000086400000, 0x0000000086400000|100%| O|  |TAMS 0x0000000086400000, 0x0000000086300000| Complete 
|  80|0x0000000086400000, 0x0000000086500000, 0x0000000086500000|100%| O|  |TAMS 0x0000000086500000, 0x0000000086400000| Complete 
|  81|0x0000000086500000, 0x0000000086600000, 0x0000000086600000|100%| O|  |TAMS 0x0000000086600000, 0x0000000086500000| Complete 
|  82|0x0000000086600000, 0x0000000086700000, 0x0000000086700000|100%| O|  |TAMS 0x0000000086700000, 0x0000000086600000| Complete 
|  83|0x0000000086700000, 0x0000000086800000, 0x0000000086800000|100%| O|  |TAMS 0x0000000086800000, 0x0000000086700000| Complete 
|  84|0x0000000086800000, 0x0000000086900000, 0x0000000086900000|100%| O|  |TAMS 0x00000000868d0e00, 0x0000000086800000| Untracked 
|  85|0x0000000086900000, 0x0000000086a00000, 0x0000000086a00000|100%| O|  |TAMS 0x0000000086900000, 0x0000000086900000| Untracked 
|  86|0x0000000086a00000, 0x0000000086b00000, 0x0000000086b00000|100%| O|  |TAMS 0x0000000086a00000, 0x0000000086a00000| Untracked 
|  87|0x0000000086b00000, 0x0000000086c00000, 0x0000000086c00000|100%| O|  |TAMS 0x0000000086b00000, 0x0000000086b00000| Untracked 
|  88|0x0000000086c00000, 0x0000000086d00000, 0x0000000086d00000|100%| O|  |TAMS 0x0000000086c00000, 0x0000000086c00000| Untracked 
|  89|0x0000000086d00000, 0x0000000086e00000, 0x0000000086e00000|100%| O|  |TAMS 0x0000000086d00000, 0x0000000086d00000| Untracked 
|  90|0x0000000086e00000, 0x0000000086f00000, 0x0000000086f00000|100%| O|  |TAMS 0x0000000086e00000, 0x0000000086e00000| Untracked 
|  91|0x0000000086f00000, 0x0000000087000000, 0x0000000087000000|100%| O|  |TAMS 0x0000000086f00000, 0x0000000086f00000| Untracked 
|  92|0x0000000087000000, 0x0000000087100000, 0x0000000087100000|100%| O|  |TAMS 0x0000000087000000, 0x0000000087000000| Untracked 
|  93|0x0000000087100000, 0x000000008715a028, 0x0000000087200000| 35%| O|  |TAMS 0x0000000087100000, 0x0000000087100000| Untracked 
|  94|0x0000000087200000, 0x0000000087200000, 0x0000000087300000|  0%| F|  |TAMS 0x0000000087200000, 0x0000000087200000| Untracked 
|  95|0x0000000087300000, 0x0000000087300000, 0x0000000087400000|  0%| F|  |TAMS 0x0000000087300000, 0x0000000087300000| Untracked 
|  96|0x0000000087400000, 0x0000000087400000, 0x0000000087500000|  0%| F|  |TAMS 0x0000000087400000, 0x0000000087400000| Untracked 
|  97|0x0000000087500000, 0x0000000087500000, 0x0000000087600000|  0%| F|  |TAMS 0x0000000087500000, 0x0000000087500000| Untracked 
|  98|0x0000000087600000, 0x0000000087600000, 0x0000000087700000|  0%| F|  |TAMS 0x0000000087600000, 0x0000000087600000| Untracked 
|  99|0x0000000087700000, 0x0000000087700000, 0x0000000087800000|  0%| F|  |TAMS 0x0000000087700000, 0x0000000087700000| Untracked 
| 100|0x0000000087800000, 0x0000000087800000, 0x0000000087900000|  0%| F|  |TAMS 0x0000000087800000, 0x0000000087800000| Untracked 
| 101|0x0000000087900000, 0x0000000087900000, 0x0000000087a00000|  0%| F|  |TAMS 0x0000000087900000, 0x0000000087900000| Untracked 
| 102|0x0000000087a00000, 0x0000000087a00000, 0x0000000087b00000|  0%| F|  |TAMS 0x0000000087a00000, 0x0000000087a00000| Untracked 
| 103|0x0000000087b00000, 0x0000000087b00000, 0x0000000087c00000|  0%| F|  |TAMS 0x0000000087b00000, 0x0000000087b00000| Untracked 
| 104|0x0000000087c00000, 0x0000000087c00000, 0x0000000087d00000|  0%| F|  |TAMS 0x0000000087c00000, 0x0000000087c00000| Untracked 
| 105|0x0000000087d00000, 0x0000000087d00000, 0x0000000087e00000|  0%| F|  |TAMS 0x0000000087d00000, 0x0000000087d00000| Untracked 
| 106|0x0000000087e00000, 0x0000000087e00000, 0x0000000087f00000|  0%| F|  |TAMS 0x0000000087e00000, 0x0000000087e00000| Untracked 
| 107|0x0000000087f00000, 0x0000000087f00000, 0x0000000088000000|  0%| F|  |TAMS 0x0000000087f00000, 0x0000000087f00000| Untracked 
| 108|0x0000000088000000, 0x0000000088000000, 0x0000000088100000|  0%| F|  |TAMS 0x0000000088000000, 0x0000000088000000| Untracked 
| 109|0x0000000088100000, 0x0000000088100000, 0x0000000088200000|  0%| F|  |TAMS 0x0000000088100000, 0x0000000088100000| Untracked 
| 110|0x0000000088200000, 0x0000000088200000, 0x0000000088300000|  0%| F|  |TAMS 0x0000000088200000, 0x0000000088200000| Untracked 
| 111|0x0000000088300000, 0x0000000088300000, 0x0000000088400000|  0%| F|  |TAMS 0x0000000088300000, 0x0000000088300000| Untracked 
| 112|0x0000000088400000, 0x0000000088400000, 0x0000000088500000|  0%| F|  |TAMS 0x0000000088400000, 0x0000000088400000| Untracked 
| 113|0x0000000088500000, 0x0000000088500000, 0x0000000088600000|  0%| F|  |TAMS 0x0000000088500000, 0x0000000088500000| Untracked 
| 114|0x0000000088600000, 0x0000000088600000, 0x0000000088700000|  0%| F|  |TAMS 0x0000000088600000, 0x0000000088600000| Untracked 
| 115|0x0000000088700000, 0x0000000088700000, 0x0000000088800000|  0%| F|  |TAMS 0x0000000088700000, 0x0000000088700000| Untracked 
| 116|0x0000000088800000, 0x0000000088800000, 0x0000000088900000|  0%| F|  |TAMS 0x0000000088800000, 0x0000000088800000| Untracked 
| 117|0x0000000088900000, 0x0000000088900000, 0x0000000088a00000|  0%| F|  |TAMS 0x0000000088900000, 0x0000000088900000| Untracked 
| 118|0x0000000088a00000, 0x0000000088a00000, 0x0000000088b00000|  0%| F|  |TAMS 0x0000000088a00000, 0x0000000088a00000| Untracked 
| 119|0x0000000088b00000, 0x0000000088b00000, 0x0000000088c00000|  0%| F|  |TAMS 0x0000000088b00000, 0x0000000088b00000| Untracked 
| 120|0x0000000088c00000, 0x0000000088c00000, 0x0000000088d00000|  0%| F|  |TAMS 0x0000000088c00000, 0x0000000088c00000| Untracked 
| 121|0x0000000088d00000, 0x0000000088d00000, 0x0000000088e00000|  0%| F|  |TAMS 0x0000000088d00000, 0x0000000088d00000| Untracked 
| 122|0x0000000088e00000, 0x0000000088e00000, 0x0000000088f00000|  0%| F|  |TAMS 0x0000000088e00000, 0x0000000088e00000| Untracked 
| 123|0x0000000088f00000, 0x0000000088f00000, 0x0000000089000000|  0%| F|  |TAMS 0x0000000088f00000, 0x0000000088f00000| Untracked 
| 124|0x0000000089000000, 0x0000000089000000, 0x0000000089100000|  0%| F|  |TAMS 0x0000000089000000, 0x0000000089000000| Untracked 
| 125|0x0000000089100000, 0x0000000089100000, 0x0000000089200000|  0%| F|  |TAMS 0x0000000089100000, 0x0000000089100000| Untracked 
| 126|0x0000000089200000, 0x0000000089200000, 0x0000000089300000|  0%| F|  |TAMS 0x0000000089200000, 0x0000000089200000| Untracked 
| 127|0x0000000089300000, 0x0000000089300000, 0x0000000089400000|  0%| F|  |TAMS 0x0000000089300000, 0x0000000089300000| Untracked 
| 128|0x0000000089400000, 0x0000000089400000, 0x0000000089500000|  0%| F|  |TAMS 0x0000000089400000, 0x0000000089400000| Untracked 
| 129|0x0000000089500000, 0x0000000089561190, 0x0000000089600000| 37%| E|CS|TAMS 0x0000000089500000, 0x0000000089500000| Complete 
| 130|0x0000000089600000, 0x0000000089700000, 0x0000000089700000|100%| E|CS|TAMS 0x0000000089600000, 0x0000000089600000| Complete 
| 131|0x0000000089700000, 0x0000000089800000, 0x0000000089800000|100%| E|CS|TAMS 0x0000000089700000, 0x0000000089700000| Complete 
| 132|0x0000000089800000, 0x0000000089900000, 0x0000000089900000|100%| E|CS|TAMS 0x0000000089800000, 0x0000000089800000| Complete 
| 133|0x0000000089900000, 0x0000000089a00000, 0x0000000089a00000|100%| E|CS|TAMS 0x0000000089900000, 0x0000000089900000| Complete 
| 134|0x0000000089a00000, 0x0000000089b00000, 0x0000000089b00000|100%| E|CS|TAMS 0x0000000089a00000, 0x0000000089a00000| Complete 
| 135|0x0000000089b00000, 0x0000000089c00000, 0x0000000089c00000|100%| E|CS|TAMS 0x0000000089b00000, 0x0000000089b00000| Complete 
| 136|0x0000000089c00000, 0x0000000089c00000, 0x0000000089d00000|  0%| F|  |TAMS 0x0000000089c00000, 0x0000000089c00000| Untracked 
| 137|0x0000000089d00000, 0x0000000089d00000, 0x0000000089e00000|  0%| F|  |TAMS 0x0000000089d00000, 0x0000000089d00000| Untracked 
| 138|0x0000000089e00000, 0x0000000089e00000, 0x0000000089f00000|  0%| F|  |TAMS 0x0000000089e00000, 0x0000000089e00000| Untracked 
| 139|0x0000000089f00000, 0x0000000089f00000, 0x000000008a000000|  0%| F|  |TAMS 0x0000000089f00000, 0x0000000089f00000| Untracked 
| 140|0x000000008a000000, 0x000000008a000000, 0x000000008a100000|  0%| F|  |TAMS 0x000000008a000000, 0x000000008a000000| Untracked 
| 141|0x000000008a100000, 0x000000008a100000, 0x000000008a200000|  0%| F|  |TAMS 0x000000008a100000, 0x000000008a100000| Untracked 
| 142|0x000000008a200000, 0x000000008a200000, 0x000000008a300000|  0%| F|  |TAMS 0x000000008a200000, 0x000000008a200000| Untracked 
| 143|0x000000008a300000, 0x000000008a300000, 0x000000008a400000|  0%| F|  |TAMS 0x000000008a300000, 0x000000008a300000| Untracked 
| 144|0x000000008a400000, 0x000000008a400000, 0x000000008a500000|  0%| F|  |TAMS 0x000000008a400000, 0x000000008a400000| Untracked 
| 145|0x000000008a500000, 0x000000008a500000, 0x000000008a600000|  0%| F|  |TAMS 0x000000008a500000, 0x000000008a500000| Untracked 
| 146|0x000000008a600000, 0x000000008a600000, 0x000000008a700000|  0%| F|  |TAMS 0x000000008a600000, 0x000000008a600000| Untracked 
| 147|0x000000008a700000, 0x000000008a700000, 0x000000008a800000|  0%| F|  |TAMS 0x000000008a700000, 0x000000008a700000| Untracked 
| 148|0x000000008a800000, 0x000000008a800000, 0x000000008a900000|  0%| F|  |TAMS 0x000000008a800000, 0x000000008a800000| Untracked 
| 149|0x000000008a900000, 0x000000008a900000, 0x000000008aa00000|  0%| F|  |TAMS 0x000000008a900000, 0x000000008a900000| Untracked 
| 150|0x000000008aa00000, 0x000000008aa00000, 0x000000008ab00000|  0%| F|  |TAMS 0x000000008aa00000, 0x000000008aa00000| Untracked 
| 151|0x000000008ab00000, 0x000000008ab00000, 0x000000008ac00000|  0%| F|  |TAMS 0x000000008ab00000, 0x000000008ab00000| Untracked 
| 152|0x000000008ac00000, 0x000000008ac00000, 0x000000008ad00000|  0%| F|  |TAMS 0x000000008ac00000, 0x000000008ac00000| Untracked 
| 153|0x000000008ad00000, 0x000000008ad00000, 0x000000008ae00000|  0%| F|  |TAMS 0x000000008ad00000, 0x000000008ad00000| Untracked 
| 154|0x000000008ae00000, 0x000000008ae00000, 0x000000008af00000|  0%| F|  |TAMS 0x000000008ae00000, 0x000000008ae00000| Untracked 
| 155|0x000000008af00000, 0x000000008af00000, 0x000000008b000000|  0%| F|  |TAMS 0x000000008af00000, 0x000000008af00000| Untracked 
| 156|0x000000008b000000, 0x000000008b000000, 0x000000008b100000|  0%| F|  |TAMS 0x000000008b000000, 0x000000008b000000| Untracked 
| 157|0x000000008b100000, 0x000000008b100000, 0x000000008b200000|  0%| F|  |TAMS 0x000000008b100000, 0x000000008b100000| Untracked 
| 158|0x000000008b200000, 0x000000008b200000, 0x000000008b300000|  0%| F|  |TAMS 0x000000008b200000, 0x000000008b200000| Untracked 
| 159|0x000000008b300000, 0x000000008b300000, 0x000000008b400000|  0%| F|  |TAMS 0x000000008b300000, 0x000000008b300000| Untracked 
| 160|0x000000008b400000, 0x000000008b400000, 0x000000008b500000|  0%| F|  |TAMS 0x000000008b400000, 0x000000008b400000| Untracked 
| 161|0x000000008b500000, 0x000000008b500000, 0x000000008b600000|  0%| F|  |TAMS 0x000000008b500000, 0x000000008b500000| Untracked 
| 162|0x000000008b600000, 0x000000008b600000, 0x000000008b700000|  0%| F|  |TAMS 0x000000008b600000, 0x000000008b600000| Untracked 
| 163|0x000000008b700000, 0x000000008b700000, 0x000000008b800000|  0%| F|  |TAMS 0x000000008b700000, 0x000000008b700000| Untracked 
| 164|0x000000008b800000, 0x000000008b800000, 0x000000008b900000|  0%| F|  |TAMS 0x000000008b800000, 0x000000008b800000| Untracked 
| 165|0x000000008b900000, 0x000000008b900000, 0x000000008ba00000|  0%| F|  |TAMS 0x000000008b900000, 0x000000008b900000| Untracked 
| 166|0x000000008ba00000, 0x000000008ba00000, 0x000000008bb00000|  0%| F|  |TAMS 0x000000008ba00000, 0x000000008ba00000| Untracked 
| 167|0x000000008bb00000, 0x000000008bb00000, 0x000000008bc00000|  0%| F|  |TAMS 0x000000008bb00000, 0x000000008bb00000| Untracked 
| 168|0x000000008bc00000, 0x000000008bc00000, 0x000000008bd00000|  0%| F|  |TAMS 0x000000008bc00000, 0x000000008bc00000| Untracked 
| 169|0x000000008bd00000, 0x000000008bd00000, 0x000000008be00000|  0%| F|  |TAMS 0x000000008bd00000, 0x000000008bd00000| Untracked 
| 170|0x000000008be00000, 0x000000008be00000, 0x000000008bf00000|  0%| F|  |TAMS 0x000000008be00000, 0x000000008be00000| Untracked 
| 171|0x000000008bf00000, 0x000000008bf00000, 0x000000008c000000|  0%| F|  |TAMS 0x000000008bf00000, 0x000000008bf00000| Untracked 
| 172|0x000000008c000000, 0x000000008c000000, 0x000000008c100000|  0%| F|  |TAMS 0x000000008c000000, 0x000000008c000000| Untracked 
| 173|0x000000008c100000, 0x000000008c100000, 0x000000008c200000|  0%| F|  |TAMS 0x000000008c100000, 0x000000008c100000| Untracked 
| 174|0x000000008c200000, 0x000000008c200000, 0x000000008c300000|  0%| F|  |TAMS 0x000000008c200000, 0x000000008c200000| Untracked 
| 175|0x000000008c300000, 0x000000008c300000, 0x000000008c400000|  0%| F|  |TAMS 0x000000008c300000, 0x000000008c300000| Untracked 
| 176|0x000000008c400000, 0x000000008c400000, 0x000000008c500000|  0%| F|  |TAMS 0x000000008c400000, 0x000000008c400000| Untracked 
| 177|0x000000008c500000, 0x000000008c500000, 0x000000008c600000|  0%| F|  |TAMS 0x000000008c500000, 0x000000008c500000| Untracked 
| 178|0x000000008c600000, 0x000000008c600000, 0x000000008c700000|  0%| F|  |TAMS 0x000000008c600000, 0x000000008c600000| Untracked 
| 179|0x000000008c700000, 0x000000008c700000, 0x000000008c800000|  0%| F|  |TAMS 0x000000008c700000, 0x000000008c700000| Untracked 
| 180|0x000000008c800000, 0x000000008c800000, 0x000000008c900000|  0%| F|  |TAMS 0x000000008c800000, 0x000000008c800000| Untracked 
| 181|0x000000008c900000, 0x000000008c900000, 0x000000008ca00000|  0%| F|  |TAMS 0x000000008c900000, 0x000000008c900000| Untracked 
| 182|0x000000008ca00000, 0x000000008ca00000, 0x000000008cb00000|  0%| F|  |TAMS 0x000000008ca00000, 0x000000008ca00000| Untracked 
| 183|0x000000008cb00000, 0x000000008cb00000, 0x000000008cc00000|  0%| F|  |TAMS 0x000000008cb00000, 0x000000008cb00000| Untracked 
| 184|0x000000008cc00000, 0x000000008cc00000, 0x000000008cd00000|  0%| F|  |TAMS 0x000000008cc00000, 0x000000008cc00000| Untracked 
| 185|0x000000008cd00000, 0x000000008cd00000, 0x000000008ce00000|  0%| F|  |TAMS 0x000000008cd00000, 0x000000008cd00000| Untracked 
| 186|0x000000008ce00000, 0x000000008ce00000, 0x000000008cf00000|  0%| F|  |TAMS 0x000000008ce00000, 0x000000008ce00000| Untracked 
| 187|0x000000008cf00000, 0x000000008cf00000, 0x000000008d000000|  0%| F|  |TAMS 0x000000008cf00000, 0x000000008cf00000| Untracked 
| 188|0x000000008d000000, 0x000000008d000000, 0x000000008d100000|  0%| F|  |TAMS 0x000000008d000000, 0x000000008d000000| Untracked 
| 189|0x000000008d100000, 0x000000008d100000, 0x000000008d200000|  0%| F|  |TAMS 0x000000008d100000, 0x000000008d100000| Untracked 
| 190|0x000000008d200000, 0x000000008d200000, 0x000000008d300000|  0%| F|  |TAMS 0x000000008d200000, 0x000000008d200000| Untracked 
| 191|0x000000008d300000, 0x000000008d300000, 0x000000008d400000|  0%| F|  |TAMS 0x000000008d300000, 0x000000008d300000| Untracked 
| 192|0x000000008d400000, 0x000000008d400000, 0x000000008d500000|  0%| F|  |TAMS 0x000000008d400000, 0x000000008d400000| Untracked 
| 193|0x000000008d500000, 0x000000008d500000, 0x000000008d600000|  0%| F|  |TAMS 0x000000008d500000, 0x000000008d500000| Untracked 
| 194|0x000000008d600000, 0x000000008d600000, 0x000000008d700000|  0%| F|  |TAMS 0x000000008d600000, 0x000000008d600000| Untracked 
| 195|0x000000008d700000, 0x000000008d700000, 0x000000008d800000|  0%| F|  |TAMS 0x000000008d700000, 0x000000008d700000| Untracked 
| 196|0x000000008d800000, 0x000000008d800000, 0x000000008d900000|  0%| F|  |TAMS 0x000000008d800000, 0x000000008d800000| Untracked 
| 197|0x000000008d900000, 0x000000008d900000, 0x000000008da00000|  0%| F|  |TAMS 0x000000008d900000, 0x000000008d900000| Untracked 
| 198|0x000000008da00000, 0x000000008da00000, 0x000000008db00000|  0%| F|  |TAMS 0x000000008da00000, 0x000000008da00000| Untracked 
| 199|0x000000008db00000, 0x000000008db00000, 0x000000008dc00000|  0%| F|  |TAMS 0x000000008db00000, 0x000000008db00000| Untracked 
| 200|0x000000008dc00000, 0x000000008dc00000, 0x000000008dd00000|  0%| F|  |TAMS 0x000000008dc00000, 0x000000008dc00000| Untracked 
| 201|0x000000008dd00000, 0x000000008dd00000, 0x000000008de00000|  0%| F|  |TAMS 0x000000008dd00000, 0x000000008dd00000| Untracked 
| 202|0x000000008de00000, 0x000000008de00000, 0x000000008df00000|  0%| F|  |TAMS 0x000000008de00000, 0x000000008de00000| Untracked 
| 203|0x000000008df00000, 0x000000008df00000, 0x000000008e000000|  0%| F|  |TAMS 0x000000008df00000, 0x000000008df00000| Untracked 
| 204|0x000000008e000000, 0x000000008e000000, 0x000000008e100000|  0%| F|  |TAMS 0x000000008e000000, 0x000000008e000000| Untracked 
| 205|0x000000008e100000, 0x000000008e100000, 0x000000008e200000|  0%| F|  |TAMS 0x000000008e100000, 0x000000008e100000| Untracked 
| 206|0x000000008e200000, 0x000000008e200000, 0x000000008e300000|  0%| F|  |TAMS 0x000000008e200000, 0x000000008e200000| Untracked 
| 207|0x000000008e300000, 0x000000008e300000, 0x000000008e400000|  0%| F|  |TAMS 0x000000008e300000, 0x000000008e300000| Untracked 
| 208|0x000000008e400000, 0x000000008e400000, 0x000000008e500000|  0%| F|  |TAMS 0x000000008e400000, 0x000000008e400000| Untracked 
| 209|0x000000008e500000, 0x000000008e500000, 0x000000008e600000|  0%| F|  |TAMS 0x000000008e500000, 0x000000008e500000| Untracked 
| 210|0x000000008e600000, 0x000000008e600000, 0x000000008e700000|  0%| F|  |TAMS 0x000000008e600000, 0x000000008e600000| Untracked 
| 211|0x000000008e700000, 0x000000008e700000, 0x000000008e800000|  0%| F|  |TAMS 0x000000008e700000, 0x000000008e700000| Untracked 
| 212|0x000000008e800000, 0x000000008e800000, 0x000000008e900000|  0%| F|  |TAMS 0x000000008e800000, 0x000000008e800000| Untracked 
| 213|0x000000008e900000, 0x000000008e900000, 0x000000008ea00000|  0%| F|  |TAMS 0x000000008e900000, 0x000000008e900000| Untracked 
| 214|0x000000008ea00000, 0x000000008ea00000, 0x000000008eb00000|  0%| F|  |TAMS 0x000000008ea00000, 0x000000008ea00000| Untracked 
| 215|0x000000008eb00000, 0x000000008eb00000, 0x000000008ec00000|  0%| F|  |TAMS 0x000000008eb00000, 0x000000008eb00000| Untracked 
| 216|0x000000008ec00000, 0x000000008ec00000, 0x000000008ed00000|  0%| F|  |TAMS 0x000000008ec00000, 0x000000008ec00000| Untracked 
| 217|0x000000008ed00000, 0x000000008ed00000, 0x000000008ee00000|  0%| F|  |TAMS 0x000000008ed00000, 0x000000008ed00000| Untracked 
| 218|0x000000008ee00000, 0x000000008ee00000, 0x000000008ef00000|  0%| F|  |TAMS 0x000000008ee00000, 0x000000008ee00000| Untracked 
| 219|0x000000008ef00000, 0x000000008ef00000, 0x000000008f000000|  0%| F|  |TAMS 0x000000008ef00000, 0x000000008ef00000| Untracked 
| 220|0x000000008f000000, 0x000000008f000000, 0x000000008f100000|  0%| F|  |TAMS 0x000000008f000000, 0x000000008f000000| Untracked 
| 221|0x000000008f100000, 0x000000008f100000, 0x000000008f200000|  0%| F|  |TAMS 0x000000008f100000, 0x000000008f100000| Untracked 
| 222|0x000000008f200000, 0x000000008f200000, 0x000000008f300000|  0%| F|  |TAMS 0x000000008f200000, 0x000000008f200000| Untracked 
| 223|0x000000008f300000, 0x000000008f300000, 0x000000008f400000|  0%| F|  |TAMS 0x000000008f300000, 0x000000008f300000| Untracked 
| 224|0x000000008f400000, 0x000000008f400000, 0x000000008f500000|  0%| F|  |TAMS 0x000000008f400000, 0x000000008f400000| Untracked 
| 225|0x000000008f500000, 0x000000008f500000, 0x000000008f600000|  0%| F|  |TAMS 0x000000008f500000, 0x000000008f500000| Untracked 
| 226|0x000000008f600000, 0x000000008f600000, 0x000000008f700000|  0%| F|  |TAMS 0x000000008f600000, 0x000000008f600000| Untracked 
| 227|0x000000008f700000, 0x000000008f700000, 0x000000008f800000|  0%| F|  |TAMS 0x000000008f700000, 0x000000008f700000| Untracked 
| 228|0x000000008f800000, 0x000000008f800000, 0x000000008f900000|  0%| F|  |TAMS 0x000000008f800000, 0x000000008f800000| Untracked 
| 229|0x000000008f900000, 0x000000008f900000, 0x000000008fa00000|  0%| F|  |TAMS 0x000000008f900000, 0x000000008f900000| Untracked 
| 230|0x000000008fa00000, 0x000000008fa00000, 0x000000008fb00000|  0%| F|  |TAMS 0x000000008fa00000, 0x000000008fa00000| Untracked 
| 231|0x000000008fb00000, 0x000000008fb00000, 0x000000008fc00000|  0%| F|  |TAMS 0x000000008fb00000, 0x000000008fb00000| Untracked 
| 232|0x000000008fc00000, 0x000000008fc00000, 0x000000008fd00000|  0%| F|  |TAMS 0x000000008fc00000, 0x000000008fc00000| Untracked 
| 233|0x000000008fd00000, 0x000000008fd00000, 0x000000008fe00000|  0%| F|  |TAMS 0x000000008fd00000, 0x000000008fd00000| Untracked 
| 234|0x000000008fe00000, 0x000000008ff00000, 0x000000008ff00000|100%| S|CS|TAMS 0x000000008fe00000, 0x000000008fe00000| Complete 
| 235|0x000000008ff00000, 0x000000008ff00000, 0x0000000090000000|  0%| F|  |TAMS 0x000000008ff00000, 0x000000008ff00000| Untracked 
| 236|0x0000000090000000, 0x0000000090000000, 0x0000000090100000|  0%| F|  |TAMS 0x0000000090000000, 0x0000000090000000| Untracked 
| 237|0x0000000090100000, 0x0000000090100000, 0x0000000090200000|  0%| F|  |TAMS 0x0000000090100000, 0x0000000090100000| Untracked 
| 238|0x0000000090200000, 0x0000000090280800, 0x0000000090300000| 50%| E|  |TAMS 0x0000000090200000, 0x0000000090200000| Complete 

Card table byte_map: [0x000002712dd40000,0x000002712e140000] _byte_map_base: 0x000002712d936000

Marking Bits (Prev, Next): (CMBitMap*) 0x000002711a81c000, (CMBitMap*) 0x000002711a81bfc8
 Prev Bits: [0x00000271304f0000, 0x00000271324a0000)
 Next Bits: [0x000002712e540000, 0x00000271304f0000)

Polling page: 0x000002711e2f0000

Metaspace:

Usage:
  Non-class:     77.61 MB capacity,    77.05 MB (>99%) used,   422.52 KB ( <1%) free+waste,   147.44 KB ( <1%) overhead. 
      Class:      9.50 MB capacity,     9.14 MB ( 96%) used,   311.02 KB (  3%) free+waste,    60.25 KB ( <1%) overhead. 
       Both:     87.12 MB capacity,    86.20 MB ( 99%) used,   733.53 KB ( <1%) free+waste,   207.69 KB ( <1%) overhead. 

Virtual space:
  Non-class space:       78.00 MB reserved,      77.67 MB (>99%) committed 
      Class space:        1.00 GB reserved,       9.54 MB ( <1%) committed 
             Both:        1.08 GB reserved,      87.21 MB (  8%) committed 

Chunk freelists:
   Non-Class:  63.00 KB
       Class:  27.00 KB
        Both:  90.00 KB

MaxMetaspaceSize: 17179869184.00 GB
CompressedClassSpaceSize: 1.00 GB
Initial GC threshold: 20.80 MB
Current GC threshold: 140.97 MB
CDS: off

CodeHeap 'non-profiled nmethods': size=120064Kb used=7880Kb max_used=7880Kb free=112184Kb
 bounds [0x0000027125dd0000, 0x0000027126590000, 0x000002712d310000]
CodeHeap 'profiled nmethods': size=120000Kb used=49486Kb max_used=49486Kb free=70513Kb
 bounds [0x000002711e8a0000, 0x0000027121930000, 0x0000027125dd0000]
CodeHeap 'non-nmethods': size=5696Kb used=1400Kb max_used=1448Kb free=4295Kb
 bounds [0x000002711e310000, 0x000002711e580000, 0x000002711e8a0000]
 total_blobs=16656 nmethods=15961 adapters=601
 compilation: enabled
              stopped_count=0, restarted_count=0
 full_count=0

Compilation events (20 events):
Event: 24.045 Thread 0x0000027134b15000 17155       3       org.jetbrains.kotlin.backend.jvm.lower.InlineCallableReferenceToLambdaVisitor::visitBody (13 bytes)
Event: 24.045 Thread 0x0000027134b09000 nmethod 16936 0x0000027126580b90 code [0x0000027126580d20, 0x0000027126580d98]
Event: 24.045 Thread 0x0000027134b09000 17157       4       org.jetbrains.kotlin.ir.visitors.IrElementTransformerVoid::visitDelegatingConstructorCall (10 bytes)
Event: 24.046 Thread 0x0000027134b15000 nmethod 17155 0x000002712190f990 code [0x000002712190fc00, 0x0000027121910528]
Event: 24.046 Thread 0x0000027134b15000 17146       3       org.jetbrains.kotlin.backend.jvm.JvmBackendContext::getClassNameOverride (10 bytes)
Event: 24.046 Thread 0x0000027134b15000 nmethod 17146 0x000002711edf5f10 code [0x000002711edf60c0, 0x000002711edf6218]
Event: 24.046 Thread 0x0000027134b15000 17138       3       org.jetbrains.kotlin.backend.common.lower.ClosureAnnotator$ClosureCollectorVisitor::visitConst (13 bytes)
Event: 24.046 Thread 0x0000027134b09000 nmethod 17157 0x0000027126580e90 code [0x0000027126581020, 0x00000271265810d8]
Event: 24.047 Thread 0x0000027134b15000 nmethod 17138 0x0000027121910810 code [0x0000027121910a60, 0x0000027121911268]
Event: 24.047 Thread 0x0000027134b15000 17139       3       org.jetbrains.kotlin.backend.common.lower.ClosureAnnotator$ClosureCollectorVisitor::visitConst (8 bytes)
Event: 24.048 Thread 0x0000027134b09000 17160       4       org.jetbrains.kotlin.backend.jvm.ir.JvmIrUtilsKt::isStaticInlineClassReplacement (42 bytes)
Event: 24.048 Thread 0x0000027134b15000 nmethod 17139 0x0000027121911590 code [0x00000271219117e0, 0x0000027121911e88]
Event: 24.048 Thread 0x0000027134b15000 17142       3       org.jetbrains.kotlin.backend.common.DeclarationTransformer$Visitor::visitElseBranch (13 bytes)
Event: 24.049 Thread 0x0000027134b15000 nmethod 17142 0x0000027121912110 code [0x0000027121912420, 0x00000271219132a8]
Event: 24.049 Thread 0x0000027134b15000 17143       3       org.jetbrains.kotlin.backend.common.DeclarationTransformer$Visitor::visitElseBranch (7 bytes)
Event: 24.050 Thread 0x0000027134b09000 nmethod 17160 0x0000027126581210 code [0x00000271265813c0, 0x00000271265814b8]
Event: 24.050 Thread 0x0000027134b09000 17162       4       org.jetbrains.kotlin.ir.util.IrUtilsKt$special$$inlined$filterIsInstance$1::invoke (6 bytes)
Event: 24.050 Thread 0x0000027134b15000 nmethod 17143 0x0000027121913810 code [0x0000027121913b20, 0x0000027121914848]
Event: 24.050 Thread 0x0000027134b15000 17163       3       org.jetbrains.kotlin.backend.common.lower.ClosureAnnotator$ClosureCollectorVisitor::visitCall (13 bytes)
Event: 24.050 Thread 0x0000027134b09000 nmethod 17162 0x0000027126581690 code [0x0000027126581820, 0x00000271265818d8]

GC Heap History (20 events):
Event: 4.442 GC heap before
{Heap before GC invocations=6 (full 0):
 garbage-first heap   total 131072K, used 77197K [0x0000000081400000, 0x0000000100000000)
  region size 1024K, 55 young (56320K), 2 survivors (2048K)
 Metaspace       used 45233K, capacity 45714K, committed 45824K, reserved 1089536K
  class space    used 5360K, capacity 5561K, committed 5632K, reserved 1048576K
}
Event: 4.463 GC heap after
{Heap after GC invocations=7 (full 0):
 garbage-first heap   total 159744K, used 26498K [0x0000000081400000, 0x0000000100000000)
  region size 1024K, 7 young (7168K), 7 survivors (7168K)
 Metaspace       used 45233K, capacity 45714K, committed 45824K, reserved 1089536K
  class space    used 5360K, capacity 5561K, committed 5632K, reserved 1048576K
}
Event: 5.996 GC heap before
{Heap before GC invocations=8 (full 0):
 garbage-first heap   total 159744K, used 100226K [0x0000000081400000, 0x0000000100000000)
  region size 1024K, 76 young (77824K), 7 survivors (7168K)
 Metaspace       used 53245K, capacity 53847K, committed 54144K, reserved 1097728K
  class space    used 6212K, capacity 6471K, committed 6528K, reserved 1048576K
}
Event: 6.022 GC heap after
{Heap after GC invocations=9 (full 0):
 garbage-first heap   total 159744K, used 35633K [0x0000000081400000, 0x0000000100000000)
  region size 1024K, 7 young (7168K), 7 survivors (7168K)
 Metaspace       used 53245K, capacity 53847K, committed 54144K, reserved 1097728K
  class space    used 6212K, capacity 6471K, committed 6528K, reserved 1048576K
}
Event: 8.646 GC heap before
{Heap before GC invocations=9 (full 0):
 garbage-first heap   total 159744K, used 107313K [0x0000000081400000, 0x0000000100000000)
  region size 1024K, 77 young (78848K), 7 survivors (7168K)
 Metaspace       used 59308K, capacity 60083K, committed 60160K, reserved 1101824K
  class space    used 6804K, capacity 7104K, committed 7168K, reserved 1048576K
}
Event: 8.686 GC heap after
{Heap after GC invocations=10 (full 0):
 garbage-first heap   total 159744K, used 48896K [0x0000000081400000, 0x0000000100000000)
  region size 1024K, 10 young (10240K), 10 survivors (10240K)
 Metaspace       used 59308K, capacity 60083K, committed 60160K, reserved 1101824K
  class space    used 6804K, capacity 7104K, committed 7168K, reserved 1048576K
}
Event: 10.534 GC heap before
{Heap before GC invocations=10 (full 0):
 garbage-first heap   total 159744K, used 113408K [0x0000000081400000, 0x0000000100000000)
  region size 1024K, 73 young (74752K), 10 survivors (10240K)
 Metaspace       used 64453K, capacity 65332K, committed 65408K, reserved 1107968K
  class space    used 7383K, capacity 7741K, committed 7808K, reserved 1048576K
}
Event: 10.574 GC heap after
{Heap after GC invocations=11 (full 0):
 garbage-first heap   total 159744K, used 56832K [0x0000000081400000, 0x0000000100000000)
  region size 1024K, 7 young (7168K), 7 survivors (7168K)
 Metaspace       used 64453K, capacity 65332K, committed 65408K, reserved 1107968K
  class space    used 7383K, capacity 7741K, committed 7808K, reserved 1048576K
}
Event: 13.285 GC heap before
{Heap before GC invocations=11 (full 0):
 garbage-first heap   total 159744K, used 118272K [0x0000000081400000, 0x0000000100000000)
  region size 1024K, 67 young (68608K), 7 survivors (7168K)
 Metaspace       used 68549K, capacity 69479K, committed 69760K, reserved 1112064K
  class space    used 7648K, capacity 8026K, committed 8064K, reserved 1048576K
}
Event: 13.315 GC heap after
{Heap after GC invocations=12 (full 0):
 garbage-first heap   total 203776K, used 63438K [0x0000000081400000, 0x0000000100000000)
  region size 1024K, 7 young (7168K), 7 survivors (7168K)
 Metaspace       used 68549K, capacity 69479K, committed 69760K, reserved 1112064K
  class space    used 7648K, capacity 8026K, committed 8064K, reserved 1048576K
}
Event: 16.017 GC heap before
{Heap before GC invocations=12 (full 0):
 garbage-first heap   total 203776K, used 141262K [0x0000000081400000, 0x0000000100000000)
  region size 1024K, 80 young (81920K), 7 survivors (7168K)
 Metaspace       used 70221K, capacity 71091K, committed 71296K, reserved 1112064K
  class space    used 7709K, capacity 8063K, committed 8064K, reserved 1048576K
}
Event: 16.059 GC heap after
{Heap after GC invocations=13 (full 0):
 garbage-first heap   total 203776K, used 75453K [0x0000000081400000, 0x0000000100000000)
  region size 1024K, 10 young (10240K), 10 survivors (10240K)
 Metaspace       used 70221K, capacity 71091K, committed 71296K, reserved 1112064K
  class space    used 7709K, capacity 8063K, committed 8064K, reserved 1048576K
}
Event: 18.753 GC heap before
{Heap before GC invocations=13 (full 0):
 garbage-first heap   total 203776K, used 149181K [0x0000000081400000, 0x0000000100000000)
  region size 1024K, 82 young (83968K), 10 survivors (10240K)
 Metaspace       used 71477K, capacity 72364K, committed 72448K, reserved 1114112K
  class space    used 7784K, capacity 8165K, committed 8192K, reserved 1048576K
}
Event: 18.788 GC heap after
{Heap after GC invocations=14 (full 0):
 garbage-first heap   total 203776K, used 84873K [0x0000000081400000, 0x0000000100000000)
  region size 1024K, 9 young (9216K), 9 survivors (9216K)
 Metaspace       used 71477K, capacity 72364K, committed 72448K, reserved 1114112K
  class space    used 7784K, capacity 8165K, committed 8192K, reserved 1048576K
}
Event: 19.866 GC heap before
{Heap before GC invocations=14 (full 0):
 garbage-first heap   total 203776K, used 124809K [0x0000000081400000, 0x0000000100000000)
  region size 1024K, 49 young (50176K), 9 survivors (9216K)
 Metaspace       used 75433K, capacity 76301K, committed 76376K, reserved 1118208K
  class space    used 8127K, capacity 8481K, committed 8536K, reserved 1048576K
}
Event: 19.887 GC heap after
{Heap after GC invocations=15 (full 0):
 garbage-first heap   total 203776K, used 86742K [0x0000000081400000, 0x0000000100000000)
  region size 1024K, 2 young (2048K), 2 survivors (2048K)
 Metaspace       used 75433K, capacity 76301K, committed 76376K, reserved 1118208K
  class space    used 8127K, capacity 8481K, committed 8536K, reserved 1048576K
}
Event: 22.212 GC heap before
{Heap before GC invocations=16 (full 0):
 garbage-first heap   total 203776K, used 156374K [0x0000000081400000, 0x0000000100000000)
  region size 1024K, 70 young (71680K), 2 survivors (2048K)
 Metaspace       used 84459K, capacity 85445K, committed 85716K, reserved 1126400K
  class space    used 9108K, capacity 9504K, committed 9508K, reserved 1048576K
}
Event: 22.252 GC heap after
{Heap after GC invocations=17 (full 0):
 garbage-first heap   total 203776K, used 96067K [0x0000000081400000, 0x0000000100000000)
  region size 1024K, 9 young (9216K), 9 survivors (9216K)
 Metaspace       used 84459K, capacity 85445K, committed 85716K, reserved 1126400K
  class space    used 9108K, capacity 9504K, committed 9508K, reserved 1048576K
}
Event: 23.942 GC heap before
{Heap before GC invocations=18 (full 0):
 garbage-first heap   total 203776K, used 158531K [0x0000000081400000, 0x0000000100000000)
  region size 1024K, 72 young (73728K), 9 survivors (9216K)
 Metaspace       used 88210K, capacity 89142K, committed 89300K, reserved 1128448K
  class space    used 9361K, capacity 9733K, committed 9764K, reserved 1048576K
}
Event: 23.973 GC heap after
{Heap after GC invocations=19 (full 0):
 garbage-first heap   total 244736K, used 100414K [0x0000000081400000, 0x0000000100000000)
  region size 1024K, 7 young (7168K), 7 survivors (7168K)
 Metaspace       used 88210K, capacity 89142K, committed 89300K, reserved 1128448K
  class space    used 9361K, capacity 9733K, committed 9764K, reserved 1048576K
}

Deoptimization events (20 events):
Event: 23.640 Thread 0x000002711a7da800 Uncommon trap: trap_request=0xffffffde fr.pc=0x00000271264f3fa8 relative=0x0000000000000088
Event: 23.640 Thread 0x000002711a7da800 Uncommon trap: reason=class_check action=maybe_recompile pc=0x00000271264f3fa8 method=org.jetbrains.kotlin.ir.declarations.IrValueParameter.acceptChildren(Lorg/jetbrains/kotlin/ir/visitors/IrElementVisitor;Ljava/lang/Object;)V @ 7 c2
Event: 23.640 Thread 0x000002711a7da800 DEOPT PACKING pc=0x00000271264f3fa8 sp=0x000000eff37fcbb0
Event: 23.640 Thread 0x000002711a7da800 DEOPT UNPACKING pc=0x000002711e35a1af sp=0x000000eff37fcb48 mode 2
Event: 23.641 Thread 0x000002711a7da800 Uncommon trap: trap_request=0xffffff6e fr.pc=0x000002712653a28c relative=0x000000000000460c
Event: 23.641 Thread 0x000002711a7da800 Uncommon trap: reason=speculate_class_check action=maybe_recompile pc=0x000002712653a28c method=org.jetbrains.kotlin.types.KotlinType.getAnnotations()Lorg/jetbrains/kotlin/descriptors/annotations/Annotations; @ 1 c2
Event: 23.641 Thread 0x000002711a7da800 DEOPT PACKING pc=0x000002712653a28c sp=0x000000eff37fc620
Event: 23.641 Thread 0x000002711a7da800 DEOPT UNPACKING pc=0x000002711e35a1af sp=0x000000eff37fc4b0 mode 2
Event: 23.641 Thread 0x000002711a7da800 Uncommon trap: trap_request=0xffffffde fr.pc=0x00000271264f3fa8 relative=0x0000000000000088
Event: 23.642 Thread 0x000002711a7da800 Uncommon trap: reason=class_check action=maybe_recompile pc=0x00000271264f3fa8 method=org.jetbrains.kotlin.ir.declarations.IrValueParameter.acceptChildren(Lorg/jetbrains/kotlin/ir/visitors/IrElementVisitor;Ljava/lang/Object;)V @ 7 c2
Event: 23.642 Thread 0x000002711a7da800 DEOPT PACKING pc=0x00000271264f3fa8 sp=0x000000eff37fcbb0
Event: 23.642 Thread 0x000002711a7da800 DEOPT UNPACKING pc=0x000002711e35a1af sp=0x000000eff37fcb48 mode 2
Event: 23.662 Thread 0x000002711a7da800 Uncommon trap: trap_request=0xffffffde fr.pc=0x00000271263485d4 relative=0x0000000000004fd4
Event: 23.662 Thread 0x000002711a7da800 Uncommon trap: reason=class_check action=maybe_recompile pc=0x00000271263485d4 method=org.jetbrains.org.objectweb.asm.ClassReader.readMethod(Lorg/jetbrains/org/objectweb/asm/ClassVisitor;Lorg/jetbrains/org/objectweb/asm/Context;I)I @ 1041 c2
Event: 23.662 Thread 0x000002711a7da800 DEOPT PACKING pc=0x00000271263485d4 sp=0x000000eff37fcac0
Event: 23.662 Thread 0x000002711a7da800 DEOPT UNPACKING pc=0x000002711e35a1af sp=0x000000eff37fca98 mode 2
Event: 23.662 Thread 0x000002711a7da800 Uncommon trap: trap_request=0xffffffbe fr.pc=0x000002712630eb1c relative=0x000000000000531c
Event: 23.662 Thread 0x000002711a7da800 Uncommon trap: reason=profile_predicate action=maybe_recompile pc=0x000002712630eb1c method=org.jetbrains.org.objectweb.asm.ClassReader.readCode(Lorg/jetbrains/org/objectweb/asm/MethodVisitor;Lorg/jetbrains/org/objectweb/asm/Context;I)V @ 2169 c2
Event: 23.662 Thread 0x000002711a7da800 DEOPT PACKING pc=0x000002712630eb1c sp=0x000000eff37fc970
Event: 23.662 Thread 0x000002711a7da800 DEOPT UNPACKING pc=0x000002711e35a1af sp=0x000000eff37fc8e0 mode 2

Classes redefined (0 events):
No events

Internal exceptions (20 events):
Event: 11.783 Thread 0x000002711a7da800 Implicit null exception at 0x000002712609ac5c to 0x000002712609b494
Event: 11.825 Thread 0x000002711a7da800 Exception <a 'java/lang/NoSuchMethodError'{0x00000000897074a8}: 'java.lang.Object java.lang.invoke.Invokers$Holder.linkToTargetMethod(java.lang.Object, java.lang.Object, java.lang.Object, java.lang.Object, java.lang.Object, java.lang.Object, java.lang.Object)'> (0x00000000897074a8) thrown at [./src/hotspot/share/interpreter/linkResolver.cpp, line 773]
Event: 12.391 Thread 0x000002711a7da800 Implicit null exception at 0x00000271261eece5 to 0x00000271261ef340
Event: 12.508 Thread 0x000002711a7da800 Implicit null exception at 0x0000027125e33375 to 0x0000027125e3353c
Event: 19.557 Thread 0x000002711a7da800 Implicit null exception at 0x000002712643b770 to 0x000002712643b7c8
Event: 19.611 Thread 0x000002711a7da800 Exception <a 'java/lang/NoSuchMethodError'{0x000000008bfd4b60}: 'java.lang.Object java.lang.invoke.DirectMethodHandle$Holder.invokeStaticInit(java.lang.Object, java.lang.Object, java.lang.Object, java.lang.Object)'> (0x000000008bfd4b60) thrown at [./src/hotspot/share/interpreter/linkResolver.cpp, line 773]
Event: 19.823 Thread 0x000002711a7da800 Exception <a 'java/lang/NoSuchMethodError'{0x000000008b526528}: 'int java.lang.invoke.DirectMethodHandle$Holder.invokeStaticInit(java.lang.Object, java.lang.Object, java.lang.Object, java.lang.Object)'> (0x000000008b526528) thrown at [./src/hotspot/share/interpreter/linkResolver.cpp, line 773]
Event: 19.931 Thread 0x000002711a7da800 Exception <a 'java/lang/NoSuchMethodError'{0x000000008d9960e8}: 'java.lang.Object java.lang.invoke.DirectMethodHandle$Holder.invokeStatic(java.lang.Object, java.lang.Object, java.lang.Object, int, int, java.lang.Object, java.lang.Object)'> (0x000000008d9960e8) thrown at [./src/hotspot/share/interpreter/linkResolver.cpp, line 773]
Event: 19.931 Thread 0x000002711a7da800 Exception <a 'java/lang/NoSuchMethodError'{0x000000008d999d00}: 'java.lang.Object java.lang.invoke.DirectMethodHandle$Holder.invokeSpecial(java.lang.Object, java.lang.Object, java.lang.Object, java.lang.Object, int, int, java.lang.Object, java.lang.Object)'> (0x000000008d999d00) thrown at [./src/hotspot/share/interpreter/linkResolver.cpp, line 773]
Event: 19.932 Thread 0x000002711a7da800 Exception <a 'java/lang/NoSuchMethodError'{0x000000008d99d110}: 'java.lang.Object java.lang.invoke.Invokers$Holder.linkToTargetMethod(java.lang.Object, java.lang.Object, int, int, java.lang.Object, java.lang.Object, java.lang.Object)'> (0x000000008d99d110) thrown at [./src/hotspot/share/interpreter/linkResolver.cpp, line 773]
Event: 19.942 Thread 0x000002711a7da800 Exception <a 'java/lang/NoSuchMethodError'{0x000000008d9fd700}: 'java.lang.Object java.lang.invoke.DirectMethodHandle$Holder.invokeStatic(java.lang.Object, java.lang.Object, java.lang.Object, int, int, java.lang.Object, java.lang.Object, java.lang.Object, java.lang.Object)'> (0x000000008d9fd700) thrown at [./src/hotspot/share/interpreter/linkResolver.cpp, line 773]
Event: 20.106 Thread 0x000002711a7da800 Exception <a 'java/lang/NoSuchMethodError'{0x000000008d48ac38}: 'java.lang.Object java.lang.invoke.DirectMethodHandle$Holder.invokeSpecial(java.lang.Object, java.lang.Object, int, int, java.lang.Object, java.lang.Object, java.lang.Object, java.lang.Object, java.lang.Object)'> (0x000000008d48ac38) thrown at [./src/hotspot/share/interpreter/linkResolver.cpp, line 773]
Event: 20.120 Thread 0x000002711a7da800 Implicit null exception at 0x0000027125e417f4 to 0x0000027125e41a0c
Event: 20.296 Thread 0x000002711a7da800 Exception <a 'java/lang/NoSuchMethodError'{0x000000008d20d0d8}: 'java.lang.Object java.lang.invoke.DirectMethodHandle$Holder.invokeStatic(java.lang.Object, java.lang.Object, java.lang.Object, int, int, java.lang.Object)'> (0x000000008d20d0d8) thrown at [./src/hotspot/share/interpreter/linkResolver.cpp, line 773]
Event: 20.296 Thread 0x000002711a7da800 Exception <a 'java/lang/NoSuchMethodError'{0x000000008d210b50}: 'java.lang.Object java.lang.invoke.DirectMethodHandle$Holder.invokeSpecial(java.lang.Object, java.lang.Object, java.lang.Object, java.lang.Object, int, int, java.lang.Object)'> (0x000000008d210b50) thrown at [./src/hotspot/share/interpreter/linkResolver.cpp, line 773]
Event: 20.297 Thread 0x000002711a7da800 Exception <a 'java/lang/NoSuchMethodError'{0x000000008d213dc8}: 'java.lang.Object java.lang.invoke.Invokers$Holder.linkToTargetMethod(java.lang.Object, java.lang.Object, int, int, java.lang.Object, java.lang.Object)'> (0x000000008d213dc8) thrown at [./src/hotspot/share/interpreter/linkResolver.cpp, line 773]
Event: 20.315 Thread 0x000002711a7da800 Exception <a 'java/lang/NoSuchMethodError'{0x000000008d2552e0}: 'java.lang.Object java.lang.invoke.DirectMethodHandle$Holder.invokeStatic(java.lang.Object, java.lang.Object, java.lang.Object, int, int, java.lang.Object, java.lang.Object, java.lang.Object)'> (0x000000008d2552e0) thrown at [./src/hotspot/share/interpreter/linkResolver.cpp, line 773]
Event: 20.316 Thread 0x000002711a7da800 Exception <a 'java/lang/NoSuchMethodError'{0x000000008d25d870}: 'java.lang.Object java.lang.invoke.DirectMethodHandle$Holder.invokeStatic(java.lang.Object, java.lang.Object, java.lang.Object, int, int)'> (0x000000008d25d870) thrown at [./src/hotspot/share/interpreter/linkResolver.cpp, line 773]
Event: 20.316 Thread 0x000002711a7da800 Exception <a 'java/lang/NoSuchMethodError'{0x000000008d2615a0}: 'java.lang.Object java.lang.invoke.DirectMethodHandle$Holder.invokeSpecial(java.lang.Object, java.lang.Object, java.lang.Object, java.lang.Object, int, int)'> (0x000000008d2615a0) thrown at [./src/hotspot/share/interpreter/linkResolver.cpp, line 773]
Event: 20.317 Thread 0x000002711a7da800 Exception <a 'java/lang/NoSuchMethodError'{0x000000008d264bf8}: 'java.lang.Object java.lang.invoke.Invokers$Holder.linkToTargetMethod(java.lang.Object, java.lang.Object, int, int, java.lang.Object)'> (0x000000008d264bf8) thrown at [./src/hotspot/share/interpreter/linkResolver.cpp, line 773]

Events (20 events):
Event: 23.669 loading class org/jetbrains/kotlin/codegen/inline/SMAP$special$$inlined$sortedBy$1
Event: 23.669 loading class org/jetbrains/kotlin/codegen/inline/SMAP$special$$inlined$sortedBy$1 done
Event: 23.669 loading class org/jetbrains/kotlin/codegen/optimization/nullCheck/RedundantNullCheckMethodTransformerKt
Event: 23.669 loading class org/jetbrains/kotlin/codegen/optimization/nullCheck/RedundantNullCheckMethodTransformerKt done
Event: 23.700 loading class org/jetbrains/kotlin/backend/common/lower/LocalClassPopupLowering$ExtractedLocalClass
Event: 23.700 loading class org/jetbrains/kotlin/backend/common/lower/LocalClassPopupLowering$ExtractedLocalClass done
Event: 23.741 Executing VM operation: ICBufferFull
Event: 23.742 Executing VM operation: ICBufferFull done
Event: 23.750 loading class org/jetbrains/kotlin/backend/jvm/lower/ElvisInfo
Event: 23.750 loading class org/jetbrains/kotlin/backend/jvm/lower/ElvisInfo done
Event: 23.750 loading class org/jetbrains/kotlin/backend/jvm/JvmLoweredStatementOrigin$FOLDED_ELVIS
Event: 23.750 loading class org/jetbrains/kotlin/backend/jvm/JvmLoweredStatementOrigin$FOLDED_ELVIS done
Event: 23.813 loading class org/jetbrains/kotlin/backend/common/lower/optimizations/FoldConstantLowering$WhenMappings
Event: 23.813 loading class org/jetbrains/kotlin/backend/common/lower/optimizations/FoldConstantLowering$WhenMappings done
Event: 23.832 loading class org/jetbrains/kotlin/backend/jvm/lower/SafeCallInfo
Event: 23.832 loading class org/jetbrains/kotlin/backend/jvm/lower/SafeCallInfo done
Event: 23.833 loading class org/jetbrains/kotlin/backend/jvm/JvmLoweredStatementOrigin$FOLDED_SAFE_CALL
Event: 23.833 loading class org/jetbrains/kotlin/backend/jvm/JvmLoweredStatementOrigin$FOLDED_SAFE_CALL done
Event: 23.942 Executing VM operation: G1CollectForAllocation
Event: 23.973 Executing VM operation: G1CollectForAllocation done


Dynamic libraries:
0x00007ff76a320000 - 0x00007ff76a32a000 	F:\AndroidStudio\jre\bin\java.exe
0x00007ffd713f0000 - 0x00007ffd715e7000 	C:\WINDOWS\SYSTEM32\ntdll.dll
0x00007ffd6f650000 - 0x00007ffd6f70d000 	C:\WINDOWS\System32\KERNEL32.DLL
0x00007ffd6ecc0000 - 0x00007ffd6efb6000 	C:\WINDOWS\System32\KERNELBASE.dll
0x00007ffd6f030000 - 0x00007ffd6f130000 	C:\WINDOWS\System32\ucrtbase.dll
0x00007ffd67180000 - 0x00007ffd67199000 	F:\AndroidStudio\jre\bin\jli.dll
0x00007ffd66520000 - 0x00007ffd66537000 	F:\AndroidStudio\jre\bin\VCRUNTIME140.dll
0x00007ffd70ed0000 - 0x00007ffd7106e000 	C:\WINDOWS\System32\USER32.dll
0x00007ffd6f2d0000 - 0x00007ffd6f2f2000 	C:\WINDOWS\System32\win32u.dll
0x00007ffd53900000 - 0x00007ffd53b9a000 	C:\WINDOWS\WinSxS\amd64_microsoft.windows.common-controls_6595b64144ccf1df_6.0.19041.3570_none_60bb2a3971f3e41a\COMCTL32.dll
0x00007ffd70830000 - 0x00007ffd708ce000 	C:\WINDOWS\System32\msvcrt.dll
0x00007ffd6fc30000 - 0x00007ffd6fc5c000 	C:\WINDOWS\System32\GDI32.dll
0x00007ffd6f330000 - 0x00007ffd6f44a000 	C:\WINDOWS\System32\gdi32full.dll
0x00007ffd6f230000 - 0x00007ffd6f2cd000 	C:\WINDOWS\System32\msvcp_win.dll
0x00007ffd6f730000 - 0x00007ffd6f760000 	C:\WINDOWS\System32\IMM32.DLL
0x00007ffd44400000 - 0x00007ffd4449d000 	F:\AndroidStudio\jre\bin\msvcp140.dll
0x00007ffd36b60000 - 0x00007ffd37645000 	F:\AndroidStudio\jre\bin\server\jvm.dll
0x00007ffd6f7c0000 - 0x00007ffd6f86e000 	C:\WINDOWS\System32\ADVAPI32.dll
0x00007ffd71310000 - 0x00007ffd713ac000 	C:\WINDOWS\System32\sechost.dll
0x00007ffd70da0000 - 0x00007ffd70ec6000 	C:\WINDOWS\System32\RPCRT4.dll
0x00007ffd70820000 - 0x00007ffd70828000 	C:\WINDOWS\System32\PSAPI.DLL
0x00007ffd51d60000 - 0x00007ffd51d69000 	C:\WINDOWS\SYSTEM32\WSOCK32.dll
0x00007ffd57420000 - 0x00007ffd57447000 	C:\WINDOWS\SYSTEM32\WINMM.dll
0x00007ffd70980000 - 0x00007ffd709eb000 	C:\WINDOWS\System32\WS2_32.dll
0x00007ffd65120000 - 0x00007ffd6512a000 	C:\WINDOWS\SYSTEM32\VERSION.dll
0x00007ffd6d300000 - 0x00007ffd6d312000 	C:\WINDOWS\SYSTEM32\kernel.appcore.dll
0x00007ffd694e0000 - 0x00007ffd694f1000 	F:\AndroidStudio\jre\bin\verify.dll
0x00007ffd6d020000 - 0x00007ffd6d204000 	C:\WINDOWS\SYSTEM32\DBGHELP.DLL
0x00007ffd5d2f0000 - 0x00007ffd5d324000 	C:\WINDOWS\SYSTEM32\dbgcore.DLL
0x00007ffd6ec30000 - 0x00007ffd6ecb2000 	C:\WINDOWS\System32\bcryptPrimitives.dll
0x00007ffd67150000 - 0x00007ffd67179000 	F:\AndroidStudio\jre\bin\java.dll
0x00007ffd69510000 - 0x00007ffd6951b000 	F:\AndroidStudio\jre\bin\jimage.dll
0x00007ffd694c0000 - 0x00007ffd694d8000 	F:\AndroidStudio\jre\bin\zip.dll
0x00007ffd6fc60000 - 0x00007ffd703a4000 	C:\WINDOWS\System32\SHELL32.dll
0x00007ffd6c7b0000 - 0x00007ffd6cf4b000 	C:\WINDOWS\SYSTEM32\windows.storage.dll
0x00007ffd6f8d0000 - 0x00007ffd6fc24000 	C:\WINDOWS\System32\combase.dll
0x00007ffd6e440000 - 0x00007ffd6e46d000 	C:\WINDOWS\SYSTEM32\Wldp.dll
0x00007ffd708d0000 - 0x00007ffd7097d000 	C:\WINDOWS\System32\SHCORE.dll
0x00007ffd6f870000 - 0x00007ffd6f8c5000 	C:\WINDOWS\System32\shlwapi.dll
0x00007ffd6ea00000 - 0x00007ffd6ea25000 	C:\WINDOWS\SYSTEM32\profapi.dll
0x00007ffd69450000 - 0x00007ffd6946a000 	F:\AndroidStudio\jre\bin\net.dll
0x00007ffd5f050000 - 0x00007ffd5f15a000 	C:\WINDOWS\SYSTEM32\WINHTTP.dll
0x00007ffd6e1a0000 - 0x00007ffd6e20a000 	C:\WINDOWS\system32\mswsock.dll
0x00007ffd689d0000 - 0x00007ffd689e4000 	F:\AndroidStudio\jre\bin\nio.dll

dbghelp: loaded successfully - version: 4.0.5 - missing functions: none
symbol engine: initialized successfully - sym options: 0x614 - pdb path: .;F:\AndroidStudio\jre\bin;C:\WINDOWS\SYSTEM32;C:\WINDOWS\WinSxS\amd64_microsoft.windows.common-controls_6595b64144ccf1df_6.0.19041.3570_none_60bb2a3971f3e41a;F:\AndroidStudio\jre\bin\server

VM Arguments:
java_command: org.jetbrains.kotlin.cli.jvm.K2JVMCompiler @F:\NeobisProjects\NewsPetApp\app\build\20231114_9822632841256558278.compiler.options
java_class_path (initial): C:\Users\Sultan\.gradle\caches\modules-2\files-2.1\org.jetbrains.kotlin\kotlin-compiler-embeddable\1.7.10\909803167c98606fcf22b4c848647c68e351d48d\kotlin-compiler-embeddable-1.7.10.jar;C:\Users\Sultan\.gradle\caches\modules-2\files-2.1\org.jetbrains.kotlin\kotlin-reflect\1.7.10\165e600dfea6185cf5efa700756294cc4904dbeb\kotlin-reflect-1.7.10.jar;C:\Users\Sultan\.gradle\caches\modules-2\files-2.1\org.jetbrains.kotlin\kotlin-stdlib\1.7.10\d2abf9e77736acc4450dc4a3f707fa2c10f5099d\kotlin-stdlib-1.7.10.jar;C:\Users\Sultan\.gradle\caches\modules-2\files-2.1\org.jetbrains.kotlin\kotlin-script-runtime\1.7.10\c99c87a6988d8fd8d5142e9ed5c9f34a7cf561ee\kotlin-script-runtime-1.7.10.jar;C:\Users\Sultan\.gradle\caches\modules-2\files-2.1\org.jetbrains.kotlin\kotlin-daemon-embeddable\1.7.10\3a9f7aef7080d3ae63126cbba4f827ed664f32fa\kotlin-daemon-embeddable-1.7.10.jar;C:\Users\Sultan\.gradle\caches\modules-2\files-2.1\org.jetbrains.intellij.deps\trove4j\1.0.20200330\3afb14d5f9ceb459d724e907a21145e8ff394f02\trove4j-1.0.20200330.jar;C:\Users\Sultan\.gradle\caches\modules-2\files-2.1\net.java.dev.jna\jna\5.6.0\330f2244e9030119ab3030fc3fededc86713d9cc\jna-5.6.0.jar;C:\Users\Sultan\.gradle\caches\modules-2\files-2.1\org.jetbrains.kotlin\kotlin-stdlib-common\1.7.10\bac80c520d0a9e3f3673bc2658c6ed02ef45a76a\kotlin-stdlib-common-1.7.10.jar;C:\Users\Sultan\.gradle\caches\modules-2\files-2.1\org.jetbrains\annotations\13.0\919f0dfe192fb4e063e7dacadee7f8bb9a2672a9\annotations-13.0.jar
Launcher Type: SUN_STANDARD

[Global flags]
     intx CICompilerCount                          = 3                                         {product} {ergonomic}
     uint ConcGCThreads                            = 1                                         {product} {ergonomic}
     uint G1ConcRefinementThreads                  = 4                                         {product} {ergonomic}
   size_t G1HeapRegionSize                         = 1048576                                   {product} {ergonomic}
    uintx GCDrainStackTargetSize                   = 64                                        {product} {ergonomic}
   size_t InitialHeapSize                          = 134217728                                 {product} {ergonomic}
   size_t MarkStackSize                            = 4194304                                   {product} {ergonomic}
   size_t MaxHeapSize                              = 2126512128                                {product} {ergonomic}
   size_t MaxNewSize                               = 1275068416                                {product} {ergonomic}
   size_t MinHeapDeltaBytes                        = 1048576                                   {product} {ergonomic}
    uintx NonNMethodCodeHeapSize                   = 5830732                                {pd product} {ergonomic}
    uintx NonProfiledCodeHeapSize                  = 122913754                              {pd product} {ergonomic}
    uintx ProfiledCodeHeapSize                     = 122913754                              {pd product} {ergonomic}
    uintx ReservedCodeCacheSize                    = 251658240                              {pd product} {ergonomic}
     bool SegmentedCodeCache                       = true                                      {product} {ergonomic}
     bool UseCompressedClassPointers               = true                                 {lp64_product} {ergonomic}
     bool UseCompressedOops                        = true                                 {lp64_product} {ergonomic}
     bool UseG1GC                                  = true                                      {product} {ergonomic}
     bool UseLargePagesIndividualAllocation        = false                                  {pd product} {ergonomic}

Logging:
Log output configuration:
 #0: stdout all=warning uptime,level,tags
 #1: stderr all=off uptime,level,tags

Environment Variables:
JAVA_HOME=C:\Program Files\Java\jdk-18.0.2.1
PATH=C:\Program Files\Common Files\Oracle\Java\javapath;C:\Program Files (x86)\Common Files\Oracle\Java\javapath;C:\WINDOWS\system32;C:\WINDOWS;C:\WINDOWS\System32\Wbem;C:\WINDOWS\System32\WindowsPowerShell\v1.0\;C:\WINDOWS\System32\OpenSSH\;C:\Program Files\Java\jdk-18.0.2.1\bin;F:\Git\cmd;F:\dart-sass\dart-sass;C:\Users\Sultan\AppData\Local\Microsoft\WindowsApps;;C:\Program Files\JetBrains\IntelliJ IDEA Community Edition 2022.2.1\bin;;F:\Microsoft VS Code\bin
USERNAME=Sultan
OS=Windows_NT
PROCESSOR_IDENTIFIER=Intel64 Family 6 Model 142 Stepping 10, GenuineIntel



---------------  S Y S T E M  ---------------

OS: Windows 10 , 64 bit Build 19041 (10.0.19041.3570)
OS uptime: 1 days 8:29 hours

CPU:total 4 (initial active 4) (2 cores per cpu, 2 threads per core) family 6 model 142 stepping 10 microcode 0xb4, cmov, cx8, fxsr, mmx, sse, sse2, sse3, ssse3, sse4.1, sse4.2, popcnt, avx, avx2, aes, clmul, erms, 3dnowpref, lzcnt, ht, tsc, tscinvbit, bmi1, bmi2, adx, fma

Memory: 4k page, system-wide physical 8108M (647M free)
TotalPageFile size 10156M (AvailPageFile size 5M)
current process WorkingSet (physical memory assigned to process): 449M, peak: 451M
current process commit charge ("private bytes"): 518M, peak: 520M

vm_info: OpenJDK 64-Bit Server VM (11.0.12+7-b1504.28-7817840) for windows-amd64 JRE (11.0.12+7-b1504.28-7817840), built on Oct 13 2021 22:12:33 by "builder" with MS VC++ 14.0 (VS2015)

END.
